*** WARNING: This is an experimental installation of pytorch built specifically for MPI / distributed running ***
0: 2018-09-28 11:07:26,972 INFO Initializing
0: 2018-09-28 11:07:27,005 INFO MPI rank 0
0: 2018-09-28 11:07:27,011 INFO Configuration: {'data_config': {'train_file': '/global/cscratch1/sd/sfarrell/atlas-rpv-images/train.h5', 'valid_file': '/global/cscratch1/sd/sfarrell/atlas-rpv-images/val.h5', 'test_file': '/global/cscratch1/sd/sfarrell/atlas-rpv-images/test.h5', 'n_train': 65536, 'n_valid': 32768, 'n_test': 1024}, 'model_config': {'conv_sizes': [16, 32, 64], 'dense_sizes': [128], 'optimizer': 'Adam', 'learning_rate': 0.001, 'dropout': 0.2}, 'training_config': {'batch_size': 128, 'n_epochs': 8}, 'output_dir': '$SCRATCH/hep-cnn-pytorch'}
0: 2018-09-28 11:08:03,651 INFO Loaded data with shape: torch.Size([65536, 1, 64, 64])
0: 2018-09-28 11:08:03,657 INFO Model: 
0: HEPCNNClassifier(
0:   (conv_net): Sequential(
0:     (0): Conv2d(1, 16, kernel_size=(3, 3), stride=(1, 1), padding=(1, 1))
0:     (1): ReLU()
0:     (2): MaxPool2d(kernel_size=2, stride=2, padding=0, dilation=1, ceil_mode=False)
0:     (3): Conv2d(16, 32, kernel_size=(3, 3), stride=(1, 1), padding=(1, 1))
0:     (4): ReLU()
0:     (5): MaxPool2d(kernel_size=2, stride=2, padding=0, dilation=1, ceil_mode=False)
0:     (6): Conv2d(32, 64, kernel_size=(3, 3), stride=(1, 1), padding=(1, 1))
0:     (7): ReLU()
0:     (8): MaxPool2d(kernel_size=2, stride=2, padding=0, dilation=1, ceil_mode=False)
0:   )
0:   (dense_net): Sequential(
0:     (0): Linear(in_features=4096, out_features=128, bias=True)
0:     (1): ReLU()
0:     (2): Dropout(p=0.2)
0:     (3): Linear(in_features=128, out_features=1, bias=True)
0:     (4): Sigmoid()
0:   )
0: )
0: Parameters: 547841
0: 2018-09-28 11:08:03,657 INFO Epoch 0
0: 2018-09-28 11:09:06,739 INFO   Training loss: 0.326
0: 2018-09-28 11:09:17,601 INFO   Validation loss: 0.262 acc: 0.896
0: 2018-09-28 11:09:17,608 INFO Epoch 1
0: 2018-09-28 11:10:23,924 INFO   Training loss: 0.246
0: 2018-09-28 11:10:34,859 INFO   Validation loss: 0.232 acc: 0.905
0: 2018-09-28 11:10:34,866 INFO Epoch 2
0: 2018-09-28 11:11:43,411 INFO   Training loss: 0.236
0: 2018-09-28 11:11:54,867 INFO   Validation loss: 0.223 acc: 0.910
0: 2018-09-28 11:11:54,875 INFO Epoch 3
0: 2018-09-28 11:13:06,109 INFO   Training loss: 0.197
0: 2018-09-28 11:13:17,288 INFO   Validation loss: 0.122 acc: 0.954
0: 2018-09-28 11:13:17,294 INFO Epoch 4
0: 2018-09-28 11:14:29,548 INFO   Training loss: 0.085
0: 2018-09-28 11:14:40,884 INFO   Validation loss: 0.101 acc: 0.961
0: 2018-09-28 11:14:40,894 INFO Epoch 5
0: 2018-09-28 11:15:54,412 INFO   Training loss: 0.052
0: 2018-09-28 11:16:05,596 INFO   Validation loss: 0.039 acc: 0.986
0: 2018-09-28 11:16:05,604 INFO Epoch 6
0: 2018-09-28 11:17:20,484 INFO   Training loss: 0.042
0: 2018-09-28 11:17:31,862 INFO   Validation loss: 0.038 acc: 0.986
0: 2018-09-28 11:17:31,870 INFO Epoch 7
0: 2018-09-28 11:18:47,159 INFO   Training loss: 0.041
0: 2018-09-28 11:18:58,448 INFO   Validation loss: 0.034 acc: 0.988
0: 2018-09-28 11:18:58,454 INFO Saving summaries to /global/cscratch1/sd/sfarrell/hep-cnn-pytorch/summaries.npz
0: 2018-09-28 11:18:58,471 INFO Finished training
0: 2018-09-28 11:18:58,471 INFO Train samples 65536 time 70.6397s rate 927.75 samples/s
0: 2018-09-28 11:18:58,471 INFO Valid rate: 2925.22 samples/s
0: 2018-09-28 11:18:58,471 INFO All done!
