*** WARNING: This is an experimental installation of pytorch built specifically for MPI / distributed running ***
21: 2018-09-29 16:02:58,354 INFO Initializing
19: 2018-09-29 16:02:58,355 INFO Initializing
44: 2018-09-29 16:02:58,355 INFO Initializing
18: 2018-09-29 16:02:58,356 INFO Initializing
47: 2018-09-29 16:02:58,363 INFO Initializing
57: 2018-09-29 16:02:58,366 INFO Initializing
40: 2018-09-29 16:02:58,368 INFO Initializing
12: 2018-09-29 16:02:58,367 INFO Initializing
38: 2018-09-29 16:02:58,370 INFO Initializing
59: 2018-09-29 16:02:58,372 INFO Initializing
22: 2018-09-29 16:02:58,373 INFO Initializing
10: 2018-09-29 16:02:58,371 INFO Initializing
24: 2018-09-29 16:02:58,374 INFO Initializing
45: 2018-09-29 16:02:58,374 INFO Initializing
17: 2018-09-29 16:02:58,377 INFO Initializing
25: 2018-09-29 16:02:58,378 INFO Initializing
 3: 2018-09-29 16:02:58,383 INFO Initializing
31: 2018-09-29 16:02:58,383 INFO Initializing
32: 2018-09-29 16:02:58,389 INFO Initializing
50: 2018-09-29 16:02:58,391 INFO Initializing
56: 2018-09-29 16:02:58,393 INFO Initializing
 9: 2018-09-29 16:02:58,392 INFO Initializing
26: 2018-09-29 16:02:58,392 INFO Initializing
 4: 2018-09-29 16:02:58,395 INFO Initializing
51: 2018-09-29 16:02:58,396 INFO Initializing
37: 2018-09-29 16:02:58,400 INFO Initializing
61: 2018-09-29 16:02:58,407 INFO Initializing
 7: 2018-09-29 16:02:58,408 INFO Initializing
63: 2018-09-29 16:02:58,409 INFO Initializing
43: 2018-09-29 16:02:58,409 INFO Initializing
41: 2018-09-29 16:02:58,409 INFO Initializing
35: 2018-09-29 16:02:58,412 INFO Initializing
14: 2018-09-29 16:02:58,410 INFO Initializing
28: 2018-09-29 16:02:58,411 INFO Initializing
62: 2018-09-29 16:02:58,413 INFO Initializing
16: 2018-09-29 16:02:58,410 INFO Initializing
 6: 2018-09-29 16:02:58,414 INFO Initializing
 0: 2018-09-29 16:02:58,412 INFO Initializing
42: 2018-09-29 16:02:58,414 INFO Initializing
53: 2018-09-29 16:02:58,415 INFO Initializing
54: 2018-09-29 16:02:58,415 INFO Initializing
34: 2018-09-29 16:02:58,419 INFO Initializing
15: 2018-09-29 16:02:58,413 INFO Initializing
 8: 2018-09-29 16:02:58,421 INFO Initializing
30: 2018-09-29 16:02:58,421 INFO Initializing
49: 2018-09-29 16:02:58,350 INFO Initializing
 2: 2018-09-29 16:02:58,422 INFO Initializing
36: 2018-09-29 16:02:58,423 INFO Initializing
55: 2018-09-29 16:02:58,425 INFO Initializing
39: 2018-09-29 16:02:58,431 INFO Initializing
58: 2018-09-29 16:02:58,431 INFO Initializing
11: 2018-09-29 16:02:58,431 INFO Initializing
27: 2018-09-29 16:02:58,436 INFO Initializing
52: 2018-09-29 16:02:58,452 INFO Initializing
 5: 2018-09-29 16:02:58,453 INFO Initializing
33: 2018-09-29 16:02:58,456 INFO Initializing
29: 2018-09-29 16:02:58,523 INFO Initializing
48: 2018-09-29 16:02:58,526 INFO Initializing
 1: 2018-09-29 16:02:58,528 INFO Initializing
20: 2018-09-29 16:02:58,789 INFO Initializing
60: 2018-09-29 16:02:58,807 INFO Initializing
13: 2018-09-29 16:02:58,804 INFO Initializing
23: 2018-09-29 16:02:58,830 INFO Initializing
46: 2018-09-29 16:02:58,829 INFO Initializing
 0: 2018-09-29 16:02:58,878 INFO MPI rank 0
32: 2018-09-29 16:02:58,881 INFO MPI rank 32
19: 2018-09-29 16:02:58,878 INFO MPI rank 19
38: 2018-09-29 16:02:58,879 INFO MPI rank 38
36: 2018-09-29 16:02:58,880 INFO MPI rank 36
40: 2018-09-29 16:02:58,880 INFO MPI rank 40
42: 2018-09-29 16:02:58,879 INFO MPI rank 42
48: 2018-09-29 16:02:58,879 INFO MPI rank 48
56: 2018-09-29 16:02:58,880 INFO MPI rank 56
34: 2018-09-29 16:02:58,882 INFO MPI rank 34
44: 2018-09-29 16:02:58,878 INFO MPI rank 44
 8: 2018-09-29 16:02:58,879 INFO MPI rank 8
16: 2018-09-29 16:02:58,876 INFO MPI rank 16
37: 2018-09-29 16:02:58,882 INFO MPI rank 37
57: 2018-09-29 16:02:58,880 INFO MPI rank 57
35: 2018-09-29 16:02:58,880 INFO MPI rank 35
23: 2018-09-29 16:02:58,879 INFO MPI rank 23
21: 2018-09-29 16:02:58,880 INFO MPI rank 21
53: 2018-09-29 16:02:58,879 INFO MPI rank 53
39: 2018-09-29 16:02:58,878 INFO MPI rank 39
51: 2018-09-29 16:02:58,879 INFO MPI rank 51
33: 2018-09-29 16:02:58,881 INFO MPI rank 33
47: 2018-09-29 16:02:58,879 INFO MPI rank 47
41: 2018-09-29 16:02:58,878 INFO MPI rank 41
 2: 2018-09-29 16:02:58,879 INFO MPI rank 2
 6: 2018-09-29 16:02:58,880 INFO MPI rank 6
62: 2018-09-29 16:02:58,879 INFO MPI rank 62
12: 2018-09-29 16:02:58,878 INFO MPI rank 12
 4: 2018-09-29 16:02:58,879 INFO MPI rank 4
20: 2018-09-29 16:02:58,878 INFO MPI rank 20
60: 2018-09-29 16:02:58,880 INFO MPI rank 60
58: 2018-09-29 16:02:58,878 INFO MPI rank 58
30: 2018-09-29 16:02:58,878 INFO MPI rank 30
46: 2018-09-29 16:02:58,878 INFO MPI rank 46
26: 2018-09-29 16:02:58,879 INFO MPI rank 26
10: 2018-09-29 16:02:58,877 INFO MPI rank 10
52: 2018-09-29 16:02:58,880 INFO MPI rank 52
18: 2018-09-29 16:02:58,877 INFO MPI rank 18
28: 2018-09-29 16:02:58,879 INFO MPI rank 28
45: 2018-09-29 16:02:58,879 INFO MPI rank 45
 5: 2018-09-29 16:02:58,879 INFO MPI rank 5
49: 2018-09-29 16:02:58,808 INFO MPI rank 49
 3: 2018-09-29 16:02:58,879 INFO MPI rank 3
61: 2018-09-29 16:02:58,880 INFO MPI rank 61
 9: 2018-09-29 16:02:58,879 INFO MPI rank 9
17: 2018-09-29 16:02:58,880 INFO MPI rank 17
50: 2018-09-29 16:02:58,879 INFO MPI rank 50
29: 2018-09-29 16:02:58,880 INFO MPI rank 29
31: 2018-09-29 16:02:58,879 INFO MPI rank 31
59: 2018-09-29 16:02:58,880 INFO MPI rank 59
14: 2018-09-29 16:02:58,878 INFO MPI rank 14
24: 2018-09-29 16:02:58,879 INFO MPI rank 24
22: 2018-09-29 16:02:58,881 INFO MPI rank 22
54: 2018-09-29 16:02:58,879 INFO MPI rank 54
15: 2018-09-29 16:02:58,877 INFO MPI rank 15
25: 2018-09-29 16:02:58,880 INFO MPI rank 25
27: 2018-09-29 16:02:58,880 INFO MPI rank 27
 1: 2018-09-29 16:02:58,881 INFO MPI rank 1
13: 2018-09-29 16:02:58,876 INFO MPI rank 13
63: 2018-09-29 16:02:58,879 INFO MPI rank 63
43: 2018-09-29 16:02:58,879 INFO MPI rank 43
11: 2018-09-29 16:02:58,878 INFO MPI rank 11
 7: 2018-09-29 16:02:58,880 INFO MPI rank 7
55: 2018-09-29 16:02:58,880 INFO MPI rank 55
 0: 2018-09-29 16:02:58,882 INFO Configuration: {'data_config': {'train_file': '/global/cscratch1/sd/sfarrell/atlas-rpv-images/train.h5', 'valid_file': '/global/cscratch1/sd/sfarrell/atlas-rpv-images/val.h5', 'test_file': '/global/cscratch1/sd/sfarrell/atlas-rpv-images/test.h5', 'n_train': 409600, 'n_valid': 32768, 'n_test': 1024}, 'model_config': {'conv_sizes': [16, 32, 64], 'dense_sizes': [128], 'optimizer': 'Adam', 'learning_rate': 0.001, 'dropout': 0.2}, 'training_config': {'batch_size': 128, 'n_epochs': 2}, 'output_dir': '$SCRATCH/hep-cnn-pytorch'}
39: 2018-09-29 16:05:36,045 INFO Loaded data with shape: torch.Size([409600, 1, 64, 64])
29: 2018-09-29 16:05:36,047 INFO Loaded data with shape: torch.Size([409600, 1, 64, 64])
27: 2018-09-29 16:05:36,047 INFO Loaded data with shape: torch.Size([409600, 1, 64, 64])
38: 2018-09-29 16:05:36,048 INFO Loaded data with shape: torch.Size([409600, 1, 64, 64])
46: 2018-09-29 16:05:36,047 INFO Loaded data with shape: torch.Size([409600, 1, 64, 64])
18: 2018-09-29 16:05:36,046 INFO Loaded data with shape: torch.Size([409600, 1, 64, 64])
57: 2018-09-29 16:05:36,049 INFO Loaded data with shape: torch.Size([409600, 1, 64, 64])
 8: 2018-09-29 16:05:36,048 INFO Loaded data with shape: torch.Size([409600, 1, 64, 64])
63: 2018-09-29 16:05:36,049 INFO Loaded data with shape: torch.Size([409600, 1, 64, 64])
26: 2018-09-29 16:05:36,048 INFO Loaded data with shape: torch.Size([409600, 1, 64, 64])
19: 2018-09-29 16:05:36,048 INFO Loaded data with shape: torch.Size([409600, 1, 64, 64])
58: 2018-09-29 16:05:36,049 INFO Loaded data with shape: torch.Size([409600, 1, 64, 64])
25: 2018-09-29 16:05:36,050 INFO Loaded data with shape: torch.Size([409600, 1, 64, 64])
12: 2018-09-29 16:05:36,048 INFO Loaded data with shape: torch.Size([409600, 1, 64, 64])
 4: 2018-09-29 16:05:36,050 INFO Loaded data with shape: torch.Size([409600, 1, 64, 64])
15: 2018-09-29 16:05:36,048 INFO Loaded data with shape: torch.Size([409600, 1, 64, 64])
 7: 2018-09-29 16:05:36,051 INFO Loaded data with shape: torch.Size([409600, 1, 64, 64])
41: 2018-09-29 16:05:36,050 INFO Loaded data with shape: torch.Size([409600, 1, 64, 64])
 9: 2018-09-29 16:05:36,051 INFO Loaded data with shape: torch.Size([409600, 1, 64, 64])
49: 2018-09-29 16:05:35,988 INFO Loaded data with shape: torch.Size([409600, 1, 64, 64])
 5: 2018-09-29 16:05:36,052 INFO Loaded data with shape: torch.Size([409600, 1, 64, 64])
23: 2018-09-29 16:05:36,052 INFO Loaded data with shape: torch.Size([409600, 1, 64, 64])
61: 2018-09-29 16:05:36,053 INFO Loaded data with shape: torch.Size([409600, 1, 64, 64])
 6: 2018-09-29 16:05:36,053 INFO Loaded data with shape: torch.Size([409600, 1, 64, 64])
60: 2018-09-29 16:05:36,054 INFO Loaded data with shape: torch.Size([409600, 1, 64, 64])
56: 2018-09-29 16:05:36,054 INFO Loaded data with shape: torch.Size([409600, 1, 64, 64])
17: 2018-09-29 16:05:36,055 INFO Loaded data with shape: torch.Size([409600, 1, 64, 64])
37: 2018-09-29 16:05:36,058 INFO Loaded data with shape: torch.Size([409600, 1, 64, 64])
 0: 2018-09-29 16:05:36,054 INFO Loaded data with shape: torch.Size([409600, 1, 64, 64])
 1: 2018-09-29 16:05:36,058 INFO Loaded data with shape: torch.Size([409600, 1, 64, 64])
35: 2018-09-29 16:05:36,057 INFO Loaded data with shape: torch.Size([409600, 1, 64, 64])
13: 2018-09-29 16:05:36,054 INFO Loaded data with shape: torch.Size([409600, 1, 64, 64])
24: 2018-09-29 16:05:36,057 INFO Loaded data with shape: torch.Size([409600, 1, 64, 64])
48: 2018-09-29 16:05:36,057 INFO Loaded data with shape: torch.Size([409600, 1, 64, 64])
54: 2018-09-29 16:05:36,057 INFO Loaded data with shape: torch.Size([409600, 1, 64, 64])
34: 2018-09-29 16:05:36,061 INFO Loaded data with shape: torch.Size([409600, 1, 64, 64])
14: 2018-09-29 16:05:36,056 INFO Loaded data with shape: torch.Size([409600, 1, 64, 64])
16: 2018-09-29 16:05:36,054 INFO Loaded data with shape: torch.Size([409600, 1, 64, 64])
53: 2018-09-29 16:05:36,057 INFO Loaded data with shape: torch.Size([409600, 1, 64, 64])
62: 2018-09-29 16:05:36,057 INFO Loaded data with shape: torch.Size([409600, 1, 64, 64])
40: 2018-09-29 16:05:36,058 INFO Loaded data with shape: torch.Size([409600, 1, 64, 64])
47: 2018-09-29 16:05:36,058 INFO Loaded data with shape: torch.Size([409600, 1, 64, 64])
36: 2018-09-29 16:05:36,059 INFO Loaded data with shape: torch.Size([409600, 1, 64, 64])
52: 2018-09-29 16:05:36,059 INFO Loaded data with shape: torch.Size([409600, 1, 64, 64])
44: 2018-09-29 16:05:36,058 INFO Loaded data with shape: torch.Size([409600, 1, 64, 64])
45: 2018-09-29 16:05:36,058 INFO Loaded data with shape: torch.Size([409600, 1, 64, 64])
55: 2018-09-29 16:05:36,060 INFO Loaded data with shape: torch.Size([409600, 1, 64, 64])
11: 2018-09-29 16:05:36,058 INFO Loaded data with shape: torch.Size([409600, 1, 64, 64])
 2: 2018-09-29 16:05:36,059 INFO Loaded data with shape: torch.Size([409600, 1, 64, 64])
20: 2018-09-29 16:05:36,059 INFO Loaded data with shape: torch.Size([409600, 1, 64, 64])
32: 2018-09-29 16:05:36,062 INFO Loaded data with shape: torch.Size([409600, 1, 64, 64])
10: 2018-09-29 16:05:36,058 INFO Loaded data with shape: torch.Size([409600, 1, 64, 64])
31: 2018-09-29 16:05:36,060 INFO Loaded data with shape: torch.Size([409600, 1, 64, 64])
43: 2018-09-29 16:05:36,060 INFO Loaded data with shape: torch.Size([409600, 1, 64, 64])
 3: 2018-09-29 16:05:36,062 INFO Loaded data with shape: torch.Size([409600, 1, 64, 64])
21: 2018-09-29 16:05:36,063 INFO Loaded data with shape: torch.Size([409600, 1, 64, 64])
33: 2018-09-29 16:05:36,064 INFO Loaded data with shape: torch.Size([409600, 1, 64, 64])
50: 2018-09-29 16:05:36,063 INFO Loaded data with shape: torch.Size([409600, 1, 64, 64])
59: 2018-09-29 16:05:36,064 INFO Loaded data with shape: torch.Size([409600, 1, 64, 64])
22: 2018-09-29 16:05:36,065 INFO Loaded data with shape: torch.Size([409600, 1, 64, 64])
42: 2018-09-29 16:05:36,064 INFO Loaded data with shape: torch.Size([409600, 1, 64, 64])
28: 2018-09-29 16:05:36,065 INFO Loaded data with shape: torch.Size([409600, 1, 64, 64])
51: 2018-09-29 16:05:36,065 INFO Loaded data with shape: torch.Size([409600, 1, 64, 64])
30: 2018-09-29 16:05:36,066 INFO Loaded data with shape: torch.Size([409600, 1, 64, 64])
33: 2018-09-29 16:05:36,099 INFO Epoch 0
34: 2018-09-29 16:05:36,101 INFO Epoch 0
32: 2018-09-29 16:05:36,099 INFO Epoch 0
10: 2018-09-29 16:05:36,095 INFO Epoch 0
 8: 2018-09-29 16:05:36,097 INFO Epoch 0
11: 2018-09-29 16:05:36,096 INFO Epoch 0
 9: 2018-09-29 16:05:36,097 INFO Epoch 0
35: 2018-09-29 16:05:36,098 INFO Epoch 0
41: 2018-09-29 16:05:36,096 INFO Epoch 0
40: 2018-09-29 16:05:36,098 INFO Epoch 0
42: 2018-09-29 16:05:36,097 INFO Epoch 0
24: 2018-09-29 16:05:36,097 INFO Epoch 0
26: 2018-09-29 16:05:36,096 INFO Epoch 0
16: 2018-09-29 16:05:36,094 INFO Epoch 0
25: 2018-09-29 16:05:36,098 INFO Epoch 0
27: 2018-09-29 16:05:36,098 INFO Epoch 0
 1: 2018-09-29 16:05:36,099 INFO Epoch 0
43: 2018-09-29 16:05:36,097 INFO Epoch 0
17: 2018-09-29 16:05:36,098 INFO Epoch 0
57: 2018-09-29 16:05:36,098 INFO Epoch 0
59: 2018-09-29 16:05:36,098 INFO Epoch 0
48: 2018-09-29 16:05:36,098 INFO Epoch 0
56: 2018-09-29 16:05:36,098 INFO Epoch 0
58: 2018-09-29 16:05:36,096 INFO Epoch 0
49: 2018-09-29 16:05:36,034 INFO Epoch 0
19: 2018-09-29 16:05:36,097 INFO Epoch 0
 2: 2018-09-29 16:05:36,097 INFO Epoch 0
18: 2018-09-29 16:05:36,096 INFO Epoch 0
 3: 2018-09-29 16:05:36,098 INFO Epoch 0
 0: 2018-09-29 16:05:36,096 INFO Model: 
 0: HEPCNNClassifier(
 0:   (conv_net): Sequential(
 0:     (0): Conv2d(1, 16, kernel_size=(3, 3), stride=(1, 1), padding=(1, 1))
 0:     (1): ReLU()
 0:     (2): MaxPool2d(kernel_size=2, stride=2, padding=0, dilation=1, ceil_mode=False)
 0:     (3): Conv2d(16, 32, kernel_size=(3, 3), stride=(1, 1), padding=(1, 1))
 0:     (4): ReLU()
 0:     (5): MaxPool2d(kernel_size=2, stride=2, padding=0, dilation=1, ceil_mode=False)
 0:     (6): Conv2d(32, 64, kernel_size=(3, 3), stride=(1, 1), padding=(1, 1))
 0:     (7): ReLU()
 0:     (8): MaxPool2d(kernel_size=2, stride=2, padding=0, dilation=1, ceil_mode=False)
 0:   )
 0:   (dense_net): Sequential(
 0:     (0): Linear(in_features=4096, out_features=128, bias=True)
 0:     (1): ReLU()
 0:     (2): Dropout(p=0.2)
 0:     (3): Linear(in_features=128, out_features=1, bias=True)
 0:     (4): Sigmoid()
 0:   )
 0: )
 0: Parameters: 547841
51: 2018-09-29 16:05:36,098 INFO Epoch 0
50: 2018-09-29 16:05:36,097 INFO Epoch 0
 0: 2018-09-29 16:05:36,096 INFO Epoch 0
37: 2018-09-29 16:05:36,104 INFO Epoch 0
39: 2018-09-29 16:05:36,101 INFO Epoch 0
38: 2018-09-29 16:05:36,102 INFO Epoch 0
36: 2018-09-29 16:05:36,102 INFO Epoch 0
21: 2018-09-29 16:05:36,104 INFO Epoch 0
20: 2018-09-29 16:05:36,102 INFO Epoch 0
23: 2018-09-29 16:05:36,103 INFO Epoch 0
22: 2018-09-29 16:05:36,105 INFO Epoch 0
60: 2018-09-29 16:05:36,105 INFO Epoch 0
61: 2018-09-29 16:05:36,105 INFO Epoch 0
12: 2018-09-29 16:05:36,103 INFO Epoch 0
 4: 2018-09-29 16:05:36,105 INFO Epoch 0
 5: 2018-09-29 16:05:36,105 INFO Epoch 0
13: 2018-09-29 16:05:36,102 INFO Epoch 0
29: 2018-09-29 16:05:36,106 INFO Epoch 0
62: 2018-09-29 16:05:36,105 INFO Epoch 0
44: 2018-09-29 16:05:36,104 INFO Epoch 0
28: 2018-09-29 16:05:36,105 INFO Epoch 0
45: 2018-09-29 16:05:36,104 INFO Epoch 0
63: 2018-09-29 16:05:36,105 INFO Epoch 0
53: 2018-09-29 16:05:36,105 INFO Epoch 0
 6: 2018-09-29 16:05:36,105 INFO Epoch 0
14: 2018-09-29 16:05:36,104 INFO Epoch 0
52: 2018-09-29 16:05:36,106 INFO Epoch 0
15: 2018-09-29 16:05:36,103 INFO Epoch 0
 7: 2018-09-29 16:05:36,105 INFO Epoch 0
47: 2018-09-29 16:05:36,105 INFO Epoch 0
46: 2018-09-29 16:05:36,104 INFO Epoch 0
31: 2018-09-29 16:05:36,105 INFO Epoch 0
30: 2018-09-29 16:05:36,104 INFO Epoch 0
54: 2018-09-29 16:05:36,105 INFO Epoch 0
55: 2018-09-29 16:05:36,106 INFO Epoch 0
19: 2018-09-29 16:05:45,271 INFO   Training loss: 11.710
33: 2018-09-29 16:05:45,273 INFO   Training loss: 11.571
47: 2018-09-29 16:05:45,271 INFO   Training loss: 11.515
10: 2018-09-29 16:05:45,269 INFO   Training loss: 11.740
52: 2018-09-29 16:05:45,272 INFO   Training loss: 11.360
28: 2018-09-29 16:05:45,271 INFO   Training loss: 11.550
15: 2018-09-29 16:05:45,269 INFO   Training loss: 11.779
61: 2018-09-29 16:05:45,272 INFO   Training loss: 11.239
35: 2018-09-29 16:05:45,272 INFO   Training loss: 11.230
23: 2018-09-29 16:05:45,271 INFO   Training loss: 11.632
51: 2018-09-29 16:05:45,272 INFO   Training loss: 11.770
59: 2018-09-29 16:05:45,272 INFO   Training loss: 11.623
38: 2018-09-29 16:05:45,272 INFO   Training loss: 11.420
36: 2018-09-29 16:05:45,272 INFO   Training loss: 11.399
12: 2018-09-29 16:05:45,270 INFO   Training loss: 11.433
 4: 2018-09-29 16:05:45,271 INFO   Training loss: 11.364
24: 2018-09-29 16:05:45,271 INFO   Training loss: 11.576
34: 2018-09-29 16:05:45,275 INFO   Training loss: 11.761
44: 2018-09-29 16:05:45,271 INFO   Training loss: 11.304
32: 2018-09-29 16:05:45,273 INFO   Training loss: 11.291
54: 2018-09-29 16:05:45,271 INFO   Training loss: 11.446
18: 2018-09-29 16:05:45,270 INFO   Training loss: 11.369
63: 2018-09-29 16:05:45,271 INFO   Training loss: 11.805
43: 2018-09-29 16:05:45,271 INFO   Training loss: 11.757
11: 2018-09-29 16:05:45,270 INFO   Training loss: 11.731
 9: 2018-09-29 16:05:45,271 INFO   Training loss: 11.671
 7: 2018-09-29 16:05:45,272 INFO   Training loss: 11.900
55: 2018-09-29 16:05:45,272 INFO   Training loss: 11.515
 0: 2018-09-29 16:05:45,270 INFO   Training loss: 11.317
37: 2018-09-29 16:05:45,274 INFO   Training loss: 11.554
29: 2018-09-29 16:05:45,272 INFO   Training loss: 11.649
57: 2018-09-29 16:05:45,272 INFO   Training loss: 11.563
21: 2018-09-29 16:05:45,272 INFO   Training loss: 11.865
53: 2018-09-29 16:05:45,272 INFO   Training loss: 11.502
31: 2018-09-29 16:05:45,271 INFO   Training loss: 11.692
39: 2018-09-29 16:05:45,271 INFO   Training loss: 11.420
41: 2018-09-29 16:05:45,271 INFO   Training loss: 11.515
 2: 2018-09-29 16:05:45,271 INFO   Training loss: 11.597
 6: 2018-09-29 16:05:45,272 INFO   Training loss: 11.744
40: 2018-09-29 16:05:45,272 INFO   Training loss: 11.429
42: 2018-09-29 16:05:45,271 INFO   Training loss: 11.351
62: 2018-09-29 16:05:45,271 INFO   Training loss: 11.597
20: 2018-09-29 16:05:45,271 INFO   Training loss: 11.390
14: 2018-09-29 16:05:45,271 INFO   Training loss: 11.528
60: 2018-09-29 16:05:45,272 INFO   Training loss: 11.904
48: 2018-09-29 16:05:45,272 INFO   Training loss: 11.407
56: 2018-09-29 16:05:45,272 INFO   Training loss: 11.550
22: 2018-09-29 16:05:45,273 INFO   Training loss: 11.472
58: 2018-09-29 16:05:45,271 INFO   Training loss: 11.610
30: 2018-09-29 16:05:45,271 INFO   Training loss: 11.477
46: 2018-09-29 16:05:45,270 INFO   Training loss: 11.477
26: 2018-09-29 16:05:45,271 INFO   Training loss: 11.446
 8: 2018-09-29 16:05:45,272 INFO   Training loss: 11.554
16: 2018-09-29 16:05:45,269 INFO   Training loss: 11.498
25: 2018-09-29 16:05:45,272 INFO   Training loss: 11.364
45: 2018-09-29 16:05:45,271 INFO   Training loss: 11.485
 5: 2018-09-29 16:05:45,271 INFO   Training loss: 11.636
49: 2018-09-29 16:05:45,209 INFO   Training loss: 11.667
27: 2018-09-29 16:05:45,272 INFO   Training loss: 11.567
 3: 2018-09-29 16:05:45,272 INFO   Training loss: 11.528
 1: 2018-09-29 16:05:45,273 INFO   Training loss: 11.701
13: 2018-09-29 16:05:45,269 INFO   Training loss: 12.029
17: 2018-09-29 16:05:45,272 INFO   Training loss: 11.485
50: 2018-09-29 16:05:45,272 INFO   Training loss: 11.697
52: 2018-09-29 16:05:55,697 INFO   Validation loss: 11.783 acc: 0.574
52: 2018-09-29 16:05:55,703 INFO Epoch 1
22: 2018-09-29 16:05:55,712 INFO   Validation loss: 11.783 acc: 0.574
32: 2018-09-29 16:05:55,746 INFO   Validation loss: 11.783 acc: 0.574
48: 2018-09-29 16:05:55,757 INFO   Validation loss: 11.783 acc: 0.574
29: 2018-09-29 16:05:55,796 INFO   Validation loss: 11.783 acc: 0.574
55: 2018-09-29 16:05:55,799 INFO   Validation loss: 11.783 acc: 0.574
 1: 2018-09-29 16:05:55,807 INFO   Validation loss: 11.783 acc: 0.574
30: 2018-09-29 16:05:55,805 INFO   Validation loss: 11.783 acc: 0.574
 9: 2018-09-29 16:05:55,806 INFO   Validation loss: 11.783 acc: 0.574
20: 2018-09-29 16:05:55,809 INFO   Validation loss: 11.783 acc: 0.574
41: 2018-09-29 16:05:55,826 INFO   Validation loss: 11.783 acc: 0.574
25: 2018-09-29 16:05:55,834 INFO   Validation loss: 11.783 acc: 0.574
15: 2018-09-29 16:05:55,832 INFO   Validation loss: 11.783 acc: 0.574
 8: 2018-09-29 16:05:55,834 INFO   Validation loss: 11.783 acc: 0.574
 2: 2018-09-29 16:05:55,835 INFO   Validation loss: 11.783 acc: 0.574
 4: 2018-09-29 16:05:55,845 INFO   Validation loss: 11.783 acc: 0.574
45: 2018-09-29 16:05:55,854 INFO   Validation loss: 11.783 acc: 0.574
40: 2018-09-29 16:05:55,856 INFO   Validation loss: 11.783 acc: 0.574
58: 2018-09-29 16:05:55,856 INFO   Validation loss: 11.783 acc: 0.574
61: 2018-09-29 16:05:55,857 INFO   Validation loss: 11.783 acc: 0.574
46: 2018-09-29 16:05:55,860 INFO   Validation loss: 11.783 acc: 0.574
28: 2018-09-29 16:05:55,863 INFO   Validation loss: 11.783 acc: 0.574
26: 2018-09-29 16:05:55,863 INFO   Validation loss: 11.783 acc: 0.574
 3: 2018-09-29 16:05:55,865 INFO   Validation loss: 11.783 acc: 0.574
16: 2018-09-29 16:05:55,864 INFO   Validation loss: 11.783 acc: 0.574
35: 2018-09-29 16:05:55,880 INFO   Validation loss: 11.783 acc: 0.574
38: 2018-09-29 16:05:55,880 INFO   Validation loss: 11.783 acc: 0.574
42: 2018-09-29 16:05:55,884 INFO   Validation loss: 11.783 acc: 0.574
39: 2018-09-29 16:05:55,893 INFO   Validation loss: 11.783 acc: 0.574
 7: 2018-09-29 16:05:55,896 INFO   Validation loss: 11.783 acc: 0.574
49: 2018-09-29 16:05:55,834 INFO   Validation loss: 11.783 acc: 0.574
54: 2018-09-29 16:05:55,899 INFO   Validation loss: 11.783 acc: 0.574
47: 2018-09-29 16:05:55,900 INFO   Validation loss: 11.783 acc: 0.574
24: 2018-09-29 16:05:55,902 INFO   Validation loss: 11.783 acc: 0.574
 5: 2018-09-29 16:05:55,903 INFO   Validation loss: 11.783 acc: 0.574
43: 2018-09-29 16:05:55,903 INFO   Validation loss: 11.783 acc: 0.574
27: 2018-09-29 16:05:55,904 INFO   Validation loss: 11.783 acc: 0.574
23: 2018-09-29 16:05:55,904 INFO   Validation loss: 11.783 acc: 0.574
62: 2018-09-29 16:05:55,907 INFO   Validation loss: 11.783 acc: 0.574
31: 2018-09-29 16:05:55,907 INFO   Validation loss: 11.783 acc: 0.574
50: 2018-09-29 16:05:55,910 INFO   Validation loss: 11.783 acc: 0.574
18: 2018-09-29 16:05:55,909 INFO   Validation loss: 11.783 acc: 0.574
53: 2018-09-29 16:05:55,911 INFO   Validation loss: 11.783 acc: 0.574
56: 2018-09-29 16:05:55,915 INFO   Validation loss: 11.783 acc: 0.574
 0: 2018-09-29 16:05:55,918 INFO   Validation loss: 11.783 acc: 0.574
14: 2018-09-29 16:05:55,920 INFO   Validation loss: 11.783 acc: 0.574
12: 2018-09-29 16:05:55,923 INFO   Validation loss: 11.783 acc: 0.574
59: 2018-09-29 16:05:55,944 INFO   Validation loss: 11.783 acc: 0.574
34: 2018-09-29 16:05:55,954 INFO   Validation loss: 11.783 acc: 0.574
36: 2018-09-29 16:05:55,958 INFO   Validation loss: 11.783 acc: 0.574
63: 2018-09-29 16:05:55,958 INFO   Validation loss: 11.783 acc: 0.574
44: 2018-09-29 16:05:55,961 INFO   Validation loss: 11.783 acc: 0.574
19: 2018-09-29 16:05:55,963 INFO   Validation loss: 11.783 acc: 0.574
10: 2018-09-29 16:05:55,965 INFO   Validation loss: 11.783 acc: 0.574
37: 2018-09-29 16:05:55,971 INFO   Validation loss: 11.783 acc: 0.574
57: 2018-09-29 16:05:55,969 INFO   Validation loss: 11.783 acc: 0.574
 6: 2018-09-29 16:05:55,972 INFO   Validation loss: 11.783 acc: 0.574
13: 2018-09-29 16:05:56,004 INFO   Validation loss: 11.783 acc: 0.574
60: 2018-09-29 16:05:56,351 INFO   Validation loss: 11.783 acc: 0.574
33: 2018-09-29 16:06:00,887 INFO   Validation loss: 11.783 acc: 0.574
11: 2018-09-29 16:06:00,887 INFO   Validation loss: 11.783 acc: 0.574
21: 2018-09-29 16:06:00,925 INFO   Validation loss: 11.783 acc: 0.574
51: 2018-09-29 16:06:00,963 INFO   Validation loss: 11.783 acc: 0.574
17: 2018-09-29 16:06:01,970 INFO   Validation loss: 11.783 acc: 0.574
 8: 2018-09-29 16:06:09,250 INFO Epoch 1
22: 2018-09-29 16:06:15,608 INFO Epoch 1
32: 2018-09-29 16:06:16,085 INFO Epoch 1
48: 2018-09-29 16:06:16,649 INFO Epoch 1
55: 2018-09-29 16:06:17,862 INFO Epoch 1
29: 2018-09-29 16:06:17,889 INFO Epoch 1
 9: 2018-09-29 16:06:17,934 INFO Epoch 1
 1: 2018-09-29 16:06:18,000 INFO Epoch 1
20: 2018-09-29 16:06:18,054 INFO Epoch 1
30: 2018-09-29 16:06:18,102 INFO Epoch 1
41: 2018-09-29 16:06:18,328 INFO Epoch 1
25: 2018-09-29 16:06:18,402 INFO Epoch 1
 4: 2018-09-29 16:06:18,422 INFO Epoch 1
45: 2018-09-29 16:06:18,473 INFO Epoch 1
15: 2018-09-29 16:06:18,497 INFO Epoch 1
 2: 2018-09-29 16:06:18,565 INFO Epoch 1
16: 2018-09-29 16:06:18,587 INFO Epoch 1
61: 2018-09-29 16:06:18,659 INFO Epoch 1
 3: 2018-09-29 16:06:18,691 INFO Epoch 1
40: 2018-09-29 16:06:18,732 INFO Epoch 1
58: 2018-09-29 16:06:18,767 INFO Epoch 1
28: 2018-09-29 16:06:18,800 INFO Epoch 1
46: 2018-09-29 16:06:18,826 INFO Epoch 1
26: 2018-09-29 16:06:18,891 INFO Epoch 1
35: 2018-09-29 16:06:18,945 INFO Epoch 1
38: 2018-09-29 16:06:19,033 INFO Epoch 1
42: 2018-09-29 16:06:19,092 INFO Epoch 1
 7: 2018-09-29 16:06:19,132 INFO Epoch 1
39: 2018-09-29 16:06:19,160 INFO Epoch 1
49: 2018-09-29 16:06:19,130 INFO Epoch 1
43: 2018-09-29 16:06:19,232 INFO Epoch 1
54: 2018-09-29 16:06:19,304 INFO Epoch 1
62: 2018-09-29 16:06:19,368 INFO Epoch 1
47: 2018-09-29 16:06:19,405 INFO Epoch 1
50: 2018-09-29 16:06:19,437 INFO Epoch 1
24: 2018-09-29 16:06:19,472 INFO Epoch 1
27: 2018-09-29 16:06:19,515 INFO Epoch 1
 0: 2018-09-29 16:06:19,573 INFO Epoch 1
18: 2018-09-29 16:06:19,602 INFO Epoch 1
 5: 2018-09-29 16:06:19,668 INFO Epoch 1
14: 2018-09-29 16:06:19,700 INFO Epoch 1
23: 2018-09-29 16:06:19,735 INFO Epoch 1
53: 2018-09-29 16:06:19,758 INFO Epoch 1
31: 2018-09-29 16:06:19,792 INFO Epoch 1
56: 2018-09-29 16:06:19,832 INFO Epoch 1
12: 2018-09-29 16:06:19,863 INFO Epoch 1
34: 2018-09-29 16:06:19,900 INFO Epoch 1
59: 2018-09-29 16:06:19,934 INFO Epoch 1
63: 2018-09-29 16:06:19,962 INFO Epoch 1
57: 2018-09-29 16:06:19,997 INFO Epoch 1
36: 2018-09-29 16:06:20,032 INFO Epoch 1
10: 2018-09-29 16:06:20,060 INFO Epoch 1
19: 2018-09-29 16:06:20,102 INFO Epoch 1
44: 2018-09-29 16:06:20,128 INFO Epoch 1
 6: 2018-09-29 16:06:20,162 INFO Epoch 1
37: 2018-09-29 16:06:20,196 INFO Epoch 1
13: 2018-09-29 16:06:20,228 INFO Epoch 1
60: 2018-09-29 16:06:20,345 INFO Epoch 1
33: 2018-09-29 16:06:20,636 INFO Epoch 1
11: 2018-09-29 16:06:20,671 INFO Epoch 1
51: 2018-09-29 16:06:20,696 INFO Epoch 1
21: 2018-09-29 16:06:20,737 INFO Epoch 1
17: 2018-09-29 16:06:20,774 INFO Epoch 1
20: 2018-09-29 16:06:30,082 INFO   Training loss: 11.618
34: 2018-09-29 16:06:30,087 INFO   Training loss: 12.002
52: 2018-09-29 16:06:30,084 INFO   Training loss: 11.592
 8: 2018-09-29 16:06:30,083 INFO   Training loss: 11.782
28: 2018-09-29 16:06:30,083 INFO   Training loss: 11.760
15: 2018-09-29 16:06:30,081 INFO   Training loss: 11.985
19: 2018-09-29 16:06:30,083 INFO   Training loss: 11.959
23: 2018-09-29 16:06:30,083 INFO   Training loss: 11.834
39: 2018-09-29 16:06:30,083 INFO   Training loss: 11.622
51: 2018-09-29 16:06:30,084 INFO   Training loss: 11.959
59: 2018-09-29 16:06:30,084 INFO   Training loss: 11.860
33: 2018-09-29 16:06:30,085 INFO   Training loss: 11.834
47: 2018-09-29 16:06:30,084 INFO   Training loss: 11.743
62: 2018-09-29 16:06:30,083 INFO   Training loss: 11.821
24: 2018-09-29 16:06:30,083 INFO   Training loss: 11.791
54: 2018-09-29 16:06:30,083 INFO   Training loss: 11.609
16: 2018-09-29 16:06:30,080 INFO   Training loss: 11.726
 5: 2018-09-29 16:06:30,083 INFO   Training loss: 11.864
43: 2018-09-29 16:06:30,083 INFO   Training loss: 11.989
 7: 2018-09-29 16:06:30,084 INFO   Training loss: 12.136
37: 2018-09-29 16:06:30,086 INFO   Training loss: 11.795
29: 2018-09-29 16:06:30,084 INFO   Training loss: 11.830
57: 2018-09-29 16:06:30,084 INFO   Training loss: 11.730
35: 2018-09-29 16:06:30,084 INFO   Training loss: 11.445
21: 2018-09-29 16:06:30,084 INFO   Training loss: 12.097
53: 2018-09-29 16:06:30,083 INFO   Training loss: 11.743
31: 2018-09-29 16:06:30,083 INFO   Training loss: 11.899
41: 2018-09-29 16:06:30,082 INFO   Training loss: 11.765
38: 2018-09-29 16:06:30,084 INFO   Training loss: 11.661
36: 2018-09-29 16:06:30,084 INFO   Training loss: 11.627
 2: 2018-09-29 16:06:30,083 INFO   Training loss: 11.842
 6: 2018-09-29 16:06:30,084 INFO   Training loss: 11.981
40: 2018-09-29 16:06:30,084 INFO   Training loss: 11.605
42: 2018-09-29 16:06:30,083 INFO   Training loss: 11.592
12: 2018-09-29 16:06:30,082 INFO   Training loss: 11.696
 4: 2018-09-29 16:06:30,083 INFO   Training loss: 11.592
14: 2018-09-29 16:06:30,083 INFO   Training loss: 11.747
60: 2018-09-29 16:06:30,084 INFO   Training loss: 12.153
48: 2018-09-29 16:06:30,084 INFO   Training loss: 11.614
56: 2018-09-29 16:06:30,084 INFO   Training loss: 11.765
22: 2018-09-29 16:06:30,085 INFO   Training loss: 11.691
58: 2018-09-29 16:06:30,082 INFO   Training loss: 11.817
30: 2018-09-29 16:06:30,083 INFO   Training loss: 11.674
44: 2018-09-29 16:06:30,083 INFO   Training loss: 11.532
46: 2018-09-29 16:06:30,082 INFO   Training loss: 11.678
32: 2018-09-29 16:06:30,085 INFO   Training loss: 11.501
26: 2018-09-29 16:06:30,083 INFO   Training loss: 11.687
10: 2018-09-29 16:06:30,081 INFO   Training loss: 11.959
18: 2018-09-29 16:06:30,082 INFO   Training loss: 11.614
25: 2018-09-29 16:06:30,084 INFO   Training loss: 11.588
45: 2018-09-29 16:06:30,083 INFO   Training loss: 11.704
49: 2018-09-29 16:06:30,016 INFO   Training loss: 11.873
27: 2018-09-29 16:06:30,084 INFO   Training loss: 11.747
 3: 2018-09-29 16:06:30,084 INFO   Training loss: 11.773
61: 2018-09-29 16:06:30,084 INFO   Training loss: 11.458
 1: 2018-09-29 16:06:30,085 INFO   Training loss: 11.925
13: 2018-09-29 16:06:30,081 INFO   Training loss: 12.205
63: 2018-09-29 16:06:30,083 INFO   Training loss: 12.041
11: 2018-09-29 16:06:30,082 INFO   Training loss: 11.955
 9: 2018-09-29 16:06:30,083 INFO   Training loss: 11.842
17: 2018-09-29 16:06:30,084 INFO   Training loss: 11.717
55: 2018-09-29 16:06:30,084 INFO   Training loss: 11.782
50: 2018-09-29 16:06:30,084 INFO   Training loss: 11.881
 0: 2018-09-29 16:06:30,082 INFO   Training loss: 11.527
52: 2018-09-29 16:06:40,478 INFO   Validation loss: 11.783 acc: 0.574
52: 2018-09-29 16:06:40,485 INFO Finished training
52: 2018-09-29 16:06:40,485 INFO Train samples 6400 time 21.7733s rate 293.939 samples/s
52: 2018-09-29 16:06:40,485 INFO Valid rate: 3148.09 samples/s
52: 2018-09-29 16:06:40,485 INFO All done!
15: 2018-09-29 16:06:40,522 INFO   Validation loss: 11.783 acc: 0.574
22: 2018-09-29 16:06:40,554 INFO   Validation loss: 11.783 acc: 0.574
 4: 2018-09-29 16:06:40,563 INFO   Validation loss: 11.783 acc: 0.574
29: 2018-09-29 16:06:40,568 INFO   Validation loss: 11.783 acc: 0.574
 9: 2018-09-29 16:06:40,569 INFO   Validation loss: 11.783 acc: 0.574
 1: 2018-09-29 16:06:40,572 INFO   Validation loss: 11.783 acc: 0.574
48: 2018-09-29 16:06:40,571 INFO   Validation loss: 11.783 acc: 0.574
30: 2018-09-29 16:06:40,572 INFO   Validation loss: 11.783 acc: 0.574
20: 2018-09-29 16:06:40,576 INFO   Validation loss: 11.783 acc: 0.574
32: 2018-09-29 16:06:40,579 INFO   Validation loss: 11.783 acc: 0.574
42: 2018-09-29 16:06:40,581 INFO   Validation loss: 11.783 acc: 0.574
 8: 2018-09-29 16:06:40,582 INFO   Validation loss: 11.783 acc: 0.574
41: 2018-09-29 16:06:40,585 INFO   Validation loss: 11.783 acc: 0.574
45: 2018-09-29 16:06:40,590 INFO   Validation loss: 11.783 acc: 0.574
28: 2018-09-29 16:06:40,591 INFO   Validation loss: 11.783 acc: 0.574
55: 2018-09-29 16:06:40,593 INFO   Validation loss: 11.783 acc: 0.574
61: 2018-09-29 16:06:40,601 INFO   Validation loss: 11.783 acc: 0.574
35: 2018-09-29 16:06:40,606 INFO   Validation loss: 11.783 acc: 0.574
 2: 2018-09-29 16:06:40,610 INFO   Validation loss: 11.783 acc: 0.574
27: 2018-09-29 16:06:40,623 INFO   Validation loss: 11.783 acc: 0.574
38: 2018-09-29 16:06:40,626 INFO   Validation loss: 11.783 acc: 0.574
40: 2018-09-29 16:06:40,627 INFO   Validation loss: 11.783 acc: 0.574
39: 2018-09-29 16:06:40,635 INFO   Validation loss: 11.783 acc: 0.574
 5: 2018-09-29 16:06:40,645 INFO   Validation loss: 11.783 acc: 0.574
24: 2018-09-29 16:06:40,645 INFO   Validation loss: 11.783 acc: 0.574
37: 2018-09-29 16:06:40,649 INFO   Validation loss: 11.783 acc: 0.574
25: 2018-09-29 16:06:40,647 INFO   Validation loss: 11.783 acc: 0.574
50: 2018-09-29 16:06:40,648 INFO   Validation loss: 11.783 acc: 0.574
58: 2018-09-29 16:06:40,651 INFO   Validation loss: 11.783 acc: 0.574
43: 2018-09-29 16:06:40,653 INFO   Validation loss: 11.783 acc: 0.574
62: 2018-09-29 16:06:40,658 INFO   Validation loss: 11.783 acc: 0.574
 6: 2018-09-29 16:06:40,660 INFO   Validation loss: 11.783 acc: 0.574
 3: 2018-09-29 16:06:40,663 INFO   Validation loss: 11.783 acc: 0.574
14: 2018-09-29 16:06:40,663 INFO   Validation loss: 11.783 acc: 0.574
49: 2018-09-29 16:06:40,597 INFO   Validation loss: 11.783 acc: 0.574
18: 2018-09-29 16:06:40,669 INFO   Validation loss: 11.783 acc: 0.574
10: 2018-09-29 16:06:40,669 INFO   Validation loss: 11.783 acc: 0.574
13: 2018-09-29 16:06:40,670 INFO   Validation loss: 11.783 acc: 0.574
 7: 2018-09-29 16:06:40,673 INFO   Validation loss: 11.783 acc: 0.574
31: 2018-09-29 16:06:40,673 INFO   Validation loss: 11.783 acc: 0.574
53: 2018-09-29 16:06:40,674 INFO   Validation loss: 11.783 acc: 0.574
54: 2018-09-29 16:06:40,677 INFO   Validation loss: 11.783 acc: 0.574
34: 2018-09-29 16:06:40,683 INFO   Validation loss: 11.783 acc: 0.574
19: 2018-09-29 16:06:40,688 INFO   Validation loss: 11.783 acc: 0.574
36: 2018-09-29 16:06:40,700 INFO   Validation loss: 11.783 acc: 0.574
12: 2018-09-29 16:06:40,704 INFO   Validation loss: 11.783 acc: 0.574
46: 2018-09-29 16:06:40,710 INFO   Validation loss: 11.783 acc: 0.574
44: 2018-09-29 16:06:40,713 INFO   Validation loss: 11.783 acc: 0.574
63: 2018-09-29 16:06:40,723 INFO   Validation loss: 11.783 acc: 0.574
57: 2018-09-29 16:06:40,742 INFO   Validation loss: 11.783 acc: 0.574
23: 2018-09-29 16:06:40,759 INFO   Validation loss: 11.783 acc: 0.574
60: 2018-09-29 16:06:40,779 INFO   Validation loss: 11.783 acc: 0.574
11: 2018-09-29 16:06:45,617 INFO   Validation loss: 11.783 acc: 0.574
 0: 2018-09-29 16:06:45,621 INFO   Validation loss: 11.783 acc: 0.574
26: 2018-09-29 16:06:45,626 INFO   Validation loss: 11.783 acc: 0.574
56: 2018-09-29 16:06:45,637 INFO   Validation loss: 11.783 acc: 0.574
47: 2018-09-29 16:06:45,640 INFO   Validation loss: 11.783 acc: 0.574
16: 2018-09-29 16:06:45,668 INFO   Validation loss: 11.783 acc: 0.574
59: 2018-09-29 16:06:45,679 INFO   Validation loss: 11.783 acc: 0.574
33: 2018-09-29 16:06:45,715 INFO   Validation loss: 11.783 acc: 0.574
17: 2018-09-29 16:06:45,779 INFO   Validation loss: 11.783 acc: 0.574
21: 2018-09-29 16:06:45,790 INFO   Validation loss: 11.783 acc: 0.574
51: 2018-09-29 16:06:46,591 INFO   Validation loss: 11.783 acc: 0.574
48: 2018-09-29 16:06:50,737 INFO Finished training
48: 2018-09-29 16:06:50,737 INFO Train samples 6400 time 11.3046s rate 566.141 samples/s
48: 2018-09-29 16:06:50,737 INFO Valid rate: 3124.99 samples/s
48: 2018-09-29 16:06:50,737 INFO All done!
 8: 2018-09-29 16:06:54,116 INFO Finished training
 8: 2018-09-29 16:06:54,116 INFO Train samples 6400 time 15.0036s rate 426.563 samples/s
 8: 2018-09-29 16:06:54,116 INFO Valid rate: 3111.86 samples/s
 8: 2018-09-29 16:06:54,116 INFO All done!
 4: 2018-09-29 16:06:56,911 INFO Finished training
 4: 2018-09-29 16:06:56,911 INFO Train samples 6400 time 10.4138s rate 614.572 samples/s
 4: 2018-09-29 16:06:56,911 INFO Valid rate: 3113.01 samples/s
 4: 2018-09-29 16:06:56,912 INFO All done!
15: 2018-09-29 16:07:03,479 INFO Finished training
15: 2018-09-29 16:07:03,479 INFO Train samples 6400 time 10.375s rate 616.867 samples/s
15: 2018-09-29 16:07:03,479 INFO Valid rate: 3120.42 samples/s
15: 2018-09-29 16:07:03,479 INFO All done!
22: 2018-09-29 16:07:03,733 INFO Finished training
22: 2018-09-29 16:07:03,733 INFO Train samples 6400 time 11.8221s rate 541.359 samples/s
22: 2018-09-29 16:07:03,734 INFO Valid rate: 3134.56 samples/s
22: 2018-09-29 16:07:03,734 INFO All done!
29: 2018-09-29 16:07:03,997 INFO Finished training
29: 2018-09-29 16:07:03,997 INFO Train samples 6400 time 10.6806s rate 599.217 samples/s
29: 2018-09-29 16:07:03,997 INFO Valid rate: 3119.87 samples/s
29: 2018-09-29 16:07:03,997 INFO All done!
 9: 2018-09-29 16:07:04,139 INFO Finished training
 9: 2018-09-29 16:07:04,139 INFO Train samples 6400 time 10.6615s rate 600.289 samples/s
 9: 2018-09-29 16:07:04,140 INFO Valid rate: 3117.8 samples/s
 9: 2018-09-29 16:07:04,140 INFO All done!
 1: 2018-09-29 16:07:04,333 INFO Finished training
 1: 2018-09-29 16:07:04,333 INFO Train samples 6400 time 10.6295s rate 602.096 samples/s
 1: 2018-09-29 16:07:04,333 INFO Valid rate: 3118.19 samples/s
 1: 2018-09-29 16:07:04,333 INFO All done!
30: 2018-09-29 16:07:04,422 INFO Finished training
30: 2018-09-29 16:07:04,423 INFO Train samples 6400 time 10.5732s rate 605.305 samples/s
30: 2018-09-29 16:07:04,423 INFO Valid rate: 3117.44 samples/s
30: 2018-09-29 16:07:04,423 INFO All done!
32: 2018-09-29 16:07:04,516 INFO Finished training
32: 2018-09-29 16:07:04,517 INFO Train samples 6400 time 11.5872s rate 552.335 samples/s
32: 2018-09-29 16:07:04,517 INFO Valid rate: 3125.72 samples/s
32: 2018-09-29 16:07:04,517 INFO All done!
42: 2018-09-29 16:07:04,559 INFO Finished training
42: 2018-09-29 16:07:04,560 INFO Train samples 6400 time 10.0825s rate 634.761 samples/s
42: 2018-09-29 16:07:04,560 INFO Valid rate: 3104.47 samples/s
42: 2018-09-29 16:07:04,560 INFO All done!
41: 2018-09-29 16:07:04,578 INFO Finished training
41: 2018-09-29 16:07:04,579 INFO Train samples 6400 time 10.464s rate 611.621 samples/s
41: 2018-09-29 16:07:04,579 INFO Valid rate: 3112.34 samples/s
41: 2018-09-29 16:07:04,579 INFO All done!
45: 2018-09-29 16:07:04,602 INFO Finished training
45: 2018-09-29 16:07:04,602 INFO Train samples 6400 time 10.3885s rate 616.067 samples/s
45: 2018-09-29 16:07:04,603 INFO Valid rate: 3107.58 samples/s
45: 2018-09-29 16:07:04,603 INFO All done!
20: 2018-09-29 16:07:04,630 INFO Finished training
20: 2018-09-29 16:07:04,630 INFO Train samples 6400 time 10.5983s rate 603.873 samples/s
20: 2018-09-29 16:07:04,630 INFO Valid rate: 3116.02 samples/s
20: 2018-09-29 16:07:04,630 INFO All done!
28: 2018-09-29 16:07:04,656 INFO Finished training
28: 2018-09-29 16:07:04,657 INFO Train samples 6400 time 10.2245s rate 625.947 samples/s
28: 2018-09-29 16:07:04,657 INFO Valid rate: 3106.12 samples/s
28: 2018-09-29 16:07:04,657 INFO All done!
55: 2018-09-29 16:07:04,705 INFO Finished training
55: 2018-09-29 16:07:04,706 INFO Train samples 6400 time 10.694s rate 598.469 samples/s
55: 2018-09-29 16:07:04,706 INFO Valid rate: 3115.5 samples/s
55: 2018-09-29 16:07:04,706 INFO All done!
35: 2018-09-29 16:07:05,162 INFO Finished training
35: 2018-09-29 16:07:05,162 INFO Train samples 6400 time 10.1568s rate 630.118 samples/s
35: 2018-09-29 16:07:05,162 INFO Valid rate: 3102.42 samples/s
35: 2018-09-29 16:07:05,162 INFO All done!
61: 2018-09-29 16:07:05,189 INFO Finished training
61: 2018-09-29 16:07:05,189 INFO Train samples 6400 time 10.2957s rate 621.616 samples/s
61: 2018-09-29 16:07:05,190 INFO Valid rate: 3105.61 samples/s
61: 2018-09-29 16:07:05,190 INFO All done!
 2: 2018-09-29 16:07:05,264 INFO Finished training
 2: 2018-09-29 16:07:05,264 INFO Train samples 6400 time 10.3459s rate 618.602 samples/s
 2: 2018-09-29 16:07:05,264 INFO Valid rate: 3107.48 samples/s
 2: 2018-09-29 16:07:05,264 INFO All done!
39: 2018-09-29 16:07:05,305 INFO Finished training
39: 2018-09-29 16:07:05,306 INFO Train samples 6400 time 10.0461s rate 637.061 samples/s
39: 2018-09-29 16:07:05,306 INFO Valid rate: 3095.19 samples/s
39: 2018-09-29 16:07:05,306 INFO All done!
38: 2018-09-29 16:07:05,342 INFO Finished training
38: 2018-09-29 16:07:05,342 INFO Train samples 6400 time 10.1102s rate 633.024 samples/s
38: 2018-09-29 16:07:05,343 INFO Valid rate: 3098.62 samples/s
38: 2018-09-29 16:07:05,343 INFO All done!
50: 2018-09-29 16:07:05,368 INFO Finished training
50: 2018-09-29 16:07:05,368 INFO Train samples 6400 time 9.90997s rate 645.814 samples/s
50: 2018-09-29 16:07:05,368 INFO Valid rate: 3091.02 samples/s
50: 2018-09-29 16:07:05,368 INFO All done!
27: 2018-09-29 16:07:05,396 INFO Finished training
27: 2018-09-29 16:07:05,396 INFO Train samples 6400 time 9.87159s rate 648.325 samples/s
27: 2018-09-29 16:07:05,397 INFO Valid rate: 3095.65 samples/s
27: 2018-09-29 16:07:05,397 INFO All done!
25: 2018-09-29 16:07:05,432 INFO Finished training
25: 2018-09-29 16:07:05,432 INFO Train samples 6400 time 10.4282s rate 613.722 samples/s
25: 2018-09-29 16:07:05,432 INFO Valid rate: 3102.37 samples/s
25: 2018-09-29 16:07:05,433 INFO All done!
40: 2018-09-29 16:07:05,464 INFO Finished training
40: 2018-09-29 16:07:05,464 INFO Train samples 6400 time 10.2633s rate 623.583 samples/s
40: 2018-09-29 16:07:05,464 INFO Valid rate: 3102.14 samples/s
40: 2018-09-29 16:07:05,465 INFO All done!
 5: 2018-09-29 16:07:05,494 INFO Finished training
 5: 2018-09-29 16:07:05,495 INFO Train samples 6400 time 9.79111s rate 653.654 samples/s
 5: 2018-09-29 16:07:05,495 INFO Valid rate: 3092.48 samples/s
 5: 2018-09-29 16:07:05,495 INFO All done!
43: 2018-09-29 16:07:05,515 INFO Finished training
43: 2018-09-29 16:07:05,515 INFO Train samples 6400 time 10.0124s rate 639.209 samples/s
43: 2018-09-29 16:07:05,515 INFO Valid rate: 3091.2 samples/s
43: 2018-09-29 16:07:05,515 INFO All done!
37: 2018-09-29 16:07:05,542 INFO Finished training
37: 2018-09-29 16:07:05,543 INFO Train samples 6400 time 9.52977s rate 671.58 samples/s
37: 2018-09-29 16:07:05,543 INFO Valid rate: 3082.8 samples/s
37: 2018-09-29 16:07:05,543 INFO All done!
58: 2018-09-29 16:07:05,570 INFO Finished training
58: 2018-09-29 16:07:05,570 INFO Train samples 6400 time 10.2446s rate 624.722 samples/s
58: 2018-09-29 16:07:05,570 INFO Valid rate: 3098.17 samples/s
58: 2018-09-29 16:07:05,570 INFO All done!
24: 2018-09-29 16:07:05,588 INFO Finished training
24: 2018-09-29 16:07:05,588 INFO Train samples 6400 time 9.89258s rate 646.95 samples/s
24: 2018-09-29 16:07:05,588 INFO Valid rate: 3092.48 samples/s
24: 2018-09-29 16:07:05,588 INFO All done!
 3: 2018-09-29 16:07:05,612 INFO Finished training
 3: 2018-09-29 16:07:05,612 INFO Train samples 6400 time 10.2831s rate 622.382 samples/s
 3: 2018-09-29 16:07:05,612 INFO Valid rate: 3095.43 samples/s
 3: 2018-09-29 16:07:05,612 INFO All done!
53: 2018-09-29 16:07:05,628 INFO Finished training
53: 2018-09-29 16:07:05,628 INFO Train samples 6400 time 9.74596s rate 656.682 samples/s
53: 2018-09-29 16:07:05,628 INFO Valid rate: 3086.95 samples/s
53: 2018-09-29 16:07:05,628 INFO All done!
49: 2018-09-29 16:07:05,597 INFO Finished training
49: 2018-09-29 16:07:05,597 INFO Train samples 6400 time 10.0301s rate 638.076 samples/s
49: 2018-09-29 16:07:05,597 INFO Valid rate: 3090.43 samples/s
49: 2018-09-29 16:07:05,597 INFO All done!
62: 2018-09-29 16:07:05,679 INFO Finished training
62: 2018-09-29 16:07:05,679 INFO Train samples 6400 time 9.94089s rate 643.805 samples/s
62: 2018-09-29 16:07:05,679 INFO Valid rate: 3089.97 samples/s
62: 2018-09-29 16:07:05,679 INFO All done!
 6: 2018-09-29 16:07:05,723 INFO Finished training
 6: 2018-09-29 16:07:05,724 INFO Train samples 6400 time 9.54383s rate 670.59 samples/s
 6: 2018-09-29 16:07:05,724 INFO Valid rate: 3080.36 samples/s
 6: 2018-09-29 16:07:05,724 INFO All done!
 7: 2018-09-29 16:07:05,752 INFO Finished training
 7: 2018-09-29 16:07:05,752 INFO Train samples 6400 time 10.0589s rate 636.253 samples/s
 7: 2018-09-29 16:07:05,753 INFO Valid rate: 3089.38 samples/s
 7: 2018-09-29 16:07:05,753 INFO All done!
13: 2018-09-29 16:07:05,777 INFO Finished training
13: 2018-09-29 16:07:05,778 INFO Train samples 6400 time 9.50979s rate 672.991 samples/s
13: 2018-09-29 16:07:05,778 INFO Valid rate: 3073.4 samples/s
13: 2018-09-29 16:07:05,778 INFO All done!
31: 2018-09-29 16:07:05,823 INFO Finished training
31: 2018-09-29 16:07:05,823 INFO Train samples 6400 time 9.72856s rate 657.857 samples/s
31: 2018-09-29 16:07:05,823 INFO Valid rate: 3087.64 samples/s
31: 2018-09-29 16:07:05,823 INFO All done!
14: 2018-09-29 16:07:05,858 INFO Finished training
14: 2018-09-29 16:07:05,858 INFO Train samples 6400 time 9.77438s rate 654.773 samples/s
14: 2018-09-29 16:07:05,858 INFO Valid rate: 3087 samples/s
14: 2018-09-29 16:07:05,858 INFO All done!
10: 2018-09-29 16:07:05,880 INFO Finished training
10: 2018-09-29 16:07:05,880 INFO Train samples 6400 time 9.59738s rate 666.849 samples/s
10: 2018-09-29 16:07:05,880 INFO Valid rate: 3079.29 samples/s
10: 2018-09-29 16:07:05,880 INFO All done!
19: 2018-09-29 16:07:05,917 INFO Finished training
19: 2018-09-29 16:07:05,917 INFO Train samples 6400 time 9.57704s rate 668.265 samples/s
19: 2018-09-29 16:07:05,918 INFO Valid rate: 3077.16 samples/s
19: 2018-09-29 16:07:05,918 INFO All done!
18: 2018-09-29 16:07:05,947 INFO Finished training
18: 2018-09-29 16:07:05,947 INFO Train samples 6400 time 9.82667s rate 651.289 samples/s
18: 2018-09-29 16:07:05,947 INFO Valid rate: 3087.39 samples/s
18: 2018-09-29 16:07:05,948 INFO All done!
54: 2018-09-29 16:07:06,008 INFO Finished training
54: 2018-09-29 16:07:06,008 INFO Train samples 6400 time 9.97231s rate 641.777 samples/s
54: 2018-09-29 16:07:06,008 INFO Valid rate: 3088.32 samples/s
54: 2018-09-29 16:07:06,008 INFO All done!
36: 2018-09-29 16:07:06,071 INFO Finished training
36: 2018-09-29 16:07:06,071 INFO Train samples 6400 time 9.61089s rate 665.911 samples/s
36: 2018-09-29 16:07:06,071 INFO Valid rate: 3076.97 samples/s
36: 2018-09-29 16:07:06,071 INFO All done!
34: 2018-09-29 16:07:06,122 INFO Finished training
34: 2018-09-29 16:07:06,123 INFO Train samples 6400 time 9.68026s rate 661.14 samples/s
34: 2018-09-29 16:07:06,123 INFO Valid rate: 3080.49 samples/s
34: 2018-09-29 16:07:06,123 INFO All done!
12: 2018-09-29 16:07:06,163 INFO Finished training
12: 2018-09-29 16:07:06,164 INFO Train samples 6400 time 9.69271s rate 660.29 samples/s
12: 2018-09-29 16:07:06,164 INFO Valid rate: 3080.5 samples/s
12: 2018-09-29 16:07:06,164 INFO All done!
46: 2018-09-29 16:07:06,197 INFO Finished training
46: 2018-09-29 16:07:06,197 INFO Train samples 6400 time 10.2112s rate 626.764 samples/s
46: 2018-09-29 16:07:06,198 INFO Valid rate: 3088.87 samples/s
46: 2018-09-29 16:07:06,198 INFO All done!
44: 2018-09-29 16:07:06,241 INFO Finished training
44: 2018-09-29 16:07:06,241 INFO Train samples 6400 time 9.56043s rate 669.426 samples/s
44: 2018-09-29 16:07:06,242 INFO Valid rate: 3073.92 samples/s
44: 2018-09-29 16:07:06,242 INFO All done!
63: 2018-09-29 16:07:06,274 INFO Finished training
63: 2018-09-29 16:07:06,274 INFO Train samples 6400 time 9.64358s rate 663.654 samples/s
63: 2018-09-29 16:07:06,274 INFO Valid rate: 3073.02 samples/s
63: 2018-09-29 16:07:06,274 INFO All done!
57: 2018-09-29 16:07:06,308 INFO Finished training
57: 2018-09-29 16:07:06,308 INFO Train samples 6400 time 9.6304s rate 664.562 samples/s
57: 2018-09-29 16:07:06,308 INFO Valid rate: 3068.98 samples/s
57: 2018-09-29 16:07:06,308 INFO All done!
60: 2018-09-29 16:07:06,392 INFO Finished training
60: 2018-09-29 16:07:06,392 INFO Train samples 6400 time 9.45283s rate 677.046 samples/s
60: 2018-09-29 16:07:06,392 INFO Valid rate: 3011.02 samples/s
60: 2018-09-29 16:07:06,392 INFO All done!
23: 2018-09-29 16:07:06,420 INFO Finished training
23: 2018-09-29 16:07:06,421 INFO Train samples 6400 time 9.75787s rate 655.881 samples/s
23: 2018-09-29 16:07:06,421 INFO Valid rate: 3075.66 samples/s
23: 2018-09-29 16:07:06,421 INFO All done!
26: 2018-09-29 16:07:06,778 INFO Finished training
26: 2018-09-29 16:07:06,778 INFO Train samples 6400 time 10.1832s rate 628.488 samples/s
26: 2018-09-29 16:07:06,778 INFO Valid rate: 2507.64 samples/s
26: 2018-09-29 16:07:06,778 INFO All done!
11: 2018-09-29 16:07:07,066 INFO Finished training
11: 2018-09-29 16:07:07,067 INFO Train samples 6400 time 9.29226s rate 688.746 samples/s
11: 2018-09-29 16:07:07,067 INFO Valid rate: 2103.73 samples/s
11: 2018-09-29 16:07:07,067 INFO All done!
 0: 2018-09-29 16:07:07,091 INFO Saving summaries to /global/cscratch1/sd/sfarrell/hep-cnn-pytorch/summaries.npz
 0: 2018-09-29 16:07:07,104 INFO Finished training
 0: 2018-09-29 16:07:07,104 INFO Train samples 6400 time 9.84104s rate 650.338 samples/s
 0: 2018-09-29 16:07:07,104 INFO Valid rate: 2502.75 samples/s
 0: 2018-09-29 16:07:07,104 INFO All done!
16: 2018-09-29 16:07:07,117 INFO Finished training
16: 2018-09-29 16:07:07,117 INFO Train samples 6400 time 10.3334s rate 619.348 samples/s
16: 2018-09-29 16:07:07,117 INFO Valid rate: 2503.07 samples/s
16: 2018-09-29 16:07:07,117 INFO All done!
47: 2018-09-29 16:07:07,148 INFO Finished training
47: 2018-09-29 16:07:07,149 INFO Train samples 6400 time 9.9223s rate 645.012 samples/s
47: 2018-09-29 16:07:07,149 INFO Valid rate: 2502.86 samples/s
47: 2018-09-29 16:07:07,149 INFO All done!
17: 2018-09-29 16:07:07,178 INFO Finished training
17: 2018-09-29 16:07:07,178 INFO Train samples 6400 time 9.24227s rate 692.47 samples/s
17: 2018-09-29 16:07:07,178 INFO Valid rate: 2023.27 samples/s
17: 2018-09-29 16:07:07,179 INFO All done!
56: 2018-09-29 16:07:07,209 INFO Finished training
56: 2018-09-29 16:07:07,209 INFO Train samples 6400 time 9.71306s rate 658.907 samples/s
56: 2018-09-29 16:07:07,209 INFO Valid rate: 2501.82 samples/s
56: 2018-09-29 16:07:07,209 INFO All done!
59: 2018-09-29 16:07:07,242 INFO Finished training
59: 2018-09-29 16:07:07,242 INFO Train samples 6400 time 9.66223s rate 662.373 samples/s
59: 2018-09-29 16:07:07,242 INFO Valid rate: 2495.17 samples/s
59: 2018-09-29 16:07:07,242 INFO All done!
33: 2018-09-29 16:07:07,267 INFO Finished training
33: 2018-09-29 16:07:07,267 INFO Train samples 6400 time 9.31129s rate 687.338 samples/s
33: 2018-09-29 16:07:07,268 INFO Valid rate: 2097.71 samples/s
33: 2018-09-29 16:07:07,268 INFO All done!
51: 2018-09-29 16:07:07,295 INFO Finished training
51: 2018-09-29 16:07:07,295 INFO Train samples 6400 time 9.28058s rate 689.612 samples/s
51: 2018-09-29 16:07:07,295 INFO Valid rate: 2035.45 samples/s
51: 2018-09-29 16:07:07,295 INFO All done!
21: 2018-09-29 16:07:07,324 INFO Finished training
21: 2018-09-29 16:07:07,324 INFO Train samples 6400 time 9.25747s rate 691.334 samples/s
21: 2018-09-29 16:07:07,324 INFO Valid rate: 2089.96 samples/s
21: 2018-09-29 16:07:07,324 INFO All done!
