*** WARNING: This is an experimental installation of pytorch built specifically for MPI / distributed running ***
30: 2018-09-29 12:17:44,600 INFO Initializing
 9: 2018-09-29 12:17:44,605 INFO Initializing
40: 2018-09-29 12:17:44,617 INFO Initializing
55: 2018-09-29 12:17:44,634 INFO Initializing
 6: 2018-09-29 12:17:44,632 INFO Initializing
37: 2018-09-29 12:17:44,637 INFO Initializing
58: 2018-09-29 12:17:44,636 INFO Initializing
63: 2018-09-29 12:17:44,638 INFO Initializing
25: 2018-09-29 12:17:44,647 INFO Initializing
24: 2018-09-29 12:17:44,646 INFO Initializing
32: 2018-09-29 12:17:44,654 INFO Initializing
10: 2018-09-29 12:17:44,651 INFO Initializing
31: 2018-09-29 12:17:44,655 INFO Initializing
41: 2018-09-29 12:17:44,657 INFO Initializing
 7: 2018-09-29 12:17:44,656 INFO Initializing
38: 2018-09-29 12:17:44,660 INFO Initializing
 8: 2018-09-29 12:17:44,657 INFO Initializing
18: 2018-09-29 12:17:44,658 INFO Initializing
39: 2018-09-29 12:17:44,661 INFO Initializing
20: 2018-09-29 12:17:44,660 INFO Initializing
54: 2018-09-29 12:17:44,662 INFO Initializing
61: 2018-09-29 12:17:44,663 INFO Initializing
 3: 2018-09-29 12:17:44,662 INFO Initializing
51: 2018-09-29 12:17:44,664 INFO Initializing
29: 2018-09-29 12:17:44,664 INFO Initializing
23: 2018-09-29 12:17:44,667 INFO Initializing
34: 2018-09-29 12:17:44,670 INFO Initializing
44: 2018-09-29 12:17:44,669 INFO Initializing
12: 2018-09-29 12:17:44,672 INFO Initializing
 5: 2018-09-29 12:17:44,674 INFO Initializing
28: 2018-09-29 12:17:44,676 INFO Initializing
56: 2018-09-29 12:17:44,676 INFO Initializing
36: 2018-09-29 12:17:44,678 INFO Initializing
60: 2018-09-29 12:17:44,676 INFO Initializing
 2: 2018-09-29 12:17:44,677 INFO Initializing
50: 2018-09-29 12:17:44,679 INFO Initializing
21: 2018-09-29 12:17:44,677 INFO Initializing
43: 2018-09-29 12:17:44,679 INFO Initializing
17: 2018-09-29 12:17:44,679 INFO Initializing
 0: 2018-09-29 12:17:44,679 INFO Initializing
33: 2018-09-29 12:17:44,683 INFO Initializing
62: 2018-09-29 12:17:44,684 INFO Initializing
26: 2018-09-29 12:17:44,685 INFO Initializing
27: 2018-09-29 12:17:44,696 INFO Initializing
35: 2018-09-29 12:17:44,699 INFO Initializing
 1: 2018-09-29 12:17:44,700 INFO Initializing
 4: 2018-09-29 12:17:44,700 INFO Initializing
22: 2018-09-29 12:17:44,698 INFO Initializing
57: 2018-09-29 12:17:44,702 INFO Initializing
45: 2018-09-29 12:17:44,704 INFO Initializing
13: 2018-09-29 12:17:44,705 INFO Initializing
11: 2018-09-29 12:17:44,706 INFO Initializing
52: 2018-09-29 12:17:44,707 INFO Initializing
14: 2018-09-29 12:17:44,710 INFO Initializing
46: 2018-09-29 12:17:44,710 INFO Initializing
42: 2018-09-29 12:17:44,714 INFO Initializing
19: 2018-09-29 12:17:44,715 INFO Initializing
47: 2018-09-29 12:17:44,724 INFO Initializing
53: 2018-09-29 12:17:44,729 INFO Initializing
59: 2018-09-29 12:17:44,736 INFO Initializing
16: 2018-09-29 12:17:44,735 INFO Initializing
49: 2018-09-29 12:17:44,739 INFO Initializing
48: 2018-09-29 12:17:44,791 INFO Initializing
15: 2018-09-29 12:17:44,793 INFO Initializing
60: 2018-09-29 12:17:44,843 INFO MPI rank 60
 0: 2018-09-29 12:17:44,843 INFO MPI rank 0
54: 2018-09-29 12:17:44,843 INFO MPI rank 54
34: 2018-09-29 12:17:44,846 INFO MPI rank 34
32: 2018-09-29 12:17:44,847 INFO MPI rank 32
36: 2018-09-29 12:17:44,846 INFO MPI rank 36
62: 2018-09-29 12:17:44,843 INFO MPI rank 62
59: 2018-09-29 12:17:44,843 INFO MPI rank 59
58: 2018-09-29 12:17:44,843 INFO MPI rank 58
53: 2018-09-29 12:17:44,840 INFO MPI rank 53
 5: 2018-09-29 12:17:44,843 INFO MPI rank 5
18: 2018-09-29 12:17:44,842 INFO MPI rank 18
 6: 2018-09-29 12:17:44,841 INFO MPI rank 6
12: 2018-09-29 12:17:44,843 INFO MPI rank 12
10: 2018-09-29 12:17:44,843 INFO MPI rank 10
16: 2018-09-29 12:17:44,842 INFO MPI rank 16
14: 2018-09-29 12:17:44,842 INFO MPI rank 14
 7: 2018-09-29 12:17:44,843 INFO MPI rank 7
11: 2018-09-29 12:17:44,844 INFO MPI rank 11
17: 2018-09-29 12:17:44,843 INFO MPI rank 17
13: 2018-09-29 12:17:44,843 INFO MPI rank 13
61: 2018-09-29 12:17:44,843 INFO MPI rank 61
19: 2018-09-29 12:17:44,842 INFO MPI rank 19
15: 2018-09-29 12:17:44,842 INFO MPI rank 15
 9: 2018-09-29 12:17:44,842 INFO MPI rank 9
33: 2018-09-29 12:17:44,844 INFO MPI rank 33
21: 2018-09-29 12:17:44,843 INFO MPI rank 21
27: 2018-09-29 12:17:44,841 INFO MPI rank 27
 8: 2018-09-29 12:17:44,842 INFO MPI rank 8
30: 2018-09-29 12:17:44,844 INFO MPI rank 30
20: 2018-09-29 12:17:44,842 INFO MPI rank 20
24: 2018-09-29 12:17:44,841 INFO MPI rank 24
44: 2018-09-29 12:17:44,843 INFO MPI rank 44
22: 2018-09-29 12:17:44,840 INFO MPI rank 22
38: 2018-09-29 12:17:44,845 INFO MPI rank 38
 2: 2018-09-29 12:17:44,842 INFO MPI rank 2
26: 2018-09-29 12:17:44,842 INFO MPI rank 26
40: 2018-09-29 12:17:44,846 INFO MPI rank 40
28: 2018-09-29 12:17:44,844 INFO MPI rank 28
46: 2018-09-29 12:17:44,843 INFO MPI rank 46
31: 2018-09-29 12:17:44,845 INFO MPI rank 31
49: 2018-09-29 12:17:44,847 INFO MPI rank 49
29: 2018-09-29 12:17:44,844 INFO MPI rank 29
43: 2018-09-29 12:17:44,844 INFO MPI rank 43
37: 2018-09-29 12:17:44,845 INFO MPI rank 37
47: 2018-09-29 12:17:44,843 INFO MPI rank 47
35: 2018-09-29 12:17:44,844 INFO MPI rank 35
45: 2018-09-29 12:17:44,844 INFO MPI rank 45
41: 2018-09-29 12:17:44,845 INFO MPI rank 41
 3: 2018-09-29 12:17:44,842 INFO MPI rank 3
39: 2018-09-29 12:17:44,844 INFO MPI rank 39
 1: 2018-09-29 12:17:44,843 INFO MPI rank 1
23: 2018-09-29 12:17:44,844 INFO MPI rank 23
25: 2018-09-29 12:17:44,843 INFO MPI rank 25
42: 2018-09-29 12:17:44,844 INFO MPI rank 42
48: 2018-09-29 12:17:44,843 INFO MPI rank 48
52: 2018-09-29 12:17:44,844 INFO MPI rank 52
 4: 2018-09-29 12:17:44,842 INFO MPI rank 4
50: 2018-09-29 12:17:44,845 INFO MPI rank 50
51: 2018-09-29 12:17:44,844 INFO MPI rank 51
63: 2018-09-29 12:17:44,843 INFO MPI rank 63
57: 2018-09-29 12:17:44,842 INFO MPI rank 57
55: 2018-09-29 12:17:44,844 INFO MPI rank 55
56: 2018-09-29 12:17:44,843 INFO MPI rank 56
 0: 2018-09-29 12:17:44,849 INFO Configuration: {'data_config': {'train_file': '/global/cscratch1/sd/sfarrell/atlas-rpv-images/train.h5', 'valid_file': '/global/cscratch1/sd/sfarrell/atlas-rpv-images/val.h5', 'test_file': '/global/cscratch1/sd/sfarrell/atlas-rpv-images/test.h5', 'n_train': 262144, 'n_valid': 32768, 'n_test': 1024}, 'model_config': {'conv_sizes': [16, 32, 64], 'dense_sizes': [128], 'optimizer': 'Adam', 'learning_rate': 0.001, 'dropout': 0.2}, 'training_config': {'batch_size': 128, 'n_epochs': 4}, 'output_dir': '$SCRATCH/hep-cnn-pytorch'}
50: 2018-09-29 12:19:26,877 INFO Loaded data with shape: torch.Size([262144, 1, 64, 64])
44: 2018-09-29 12:19:26,878 INFO Loaded data with shape: torch.Size([262144, 1, 64, 64])
 5: 2018-09-29 12:19:26,880 INFO Loaded data with shape: torch.Size([262144, 1, 64, 64])
 6: 2018-09-29 12:19:26,878 INFO Loaded data with shape: torch.Size([262144, 1, 64, 64])
29: 2018-09-29 12:19:26,881 INFO Loaded data with shape: torch.Size([262144, 1, 64, 64])
47: 2018-09-29 12:19:26,880 INFO Loaded data with shape: torch.Size([262144, 1, 64, 64])
55: 2018-09-29 12:19:26,882 INFO Loaded data with shape: torch.Size([262144, 1, 64, 64])
 0: 2018-09-29 12:19:26,881 INFO Loaded data with shape: torch.Size([262144, 1, 64, 64])
 1: 2018-09-29 12:19:26,881 INFO Loaded data with shape: torch.Size([262144, 1, 64, 64])
14: 2018-09-29 12:19:26,881 INFO Loaded data with shape: torch.Size([262144, 1, 64, 64])
40: 2018-09-29 12:19:26,885 INFO Loaded data with shape: torch.Size([262144, 1, 64, 64])
63: 2018-09-29 12:19:26,882 INFO Loaded data with shape: torch.Size([262144, 1, 64, 64])
32: 2018-09-29 12:19:26,887 INFO Loaded data with shape: torch.Size([262144, 1, 64, 64])
31: 2018-09-29 12:19:26,885 INFO Loaded data with shape: torch.Size([262144, 1, 64, 64])
58: 2018-09-29 12:19:26,883 INFO Loaded data with shape: torch.Size([262144, 1, 64, 64])
11: 2018-09-29 12:19:26,884 INFO Loaded data with shape: torch.Size([262144, 1, 64, 64])
49: 2018-09-29 12:19:26,887 INFO Loaded data with shape: torch.Size([262144, 1, 64, 64])
 2: 2018-09-29 12:19:26,883 INFO Loaded data with shape: torch.Size([262144, 1, 64, 64])
25: 2018-09-29 12:19:26,884 INFO Loaded data with shape: torch.Size([262144, 1, 64, 64])
54: 2018-09-29 12:19:26,884 INFO Loaded data with shape: torch.Size([262144, 1, 64, 64])
19: 2018-09-29 12:19:26,884 INFO Loaded data with shape: torch.Size([262144, 1, 64, 64])
 8: 2018-09-29 12:19:26,883 INFO Loaded data with shape: torch.Size([262144, 1, 64, 64])
21: 2018-09-29 12:19:26,885 INFO Loaded data with shape: torch.Size([262144, 1, 64, 64])
24: 2018-09-29 12:19:26,883 INFO Loaded data with shape: torch.Size([262144, 1, 64, 64])
15: 2018-09-29 12:19:26,885 INFO Loaded data with shape: torch.Size([262144, 1, 64, 64])
12: 2018-09-29 12:19:26,886 INFO Loaded data with shape: torch.Size([262144, 1, 64, 64])
62: 2018-09-29 12:19:26,886 INFO Loaded data with shape: torch.Size([262144, 1, 64, 64])
 7: 2018-09-29 12:19:26,887 INFO Loaded data with shape: torch.Size([262144, 1, 64, 64])
17: 2018-09-29 12:19:26,886 INFO Loaded data with shape: torch.Size([262144, 1, 64, 64])
20: 2018-09-29 12:19:26,886 INFO Loaded data with shape: torch.Size([262144, 1, 64, 64])
 4: 2018-09-29 12:19:26,886 INFO Loaded data with shape: torch.Size([262144, 1, 64, 64])
30: 2018-09-29 12:19:26,888 INFO Loaded data with shape: torch.Size([262144, 1, 64, 64])
53: 2018-09-29 12:19:26,886 INFO Loaded data with shape: torch.Size([262144, 1, 64, 64])
43: 2018-09-29 12:19:26,889 INFO Loaded data with shape: torch.Size([262144, 1, 64, 64])
46: 2018-09-29 12:19:26,888 INFO Loaded data with shape: torch.Size([262144, 1, 64, 64])
51: 2018-09-29 12:19:26,890 INFO Loaded data with shape: torch.Size([262144, 1, 64, 64])
52: 2018-09-29 12:19:26,890 INFO Loaded data with shape: torch.Size([262144, 1, 64, 64])
61: 2018-09-29 12:19:26,889 INFO Loaded data with shape: torch.Size([262144, 1, 64, 64])
37: 2018-09-29 12:19:26,892 INFO Loaded data with shape: torch.Size([262144, 1, 64, 64])
48: 2018-09-29 12:19:26,891 INFO Loaded data with shape: torch.Size([262144, 1, 64, 64])
13: 2018-09-29 12:19:26,890 INFO Loaded data with shape: torch.Size([262144, 1, 64, 64])
39: 2018-09-29 12:19:26,891 INFO Loaded data with shape: torch.Size([262144, 1, 64, 64])
10: 2018-09-29 12:19:26,891 INFO Loaded data with shape: torch.Size([262144, 1, 64, 64])
59: 2018-09-29 12:19:26,892 INFO Loaded data with shape: torch.Size([262144, 1, 64, 64])
16: 2018-09-29 12:19:26,890 INFO Loaded data with shape: torch.Size([262144, 1, 64, 64])
34: 2018-09-29 12:19:26,895 INFO Loaded data with shape: torch.Size([262144, 1, 64, 64])
36: 2018-09-29 12:19:26,895 INFO Loaded data with shape: torch.Size([262144, 1, 64, 64])
42: 2018-09-29 12:19:26,893 INFO Loaded data with shape: torch.Size([262144, 1, 64, 64])
 9: 2018-09-29 12:19:26,892 INFO Loaded data with shape: torch.Size([262144, 1, 64, 64])
60: 2018-09-29 12:19:26,893 INFO Loaded data with shape: torch.Size([262144, 1, 64, 64])
45: 2018-09-29 12:19:26,894 INFO Loaded data with shape: torch.Size([262144, 1, 64, 64])
 3: 2018-09-29 12:19:26,893 INFO Loaded data with shape: torch.Size([262144, 1, 64, 64])
22: 2018-09-29 12:19:26,895 INFO Loaded data with shape: torch.Size([262144, 1, 64, 64])
41: 2018-09-29 12:19:26,915 INFO Loaded data with shape: torch.Size([262144, 1, 64, 64])
23: 2018-09-29 12:19:26,917 INFO Loaded data with shape: torch.Size([262144, 1, 64, 64])
26: 2018-09-29 12:19:26,928 INFO Loaded data with shape: torch.Size([262144, 1, 64, 64])
33: 2018-09-29 12:19:26,937 INFO Loaded data with shape: torch.Size([262144, 1, 64, 64])
28: 2018-09-29 12:19:26,944 INFO Loaded data with shape: torch.Size([262144, 1, 64, 64])
35: 2018-09-29 12:19:26,944 INFO Loaded data with shape: torch.Size([262144, 1, 64, 64])
18: 2018-09-29 12:19:26,945 INFO Loaded data with shape: torch.Size([262144, 1, 64, 64])
27: 2018-09-29 12:19:26,952 INFO Loaded data with shape: torch.Size([262144, 1, 64, 64])
 1: 2018-09-29 12:19:26,969 INFO Epoch 0
10: 2018-09-29 12:19:26,969 INFO Epoch 0
 9: 2018-09-29 12:19:26,968 INFO Epoch 0
 8: 2018-09-29 12:19:26,968 INFO Epoch 0
 2: 2018-09-29 12:19:26,968 INFO Epoch 0
 3: 2018-09-29 12:19:26,969 INFO Epoch 0
11: 2018-09-29 12:19:26,970 INFO Epoch 0
17: 2018-09-29 12:19:26,969 INFO Epoch 0
 0: 2018-09-29 12:19:26,969 INFO Model: 
 0: HEPCNNClassifier(
 0:   (conv_net): Sequential(
 0:     (0): Conv2d(1, 16, kernel_size=(3, 3), stride=(1, 1), padding=(1, 1))
 0:     (1): ReLU()
 0:     (2): MaxPool2d(kernel_size=2, stride=2, padding=0, dilation=1, ceil_mode=False)
 0:     (3): Conv2d(16, 32, kernel_size=(3, 3), stride=(1, 1), padding=(1, 1))
 0:     (4): ReLU()
 0:     (5): MaxPool2d(kernel_size=2, stride=2, padding=0, dilation=1, ceil_mode=False)
 0:     (6): Conv2d(32, 64, kernel_size=(3, 3), stride=(1, 1), padding=(1, 1))
 0:     (7): ReLU()
 0:     (8): MaxPool2d(kernel_size=2, stride=2, padding=0, dilation=1, ceil_mode=False)
 0:   )
 0:   (dense_net): Sequential(
 0:     (0): Linear(in_features=4096, out_features=128, bias=True)
 0:     (1): ReLU()
 0:     (2): Dropout(p=0.2)
 0:     (3): Linear(in_features=128, out_features=1, bias=True)
 0:     (4): Sigmoid()
 0:   )
 0: )
 0: Parameters: 547841
16: 2018-09-29 12:19:26,968 INFO Epoch 0
 0: 2018-09-29 12:19:26,969 INFO Epoch 0
18: 2018-09-29 12:19:26,968 INFO Epoch 0
19: 2018-09-29 12:19:26,969 INFO Epoch 0
27: 2018-09-29 12:19:26,975 INFO Epoch 0
26: 2018-09-29 12:19:26,976 INFO Epoch 0
25: 2018-09-29 12:19:26,976 INFO Epoch 0
24: 2018-09-29 12:19:26,974 INFO Epoch 0
 5: 2018-09-29 12:19:26,977 INFO Epoch 0
21: 2018-09-29 12:19:26,976 INFO Epoch 0
20: 2018-09-29 12:19:26,976 INFO Epoch 0
 4: 2018-09-29 12:19:26,976 INFO Epoch 0
 6: 2018-09-29 12:19:26,975 INFO Epoch 0
 7: 2018-09-29 12:19:26,977 INFO Epoch 0
22: 2018-09-29 12:19:26,974 INFO Epoch 0
23: 2018-09-29 12:19:26,978 INFO Epoch 0
12: 2018-09-29 12:19:26,977 INFO Epoch 0
13: 2018-09-29 12:19:26,977 INFO Epoch 0
14: 2018-09-29 12:19:26,977 INFO Epoch 0
15: 2018-09-29 12:19:26,977 INFO Epoch 0
56: 2018-09-29 12:19:26,980 INFO Loaded data with shape: torch.Size([262144, 1, 64, 64])
28: 2018-09-29 12:19:26,985 INFO Epoch 0
29: 2018-09-29 12:19:26,985 INFO Epoch 0
30: 2018-09-29 12:19:26,985 INFO Epoch 0
31: 2018-09-29 12:19:26,987 INFO Epoch 0
57: 2018-09-29 12:19:27,009 INFO Loaded data with shape: torch.Size([262144, 1, 64, 64])
38: 2018-09-29 12:19:27,021 INFO Loaded data with shape: torch.Size([262144, 1, 64, 64])
49: 2018-09-29 12:19:27,029 INFO Epoch 0
48: 2018-09-29 12:19:27,026 INFO Epoch 0
53: 2018-09-29 12:19:27,023 INFO Epoch 0
52: 2018-09-29 12:19:27,026 INFO Epoch 0
50: 2018-09-29 12:19:27,027 INFO Epoch 0
51: 2018-09-29 12:19:27,026 INFO Epoch 0
55: 2018-09-29 12:19:27,026 INFO Epoch 0
54: 2018-09-29 12:19:27,026 INFO Epoch 0
59: 2018-09-29 12:19:27,031 INFO Epoch 0
57: 2018-09-29 12:19:27,030 INFO Epoch 0
58: 2018-09-29 12:19:27,031 INFO Epoch 0
56: 2018-09-29 12:19:27,032 INFO Epoch 0
40: 2018-09-29 12:19:27,037 INFO Epoch 0
35: 2018-09-29 12:19:27,035 INFO Epoch 0
41: 2018-09-29 12:19:27,036 INFO Epoch 0
33: 2018-09-29 12:19:27,035 INFO Epoch 0
34: 2018-09-29 12:19:27,037 INFO Epoch 0
32: 2018-09-29 12:19:27,038 INFO Epoch 0
44: 2018-09-29 12:19:27,034 INFO Epoch 0
46: 2018-09-29 12:19:27,034 INFO Epoch 0
43: 2018-09-29 12:19:27,035 INFO Epoch 0
47: 2018-09-29 12:19:27,034 INFO Epoch 0
45: 2018-09-29 12:19:27,035 INFO Epoch 0
42: 2018-09-29 12:19:27,035 INFO Epoch 0
60: 2018-09-29 12:19:27,037 INFO Epoch 0
61: 2018-09-29 12:19:27,037 INFO Epoch 0
62: 2018-09-29 12:19:27,037 INFO Epoch 0
63: 2018-09-29 12:19:27,038 INFO Epoch 0
36: 2018-09-29 12:19:27,044 INFO Epoch 0
37: 2018-09-29 12:19:27,043 INFO Epoch 0
38: 2018-09-29 12:19:27,044 INFO Epoch 0
39: 2018-09-29 12:19:27,042 INFO Epoch 0
21: 2018-09-29 12:19:33,264 INFO   Training loss: 11.793
34: 2018-09-29 12:19:33,267 INFO   Training loss: 11.543
35: 2018-09-29 12:19:33,265 INFO   Training loss: 11.388
41: 2018-09-29 12:19:33,267 INFO   Training loss: 11.260
42: 2018-09-29 12:19:33,265 INFO   Training loss: 11.645
55: 2018-09-29 12:19:33,265 INFO   Training loss: 11.786
 0: 2018-09-29 12:19:33,264 INFO   Training loss: 11.206
53: 2018-09-29 12:19:33,262 INFO   Training loss: 11.786
 6: 2018-09-29 12:19:33,263 INFO   Training loss: 11.780
10: 2018-09-29 12:19:33,265 INFO   Training loss: 11.591
11: 2018-09-29 12:19:33,265 INFO   Training loss: 11.422
 9: 2018-09-29 12:19:33,263 INFO   Training loss: 11.415
27: 2018-09-29 12:19:33,263 INFO   Training loss: 11.625
 8: 2018-09-29 12:19:33,263 INFO   Training loss: 11.213
30: 2018-09-29 12:19:33,265 INFO   Training loss: 11.456
32: 2018-09-29 12:19:33,269 INFO   Training loss: 11.665
20: 2018-09-29 12:19:33,264 INFO   Training loss: 11.361
24: 2018-09-29 12:19:33,262 INFO   Training loss: 11.092
22: 2018-09-29 12:19:33,261 INFO   Training loss: 11.078
38: 2018-09-29 12:19:33,266 INFO   Training loss: 11.685
29: 2018-09-29 12:19:33,265 INFO   Training loss: 11.152
37: 2018-09-29 12:19:33,266 INFO   Training loss: 11.341
25: 2018-09-29 12:19:33,264 INFO   Training loss: 11.469
50: 2018-09-29 12:19:33,266 INFO   Training loss: 11.840
59: 2018-09-29 12:19:33,264 INFO   Training loss: 11.422
60: 2018-09-29 12:19:33,264 INFO   Training loss: 11.348
 5: 2018-09-29 12:19:33,265 INFO   Training loss: 11.361
18: 2018-09-29 12:19:33,263 INFO   Training loss: 11.361
12: 2018-09-29 12:19:33,264 INFO   Training loss: 11.678
16: 2018-09-29 12:19:33,264 INFO   Training loss: 11.341
14: 2018-09-29 12:19:33,264 INFO   Training loss: 11.557
 7: 2018-09-29 12:19:33,265 INFO   Training loss: 11.463
17: 2018-09-29 12:19:33,264 INFO   Training loss: 11.517
13: 2018-09-29 12:19:33,264 INFO   Training loss: 11.631
61: 2018-09-29 12:19:33,264 INFO   Training loss: 11.537
19: 2018-09-29 12:19:33,264 INFO   Training loss: 11.712
15: 2018-09-29 12:19:33,264 INFO   Training loss: 11.469
33: 2018-09-29 12:19:33,266 INFO   Training loss: 11.604
44: 2018-09-29 12:19:33,264 INFO   Training loss: 11.233
36: 2018-09-29 12:19:33,267 INFO   Training loss: 11.314
 2: 2018-09-29 12:19:33,264 INFO   Training loss: 11.436
26: 2018-09-29 12:19:33,264 INFO   Training loss: 11.463
40: 2018-09-29 12:19:33,268 INFO   Training loss: 11.368
28: 2018-09-29 12:19:33,266 INFO   Training loss: 11.260
46: 2018-09-29 12:19:33,264 INFO   Training loss: 11.341
31: 2018-09-29 12:19:33,267 INFO   Training loss: 11.584
49: 2018-09-29 12:19:33,268 INFO   Training loss: 10.930
43: 2018-09-29 12:19:33,265 INFO   Training loss: 11.361
47: 2018-09-29 12:19:33,264 INFO   Training loss: 11.692
45: 2018-09-29 12:19:33,265 INFO   Training loss: 11.301
 3: 2018-09-29 12:19:33,264 INFO   Training loss: 11.186
39: 2018-09-29 12:19:33,265 INFO   Training loss: 11.759
 1: 2018-09-29 12:19:33,264 INFO   Training loss: 11.523
23: 2018-09-29 12:19:33,266 INFO   Training loss: 11.409
48: 2018-09-29 12:19:33,265 INFO   Training loss: 11.375
52: 2018-09-29 12:19:33,265 INFO   Training loss: 11.550
62: 2018-09-29 12:19:33,265 INFO   Training loss: 11.463
 4: 2018-09-29 12:19:33,264 INFO   Training loss: 11.328
51: 2018-09-29 12:19:33,266 INFO   Training loss: 11.382
63: 2018-09-29 12:19:33,265 INFO   Training loss: 11.773
57: 2018-09-29 12:19:33,264 INFO   Training loss: 11.341
56: 2018-09-29 12:19:33,265 INFO   Training loss: 11.335
58: 2018-09-29 12:19:33,264 INFO   Training loss: 11.577
54: 2018-09-29 12:19:33,265 INFO   Training loss: 11.516
48: 2018-09-29 12:19:43,731 INFO   Validation loss: 11.783 acc: 0.574
48: 2018-09-29 12:19:43,738 INFO Epoch 1
 8: 2018-09-29 12:19:43,749 INFO   Validation loss: 11.783 acc: 0.574
23: 2018-09-29 12:19:43,772 INFO   Validation loss: 11.783 acc: 0.574
34: 2018-09-29 12:19:43,778 INFO   Validation loss: 11.783 acc: 0.574
40: 2018-09-29 12:19:43,798 INFO   Validation loss: 11.783 acc: 0.574
17: 2018-09-29 12:19:43,799 INFO   Validation loss: 11.783 acc: 0.574
 4: 2018-09-29 12:19:43,801 INFO   Validation loss: 11.783 acc: 0.574
37: 2018-09-29 12:19:43,806 INFO   Validation loss: 11.783 acc: 0.574
60: 2018-09-29 12:19:43,805 INFO   Validation loss: 11.783 acc: 0.574
 1: 2018-09-29 12:19:43,806 INFO   Validation loss: 11.783 acc: 0.574
56: 2018-09-29 12:19:43,810 INFO   Validation loss: 11.783 acc: 0.574
10: 2018-09-29 12:19:43,815 INFO   Validation loss: 11.783 acc: 0.574
 7: 2018-09-29 12:19:43,821 INFO   Validation loss: 11.783 acc: 0.574
32: 2018-09-29 12:19:43,826 INFO   Validation loss: 11.783 acc: 0.574
36: 2018-09-29 12:19:43,828 INFO   Validation loss: 11.783 acc: 0.574
28: 2018-09-29 12:19:43,829 INFO   Validation loss: 11.783 acc: 0.574
16: 2018-09-29 12:19:43,828 INFO   Validation loss: 11.783 acc: 0.574
 6: 2018-09-29 12:19:43,850 INFO   Validation loss: 11.783 acc: 0.574
 0: 2018-09-29 12:19:43,853 INFO   Validation loss: 11.783 acc: 0.574
15: 2018-09-29 12:19:43,861 INFO   Validation loss: 11.783 acc: 0.574
61: 2018-09-29 12:19:43,868 INFO   Validation loss: 11.783 acc: 0.574
27: 2018-09-29 12:19:43,867 INFO   Validation loss: 11.783 acc: 0.574
19: 2018-09-29 12:19:43,869 INFO   Validation loss: 11.783 acc: 0.574
44: 2018-09-29 12:19:43,878 INFO   Validation loss: 11.783 acc: 0.574
62: 2018-09-29 12:19:43,881 INFO   Validation loss: 11.783 acc: 0.574
42: 2018-09-29 12:19:43,890 INFO   Validation loss: 11.783 acc: 0.574
59: 2018-09-29 12:19:43,899 INFO   Validation loss: 11.783 acc: 0.574
29: 2018-09-29 12:19:43,900 INFO   Validation loss: 11.783 acc: 0.574
51: 2018-09-29 12:19:43,942 INFO   Validation loss: 11.783 acc: 0.574
60: 2018-09-29 12:19:47,460 INFO Epoch 1
35: 2018-09-29 12:19:48,668 INFO   Validation loss: 11.783 acc: 0.574
63: 2018-09-29 12:19:48,770 INFO   Validation loss: 11.783 acc: 0.574
30: 2018-09-29 12:19:48,787 INFO   Validation loss: 11.783 acc: 0.574
31: 2018-09-29 12:19:48,796 INFO   Validation loss: 11.783 acc: 0.574
11: 2018-09-29 12:19:48,796 INFO   Validation loss: 11.783 acc: 0.574
39: 2018-09-29 12:19:48,797 INFO   Validation loss: 11.783 acc: 0.574
18: 2018-09-29 12:19:48,801 INFO   Validation loss: 11.783 acc: 0.574
38: 2018-09-29 12:19:48,817 INFO   Validation loss: 11.783 acc: 0.574
12: 2018-09-29 12:19:48,815 INFO   Validation loss: 11.783 acc: 0.574
49: 2018-09-29 12:19:48,819 INFO   Validation loss: 11.783 acc: 0.574
54: 2018-09-29 12:19:48,822 INFO   Validation loss: 11.783 acc: 0.574
52: 2018-09-29 12:19:48,832 INFO   Validation loss: 11.783 acc: 0.574
24: 2018-09-29 12:19:48,847 INFO   Validation loss: 11.783 acc: 0.574
 3: 2018-09-29 12:19:48,853 INFO   Validation loss: 11.783 acc: 0.574
45: 2018-09-29 12:19:48,861 INFO   Validation loss: 11.783 acc: 0.574
53: 2018-09-29 12:19:48,877 INFO   Validation loss: 11.783 acc: 0.574
 2: 2018-09-29 12:19:48,879 INFO   Validation loss: 11.783 acc: 0.574
14: 2018-09-29 12:19:48,886 INFO   Validation loss: 11.783 acc: 0.574
33: 2018-09-29 12:19:48,888 INFO   Validation loss: 11.783 acc: 0.574
 9: 2018-09-29 12:19:48,898 INFO   Validation loss: 11.783 acc: 0.574
55: 2018-09-29 12:19:48,914 INFO   Validation loss: 11.783 acc: 0.574
20: 2018-09-29 12:19:48,917 INFO   Validation loss: 11.783 acc: 0.574
26: 2018-09-29 12:19:48,927 INFO   Validation loss: 11.783 acc: 0.574
57: 2018-09-29 12:19:49,697 INFO   Validation loss: 11.783 acc: 0.574
58: 2018-09-29 12:19:49,716 INFO   Validation loss: 11.783 acc: 0.574
13: 2018-09-29 12:19:49,765 INFO   Validation loss: 11.783 acc: 0.574
50: 2018-09-29 12:19:49,793 INFO   Validation loss: 11.783 acc: 0.574
47: 2018-09-29 12:19:49,792 INFO   Validation loss: 11.783 acc: 0.574
22: 2018-09-29 12:19:49,790 INFO   Validation loss: 11.783 acc: 0.574
21: 2018-09-29 12:19:49,794 INFO   Validation loss: 11.783 acc: 0.574
25: 2018-09-29 12:19:49,824 INFO   Validation loss: 11.783 acc: 0.574
46: 2018-09-29 12:19:49,829 INFO   Validation loss: 11.783 acc: 0.574
43: 2018-09-29 12:19:49,856 INFO   Validation loss: 11.783 acc: 0.574
 5: 2018-09-29 12:19:49,880 INFO   Validation loss: 11.783 acc: 0.574
41: 2018-09-29 12:19:49,904 INFO   Validation loss: 11.783 acc: 0.574
20: 2018-09-29 12:19:56,993 INFO Epoch 1
16: 2018-09-29 12:19:57,483 INFO Epoch 1
 8: 2018-09-29 12:19:58,068 INFO Epoch 1
23: 2018-09-29 12:19:58,362 INFO Epoch 1
 4: 2018-09-29 12:19:58,484 INFO Epoch 1
34: 2018-09-29 12:19:58,509 INFO Epoch 1
40: 2018-09-29 12:19:58,540 INFO Epoch 1
37: 2018-09-29 12:19:58,588 INFO Epoch 1
10: 2018-09-29 12:19:58,607 INFO Epoch 1
17: 2018-09-29 12:19:58,632 INFO Epoch 1
56: 2018-09-29 12:19:58,669 INFO Epoch 1
36: 2018-09-29 12:19:58,708 INFO Epoch 1
 7: 2018-09-29 12:19:58,727 INFO Epoch 1
 1: 2018-09-29 12:19:58,752 INFO Epoch 1
32: 2018-09-29 12:19:58,784 INFO Epoch 1
 0: 2018-09-29 12:19:58,822 INFO Epoch 1
28: 2018-09-29 12:19:58,869 INFO Epoch 1
 6: 2018-09-29 12:19:59,338 INFO Epoch 1
15: 2018-09-29 12:19:59,468 INFO Epoch 1
27: 2018-09-29 12:19:59,489 INFO Epoch 1
61: 2018-09-29 12:19:59,552 INFO Epoch 1
62: 2018-09-29 12:19:59,577 INFO Epoch 1
19: 2018-09-29 12:19:59,600 INFO Epoch 1
59: 2018-09-29 12:19:59,649 INFO Epoch 1
42: 2018-09-29 12:19:59,676 INFO Epoch 1
44: 2018-09-29 12:19:59,696 INFO Epoch 1
29: 2018-09-29 12:19:59,745 INFO Epoch 1
51: 2018-09-29 12:19:59,781 INFO Epoch 1
63: 2018-09-29 12:20:05,867 INFO Epoch 1
35: 2018-09-29 12:20:05,926 INFO Epoch 1
39: 2018-09-29 12:20:05,990 INFO Epoch 1
30: 2018-09-29 12:20:06,014 INFO Epoch 1
52: 2018-09-29 12:20:06,037 INFO Epoch 1
31: 2018-09-29 12:20:06,064 INFO Epoch 1
11: 2018-09-29 12:20:06,092 INFO Epoch 1
38: 2018-09-29 12:20:06,118 INFO Epoch 1
49: 2018-09-29 12:20:06,142 INFO Epoch 1
18: 2018-09-29 12:20:06,162 INFO Epoch 1
54: 2018-09-29 12:20:06,188 INFO Epoch 1
 3: 2018-09-29 12:20:06,211 INFO Epoch 1
12: 2018-09-29 12:20:06,234 INFO Epoch 1
 2: 2018-09-29 12:20:06,258 INFO Epoch 1
24: 2018-09-29 12:20:06,284 INFO Epoch 1
45: 2018-09-29 12:20:06,314 INFO Epoch 1
26: 2018-09-29 12:20:06,341 INFO Epoch 1
53: 2018-09-29 12:20:06,376 INFO Epoch 1
14: 2018-09-29 12:20:06,419 INFO Epoch 1
55: 2018-09-29 12:20:06,442 INFO Epoch 1
33: 2018-09-29 12:20:06,471 INFO Epoch 1
 9: 2018-09-29 12:20:06,499 INFO Epoch 1
58: 2018-09-29 12:20:06,751 INFO Epoch 1
22: 2018-09-29 12:20:06,779 INFO Epoch 1
13: 2018-09-29 12:20:06,812 INFO Epoch 1
50: 2018-09-29 12:20:06,843 INFO Epoch 1
57: 2018-09-29 12:20:06,870 INFO Epoch 1
46: 2018-09-29 12:20:06,888 INFO Epoch 1
47: 2018-09-29 12:20:06,911 INFO Epoch 1
25: 2018-09-29 12:20:06,930 INFO Epoch 1
21: 2018-09-29 12:20:06,950 INFO Epoch 1
43: 2018-09-29 12:20:06,976 INFO Epoch 1
 5: 2018-09-29 12:20:06,997 INFO Epoch 1
41: 2018-09-29 12:20:07,022 INFO Epoch 1
15: 2018-09-29 12:20:13,268 INFO   Training loss: 11.805
33: 2018-09-29 12:20:13,270 INFO   Training loss: 11.967
36: 2018-09-29 12:20:13,272 INFO   Training loss: 11.610
 2: 2018-09-29 12:20:13,269 INFO   Training loss: 11.765
35: 2018-09-29 12:20:13,270 INFO   Training loss: 11.738
45: 2018-09-29 12:20:13,270 INFO   Training loss: 11.704
50: 2018-09-29 12:20:13,271 INFO   Training loss: 12.129
59: 2018-09-29 12:20:13,269 INFO   Training loss: 11.711
63: 2018-09-29 12:20:13,269 INFO   Training loss: 12.055
55: 2018-09-29 12:20:13,270 INFO   Training loss: 12.163
58: 2018-09-29 12:20:13,269 INFO   Training loss: 11.954
54: 2018-09-29 12:20:13,269 INFO   Training loss: 11.846
53: 2018-09-29 12:20:13,267 INFO   Training loss: 12.143
 5: 2018-09-29 12:20:13,270 INFO   Training loss: 11.697
 6: 2018-09-29 12:20:13,268 INFO   Training loss: 12.109
 7: 2018-09-29 12:20:13,270 INFO   Training loss: 11.825
19: 2018-09-29 12:20:13,268 INFO   Training loss: 12.109
21: 2018-09-29 12:20:13,269 INFO   Training loss: 12.190
27: 2018-09-29 12:20:13,268 INFO   Training loss: 12.021
30: 2018-09-29 12:20:13,270 INFO   Training loss: 11.819
34: 2018-09-29 12:20:13,272 INFO   Training loss: 11.900
44: 2018-09-29 12:20:13,269 INFO   Training loss: 11.495
46: 2018-09-29 12:20:13,269 INFO   Training loss: 11.630
47: 2018-09-29 12:20:13,269 INFO   Training loss: 12.068
23: 2018-09-29 12:20:13,270 INFO   Training loss: 11.778
25: 2018-09-29 12:20:13,269 INFO   Training loss: 11.765
42: 2018-09-29 12:20:13,270 INFO   Training loss: 11.987
60: 2018-09-29 12:20:13,269 INFO   Training loss: 11.670
12: 2018-09-29 12:20:13,269 INFO   Training loss: 12.062
10: 2018-09-29 12:20:13,270 INFO   Training loss: 11.920
16: 2018-09-29 12:20:13,268 INFO   Training loss: 11.677
11: 2018-09-29 12:20:13,270 INFO   Training loss: 11.819
17: 2018-09-29 12:20:13,269 INFO   Training loss: 11.893
13: 2018-09-29 12:20:13,269 INFO   Training loss: 11.954
61: 2018-09-29 12:20:13,269 INFO   Training loss: 11.900
 8: 2018-09-29 12:20:13,268 INFO   Training loss: 11.556
32: 2018-09-29 12:20:13,274 INFO   Training loss: 12.035
24: 2018-09-29 12:20:13,267 INFO   Training loss: 11.481
22: 2018-09-29 12:20:13,266 INFO   Training loss: 11.495
38: 2018-09-29 12:20:13,271 INFO   Training loss: 12.068
26: 2018-09-29 12:20:13,269 INFO   Training loss: 11.839
40: 2018-09-29 12:20:13,273 INFO   Training loss: 11.697
28: 2018-09-29 12:20:13,271 INFO   Training loss: 11.623
49: 2018-09-29 12:20:13,273 INFO   Training loss: 11.306
29: 2018-09-29 12:20:13,270 INFO   Training loss: 11.468
43: 2018-09-29 12:20:13,270 INFO   Training loss: 11.758
41: 2018-09-29 12:20:13,272 INFO   Training loss: 11.637
 3: 2018-09-29 12:20:13,269 INFO   Training loss: 11.515
39: 2018-09-29 12:20:13,270 INFO   Training loss: 12.062
48: 2018-09-29 12:20:13,270 INFO   Training loss: 11.731
52: 2018-09-29 12:20:13,270 INFO   Training loss: 11.913
62: 2018-09-29 12:20:13,270 INFO   Training loss: 11.839
 4: 2018-09-29 12:20:13,269 INFO   Training loss: 11.643
51: 2018-09-29 12:20:13,270 INFO   Training loss: 11.758
57: 2018-09-29 12:20:13,269 INFO   Training loss: 11.657
56: 2018-09-29 12:20:13,270 INFO   Training loss: 11.765
18: 2018-09-29 12:20:13,268 INFO   Training loss: 11.664
14: 2018-09-29 12:20:13,269 INFO   Training loss: 11.886
 9: 2018-09-29 12:20:13,268 INFO   Training loss: 11.724
20: 2018-09-29 12:20:13,269 INFO   Training loss: 11.684
31: 2018-09-29 12:20:13,272 INFO   Training loss: 11.954
37: 2018-09-29 12:20:13,271 INFO   Training loss: 11.731
 1: 2018-09-29 12:20:13,269 INFO   Training loss: 11.839
 0: 2018-09-29 12:20:13,270 INFO   Training loss: 11.603
 4: 2018-09-29 12:20:23,696 INFO   Validation loss: 11.783 acc: 0.574
 4: 2018-09-29 12:20:23,703 INFO Epoch 2
17: 2018-09-29 12:20:23,708 INFO   Validation loss: 11.783 acc: 0.574
34: 2018-09-29 12:20:23,735 INFO   Validation loss: 11.783 acc: 0.574
60: 2018-09-29 12:20:23,755 INFO   Validation loss: 11.783 acc: 0.574
32: 2018-09-29 12:20:23,760 INFO   Validation loss: 11.783 acc: 0.574
48: 2018-09-29 12:20:23,766 INFO   Validation loss: 11.783 acc: 0.574
10: 2018-09-29 12:20:23,767 INFO   Validation loss: 11.783 acc: 0.574
63: 2018-09-29 12:20:23,771 INFO   Validation loss: 11.783 acc: 0.574
36: 2018-09-29 12:20:23,782 INFO   Validation loss: 11.783 acc: 0.574
62: 2018-09-29 12:20:23,780 INFO   Validation loss: 11.783 acc: 0.574
 6: 2018-09-29 12:20:23,787 INFO   Validation loss: 11.783 acc: 0.574
44: 2018-09-29 12:20:23,800 INFO   Validation loss: 11.783 acc: 0.574
61: 2018-09-29 12:20:23,809 INFO   Validation loss: 11.783 acc: 0.574
16: 2018-09-29 12:20:23,808 INFO   Validation loss: 11.783 acc: 0.574
15: 2018-09-29 12:20:23,813 INFO   Validation loss: 11.783 acc: 0.574
27: 2018-09-29 12:20:23,818 INFO   Validation loss: 11.783 acc: 0.574
 7: 2018-09-29 12:20:23,845 INFO   Validation loss: 11.783 acc: 0.574
23: 2018-09-29 12:20:23,847 INFO   Validation loss: 11.783 acc: 0.574
42: 2018-09-29 12:20:23,856 INFO   Validation loss: 11.783 acc: 0.574
29: 2018-09-29 12:20:23,856 INFO   Validation loss: 11.783 acc: 0.574
28: 2018-09-29 12:20:23,858 INFO   Validation loss: 11.783 acc: 0.574
19: 2018-09-29 12:20:23,858 INFO   Validation loss: 11.783 acc: 0.574
56: 2018-09-29 12:20:23,874 INFO   Validation loss: 11.783 acc: 0.574
59: 2018-09-29 12:20:23,973 INFO   Validation loss: 11.783 acc: 0.574
60: 2018-09-29 12:20:27,441 INFO Epoch 2
24: 2018-09-29 12:20:28,743 INFO   Validation loss: 11.783 acc: 0.574
52: 2018-09-29 12:20:28,764 INFO   Validation loss: 11.783 acc: 0.574
 1: 2018-09-29 12:20:28,766 INFO   Validation loss: 11.783 acc: 0.574
39: 2018-09-29 12:20:28,782 INFO   Validation loss: 11.783 acc: 0.574
49: 2018-09-29 12:20:28,785 INFO   Validation loss: 11.783 acc: 0.574
 0: 2018-09-29 12:20:28,782 INFO   Validation loss: 11.783 acc: 0.574
11: 2018-09-29 12:20:28,785 INFO   Validation loss: 11.783 acc: 0.574
51: 2018-09-29 12:20:28,786 INFO   Validation loss: 11.783 acc: 0.574
54: 2018-09-29 12:20:28,786 INFO   Validation loss: 11.783 acc: 0.574
57: 2018-09-29 12:20:28,792 INFO   Validation loss: 11.783 acc: 0.574
12: 2018-09-29 12:20:28,795 INFO   Validation loss: 11.783 acc: 0.574
 3: 2018-09-29 12:20:28,798 INFO   Validation loss: 11.783 acc: 0.574
38: 2018-09-29 12:20:28,805 INFO   Validation loss: 11.783 acc: 0.574
53: 2018-09-29 12:20:28,802 INFO   Validation loss: 11.783 acc: 0.574
31: 2018-09-29 12:20:28,809 INFO   Validation loss: 11.783 acc: 0.574
37: 2018-09-29 12:20:28,811 INFO   Validation loss: 11.783 acc: 0.574
35: 2018-09-29 12:20:28,812 INFO   Validation loss: 11.783 acc: 0.574
18: 2018-09-29 12:20:28,811 INFO   Validation loss: 11.783 acc: 0.574
 2: 2018-09-29 12:20:28,814 INFO   Validation loss: 11.783 acc: 0.574
30: 2018-09-29 12:20:28,823 INFO   Validation loss: 11.783 acc: 0.574
45: 2018-09-29 12:20:28,828 INFO   Validation loss: 11.783 acc: 0.574
40: 2018-09-29 12:20:28,840 INFO   Validation loss: 11.783 acc: 0.574
 8: 2018-09-29 12:20:28,837 INFO   Validation loss: 11.783 acc: 0.574
20: 2018-09-29 12:20:28,849 INFO   Validation loss: 11.783 acc: 0.574
 9: 2018-09-29 12:20:28,850 INFO   Validation loss: 11.783 acc: 0.574
14: 2018-09-29 12:20:28,858 INFO   Validation loss: 11.783 acc: 0.574
55: 2018-09-29 12:20:28,869 INFO   Validation loss: 11.783 acc: 0.574
26: 2018-09-29 12:20:28,902 INFO   Validation loss: 11.783 acc: 0.574
58: 2018-09-29 12:20:29,716 INFO   Validation loss: 11.783 acc: 0.574
50: 2018-09-29 12:20:29,726 INFO   Validation loss: 11.783 acc: 0.574
22: 2018-09-29 12:20:29,728 INFO   Validation loss: 11.783 acc: 0.574
13: 2018-09-29 12:20:29,731 INFO   Validation loss: 11.783 acc: 0.574
47: 2018-09-29 12:20:29,751 INFO   Validation loss: 11.783 acc: 0.574
33: 2018-09-29 12:20:29,753 INFO   Validation loss: 11.783 acc: 0.574
21: 2018-09-29 12:20:29,778 INFO   Validation loss: 11.783 acc: 0.574
25: 2018-09-29 12:20:29,803 INFO   Validation loss: 11.783 acc: 0.574
46: 2018-09-29 12:20:29,827 INFO   Validation loss: 11.783 acc: 0.574
43: 2018-09-29 12:20:29,834 INFO   Validation loss: 11.783 acc: 0.574
 5: 2018-09-29 12:20:29,856 INFO   Validation loss: 11.783 acc: 0.574
41: 2018-09-29 12:20:29,878 INFO   Validation loss: 11.783 acc: 0.574
16: 2018-09-29 12:20:35,557 INFO Epoch 2
56: 2018-09-29 12:20:36,987 INFO Epoch 2
34: 2018-09-29 12:20:38,107 INFO Epoch 2
17: 2018-09-29 12:20:38,320 INFO Epoch 2
10: 2018-09-29 12:20:38,355 INFO Epoch 2
32: 2018-09-29 12:20:38,409 INFO Epoch 2
36: 2018-09-29 12:20:38,448 INFO Epoch 2
62: 2018-09-29 12:20:38,467 INFO Epoch 2
20: 2018-09-29 12:20:38,547 INFO Epoch 2
61: 2018-09-29 12:20:38,615 INFO Epoch 2
48: 2018-09-29 12:20:38,722 INFO Epoch 2
 6: 2018-09-29 12:20:38,800 INFO Epoch 2
63: 2018-09-29 12:20:38,881 INFO Epoch 2
28: 2018-09-29 12:20:38,939 INFO Epoch 2
15: 2018-09-29 12:20:38,978 INFO Epoch 2
44: 2018-09-29 12:20:39,031 INFO Epoch 2
42: 2018-09-29 12:20:39,062 INFO Epoch 2
27: 2018-09-29 12:20:39,100 INFO Epoch 2
 7: 2018-09-29 12:20:39,213 INFO Epoch 2
23: 2018-09-29 12:20:39,244 INFO Epoch 2
29: 2018-09-29 12:20:39,398 INFO Epoch 2
19: 2018-09-29 12:20:39,441 INFO Epoch 2
59: 2018-09-29 12:20:39,888 INFO Epoch 2
 0: 2018-09-29 12:20:45,742 INFO Epoch 2
24: 2018-09-29 12:20:47,171 INFO Epoch 2
 1: 2018-09-29 12:20:47,289 INFO Epoch 2
52: 2018-09-29 12:20:47,318 INFO Epoch 2
39: 2018-09-29 12:20:47,349 INFO Epoch 2
54: 2018-09-29 12:20:47,491 INFO Epoch 2
11: 2018-09-29 12:20:47,522 INFO Epoch 2
49: 2018-09-29 12:20:47,551 INFO Epoch 2
12: 2018-09-29 12:20:47,597 INFO Epoch 2
51: 2018-09-29 12:20:47,640 INFO Epoch 2
37: 2018-09-29 12:20:47,663 INFO Epoch 2
57: 2018-09-29 12:20:47,722 INFO Epoch 2
38: 2018-09-29 12:20:47,765 INFO Epoch 2
 3: 2018-09-29 12:20:47,790 INFO Epoch 2
30: 2018-09-29 12:20:47,823 INFO Epoch 2
 2: 2018-09-29 12:20:47,856 INFO Epoch 2
53: 2018-09-29 12:20:47,893 INFO Epoch 2
18: 2018-09-29 12:20:47,922 INFO Epoch 2
31: 2018-09-29 12:20:47,950 INFO Epoch 2
35: 2018-09-29 12:20:47,973 INFO Epoch 2
26: 2018-09-29 12:20:48,001 INFO Epoch 2
40: 2018-09-29 12:20:48,043 INFO Epoch 2
 8: 2018-09-29 12:20:48,062 INFO Epoch 2
45: 2018-09-29 12:20:48,091 INFO Epoch 2
 9: 2018-09-29 12:20:48,110 INFO Epoch 2
55: 2018-09-29 12:20:48,128 INFO Epoch 2
14: 2018-09-29 12:20:48,184 INFO Epoch 2
58: 2018-09-29 12:20:48,470 INFO Epoch 2
22: 2018-09-29 12:20:48,503 INFO Epoch 2
47: 2018-09-29 12:20:48,546 INFO Epoch 2
50: 2018-09-29 12:20:48,589 INFO Epoch 2
46: 2018-09-29 12:20:48,607 INFO Epoch 2
33: 2018-09-29 12:20:48,631 INFO Epoch 2
13: 2018-09-29 12:20:48,653 INFO Epoch 2
25: 2018-09-29 12:20:48,674 INFO Epoch 2
21: 2018-09-29 12:20:48,697 INFO Epoch 2
43: 2018-09-29 12:20:48,721 INFO Epoch 2
 5: 2018-09-29 12:20:48,742 INFO Epoch 2
41: 2018-09-29 12:20:48,767 INFO Epoch 2
14: 2018-09-29 12:20:54,772 INFO   Training loss: 11.886
61: 2018-09-29 12:20:54,772 INFO   Training loss: 11.900
19: 2018-09-29 12:20:54,771 INFO   Training loss: 12.109
21: 2018-09-29 12:20:54,772 INFO   Training loss: 12.190
27: 2018-09-29 12:20:54,771 INFO   Training loss: 12.021
34: 2018-09-29 12:20:54,775 INFO   Training loss: 11.900
20: 2018-09-29 12:20:54,771 INFO   Training loss: 11.684
38: 2018-09-29 12:20:54,774 INFO   Training loss: 12.068
29: 2018-09-29 12:20:54,773 INFO   Training loss: 11.468
43: 2018-09-29 12:20:54,773 INFO   Training loss: 11.758
37: 2018-09-29 12:20:54,774 INFO   Training loss: 11.731
47: 2018-09-29 12:20:54,772 INFO   Training loss: 12.068
35: 2018-09-29 12:20:54,773 INFO   Training loss: 11.738
41: 2018-09-29 12:20:54,775 INFO   Training loss: 11.637
 1: 2018-09-29 12:20:54,772 INFO   Training loss: 11.839
42: 2018-09-29 12:20:54,773 INFO   Training loss: 11.987
59: 2018-09-29 12:20:54,772 INFO   Training loss: 11.711
55: 2018-09-29 12:20:54,773 INFO   Training loss: 12.163
 0: 2018-09-29 12:20:54,772 INFO   Training loss: 11.603
53: 2018-09-29 12:20:54,770 INFO   Training loss: 12.143
 5: 2018-09-29 12:20:54,773 INFO   Training loss: 11.697
18: 2018-09-29 12:20:54,771 INFO   Training loss: 11.664
 6: 2018-09-29 12:20:54,771 INFO   Training loss: 12.109
12: 2018-09-29 12:20:54,772 INFO   Training loss: 12.062
 7: 2018-09-29 12:20:54,773 INFO   Training loss: 11.825
11: 2018-09-29 12:20:54,773 INFO   Training loss: 11.819
15: 2018-09-29 12:20:54,772 INFO   Training loss: 11.805
 9: 2018-09-29 12:20:54,771 INFO   Training loss: 11.724
 8: 2018-09-29 12:20:54,771 INFO   Training loss: 11.556
30: 2018-09-29 12:20:54,773 INFO   Training loss: 11.819
32: 2018-09-29 12:20:54,777 INFO   Training loss: 12.035
24: 2018-09-29 12:20:54,770 INFO   Training loss: 11.481
44: 2018-09-29 12:20:54,772 INFO   Training loss: 11.495
22: 2018-09-29 12:20:54,769 INFO   Training loss: 11.495
26: 2018-09-29 12:20:54,772 INFO   Training loss: 11.839
40: 2018-09-29 12:20:54,776 INFO   Training loss: 11.697
28: 2018-09-29 12:20:54,774 INFO   Training loss: 11.623
31: 2018-09-29 12:20:54,775 INFO   Training loss: 11.954
49: 2018-09-29 12:20:54,776 INFO   Training loss: 11.306
 3: 2018-09-29 12:20:54,772 INFO   Training loss: 11.515
39: 2018-09-29 12:20:54,773 INFO   Training loss: 12.062
48: 2018-09-29 12:20:54,773 INFO   Training loss: 11.731
52: 2018-09-29 12:20:54,773 INFO   Training loss: 11.913
50: 2018-09-29 12:20:54,774 INFO   Training loss: 12.129
51: 2018-09-29 12:20:54,773 INFO   Training loss: 11.758
56: 2018-09-29 12:20:54,773 INFO   Training loss: 11.765
54: 2018-09-29 12:20:54,773 INFO   Training loss: 11.846
60: 2018-09-29 12:20:54,772 INFO   Training loss: 11.670
10: 2018-09-29 12:20:54,773 INFO   Training loss: 11.920
16: 2018-09-29 12:20:54,771 INFO   Training loss: 11.677
17: 2018-09-29 12:20:54,772 INFO   Training loss: 11.893
13: 2018-09-29 12:20:54,772 INFO   Training loss: 11.954
33: 2018-09-29 12:20:54,774 INFO   Training loss: 11.967
36: 2018-09-29 12:20:54,775 INFO   Training loss: 11.610
 2: 2018-09-29 12:20:54,772 INFO   Training loss: 11.765
46: 2018-09-29 12:20:54,772 INFO   Training loss: 11.630
45: 2018-09-29 12:20:54,773 INFO   Training loss: 11.704
23: 2018-09-29 12:20:54,774 INFO   Training loss: 11.778
25: 2018-09-29 12:20:54,772 INFO   Training loss: 11.765
62: 2018-09-29 12:20:54,773 INFO   Training loss: 11.839
 4: 2018-09-29 12:20:54,772 INFO   Training loss: 11.643
63: 2018-09-29 12:20:54,773 INFO   Training loss: 12.055
57: 2018-09-29 12:20:54,772 INFO   Training loss: 11.657
58: 2018-09-29 12:20:54,772 INFO   Training loss: 11.954
 4: 2018-09-29 12:21:05,197 INFO   Validation loss: 11.783 acc: 0.574
 4: 2018-09-29 12:21:05,204 INFO Epoch 3
16: 2018-09-29 12:21:05,219 INFO   Validation loss: 11.783 acc: 0.574
23: 2018-09-29 12:21:05,257 INFO   Validation loss: 11.783 acc: 0.574
34: 2018-09-29 12:21:05,264 INFO   Validation loss: 11.783 acc: 0.574
48: 2018-09-29 12:21:05,268 INFO   Validation loss: 11.783 acc: 0.574
10: 2018-09-29 12:21:05,275 INFO   Validation loss: 11.783 acc: 0.574
63: 2018-09-29 12:21:05,276 INFO   Validation loss: 11.783 acc: 0.574
36: 2018-09-29 12:21:05,281 INFO   Validation loss: 11.783 acc: 0.574
60: 2018-09-29 12:21:05,281 INFO   Validation loss: 11.783 acc: 0.574
 6: 2018-09-29 12:21:05,286 INFO   Validation loss: 11.783 acc: 0.574
39: 2018-09-29 12:21:05,292 INFO   Validation loss: 11.783 acc: 0.574
62: 2018-09-29 12:21:05,294 INFO   Validation loss: 11.783 acc: 0.574
29: 2018-09-29 12:21:05,304 INFO   Validation loss: 11.783 acc: 0.574
 7: 2018-09-29 12:21:05,306 INFO   Validation loss: 11.783 acc: 0.574
15: 2018-09-29 12:21:05,307 INFO   Validation loss: 11.783 acc: 0.574
61: 2018-09-29 12:21:05,321 INFO   Validation loss: 11.783 acc: 0.574
44: 2018-09-29 12:21:05,322 INFO   Validation loss: 11.783 acc: 0.574
 3: 2018-09-29 12:21:05,348 INFO   Validation loss: 11.783 acc: 0.574
27: 2018-09-29 12:21:05,349 INFO   Validation loss: 11.783 acc: 0.574
42: 2018-09-29 12:21:05,377 INFO   Validation loss: 11.783 acc: 0.574
19: 2018-09-29 12:21:05,396 INFO   Validation loss: 11.783 acc: 0.574
56: 2018-09-29 12:21:05,424 INFO   Validation loss: 11.783 acc: 0.574
51: 2018-09-29 12:21:05,430 INFO   Validation loss: 11.783 acc: 0.574
59: 2018-09-29 12:21:05,484 INFO   Validation loss: 11.783 acc: 0.574
37: 2018-09-29 12:21:06,359 INFO   Validation loss: 11.783 acc: 0.574
 1: 2018-09-29 12:21:10,309 INFO   Validation loss: 11.783 acc: 0.574
24: 2018-09-29 12:21:10,315 INFO   Validation loss: 11.783 acc: 0.574
11: 2018-09-29 12:21:10,320 INFO   Validation loss: 11.783 acc: 0.574
54: 2018-09-29 12:21:10,320 INFO   Validation loss: 11.783 acc: 0.574
49: 2018-09-29 12:21:10,328 INFO   Validation loss: 11.783 acc: 0.574
40: 2018-09-29 12:21:10,329 INFO   Validation loss: 11.783 acc: 0.574
12: 2018-09-29 12:21:10,326 INFO   Validation loss: 11.783 acc: 0.574
52: 2018-09-29 12:21:10,329 INFO   Validation loss: 11.783 acc: 0.574
57: 2018-09-29 12:21:10,329 INFO   Validation loss: 11.783 acc: 0.574
38: 2018-09-29 12:21:10,337 INFO   Validation loss: 11.783 acc: 0.574
45: 2018-09-29 12:21:10,341 INFO   Validation loss: 11.783 acc: 0.574
20: 2018-09-29 12:21:10,348 INFO   Validation loss: 11.783 acc: 0.574
 9: 2018-09-29 12:21:10,363 INFO   Validation loss: 11.783 acc: 0.574
32: 2018-09-29 12:21:10,370 INFO   Validation loss: 11.783 acc: 0.574
 2: 2018-09-29 12:21:10,370 INFO   Validation loss: 11.783 acc: 0.574
28: 2018-09-29 12:21:10,380 INFO   Validation loss: 11.783 acc: 0.574
14: 2018-09-29 12:21:10,379 INFO   Validation loss: 11.783 acc: 0.574
30: 2018-09-29 12:21:10,387 INFO   Validation loss: 11.783 acc: 0.574
31: 2018-09-29 12:21:10,389 INFO   Validation loss: 11.783 acc: 0.574
 8: 2018-09-29 12:21:10,386 INFO   Validation loss: 11.783 acc: 0.574
53: 2018-09-29 12:21:10,431 INFO   Validation loss: 11.783 acc: 0.574
55: 2018-09-29 12:21:10,436 INFO   Validation loss: 11.783 acc: 0.574
26: 2018-09-29 12:21:10,437 INFO   Validation loss: 11.783 acc: 0.574
17: 2018-09-29 12:21:10,446 INFO   Validation loss: 11.783 acc: 0.574
33: 2018-09-29 12:21:11,242 INFO   Validation loss: 11.783 acc: 0.574
 0: 2018-09-29 12:21:11,243 INFO   Validation loss: 11.783 acc: 0.574
50: 2018-09-29 12:21:11,248 INFO   Validation loss: 11.783 acc: 0.574
21: 2018-09-29 12:21:11,296 INFO   Validation loss: 11.783 acc: 0.574
58: 2018-09-29 12:21:11,300 INFO   Validation loss: 11.783 acc: 0.574
13: 2018-09-29 12:21:11,301 INFO   Validation loss: 11.783 acc: 0.574
22: 2018-09-29 12:21:11,301 INFO   Validation loss: 11.783 acc: 0.574
47: 2018-09-29 12:21:11,306 INFO   Validation loss: 11.783 acc: 0.574
35: 2018-09-29 12:21:11,311 INFO   Validation loss: 11.783 acc: 0.574
18: 2018-09-29 12:21:11,313 INFO   Validation loss: 11.783 acc: 0.574
25: 2018-09-29 12:21:11,367 INFO   Validation loss: 11.783 acc: 0.574
43: 2018-09-29 12:21:11,377 INFO   Validation loss: 11.783 acc: 0.574
46: 2018-09-29 12:21:11,377 INFO   Validation loss: 11.783 acc: 0.574
 5: 2018-09-29 12:21:11,417 INFO   Validation loss: 11.783 acc: 0.574
41: 2018-09-29 12:21:11,440 INFO   Validation loss: 11.783 acc: 0.574
56: 2018-09-29 12:21:19,220 INFO Epoch 3
16: 2018-09-29 12:21:20,187 INFO Epoch 3
34: 2018-09-29 12:21:20,212 INFO Epoch 3
36: 2018-09-29 12:21:20,389 INFO Epoch 3
48: 2018-09-29 12:21:20,419 INFO Epoch 3
23: 2018-09-29 12:21:20,482 INFO Epoch 3
63: 2018-09-29 12:21:20,511 INFO Epoch 3
 6: 2018-09-29 12:21:20,579 INFO Epoch 3
39: 2018-09-29 12:21:20,616 INFO Epoch 3
60: 2018-09-29 12:21:20,644 INFO Epoch 3
62: 2018-09-29 12:21:20,737 INFO Epoch 3
10: 2018-09-29 12:21:20,804 INFO Epoch 3
29: 2018-09-29 12:21:20,854 INFO Epoch 3
 7: 2018-09-29 12:21:20,919 INFO Epoch 3
15: 2018-09-29 12:21:21,058 INFO Epoch 3
61: 2018-09-29 12:21:21,153 INFO Epoch 3
44: 2018-09-29 12:21:21,192 INFO Epoch 3
 3: 2018-09-29 12:21:21,520 INFO Epoch 3
27: 2018-09-29 12:21:21,832 INFO Epoch 3
42: 2018-09-29 12:21:21,870 INFO Epoch 3
19: 2018-09-29 12:21:21,906 INFO Epoch 3
51: 2018-09-29 12:21:21,936 INFO Epoch 3
59: 2018-09-29 12:21:21,960 INFO Epoch 3
37: 2018-09-29 12:21:23,220 INFO Epoch 3
20: 2018-09-29 12:21:26,336 INFO Epoch 3
 1: 2018-09-29 12:21:29,101 INFO Epoch 3
 0: 2018-09-29 12:21:29,179 INFO Epoch 3
24: 2018-09-29 12:21:29,241 INFO Epoch 3
11: 2018-09-29 12:21:29,269 INFO Epoch 3
49: 2018-09-29 12:21:29,301 INFO Epoch 3
54: 2018-09-29 12:21:29,378 INFO Epoch 3
12: 2018-09-29 12:21:29,458 INFO Epoch 3
40: 2018-09-29 12:21:29,489 INFO Epoch 3
52: 2018-09-29 12:21:29,597 INFO Epoch 3
38: 2018-09-29 12:21:29,629 INFO Epoch 3
57: 2018-09-29 12:21:29,676 INFO Epoch 3
32: 2018-09-29 12:21:29,709 INFO Epoch 3
28: 2018-09-29 12:21:29,759 INFO Epoch 3
45: 2018-09-29 12:21:29,786 INFO Epoch 3
14: 2018-09-29 12:21:29,810 INFO Epoch 3
 2: 2018-09-29 12:21:29,838 INFO Epoch 3
30: 2018-09-29 12:21:29,865 INFO Epoch 3
 8: 2018-09-29 12:21:29,917 INFO Epoch 3
 9: 2018-09-29 12:21:29,942 INFO Epoch 3
26: 2018-09-29 12:21:29,970 INFO Epoch 3
31: 2018-09-29 12:21:30,005 INFO Epoch 3
53: 2018-09-29 12:21:30,025 INFO Epoch 3
17: 2018-09-29 12:21:30,364 INFO Epoch 3
55: 2018-09-29 12:21:30,385 INFO Epoch 3
33: 2018-09-29 12:21:30,678 INFO Epoch 3
58: 2018-09-29 12:21:30,702 INFO Epoch 3
50: 2018-09-29 12:21:30,730 INFO Epoch 3
22: 2018-09-29 12:21:30,761 INFO Epoch 3
13: 2018-09-29 12:21:30,803 INFO Epoch 3
21: 2018-09-29 12:21:30,807 INFO Epoch 3
47: 2018-09-29 12:21:30,828 INFO Epoch 3
46: 2018-09-29 12:21:30,852 INFO Epoch 3
35: 2018-09-29 12:21:30,878 INFO Epoch 3
25: 2018-09-29 12:21:30,899 INFO Epoch 3
18: 2018-09-29 12:21:30,922 INFO Epoch 3
43: 2018-09-29 12:21:30,944 INFO Epoch 3
 5: 2018-09-29 12:21:30,967 INFO Epoch 3
41: 2018-09-29 12:21:30,992 INFO Epoch 3
61: 2018-09-29 12:21:36,928 INFO   Training loss: 11.900
49: 2018-09-29 12:21:36,932 INFO   Training loss: 11.306
52: 2018-09-29 12:21:36,929 INFO   Training loss: 11.913
50: 2018-09-29 12:21:36,930 INFO   Training loss: 12.129
59: 2018-09-29 12:21:36,929 INFO   Training loss: 11.711
57: 2018-09-29 12:21:36,928 INFO   Training loss: 11.657
55: 2018-09-29 12:21:36,929 INFO   Training loss: 12.163
58: 2018-09-29 12:21:36,928 INFO   Training loss: 11.954
53: 2018-09-29 12:21:36,926 INFO   Training loss: 12.143
60: 2018-09-29 12:21:36,928 INFO   Training loss: 11.670
 5: 2018-09-29 12:21:36,929 INFO   Training loss: 11.697
 6: 2018-09-29 12:21:36,927 INFO   Training loss: 12.109
14: 2018-09-29 12:21:36,928 INFO   Training loss: 11.886
 7: 2018-09-29 12:21:36,929 INFO   Training loss: 11.825
11: 2018-09-29 12:21:36,929 INFO   Training loss: 11.819
17: 2018-09-29 12:21:36,928 INFO   Training loss: 11.893
19: 2018-09-29 12:21:36,927 INFO   Training loss: 12.109
 9: 2018-09-29 12:21:36,927 INFO   Training loss: 11.724
21: 2018-09-29 12:21:36,928 INFO   Training loss: 12.190
27: 2018-09-29 12:21:36,927 INFO   Training loss: 12.021
 8: 2018-09-29 12:21:36,927 INFO   Training loss: 11.556
30: 2018-09-29 12:21:36,929 INFO   Training loss: 11.819
34: 2018-09-29 12:21:36,931 INFO   Training loss: 11.900
20: 2018-09-29 12:21:36,928 INFO   Training loss: 11.684
24: 2018-09-29 12:21:36,926 INFO   Training loss: 11.481
44: 2018-09-29 12:21:36,928 INFO   Training loss: 11.495
22: 2018-09-29 12:21:36,925 INFO   Training loss: 11.495
38: 2018-09-29 12:21:36,930 INFO   Training loss: 12.068
 2: 2018-09-29 12:21:36,928 INFO   Training loss: 11.765
29: 2018-09-29 12:21:36,929 INFO   Training loss: 11.468
43: 2018-09-29 12:21:36,929 INFO   Training loss: 11.758
37: 2018-09-29 12:21:36,930 INFO   Training loss: 11.731
47: 2018-09-29 12:21:36,928 INFO   Training loss: 12.068
35: 2018-09-29 12:21:36,929 INFO   Training loss: 11.738
41: 2018-09-29 12:21:36,931 INFO   Training loss: 11.637
 3: 2018-09-29 12:21:36,928 INFO   Training loss: 11.515
 1: 2018-09-29 12:21:36,928 INFO   Training loss: 11.839
42: 2018-09-29 12:21:36,929 INFO   Training loss: 11.987
62: 2018-09-29 12:21:36,929 INFO   Training loss: 11.839
51: 2018-09-29 12:21:36,929 INFO   Training loss: 11.758
54: 2018-09-29 12:21:36,929 INFO   Training loss: 11.846
18: 2018-09-29 12:21:36,927 INFO   Training loss: 11.664
12: 2018-09-29 12:21:36,928 INFO   Training loss: 12.062
10: 2018-09-29 12:21:36,929 INFO   Training loss: 11.920
16: 2018-09-29 12:21:36,928 INFO   Training loss: 11.677
13: 2018-09-29 12:21:36,928 INFO   Training loss: 11.954
15: 2018-09-29 12:21:36,928 INFO   Training loss: 11.805
33: 2018-09-29 12:21:36,930 INFO   Training loss: 11.967
32: 2018-09-29 12:21:36,933 INFO   Training loss: 12.035
36: 2018-09-29 12:21:36,931 INFO   Training loss: 11.610
26: 2018-09-29 12:21:36,928 INFO   Training loss: 11.839
40: 2018-09-29 12:21:36,932 INFO   Training loss: 11.697
28: 2018-09-29 12:21:36,930 INFO   Training loss: 11.623
46: 2018-09-29 12:21:36,928 INFO   Training loss: 11.630
31: 2018-09-29 12:21:36,931 INFO   Training loss: 11.954
45: 2018-09-29 12:21:36,929 INFO   Training loss: 11.704
39: 2018-09-29 12:21:36,929 INFO   Training loss: 12.062
23: 2018-09-29 12:21:36,930 INFO   Training loss: 11.778
25: 2018-09-29 12:21:36,928 INFO   Training loss: 11.765
48: 2018-09-29 12:21:36,929 INFO   Training loss: 11.731
 4: 2018-09-29 12:21:36,928 INFO   Training loss: 11.643
63: 2018-09-29 12:21:36,929 INFO   Training loss: 12.055
56: 2018-09-29 12:21:36,929 INFO   Training loss: 11.765
 0: 2018-09-29 12:21:36,929 INFO   Training loss: 11.603
 4: 2018-09-29 12:21:47,328 INFO   Validation loss: 11.783 acc: 0.574
 4: 2018-09-29 12:21:47,335 INFO Finished training
 4: 2018-09-29 12:21:47,335 INFO Train samples 4096 time 20.9662s rate 195.362 samples/s
 4: 2018-09-29 12:21:47,335 INFO Valid rate: 3136.55 samples/s
 4: 2018-09-29 12:21:47,335 INFO All done!
37: 2018-09-29 12:21:47,414 INFO   Validation loss: 11.783 acc: 0.574
39: 2018-09-29 12:21:47,414 INFO   Validation loss: 11.783 acc: 0.574
23: 2018-09-29 12:21:47,440 INFO   Validation loss: 11.783 acc: 0.574
16: 2018-09-29 12:21:47,438 INFO   Validation loss: 11.783 acc: 0.574
10: 2018-09-29 12:21:47,450 INFO   Validation loss: 11.783 acc: 0.574
48: 2018-09-29 12:21:47,451 INFO   Validation loss: 11.783 acc: 0.574
11: 2018-09-29 12:21:47,458 INFO   Validation loss: 11.783 acc: 0.574
62: 2018-09-29 12:21:47,468 INFO   Validation loss: 11.783 acc: 0.574
34: 2018-09-29 12:21:47,479 INFO   Validation loss: 11.783 acc: 0.574
 6: 2018-09-29 12:21:47,477 INFO   Validation loss: 11.783 acc: 0.574
 3: 2018-09-29 12:21:47,481 INFO   Validation loss: 11.783 acc: 0.574
36: 2018-09-29 12:21:47,488 INFO   Validation loss: 11.783 acc: 0.574
29: 2018-09-29 12:21:47,492 INFO   Validation loss: 11.783 acc: 0.574
44: 2018-09-29 12:21:47,502 INFO   Validation loss: 11.783 acc: 0.574
63: 2018-09-29 12:21:47,507 INFO   Validation loss: 11.783 acc: 0.574
 7: 2018-09-29 12:21:47,514 INFO   Validation loss: 11.783 acc: 0.574
42: 2018-09-29 12:21:47,547 INFO   Validation loss: 11.783 acc: 0.574
27: 2018-09-29 12:21:47,553 INFO   Validation loss: 11.783 acc: 0.574
56: 2018-09-29 12:21:47,604 INFO   Validation loss: 11.783 acc: 0.574
17: 2018-09-29 12:21:47,611 INFO   Validation loss: 11.783 acc: 0.574
51: 2018-09-29 12:21:47,638 INFO   Validation loss: 11.783 acc: 0.574
16: 2018-09-29 12:21:50,288 INFO Finished training
16: 2018-09-29 12:21:50,289 INFO Train samples 4096 time 14.5086s rate 282.316 samples/s
16: 2018-09-29 12:21:50,289 INFO Valid rate: 3116.47 samples/s
16: 2018-09-29 12:21:50,289 INFO All done!
28: 2018-09-29 12:21:52,443 INFO   Validation loss: 11.783 acc: 0.574
40: 2018-09-29 12:21:52,454 INFO   Validation loss: 11.783 acc: 0.574
12: 2018-09-29 12:21:52,455 INFO   Validation loss: 11.783 acc: 0.574
 1: 2018-09-29 12:21:52,467 INFO   Validation loss: 11.783 acc: 0.574
60: 2018-09-29 12:21:52,467 INFO   Validation loss: 11.783 acc: 0.574
45: 2018-09-29 12:21:52,482 INFO   Validation loss: 11.783 acc: 0.574
58: 2018-09-29 12:21:52,484 INFO   Validation loss: 11.783 acc: 0.574
54: 2018-09-29 12:21:52,495 INFO   Validation loss: 11.783 acc: 0.574
15: 2018-09-29 12:21:52,500 INFO   Validation loss: 11.783 acc: 0.574
61: 2018-09-29 12:21:52,500 INFO   Validation loss: 11.783 acc: 0.574
32: 2018-09-29 12:21:52,510 INFO   Validation loss: 11.783 acc: 0.574
38: 2018-09-29 12:21:52,510 INFO   Validation loss: 11.783 acc: 0.574
20: 2018-09-29 12:21:52,514 INFO   Validation loss: 11.783 acc: 0.574
 9: 2018-09-29 12:21:52,519 INFO   Validation loss: 11.783 acc: 0.574
49: 2018-09-29 12:21:52,532 INFO   Validation loss: 11.783 acc: 0.574
24: 2018-09-29 12:21:52,531 INFO   Validation loss: 11.783 acc: 0.574
19: 2018-09-29 12:21:52,533 INFO   Validation loss: 11.783 acc: 0.574
 2: 2018-09-29 12:21:52,535 INFO   Validation loss: 11.783 acc: 0.574
57: 2018-09-29 12:21:52,539 INFO   Validation loss: 11.783 acc: 0.574
14: 2018-09-29 12:21:52,544 INFO   Validation loss: 11.783 acc: 0.574
31: 2018-09-29 12:21:52,552 INFO   Validation loss: 11.783 acc: 0.574
30: 2018-09-29 12:21:52,551 INFO   Validation loss: 11.783 acc: 0.574
35: 2018-09-29 12:21:52,552 INFO   Validation loss: 11.783 acc: 0.574
52: 2018-09-29 12:21:52,558 INFO   Validation loss: 11.783 acc: 0.574
 8: 2018-09-29 12:21:52,575 INFO   Validation loss: 11.783 acc: 0.574
53: 2018-09-29 12:21:52,582 INFO   Validation loss: 11.783 acc: 0.574
55: 2018-09-29 12:21:52,586 INFO   Validation loss: 11.783 acc: 0.574
26: 2018-09-29 12:21:52,585 INFO   Validation loss: 11.783 acc: 0.574
59: 2018-09-29 12:21:52,642 INFO   Validation loss: 11.783 acc: 0.574
33: 2018-09-29 12:21:53,389 INFO   Validation loss: 11.783 acc: 0.574
47: 2018-09-29 12:21:53,420 INFO   Validation loss: 11.783 acc: 0.574
 0: 2018-09-29 12:21:53,422 INFO   Validation loss: 11.783 acc: 0.574
13: 2018-09-29 12:21:53,435 INFO   Validation loss: 11.783 acc: 0.574
50: 2018-09-29 12:21:53,445 INFO   Validation loss: 11.783 acc: 0.574
21: 2018-09-29 12:21:53,459 INFO   Validation loss: 11.783 acc: 0.574
22: 2018-09-29 12:21:53,469 INFO   Validation loss: 11.783 acc: 0.574
18: 2018-09-29 12:21:53,481 INFO   Validation loss: 11.783 acc: 0.574
25: 2018-09-29 12:21:53,508 INFO   Validation loss: 11.783 acc: 0.574
43: 2018-09-29 12:21:53,526 INFO   Validation loss: 11.783 acc: 0.574
46: 2018-09-29 12:21:53,553 INFO   Validation loss: 11.783 acc: 0.574
 5: 2018-09-29 12:21:53,586 INFO   Validation loss: 11.783 acc: 0.574
41: 2018-09-29 12:21:54,032 INFO   Validation loss: 11.783 acc: 0.574
56: 2018-09-29 12:21:57,653 INFO Finished training
56: 2018-09-29 12:21:57,654 INFO Train samples 4096 time 14.0825s rate 290.858 samples/s
56: 2018-09-29 12:21:57,654 INFO Valid rate: 3086.04 samples/s
56: 2018-09-29 12:21:57,654 INFO All done!
37: 2018-09-29 12:21:58,379 INFO Finished training
37: 2018-09-29 12:21:58,379 INFO Train samples 4096 time 10.4315s rate 392.657 samples/s
37: 2018-09-29 12:21:58,379 INFO Valid rate: 2722.4 samples/s
37: 2018-09-29 12:21:58,379 INFO All done!
10: 2018-09-29 12:21:58,404 INFO Finished training
10: 2018-09-29 12:21:58,405 INFO Train samples 4096 time 13.375s rate 306.243 samples/s
10: 2018-09-29 12:21:58,405 INFO Valid rate: 3115.53 samples/s
10: 2018-09-29 12:21:58,405 INFO All done!
62: 2018-09-29 12:21:58,430 INFO Finished training
62: 2018-09-29 12:21:58,430 INFO Train samples 4096 time 13.1038s rate 312.582 samples/s
62: 2018-09-29 12:21:58,430 INFO Valid rate: 3106.98 samples/s
62: 2018-09-29 12:21:58,430 INFO All done!
39: 2018-09-29 12:21:58,457 INFO Finished training
39: 2018-09-29 12:21:58,458 INFO Train samples 4096 time 9.30985s rate 439.964 samples/s
39: 2018-09-29 12:21:58,458 INFO Valid rate: 2518.37 samples/s
39: 2018-09-29 12:21:58,458 INFO All done!
48: 2018-09-29 12:21:58,502 INFO Finished training
48: 2018-09-29 12:21:58,502 INFO Train samples 4096 time 17.0827s rate 239.775 samples/s
48: 2018-09-29 12:21:58,502 INFO Valid rate: 3123.05 samples/s
48: 2018-09-29 12:21:58,502 INFO All done!
23: 2018-09-29 12:21:58,582 INFO Finished training
23: 2018-09-29 12:21:58,582 INFO Train samples 4096 time 13.2933s rate 308.124 samples/s
23: 2018-09-29 12:21:58,582 INFO Valid rate: 3115.21 samples/s
23: 2018-09-29 12:21:58,582 INFO All done!
34: 2018-09-29 12:21:58,599 INFO Finished training
34: 2018-09-29 12:21:58,599 INFO Train samples 4096 time 13.5951s rate 301.285 samples/s
34: 2018-09-29 12:21:58,600 INFO Valid rate: 3120.1 samples/s
34: 2018-09-29 12:21:58,600 INFO All done!
36: 2018-09-29 12:21:58,731 INFO Finished training
36: 2018-09-29 12:21:58,731 INFO Train samples 4096 time 13.414s rate 305.352 samples/s
36: 2018-09-29 12:21:58,731 INFO Valid rate: 3111.02 samples/s
36: 2018-09-29 12:21:58,731 INFO All done!
63: 2018-09-29 12:21:58,915 INFO Finished training
63: 2018-09-29 12:21:58,915 INFO Train samples 4096 time 11.4848s rate 356.646 samples/s
63: 2018-09-29 12:21:58,915 INFO Valid rate: 2783.67 samples/s
63: 2018-09-29 12:21:58,915 INFO All done!
 6: 2018-09-29 12:21:58,950 INFO Finished training
 6: 2018-09-29 12:21:58,950 INFO Train samples 4096 time 13.1336s rate 311.873 samples/s
 6: 2018-09-29 12:21:58,950 INFO Valid rate: 3108.24 samples/s
 6: 2018-09-29 12:21:58,950 INFO All done!
11: 2018-09-29 12:21:58,975 INFO Finished training
11: 2018-09-29 12:21:58,976 INFO Train samples 4096 time 7.09593s rate 577.233 samples/s
11: 2018-09-29 12:21:58,976 INFO Valid rate: 2294.67 samples/s
11: 2018-09-29 12:21:58,976 INFO All done!
 3: 2018-09-29 12:21:59,005 INFO Finished training
 3: 2018-09-29 12:21:59,005 INFO Train samples 4096 time 8.93569s rate 458.386 samples/s
 3: 2018-09-29 12:21:59,005 INFO Valid rate: 2508.72 samples/s
 3: 2018-09-29 12:21:59,005 INFO All done!
44: 2018-09-29 12:21:59,030 INFO Finished training
44: 2018-09-29 12:21:59,030 INFO Train samples 4096 time 12.8198s rate 319.507 samples/s
44: 2018-09-29 12:21:59,031 INFO Valid rate: 3101.03 samples/s
44: 2018-09-29 12:21:59,031 INFO All done!
29: 2018-09-29 12:21:59,058 INFO Finished training
29: 2018-09-29 12:21:59,059 INFO Train samples 4096 time 12.8136s rate 319.659 samples/s
29: 2018-09-29 12:21:59,059 INFO Valid rate: 3097.74 samples/s
29: 2018-09-29 12:21:59,059 INFO All done!
 7: 2018-09-29 12:21:59,081 INFO Finished training
 7: 2018-09-29 12:21:59,081 INFO Train samples 4096 time 13.0995s rate 312.683 samples/s
 7: 2018-09-29 12:21:59,081 INFO Valid rate: 3102.46 samples/s
 7: 2018-09-29 12:21:59,081 INFO All done!
42: 2018-09-29 12:22:00,042 INFO Finished training
42: 2018-09-29 12:22:00,042 INFO Train samples 4096 time 12.6484s rate 323.836 samples/s
42: 2018-09-29 12:22:00,043 INFO Valid rate: 3089.05 samples/s
42: 2018-09-29 12:22:00,043 INFO All done!
27: 2018-09-29 12:22:00,131 INFO Finished training
27: 2018-09-29 12:22:00,131 INFO Train samples 4096 time 12.7076s rate 322.327 samples/s
27: 2018-09-29 12:22:00,131 INFO Valid rate: 3094.34 samples/s
27: 2018-09-29 12:22:00,131 INFO All done!
17: 2018-09-29 12:22:00,204 INFO Finished training
17: 2018-09-29 12:22:00,204 INFO Train samples 4096 time 10.9869s rate 372.807 samples/s
17: 2018-09-29 12:22:00,204 INFO Valid rate: 2769.37 samples/s
17: 2018-09-29 12:22:00,204 INFO All done!
51: 2018-09-29 12:22:00,433 INFO Finished training
51: 2018-09-29 12:22:00,433 INFO Train samples 4096 time 10.4634s rate 391.458 samples/s
51: 2018-09-29 12:22:00,433 INFO Valid rate: 2756.15 samples/s
51: 2018-09-29 12:22:00,433 INFO All done!
 0: 2018-09-29 12:22:10,245 INFO Saving summaries to /global/cscratch1/sd/sfarrell/hep-cnn-pytorch/summaries.npz
 0: 2018-09-29 12:22:10,260 INFO Finished training
 0: 2018-09-29 12:22:10,260 INFO Train samples 4096 time 9.38041s rate 436.655 samples/s
 0: 2018-09-29 12:22:10,260 INFO Valid rate: 2219.22 samples/s
 0: 2018-09-29 12:22:10,260 INFO All done!
58: 2018-09-29 12:22:10,694 INFO Finished training
58: 2018-09-29 12:22:10,695 INFO Train samples 4096 time 6.31962s rate 648.141 samples/s
58: 2018-09-29 12:22:10,695 INFO Valid rate: 2017.1 samples/s
58: 2018-09-29 12:22:10,695 INFO All done!
60: 2018-09-29 12:22:10,733 INFO Finished training
60: 2018-09-29 12:22:10,733 INFO Train samples 4096 time 18.9129s rate 216.572 samples/s
60: 2018-09-29 12:22:10,733 INFO Valid rate: 2784.45 samples/s
60: 2018-09-29 12:22:10,733 INFO All done!
28: 2018-09-29 12:22:10,853 INFO Finished training
28: 2018-09-29 12:22:10,853 INFO Train samples 4096 time 10.9214s rate 375.042 samples/s
28: 2018-09-29 12:22:10,853 INFO Valid rate: 2507.58 samples/s
28: 2018-09-29 12:22:10,854 INFO All done!
40: 2018-09-29 12:22:11,015 INFO Finished training
40: 2018-09-29 12:22:11,015 INFO Train samples 4096 time 8.78481s rate 466.259 samples/s
40: 2018-09-29 12:22:11,016 INFO Valid rate: 2292.61 samples/s
40: 2018-09-29 12:22:11,016 INFO All done!
12: 2018-09-29 12:22:11,036 INFO Finished training
12: 2018-09-29 12:22:11,037 INFO Train samples 4096 time 6.99161s rate 585.845 samples/s
12: 2018-09-29 12:22:11,037 INFO Valid rate: 2108.74 samples/s
12: 2018-09-29 12:22:11,037 INFO All done!
54: 2018-09-29 12:22:11,060 INFO Finished training
54: 2018-09-29 12:22:11,060 INFO Train samples 4096 time 7.03797s rate 581.986 samples/s
54: 2018-09-29 12:22:11,060 INFO Valid rate: 2107.86 samples/s
54: 2018-09-29 12:22:11,061 INFO All done!
20: 2018-09-29 12:22:11,090 INFO Finished training
20: 2018-09-29 12:22:11,090 INFO Train samples 4096 time 12.3445s rate 331.807 samples/s
20: 2018-09-29 12:22:11,090 INFO Valid rate: 2101.01 samples/s
20: 2018-09-29 12:22:11,090 INFO All done!
 1: 2018-09-29 12:22:11,256 INFO Finished training
 1: 2018-09-29 12:22:11,257 INFO Train samples 4096 time 9.03043s rate 453.577 samples/s
 1: 2018-09-29 12:22:11,257 INFO Valid rate: 2294.99 samples/s
 1: 2018-09-29 12:22:11,257 INFO All done!
45: 2018-09-29 12:22:11,277 INFO Finished training
45: 2018-09-29 12:22:11,277 INFO Train samples 4096 time 6.75286s rate 606.558 samples/s
45: 2018-09-29 12:22:11,277 INFO Valid rate: 2104.8 samples/s
45: 2018-09-29 12:22:11,277 INFO All done!
38: 2018-09-29 12:22:11,302 INFO Finished training
38: 2018-09-29 12:22:11,303 INFO Train samples 4096 time 6.92108s rate 591.815 samples/s
38: 2018-09-29 12:22:11,303 INFO Valid rate: 2106.4 samples/s
38: 2018-09-29 12:22:11,303 INFO All done!
32: 2018-09-29 12:22:11,335 INFO Finished training
32: 2018-09-29 12:22:11,335 INFO Train samples 4096 time 11.0781s rate 369.738 samples/s
32: 2018-09-29 12:22:11,335 INFO Valid rate: 2510.33 samples/s
32: 2018-09-29 12:22:11,336 INFO All done!
61: 2018-09-29 12:22:11,372 INFO Finished training
61: 2018-09-29 12:22:11,372 INFO Train samples 4096 time 12.9691s rate 315.828 samples/s
61: 2018-09-29 12:22:11,373 INFO Valid rate: 2773.23 samples/s
61: 2018-09-29 12:22:11,373 INFO All done!
49: 2018-09-29 12:22:11,405 INFO Finished training
49: 2018-09-29 12:22:11,405 INFO Train samples 4096 time 7.0561s rate 580.49 samples/s
49: 2018-09-29 12:22:11,405 INFO Valid rate: 2106.75 samples/s
49: 2018-09-29 12:22:11,405 INFO All done!
15: 2018-09-29 12:22:11,423 INFO Finished training
15: 2018-09-29 12:22:11,423 INFO Train samples 4096 time 12.9374s rate 316.602 samples/s
15: 2018-09-29 12:22:11,423 INFO Valid rate: 2774.11 samples/s
15: 2018-09-29 12:22:11,423 INFO All done!
 2: 2018-09-29 12:22:11,451 INFO Finished training
 2: 2018-09-29 12:22:11,451 INFO Train samples 4096 time 6.8278s rate 599.9 samples/s
 2: 2018-09-29 12:22:11,451 INFO Valid rate: 2101.76 samples/s
 2: 2018-09-29 12:22:11,451 INFO All done!
24: 2018-09-29 12:22:11,541 INFO Finished training
24: 2018-09-29 12:22:11,541 INFO Train samples 4096 time 7.1387s rate 573.774 samples/s
24: 2018-09-29 12:22:11,541 INFO Valid rate: 2106.97 samples/s
24: 2018-09-29 12:22:11,541 INFO All done!
30: 2018-09-29 12:22:11,573 INFO Finished training
30: 2018-09-29 12:22:11,574 INFO Train samples 4096 time 6.88725s rate 594.722 samples/s
30: 2018-09-29 12:22:11,574 INFO Valid rate: 2103.57 samples/s
30: 2018-09-29 12:22:11,574 INFO All done!
 9: 2018-09-29 12:22:11,594 INFO Finished training
 9: 2018-09-29 12:22:11,594 INFO Train samples 4096 time 6.67747s rate 613.406 samples/s
 9: 2018-09-29 12:22:11,594 INFO Valid rate: 2100.54 samples/s
 9: 2018-09-29 12:22:11,594 INFO All done!
14: 2018-09-29 12:22:11,616 INFO Finished training
14: 2018-09-29 12:22:11,616 INFO Train samples 4096 time 6.71043s rate 610.393 samples/s
14: 2018-09-29 12:22:11,616 INFO Valid rate: 2099.39 samples/s
14: 2018-09-29 12:22:11,616 INFO All done!
19: 2018-09-29 12:22:11,669 INFO Finished training
19: 2018-09-29 12:22:11,669 INFO Train samples 4096 time 12.5785s rate 325.635 samples/s
19: 2018-09-29 12:22:11,669 INFO Valid rate: 2763.83 samples/s
19: 2018-09-29 12:22:11,669 INFO All done!
52: 2018-09-29 12:22:11,695 INFO Finished training
52: 2018-09-29 12:22:11,695 INFO Train samples 4096 time 7.06457s rate 579.795 samples/s
52: 2018-09-29 12:22:11,696 INFO Valid rate: 2105.74 samples/s
52: 2018-09-29 12:22:11,696 INFO All done!
57: 2018-09-29 12:22:11,716 INFO Finished training
57: 2018-09-29 12:22:11,717 INFO Train samples 4096 time 6.73356s rate 608.296 samples/s
57: 2018-09-29 12:22:11,717 INFO Valid rate: 2076.61 samples/s
57: 2018-09-29 12:22:11,717 INFO All done!
 8: 2018-09-29 12:22:11,743 INFO Finished training
 8: 2018-09-29 12:22:11,744 INFO Train samples 4096 time 8.8033s rate 465.28 samples/s
 8: 2018-09-29 12:22:11,744 INFO Valid rate: 2286.79 samples/s
 8: 2018-09-29 12:22:11,744 INFO All done!
55: 2018-09-29 12:22:11,771 INFO Finished training
55: 2018-09-29 12:22:11,771 INFO Train samples 4096 time 6.56377s rate 624.032 samples/s
55: 2018-09-29 12:22:11,771 INFO Valid rate: 2094.91 samples/s
55: 2018-09-29 12:22:11,771 INFO All done!
31: 2018-09-29 12:22:11,794 INFO Finished training
31: 2018-09-29 12:22:11,794 INFO Train samples 4096 time 6.80965s rate 601.5 samples/s
31: 2018-09-29 12:22:11,795 INFO Valid rate: 2103.84 samples/s
31: 2018-09-29 12:22:11,795 INFO All done!
26: 2018-09-29 12:22:11,824 INFO Finished training
26: 2018-09-29 12:22:11,825 INFO Train samples 4096 time 6.73596s rate 608.08 samples/s
26: 2018-09-29 12:22:11,825 INFO Valid rate: 2093.24 samples/s
26: 2018-09-29 12:22:11,825 INFO All done!
35: 2018-09-29 12:22:11,861 INFO Finished training
35: 2018-09-29 12:22:11,861 INFO Train samples 4096 time 6.60608s rate 620.035 samples/s
35: 2018-09-29 12:22:11,861 INFO Valid rate: 2077.07 samples/s
35: 2018-09-29 12:22:11,861 INFO All done!
53: 2018-09-29 12:22:11,883 INFO Finished training
53: 2018-09-29 12:22:11,883 INFO Train samples 4096 time 6.72656s rate 608.93 samples/s
53: 2018-09-29 12:22:11,883 INFO Valid rate: 2098.25 samples/s
53: 2018-09-29 12:22:11,883 INFO All done!
59: 2018-09-29 12:22:12,016 INFO Finished training
59: 2018-09-29 12:22:12,016 INFO Train samples 4096 time 12.4265s rate 329.617 samples/s
59: 2018-09-29 12:22:12,016 INFO Valid rate: 2744.26 samples/s
59: 2018-09-29 12:22:12,016 INFO All done!
22: 2018-09-29 12:22:12,272 INFO Finished training
22: 2018-09-29 12:22:12,273 INFO Train samples 4096 time 6.30114s rate 650.041 samples/s
22: 2018-09-29 12:22:12,273 INFO Valid rate: 1983.99 samples/s
22: 2018-09-29 12:22:12,273 INFO All done!
50: 2018-09-29 12:22:12,310 INFO Finished training
50: 2018-09-29 12:22:12,311 INFO Train samples 4096 time 6.26273s rate 654.028 samples/s
50: 2018-09-29 12:22:12,311 INFO Valid rate: 1986.82 samples/s
50: 2018-09-29 12:22:12,311 INFO All done!
13: 2018-09-29 12:22:12,330 INFO Finished training
13: 2018-09-29 12:22:12,331 INFO Train samples 4096 time 6.24723s rate 655.651 samples/s
13: 2018-09-29 12:22:12,331 INFO Valid rate: 1986.01 samples/s
13: 2018-09-29 12:22:12,331 INFO All done!
33: 2018-09-29 12:22:12,354 INFO Finished training
33: 2018-09-29 12:22:12,354 INFO Train samples 4096 time 6.35581s rate 644.45 samples/s
33: 2018-09-29 12:22:12,354 INFO Valid rate: 2015.52 samples/s
33: 2018-09-29 12:22:12,354 INFO All done!
46: 2018-09-29 12:22:12,375 INFO Finished training
46: 2018-09-29 12:22:12,376 INFO Train samples 4096 time 6.21312s rate 659.251 samples/s
46: 2018-09-29 12:22:12,376 INFO Valid rate: 1975.44 samples/s
46: 2018-09-29 12:22:12,376 INFO All done!
47: 2018-09-29 12:22:12,401 INFO Finished training
47: 2018-09-29 12:22:12,401 INFO Train samples 4096 time 6.22845s rate 657.627 samples/s
47: 2018-09-29 12:22:12,401 INFO Valid rate: 1984.93 samples/s
47: 2018-09-29 12:22:12,401 INFO All done!
18: 2018-09-29 12:22:12,426 INFO Finished training
18: 2018-09-29 12:22:12,426 INFO Train samples 4096 time 6.56359s rate 624.049 samples/s
18: 2018-09-29 12:22:12,426 INFO Valid rate: 2042.48 samples/s
18: 2018-09-29 12:22:12,427 INFO All done!
25: 2018-09-29 12:22:12,464 INFO Finished training
25: 2018-09-29 12:22:12,464 INFO Train samples 4096 time 6.18835s rate 661.889 samples/s
25: 2018-09-29 12:22:12,465 INFO Valid rate: 1977.91 samples/s
25: 2018-09-29 12:22:12,465 INFO All done!
21: 2018-09-29 12:22:12,486 INFO Finished training
21: 2018-09-29 12:22:12,487 INFO Train samples 4096 time 6.2005s rate 660.592 samples/s
21: 2018-09-29 12:22:12,487 INFO Valid rate: 1983.17 samples/s
21: 2018-09-29 12:22:12,487 INFO All done!
43: 2018-09-29 12:22:12,509 INFO Finished training
43: 2018-09-29 12:22:12,510 INFO Train samples 4096 time 6.14017s rate 667.083 samples/s
43: 2018-09-29 12:22:12,510 INFO Valid rate: 1975.35 samples/s
43: 2018-09-29 12:22:12,510 INFO All done!
 5: 2018-09-29 12:22:12,545 INFO Finished training
 5: 2018-09-29 12:22:12,545 INFO Train samples 4096 time 6.13818s rate 667.299 samples/s
 5: 2018-09-29 12:22:12,545 INFO Valid rate: 1970.96 samples/s
 5: 2018-09-29 12:22:12,545 INFO All done!
41: 2018-09-29 12:22:12,589 INFO Finished training
41: 2018-09-29 12:22:12,590 INFO Train samples 4096 time 6.10646s rate 670.765 samples/s
41: 2018-09-29 12:22:12,590 INFO Valid rate: 1956.03 samples/s
41: 2018-09-29 12:22:12,590 INFO All done!
