*** WARNING: This is an experimental installation of pytorch built specifically for MPI / distributed running ***
11: 2018-09-28 11:54:05,667 INFO Initializing
12: 2018-09-28 11:54:05,669 INFO Initializing
 6: 2018-09-28 11:54:05,736 INFO Initializing
14: 2018-09-28 11:54:05,742 INFO Initializing
 4: 2018-09-28 11:54:05,747 INFO Initializing
 9: 2018-09-28 11:54:05,751 INFO Initializing
 3: 2018-09-28 11:54:05,761 INFO Initializing
15: 2018-09-28 11:54:05,762 INFO Initializing
 5: 2018-09-28 11:54:05,764 INFO Initializing
 7: 2018-09-28 11:54:05,775 INFO Initializing
10: 2018-09-28 11:54:05,792 INFO Initializing
13: 2018-09-28 11:54:05,794 INFO Initializing
 1: 2018-09-28 11:54:05,794 INFO Initializing
 0: 2018-09-28 11:54:05,867 INFO Initializing
 2: 2018-09-28 11:54:05,931 INFO Initializing
 8: 2018-09-28 11:54:06,363 INFO Initializing
11: 2018-09-28 11:54:06,407 INFO MPI rank 11
10: 2018-09-28 11:54:06,409 INFO MPI rank 10
 1: 2018-09-28 11:54:06,410 INFO MPI rank 1
 0: 2018-09-28 11:54:06,408 INFO MPI rank 0
 9: 2018-09-28 11:54:06,408 INFO MPI rank 9
13: 2018-09-28 11:54:06,409 INFO MPI rank 13
 5: 2018-09-28 11:54:06,409 INFO MPI rank 5
 2: 2018-09-28 11:54:06,409 INFO MPI rank 2
 4: 2018-09-28 11:54:06,410 INFO MPI rank 4
 6: 2018-09-28 11:54:06,408 INFO MPI rank 6
12: 2018-09-28 11:54:06,407 INFO MPI rank 12
 8: 2018-09-28 11:54:06,409 INFO MPI rank 8
15: 2018-09-28 11:54:06,409 INFO MPI rank 15
 7: 2018-09-28 11:54:06,408 INFO MPI rank 7
14: 2018-09-28 11:54:06,408 INFO MPI rank 14
 3: 2018-09-28 11:54:06,409 INFO MPI rank 3
 0: 2018-09-28 11:54:06,414 INFO Configuration: {'data_config': {'train_file': '/global/cscratch1/sd/sfarrell/atlas-rpv-images/train.h5', 'valid_file': '/global/cscratch1/sd/sfarrell/atlas-rpv-images/val.h5', 'test_file': '/global/cscratch1/sd/sfarrell/atlas-rpv-images/test.h5', 'n_train': 65536, 'n_valid': 32768, 'n_test': 1024}, 'model_config': {'conv_sizes': [16, 32, 64], 'dense_sizes': [128], 'optimizer': 'Adam', 'learning_rate': 0.001, 'dropout': 0.2}, 'training_config': {'batch_size': 128, 'n_epochs': 8}, 'output_dir': '$SCRATCH/hep-cnn-pytorch'}
 7: 2018-09-28 11:54:42,905 INFO Loaded data with shape: torch.Size([65536, 1, 64, 64])
13: 2018-09-28 11:54:42,907 INFO Loaded data with shape: torch.Size([65536, 1, 64, 64])
 2: 2018-09-28 11:54:42,908 INFO Loaded data with shape: torch.Size([65536, 1, 64, 64])
 9: 2018-09-28 11:54:42,910 INFO Loaded data with shape: torch.Size([65536, 1, 64, 64])
 3: 2018-09-28 11:54:42,920 INFO Loaded data with shape: torch.Size([65536, 1, 64, 64])
 6: 2018-09-28 11:54:42,956 INFO Loaded data with shape: torch.Size([65536, 1, 64, 64])
 1: 2018-09-28 11:54:42,963 INFO Loaded data with shape: torch.Size([65536, 1, 64, 64])
 4: 2018-09-28 11:54:42,971 INFO Loaded data with shape: torch.Size([65536, 1, 64, 64])
 5: 2018-09-28 11:54:42,970 INFO Loaded data with shape: torch.Size([65536, 1, 64, 64])
12: 2018-09-28 11:54:43,019 INFO Loaded data with shape: torch.Size([65536, 1, 64, 64])
 8: 2018-09-28 11:54:43,029 INFO Loaded data with shape: torch.Size([65536, 1, 64, 64])
10: 2018-09-28 11:54:43,029 INFO Loaded data with shape: torch.Size([65536, 1, 64, 64])
 0: 2018-09-28 11:54:43,036 INFO Loaded data with shape: torch.Size([65536, 1, 64, 64])
11: 2018-09-28 11:54:43,043 INFO Loaded data with shape: torch.Size([65536, 1, 64, 64])
15: 2018-09-28 11:54:43,119 INFO Loaded data with shape: torch.Size([65536, 1, 64, 64])
 4: 2018-09-28 11:54:43,128 INFO Epoch 0
 5: 2018-09-28 11:54:43,126 INFO Epoch 0
 1: 2018-09-28 11:54:43,127 INFO Epoch 0
 0: 2018-09-28 11:54:43,126 INFO Model: 
 0: HEPCNNClassifier(
 0:   (conv_net): Sequential(
 0:     (0): Conv2d(1, 16, kernel_size=(3, 3), stride=(1, 1), padding=(1, 1))
 0:     (1): ReLU()
 0:     (2): MaxPool2d(kernel_size=2, stride=2, padding=0, dilation=1, ceil_mode=False)
 0:     (3): Conv2d(16, 32, kernel_size=(3, 3), stride=(1, 1), padding=(1, 1))
 0:     (4): ReLU()
 0:     (5): MaxPool2d(kernel_size=2, stride=2, padding=0, dilation=1, ceil_mode=False)
 0:     (6): Conv2d(32, 64, kernel_size=(3, 3), stride=(1, 1), padding=(1, 1))
 0:     (7): ReLU()
 0:     (8): MaxPool2d(kernel_size=2, stride=2, padding=0, dilation=1, ceil_mode=False)
 0:   )
 0:   (dense_net): Sequential(
 0:     (0): Linear(in_features=4096, out_features=128, bias=True)
 0:     (1): ReLU()
 0:     (2): Dropout(p=0.2)
 0:     (3): Linear(in_features=128, out_features=1, bias=True)
 0:     (4): Sigmoid()
 0:   )
 0: )
 0: Parameters: 547841
 6: 2018-09-28 11:54:43,126 INFO Epoch 0
 7: 2018-09-28 11:54:43,126 INFO Epoch 0
 2: 2018-09-28 11:54:43,127 INFO Epoch 0
 3: 2018-09-28 11:54:43,127 INFO Epoch 0
 0: 2018-09-28 11:54:43,126 INFO Epoch 0
14: 2018-09-28 11:54:43,149 INFO Loaded data with shape: torch.Size([65536, 1, 64, 64])
 9: 2018-09-28 11:54:43,164 INFO Epoch 0
 8: 2018-09-28 11:54:43,165 INFO Epoch 0
11: 2018-09-28 11:54:43,162 INFO Epoch 0
10: 2018-09-28 11:54:43,165 INFO Epoch 0
12: 2018-09-28 11:54:43,171 INFO Epoch 0
13: 2018-09-28 11:54:43,173 INFO Epoch 0
15: 2018-09-28 11:54:43,172 INFO Epoch 0
14: 2018-09-28 11:54:43,172 INFO Epoch 0
 0: 2018-09-28 11:54:48,574 INFO   Training loss: 0.539
 9: 2018-09-28 11:54:48,574 INFO   Training loss: 0.533
 8: 2018-09-28 11:54:48,575 INFO   Training loss: 0.551
 7: 2018-09-28 11:54:48,574 INFO   Training loss: 0.558
 2: 2018-09-28 11:54:48,575 INFO   Training loss: 0.555
 1: 2018-09-28 11:54:48,576 INFO   Training loss: 0.529
 6: 2018-09-28 11:54:48,574 INFO   Training loss: 0.539
12: 2018-09-28 11:54:48,573 INFO   Training loss: 0.543
11: 2018-09-28 11:54:48,573 INFO   Training loss: 0.550
15: 2018-09-28 11:54:48,575 INFO   Training loss: 0.528
10: 2018-09-28 11:54:48,575 INFO   Training loss: 0.548
 3: 2018-09-28 11:54:48,575 INFO   Training loss: 0.541
 4: 2018-09-28 11:54:48,576 INFO   Training loss: 0.541
 5: 2018-09-28 11:54:48,575 INFO   Training loss: 0.534
13: 2018-09-28 11:54:48,575 INFO   Training loss: 0.540
14: 2018-09-28 11:54:48,574 INFO   Training loss: 0.542
10: 2018-09-28 11:54:58,982 INFO   Validation loss: 0.288 acc: 0.891
12: 2018-09-28 11:54:58,982 INFO   Validation loss: 0.288 acc: 0.891
14: 2018-09-28 11:54:58,994 INFO   Validation loss: 0.288 acc: 0.891
11: 2018-09-28 11:54:59,001 INFO   Validation loss: 0.288 acc: 0.891
 1: 2018-09-28 11:54:59,014 INFO   Validation loss: 0.288 acc: 0.891
15: 2018-09-28 11:54:59,020 INFO   Validation loss: 0.288 acc: 0.891
 8: 2018-09-28 11:54:59,030 INFO   Validation loss: 0.288 acc: 0.891
 2: 2018-09-28 11:54:59,040 INFO   Validation loss: 0.288 acc: 0.891
10: 2018-09-28 11:54:59,139 INFO Epoch 1
 9: 2018-09-28 11:54:59,170 INFO   Validation loss: 0.288 acc: 0.891
 4: 2018-09-28 11:55:00,408 INFO   Validation loss: 0.288 acc: 0.891
 4: 2018-09-28 11:55:02,725 INFO Epoch 1
12: 2018-09-28 11:55:03,039 INFO Epoch 1
14: 2018-09-28 11:55:03,165 INFO Epoch 1
 1: 2018-09-28 11:55:03,191 INFO Epoch 1
 8: 2018-09-28 11:55:03,241 INFO Epoch 1
11: 2018-09-28 11:55:03,264 INFO Epoch 1
15: 2018-09-28 11:55:03,291 INFO Epoch 1
 2: 2018-09-28 11:55:03,316 INFO Epoch 1
 9: 2018-09-28 11:55:03,339 INFO Epoch 1
 3: 2018-09-28 11:55:03,979 INFO   Validation loss: 0.288 acc: 0.891
 3: 2018-09-28 11:55:04,010 INFO Epoch 1
 7: 2018-09-28 11:55:04,102 INFO   Validation loss: 0.288 acc: 0.891
 6: 2018-09-28 11:55:04,104 INFO   Validation loss: 0.288 acc: 0.891
 6: 2018-09-28 11:55:04,296 INFO Epoch 1
13: 2018-09-28 11:55:04,444 INFO   Validation loss: 0.288 acc: 0.891
 7: 2018-09-28 11:55:04,501 INFO Epoch 1
13: 2018-09-28 11:55:04,548 INFO Epoch 1
 5: 2018-09-28 11:55:05,144 INFO   Validation loss: 0.288 acc: 0.891
 5: 2018-09-28 11:55:05,216 INFO Epoch 1
 0: 2018-09-28 11:55:08,016 INFO   Validation loss: 0.288 acc: 0.891
 0: 2018-09-28 11:55:08,040 INFO Epoch 1
 0: 2018-09-28 11:55:13,310 INFO   Training loss: 0.251
 6: 2018-09-28 11:55:13,309 INFO   Training loss: 0.263
 2: 2018-09-28 11:55:13,311 INFO   Training loss: 0.259
 3: 2018-09-28 11:55:13,310 INFO   Training loss: 0.249
 1: 2018-09-28 11:55:13,311 INFO   Training loss: 0.259
 9: 2018-09-28 11:55:13,310 INFO   Training loss: 0.256
12: 2018-09-28 11:55:13,309 INFO   Training loss: 0.247
11: 2018-09-28 11:55:13,308 INFO   Training loss: 0.264
 5: 2018-09-28 11:55:13,311 INFO   Training loss: 0.260
15: 2018-09-28 11:55:13,310 INFO   Training loss: 0.255
 7: 2018-09-28 11:55:13,309 INFO   Training loss: 0.276
10: 2018-09-28 11:55:13,311 INFO   Training loss: 0.256
 4: 2018-09-28 11:55:13,312 INFO   Training loss: 0.244
13: 2018-09-28 11:55:13,311 INFO   Training loss: 0.254
14: 2018-09-28 11:55:13,310 INFO   Training loss: 0.275
 8: 2018-09-28 11:55:13,311 INFO   Training loss: 0.251
10: 2018-09-28 11:55:23,767 INFO   Validation loss: 0.233 acc: 0.905
 2: 2018-09-28 11:55:23,771 INFO   Validation loss: 0.233 acc: 0.905
12: 2018-09-28 11:55:23,770 INFO   Validation loss: 0.233 acc: 0.905
 9: 2018-09-28 11:55:23,803 INFO   Validation loss: 0.233 acc: 0.905
 8: 2018-09-28 11:55:23,811 INFO   Validation loss: 0.233 acc: 0.905
14: 2018-09-28 11:55:23,841 INFO   Validation loss: 0.233 acc: 0.905
10: 2018-09-28 11:55:23,904 INFO Epoch 2
 5: 2018-09-28 11:55:23,910 INFO   Validation loss: 0.233 acc: 0.905
15: 2018-09-28 11:55:23,912 INFO   Validation loss: 0.233 acc: 0.905
 4: 2018-09-28 11:55:23,948 INFO   Validation loss: 0.233 acc: 0.905
 9: 2018-09-28 11:55:25,851 INFO Epoch 2
 4: 2018-09-28 11:55:26,627 INFO Epoch 2
 2: 2018-09-28 11:55:27,060 INFO Epoch 2
 8: 2018-09-28 11:55:27,086 INFO Epoch 2
12: 2018-09-28 11:55:27,159 INFO Epoch 2
14: 2018-09-28 11:55:27,209 INFO Epoch 2
15: 2018-09-28 11:55:27,235 INFO Epoch 2
 5: 2018-09-28 11:55:27,260 INFO Epoch 2
11: 2018-09-28 11:55:28,742 INFO   Validation loss: 0.233 acc: 0.905
 3: 2018-09-28 11:55:28,744 INFO   Validation loss: 0.233 acc: 0.905
 7: 2018-09-28 11:55:28,813 INFO   Validation loss: 0.233 acc: 0.905
 0: 2018-09-28 11:55:28,836 INFO   Validation loss: 0.233 acc: 0.905
 6: 2018-09-28 11:55:28,866 INFO   Validation loss: 0.233 acc: 0.905
 3: 2018-09-28 11:55:29,153 INFO Epoch 2
13: 2018-09-28 11:55:29,270 INFO   Validation loss: 0.233 acc: 0.905
 0: 2018-09-28 11:55:29,888 INFO Epoch 2
11: 2018-09-28 11:55:29,966 INFO Epoch 2
 1: 2018-09-28 11:55:30,137 INFO   Validation loss: 0.233 acc: 0.905
13: 2018-09-28 11:55:30,235 INFO Epoch 2
 1: 2018-09-28 11:55:30,681 INFO Epoch 2
 7: 2018-09-28 11:55:30,836 INFO Epoch 2
 6: 2018-09-28 11:55:30,854 INFO Epoch 2
 5: 2018-09-28 11:55:35,812 INFO   Training loss: 0.236
 2: 2018-09-28 11:55:35,812 INFO   Training loss: 0.236
 1: 2018-09-28 11:55:35,813 INFO   Training loss: 0.236
 9: 2018-09-28 11:55:35,811 INFO   Training loss: 0.232
13: 2018-09-28 11:55:35,812 INFO   Training loss: 0.235
 8: 2018-09-28 11:55:35,813 INFO   Training loss: 0.230
15: 2018-09-28 11:55:35,812 INFO   Training loss: 0.234
 7: 2018-09-28 11:55:35,811 INFO   Training loss: 0.247
 3: 2018-09-28 11:55:35,812 INFO   Training loss: 0.235
 6: 2018-09-28 11:55:35,811 INFO   Training loss: 0.239
12: 2018-09-28 11:55:35,811 INFO   Training loss: 0.228
14: 2018-09-28 11:55:35,811 INFO   Training loss: 0.246
10: 2018-09-28 11:55:35,812 INFO   Training loss: 0.235
 4: 2018-09-28 11:55:35,814 INFO   Training loss: 0.227
11: 2018-09-28 11:55:35,810 INFO   Training loss: 0.248
 0: 2018-09-28 11:55:35,812 INFO   Training loss: 0.231
10: 2018-09-28 11:55:46,266 INFO   Validation loss: 0.230 acc: 0.906
10: 2018-09-28 11:55:46,277 INFO Epoch 3
12: 2018-09-28 11:55:46,285 INFO   Validation loss: 0.230 acc: 0.906
 2: 2018-09-28 11:55:46,308 INFO   Validation loss: 0.230 acc: 0.906
11: 2018-09-28 11:55:46,337 INFO   Validation loss: 0.230 acc: 0.906
 4: 2018-09-28 11:55:46,344 INFO   Validation loss: 0.230 acc: 0.906
14: 2018-09-28 11:55:46,350 INFO   Validation loss: 0.230 acc: 0.906
 8: 2018-09-28 11:55:46,356 INFO   Validation loss: 0.230 acc: 0.906
 9: 2018-09-28 11:55:46,365 INFO   Validation loss: 0.230 acc: 0.906
 7: 2018-09-28 11:55:46,408 INFO   Validation loss: 0.230 acc: 0.906
15: 2018-09-28 11:55:46,414 INFO   Validation loss: 0.230 acc: 0.906
 5: 2018-09-28 11:55:46,421 INFO   Validation loss: 0.230 acc: 0.906
13: 2018-09-28 11:55:46,447 INFO   Validation loss: 0.230 acc: 0.906
 4: 2018-09-28 11:55:50,631 INFO Epoch 3
 3: 2018-09-28 11:55:51,208 INFO   Validation loss: 0.230 acc: 0.906
 6: 2018-09-28 11:55:51,265 INFO   Validation loss: 0.230 acc: 0.906
 0: 2018-09-28 11:55:51,334 INFO   Validation loss: 0.230 acc: 0.906
 2: 2018-09-28 11:55:51,858 INFO Epoch 3
12: 2018-09-28 11:55:51,957 INFO Epoch 3
11: 2018-09-28 11:55:51,990 INFO Epoch 3
 8: 2018-09-28 11:55:52,075 INFO Epoch 3
13: 2018-09-28 11:55:52,225 INFO Epoch 3
 9: 2018-09-28 11:55:52,292 INFO Epoch 3
14: 2018-09-28 11:55:52,315 INFO Epoch 3
15: 2018-09-28 11:55:52,341 INFO Epoch 3
 7: 2018-09-28 11:55:52,365 INFO Epoch 3
 5: 2018-09-28 11:55:52,399 INFO Epoch 3
 1: 2018-09-28 11:55:52,647 INFO   Validation loss: 0.230 acc: 0.906
 0: 2018-09-28 11:55:52,720 INFO Epoch 3
 1: 2018-09-28 11:55:53,044 INFO Epoch 3
 3: 2018-09-28 11:55:53,516 INFO Epoch 3
 6: 2018-09-28 11:55:53,539 INFO Epoch 3
 6: 2018-09-28 11:55:58,204 INFO   Training loss: 0.231
13: 2018-09-28 11:55:58,206 INFO   Training loss: 0.231
15: 2018-09-28 11:55:58,205 INFO   Training loss: 0.229
14: 2018-09-28 11:55:58,204 INFO   Training loss: 0.240
10: 2018-09-28 11:55:58,205 INFO   Training loss: 0.228
 3: 2018-09-28 11:55:58,205 INFO   Training loss: 0.230
 4: 2018-09-28 11:55:58,207 INFO   Training loss: 0.222
 5: 2018-09-28 11:55:58,205 INFO   Training loss: 0.231
 0: 2018-09-28 11:55:58,204 INFO   Training loss: 0.228
 9: 2018-09-28 11:55:58,205 INFO   Training loss: 0.226
12: 2018-09-28 11:55:58,204 INFO   Training loss: 0.222
 8: 2018-09-28 11:55:58,206 INFO   Training loss: 0.226
11: 2018-09-28 11:55:58,203 INFO   Training loss: 0.243
 7: 2018-09-28 11:55:58,204 INFO   Training loss: 0.240
 2: 2018-09-28 11:55:58,206 INFO   Training loss: 0.230
 1: 2018-09-28 11:55:58,206 INFO   Training loss: 0.232
 8: 2018-09-28 11:56:08,637 INFO   Validation loss: 0.223 acc: 0.909
 8: 2018-09-28 11:56:08,646 INFO Epoch 4
10: 2018-09-28 11:56:08,678 INFO   Validation loss: 0.223 acc: 0.909
12: 2018-09-28 11:56:08,710 INFO   Validation loss: 0.223 acc: 0.909
11: 2018-09-28 11:56:08,715 INFO   Validation loss: 0.223 acc: 0.909
 2: 2018-09-28 11:56:08,727 INFO   Validation loss: 0.223 acc: 0.909
14: 2018-09-28 11:56:08,738 INFO   Validation loss: 0.223 acc: 0.909
 4: 2018-09-28 11:56:08,743 INFO   Validation loss: 0.223 acc: 0.909
 9: 2018-09-28 11:56:08,768 INFO   Validation loss: 0.223 acc: 0.909
 3: 2018-09-28 11:56:08,803 INFO   Validation loss: 0.223 acc: 0.909
 7: 2018-09-28 11:56:08,822 INFO   Validation loss: 0.223 acc: 0.909
 5: 2018-09-28 11:56:08,825 INFO   Validation loss: 0.223 acc: 0.909
15: 2018-09-28 11:56:08,861 INFO   Validation loss: 0.223 acc: 0.909
 4: 2018-09-28 11:56:12,393 INFO Epoch 4
12: 2018-09-28 11:56:13,241 INFO Epoch 4
10: 2018-09-28 11:56:13,299 INFO Epoch 4
11: 2018-09-28 11:56:13,401 INFO Epoch 4
15: 2018-09-28 11:56:13,435 INFO Epoch 4
 2: 2018-09-28 11:56:13,461 INFO Epoch 4
14: 2018-09-28 11:56:13,485 INFO Epoch 4
 9: 2018-09-28 11:56:13,544 INFO Epoch 4
13: 2018-09-28 11:56:13,647 INFO   Validation loss: 0.223 acc: 0.909
 6: 2018-09-28 11:56:13,761 INFO   Validation loss: 0.223 acc: 0.909
 3: 2018-09-28 11:56:14,006 INFO Epoch 4
 7: 2018-09-28 11:56:14,031 INFO Epoch 4
 5: 2018-09-28 11:56:14,055 INFO Epoch 4
13: 2018-09-28 11:56:14,452 INFO Epoch 4
 6: 2018-09-28 11:56:14,485 INFO Epoch 4
 0: 2018-09-28 11:56:14,756 INFO   Validation loss: 0.223 acc: 0.909
 0: 2018-09-28 11:56:14,795 INFO Epoch 4
 1: 2018-09-28 11:56:15,066 INFO   Validation loss: 0.223 acc: 0.909
 1: 2018-09-28 11:56:15,151 INFO Epoch 4
 6: 2018-09-28 11:56:19,809 INFO   Training loss: 0.231
12: 2018-09-28 11:56:19,808 INFO   Training loss: 0.218
13: 2018-09-28 11:56:19,810 INFO   Training loss: 0.227
15: 2018-09-28 11:56:19,810 INFO   Training loss: 0.223
10: 2018-09-28 11:56:19,810 INFO   Training loss: 0.223
 2: 2018-09-28 11:56:19,810 INFO   Training loss: 0.227
 3: 2018-09-28 11:56:19,810 INFO   Training loss: 0.226
11: 2018-09-28 11:56:19,808 INFO   Training loss: 0.240
14: 2018-09-28 11:56:19,809 INFO   Training loss: 0.238
 0: 2018-09-28 11:56:19,809 INFO   Training loss: 0.225
 4: 2018-09-28 11:56:19,811 INFO   Training loss: 0.219
 9: 2018-09-28 11:56:19,809 INFO   Training loss: 0.223
 5: 2018-09-28 11:56:19,810 INFO   Training loss: 0.227
 7: 2018-09-28 11:56:19,809 INFO   Training loss: 0.238
 1: 2018-09-28 11:56:19,811 INFO   Training loss: 0.227
 8: 2018-09-28 11:56:19,811 INFO   Training loss: 0.222
10: 2018-09-28 11:56:30,277 INFO   Validation loss: 0.221 acc: 0.912
10: 2018-09-28 11:56:30,284 INFO Epoch 5
 8: 2018-09-28 11:56:30,308 INFO   Validation loss: 0.221 acc: 0.912
11: 2018-09-28 11:56:30,312 INFO   Validation loss: 0.221 acc: 0.912
12: 2018-09-28 11:56:30,319 INFO   Validation loss: 0.221 acc: 0.912
 2: 2018-09-28 11:56:30,349 INFO   Validation loss: 0.221 acc: 0.912
14: 2018-09-28 11:56:30,350 INFO   Validation loss: 0.221 acc: 0.912
 4: 2018-09-28 11:56:30,352 INFO   Validation loss: 0.221 acc: 0.912
 9: 2018-09-28 11:56:30,390 INFO   Validation loss: 0.221 acc: 0.912
 3: 2018-09-28 11:56:30,425 INFO   Validation loss: 0.221 acc: 0.912
 5: 2018-09-28 11:56:30,442 INFO   Validation loss: 0.221 acc: 0.912
15: 2018-09-28 11:56:30,477 INFO   Validation loss: 0.221 acc: 0.912
13: 2018-09-28 11:56:30,486 INFO   Validation loss: 0.221 acc: 0.912
 7: 2018-09-28 11:56:30,492 INFO   Validation loss: 0.221 acc: 0.912
11: 2018-09-28 11:56:33,107 INFO Epoch 5
 4: 2018-09-28 11:56:34,133 INFO Epoch 5
 8: 2018-09-28 11:56:34,552 INFO Epoch 5
12: 2018-09-28 11:56:34,984 INFO Epoch 5
 2: 2018-09-28 11:56:35,031 INFO Epoch 5
13: 2018-09-28 11:56:35,157 INFO Epoch 5
14: 2018-09-28 11:56:35,184 INFO Epoch 5
15: 2018-09-28 11:56:35,230 INFO Epoch 5
 9: 2018-09-28 11:56:35,312 INFO Epoch 5
 3: 2018-09-28 11:56:35,345 INFO Epoch 5
 5: 2018-09-28 11:56:35,371 INFO Epoch 5
 6: 2018-09-28 11:56:35,394 INFO   Validation loss: 0.221 acc: 0.912
 7: 2018-09-28 11:56:35,396 INFO Epoch 5
 6: 2018-09-28 11:56:35,429 INFO Epoch 5
 0: 2018-09-28 11:56:36,393 INFO   Validation loss: 0.221 acc: 0.912
 0: 2018-09-28 11:56:36,478 INFO Epoch 5
 1: 2018-09-28 11:56:36,681 INFO   Validation loss: 0.221 acc: 0.912
 1: 2018-09-28 11:56:36,777 INFO Epoch 5
13: 2018-09-28 11:56:41,441 INFO   Training loss: 0.226
 5: 2018-09-28 11:56:41,440 INFO   Training loss: 0.224
14: 2018-09-28 11:56:41,440 INFO   Training loss: 0.232
10: 2018-09-28 11:56:41,441 INFO   Training loss: 0.225
 2: 2018-09-28 11:56:41,441 INFO   Training loss: 0.225
 3: 2018-09-28 11:56:41,440 INFO   Training loss: 0.228
 1: 2018-09-28 11:56:41,441 INFO   Training loss: 0.221
 8: 2018-09-28 11:56:41,441 INFO   Training loss: 0.222
11: 2018-09-28 11:56:41,438 INFO   Training loss: 0.239
 0: 2018-09-28 11:56:41,440 INFO   Training loss: 0.222
 6: 2018-09-28 11:56:41,439 INFO   Training loss: 0.226
 9: 2018-09-28 11:56:41,440 INFO   Training loss: 0.221
12: 2018-09-28 11:56:41,439 INFO   Training loss: 0.213
 7: 2018-09-28 11:56:41,440 INFO   Training loss: 0.232
 4: 2018-09-28 11:56:41,442 INFO   Training loss: 0.217
15: 2018-09-28 11:56:41,441 INFO   Training loss: 0.223
 8: 2018-09-28 11:56:51,848 INFO   Validation loss: 0.232 acc: 0.905
 8: 2018-09-28 11:56:51,855 INFO Epoch 6
10: 2018-09-28 11:56:51,866 INFO   Validation loss: 0.232 acc: 0.905
11: 2018-09-28 11:56:51,906 INFO   Validation loss: 0.232 acc: 0.905
12: 2018-09-28 11:56:51,925 INFO   Validation loss: 0.232 acc: 0.905
 2: 2018-09-28 11:56:51,931 INFO   Validation loss: 0.232 acc: 0.905
14: 2018-09-28 11:56:51,933 INFO   Validation loss: 0.232 acc: 0.905
 9: 2018-09-28 11:56:51,964 INFO   Validation loss: 0.232 acc: 0.905
 4: 2018-09-28 11:56:52,006 INFO   Validation loss: 0.232 acc: 0.905
 7: 2018-09-28 11:56:52,033 INFO   Validation loss: 0.232 acc: 0.905
 3: 2018-09-28 11:56:52,036 INFO   Validation loss: 0.232 acc: 0.905
15: 2018-09-28 11:56:52,051 INFO   Validation loss: 0.232 acc: 0.905
 5: 2018-09-28 11:56:52,074 INFO   Validation loss: 0.232 acc: 0.905
13: 2018-09-28 11:56:52,091 INFO   Validation loss: 0.232 acc: 0.905
11: 2018-09-28 11:56:54,526 INFO Epoch 6
 9: 2018-09-28 11:56:55,206 INFO Epoch 6
 4: 2018-09-28 11:56:55,817 INFO Epoch 6
10: 2018-09-28 11:56:56,359 INFO Epoch 6
12: 2018-09-28 11:56:56,728 INFO Epoch 6
 2: 2018-09-28 11:56:56,797 INFO Epoch 6
14: 2018-09-28 11:56:56,872 INFO Epoch 6
13: 2018-09-28 11:56:56,902 INFO Epoch 6
15: 2018-09-28 11:56:56,982 INFO Epoch 6
 6: 2018-09-28 11:56:56,983 INFO   Validation loss: 0.232 acc: 0.905
 7: 2018-09-28 11:56:57,039 INFO Epoch 6
 0: 2018-09-28 11:56:57,042 INFO   Validation loss: 0.232 acc: 0.905
 3: 2018-09-28 11:56:57,066 INFO Epoch 6
 5: 2018-09-28 11:56:57,096 INFO Epoch 6
 6: 2018-09-28 11:56:57,340 INFO Epoch 6
 0: 2018-09-28 11:56:57,434 INFO Epoch 6
 1: 2018-09-28 11:56:58,289 INFO   Validation loss: 0.232 acc: 0.905
 1: 2018-09-28 11:56:58,369 INFO Epoch 6
 9: 2018-09-28 11:57:02,958 INFO   Training loss: 0.225
12: 2018-09-28 11:57:02,958 INFO   Training loss: 0.220
 8: 2018-09-28 11:57:02,960 INFO   Training loss: 0.223
 5: 2018-09-28 11:57:02,959 INFO   Training loss: 0.228
15: 2018-09-28 11:57:02,959 INFO   Training loss: 0.226
 7: 2018-09-28 11:57:02,958 INFO   Training loss: 0.238
14: 2018-09-28 11:57:02,958 INFO   Training loss: 0.240
 2: 2018-09-28 11:57:02,959 INFO   Training loss: 0.227
 3: 2018-09-28 11:57:02,959 INFO   Training loss: 0.228
 1: 2018-09-28 11:57:02,960 INFO   Training loss: 0.232
 4: 2018-09-28 11:57:02,960 INFO   Training loss: 0.221
 6: 2018-09-28 11:57:02,958 INFO   Training loss: 0.233
13: 2018-09-28 11:57:02,960 INFO   Training loss: 0.228
11: 2018-09-28 11:57:02,957 INFO   Training loss: 0.240
10: 2018-09-28 11:57:02,959 INFO   Training loss: 0.226
 0: 2018-09-28 11:57:02,958 INFO   Training loss: 0.228
 8: 2018-09-28 11:57:13,380 INFO   Validation loss: 0.225 acc: 0.909
 8: 2018-09-28 11:57:13,388 INFO Epoch 7
10: 2018-09-28 11:57:13,401 INFO   Validation loss: 0.225 acc: 0.909
 9: 2018-09-28 11:57:13,442 INFO   Validation loss: 0.225 acc: 0.909
11: 2018-09-28 11:57:13,458 INFO   Validation loss: 0.225 acc: 0.909
 2: 2018-09-28 11:57:13,466 INFO   Validation loss: 0.225 acc: 0.909
14: 2018-09-28 11:57:13,478 INFO   Validation loss: 0.225 acc: 0.909
12: 2018-09-28 11:57:13,496 INFO   Validation loss: 0.225 acc: 0.909
 7: 2018-09-28 11:57:13,550 INFO   Validation loss: 0.225 acc: 0.909
 3: 2018-09-28 11:57:13,556 INFO   Validation loss: 0.225 acc: 0.909
15: 2018-09-28 11:57:13,585 INFO   Validation loss: 0.225 acc: 0.909
 5: 2018-09-28 11:57:13,589 INFO   Validation loss: 0.225 acc: 0.909
 4: 2018-09-28 11:57:13,599 INFO   Validation loss: 0.225 acc: 0.909
13: 2018-09-28 11:57:13,631 INFO   Validation loss: 0.225 acc: 0.909
 4: 2018-09-28 11:57:17,830 INFO Epoch 7
 9: 2018-09-28 11:57:18,285 INFO Epoch 7
10: 2018-09-28 11:57:18,346 INFO Epoch 7
 6: 2018-09-28 11:57:18,446 INFO   Validation loss: 0.225 acc: 0.909
11: 2018-09-28 11:57:18,497 INFO Epoch 7
 0: 2018-09-28 11:57:18,574 INFO   Validation loss: 0.225 acc: 0.909
 2: 2018-09-28 11:57:18,711 INFO Epoch 7
15: 2018-09-28 11:57:19,012 INFO Epoch 7
14: 2018-09-28 11:57:19,030 INFO Epoch 7
13: 2018-09-28 11:57:19,076 INFO Epoch 7
12: 2018-09-28 11:57:19,111 INFO Epoch 7
 7: 2018-09-28 11:57:19,128 INFO Epoch 7
 3: 2018-09-28 11:57:19,148 INFO Epoch 7
 5: 2018-09-28 11:57:19,171 INFO Epoch 7
 6: 2018-09-28 11:57:19,374 INFO Epoch 7
 0: 2018-09-28 11:57:19,446 INFO Epoch 7
 1: 2018-09-28 11:57:19,820 INFO   Validation loss: 0.225 acc: 0.909
 1: 2018-09-28 11:57:19,851 INFO Epoch 7
13: 2018-09-28 11:57:24,401 INFO   Training loss: 0.222
 5: 2018-09-28 11:57:24,401 INFO   Training loss: 0.224
15: 2018-09-28 11:57:24,401 INFO   Training loss: 0.220
 3: 2018-09-28 11:57:24,401 INFO   Training loss: 0.224
 4: 2018-09-28 11:57:24,402 INFO   Training loss: 0.212
 6: 2018-09-28 11:57:24,400 INFO   Training loss: 0.223
 9: 2018-09-28 11:57:24,400 INFO   Training loss: 0.216
12: 2018-09-28 11:57:24,400 INFO   Training loss: 0.213
14: 2018-09-28 11:57:24,400 INFO   Training loss: 0.233
 1: 2018-09-28 11:57:24,402 INFO   Training loss: 0.227
11: 2018-09-28 11:57:24,399 INFO   Training loss: 0.230
10: 2018-09-28 11:57:24,401 INFO   Training loss: 0.215
 0: 2018-09-28 11:57:24,400 INFO   Training loss: 0.221
 8: 2018-09-28 11:57:24,402 INFO   Training loss: 0.216
 7: 2018-09-28 11:57:24,400 INFO   Training loss: 0.233
 2: 2018-09-28 11:57:24,401 INFO   Training loss: 0.223
 8: 2018-09-28 11:57:34,830 INFO   Validation loss: 0.222 acc: 0.911
 8: 2018-09-28 11:57:34,839 INFO Finished training
 8: 2018-09-28 11:57:34,839 INFO Train samples 4096 time 8.81365s rate 464.734 samples/s
 8: 2018-09-28 11:57:34,839 INFO Valid rate: 3132.7 samples/s
 8: 2018-09-28 11:57:34,839 INFO All done!
10: 2018-09-28 11:57:34,885 INFO   Validation loss: 0.222 acc: 0.911
12: 2018-09-28 11:57:34,890 INFO   Validation loss: 0.222 acc: 0.911
11: 2018-09-28 11:57:34,895 INFO   Validation loss: 0.222 acc: 0.911
14: 2018-09-28 11:57:34,900 INFO   Validation loss: 0.222 acc: 0.911
 9: 2018-09-28 11:57:34,903 INFO   Validation loss: 0.222 acc: 0.911
 7: 2018-09-28 11:57:34,975 INFO   Validation loss: 0.222 acc: 0.911
 3: 2018-09-28 11:57:34,977 INFO   Validation loss: 0.222 acc: 0.911
 5: 2018-09-28 11:57:34,995 INFO   Validation loss: 0.222 acc: 0.911
 4: 2018-09-28 11:57:35,048 INFO   Validation loss: 0.222 acc: 0.911
15: 2018-09-28 11:57:35,094 INFO   Validation loss: 0.222 acc: 0.911
 4: 2018-09-28 11:57:38,311 INFO Finished training
 4: 2018-09-28 11:57:38,312 INFO Train samples 4096 time 7.65489s rate 535.083 samples/s
 4: 2018-09-28 11:57:38,312 INFO Valid rate: 3050.97 samples/s
 4: 2018-09-28 11:57:38,312 INFO All done!
10: 2018-09-28 11:57:38,657 INFO Finished training
10: 2018-09-28 11:57:38,657 INFO Train samples 4096 time 9.21778s rate 444.359 samples/s
10: 2018-09-28 11:57:38,658 INFO Valid rate: 3135.56 samples/s
10: 2018-09-28 11:57:38,658 INFO All done!
11: 2018-09-28 11:57:38,815 INFO Finished training
11: 2018-09-28 11:57:38,815 INFO Train samples 4096 time 7.07276s rate 579.123 samples/s
11: 2018-09-28 11:57:38,815 INFO Valid rate: 2950 samples/s
11: 2018-09-28 11:57:38,815 INFO All done!
12: 2018-09-28 11:57:38,862 INFO Finished training
12: 2018-09-28 11:57:38,862 INFO Train samples 4096 time 6.88864s rate 594.602 samples/s
12: 2018-09-28 11:57:38,862 INFO Valid rate: 3125.52 samples/s
12: 2018-09-28 11:57:38,862 INFO All done!
14: 2018-09-28 11:57:38,912 INFO Finished training
14: 2018-09-28 11:57:38,912 INFO Train samples 4096 time 6.75915s rate 605.993 samples/s
14: 2018-09-28 11:57:38,913 INFO Valid rate: 3118.05 samples/s
14: 2018-09-28 11:57:38,913 INFO All done!
 9: 2018-09-28 11:57:38,935 INFO Finished training
 9: 2018-09-28 11:57:38,935 INFO Train samples 4096 time 7.18903s rate 569.757 samples/s
 9: 2018-09-28 11:57:38,936 INFO Valid rate: 3110.01 samples/s
 9: 2018-09-28 11:57:38,936 INFO All done!
15: 2018-09-28 11:57:39,050 INFO Finished training
15: 2018-09-28 11:57:39,050 INFO Train samples 4096 time 6.72665s rate 608.921 samples/s
15: 2018-09-28 11:57:39,050 INFO Valid rate: 3087.7 samples/s
15: 2018-09-28 11:57:39,050 INFO All done!
 7: 2018-09-28 11:57:39,099 INFO Finished training
 7: 2018-09-28 11:57:39,099 INFO Train samples 4096 time 6.01031s rate 681.496 samples/s
 7: 2018-09-28 11:57:39,099 INFO Valid rate: 2768.51 samples/s
 7: 2018-09-28 11:57:39,099 INFO All done!
 3: 2018-09-28 11:57:39,125 INFO Finished training
 3: 2018-09-28 11:57:39,125 INFO Train samples 4096 time 6.14235s rate 666.846 samples/s
 3: 2018-09-28 11:57:39,125 INFO Valid rate: 2642.25 samples/s
 3: 2018-09-28 11:57:39,125 INFO All done!
 5: 2018-09-28 11:57:39,145 INFO Finished training
 5: 2018-09-28 11:57:39,145 INFO Train samples 4096 time 6.35213s rate 644.823 samples/s
 5: 2018-09-28 11:57:39,146 INFO Valid rate: 2884.39 samples/s
 5: 2018-09-28 11:57:39,146 INFO All done!
13: 2018-09-28 11:57:39,822 INFO   Validation loss: 0.222 acc: 0.911
13: 2018-09-28 11:57:39,865 INFO Finished training
13: 2018-09-28 11:57:39,865 INFO Train samples 4096 time 6.09357s rate 672.184 samples/s
13: 2018-09-28 11:57:39,865 INFO Valid rate: 2489.17 samples/s
13: 2018-09-28 11:57:39,865 INFO All done!
 6: 2018-09-28 11:57:39,907 INFO   Validation loss: 0.222 acc: 0.911
 2: 2018-09-28 11:57:39,965 INFO   Validation loss: 0.222 acc: 0.911
 0: 2018-09-28 11:57:40,019 INFO   Validation loss: 0.222 acc: 0.911
 0: 2018-09-28 11:57:40,606 INFO Saving summaries to /global/cscratch1/sd/sfarrell/hep-cnn-pytorch/summaries.npz
 0: 2018-09-28 11:57:40,619 INFO Finished training
 0: 2018-09-28 11:57:40,619 INFO Train samples 4096 time 5.32229s rate 769.593 samples/s
 0: 2018-09-28 11:57:40,620 INFO Valid rate: 2009.59 samples/s
 0: 2018-09-28 11:57:40,620 INFO All done!
 2: 2018-09-28 11:57:41,192 INFO Finished training
 2: 2018-09-28 11:57:41,192 INFO Train samples 4096 time 6.89397s rate 594.142 samples/s
 2: 2018-09-28 11:57:41,192 INFO Valid rate: 2944.23 samples/s
 2: 2018-09-28 11:57:41,193 INFO All done!
 6: 2018-09-28 11:57:41,210 INFO Finished training
 6: 2018-09-28 11:57:41,211 INFO Train samples 4096 time 5.75731s rate 711.443 samples/s
 6: 2018-09-28 11:57:41,211 INFO Valid rate: 2110.37 samples/s
 6: 2018-09-28 11:57:41,211 INFO All done!
 1: 2018-09-28 11:57:41,281 INFO   Validation loss: 0.222 acc: 0.911
 1: 2018-09-28 11:57:41,314 INFO Finished training
 1: 2018-09-28 11:57:41,314 INFO Train samples 4096 time 5.54081s rate 739.242 samples/s
 1: 2018-09-28 11:57:41,314 INFO Valid rate: 2041.6 samples/s
 1: 2018-09-28 11:57:41,314 INFO All done!
