*** WARNING: This is an experimental installation of pytorch built specifically for MPI / distributed running ***
0: 2018-09-29 13:06:44,884 INFO Initializing
0: 2018-09-29 13:06:44,916 INFO MPI rank 0
0: 2018-09-29 13:06:44,932 INFO Configuration: {'data_config': {'train_file': '/global/cscratch1/sd/sfarrell/atlas-rpv-images/train.h5', 'valid_file': '/global/cscratch1/sd/sfarrell/atlas-rpv-images/val.h5', 'test_file': '/global/cscratch1/sd/sfarrell/atlas-rpv-images/test.h5', 'n_train': 409600, 'n_valid': 32768, 'n_test': 1024}, 'model_config': {'conv_sizes': [16, 32, 64], 'dense_sizes': [128], 'optimizer': 'Adam', 'learning_rate': 0.001, 'dropout': 0.2}, 'training_config': {'batch_size': 128, 'n_epochs': 2}, 'output_dir': '$SCRATCH/hep-cnn-pytorch'}
0: 2018-09-29 13:09:27,496 INFO Loaded data with shape: torch.Size([409600, 1, 64, 64])
0: 2018-09-29 13:09:27,502 INFO Model: 
0: HEPCNNClassifier(
0:   (conv_net): Sequential(
0:     (0): Conv2d(1, 16, kernel_size=(3, 3), stride=(1, 1), padding=(1, 1))
0:     (1): ReLU()
0:     (2): MaxPool2d(kernel_size=2, stride=2, padding=0, dilation=1, ceil_mode=False)
0:     (3): Conv2d(16, 32, kernel_size=(3, 3), stride=(1, 1), padding=(1, 1))
0:     (4): ReLU()
0:     (5): MaxPool2d(kernel_size=2, stride=2, padding=0, dilation=1, ceil_mode=False)
0:     (6): Conv2d(32, 64, kernel_size=(3, 3), stride=(1, 1), padding=(1, 1))
0:     (7): ReLU()
0:     (8): MaxPool2d(kernel_size=2, stride=2, padding=0, dilation=1, ceil_mode=False)
0:   )
0:   (dense_net): Sequential(
0:     (0): Linear(in_features=4096, out_features=128, bias=True)
0:     (1): ReLU()
0:     (2): Dropout(p=0.2)
0:     (3): Linear(in_features=128, out_features=1, bias=True)
0:     (4): Sigmoid()
0:   )
0: )
0: Parameters: 547841
0: 2018-09-29 13:09:27,502 INFO Epoch 0
0: 2018-09-29 13:16:34,156 INFO   Training loss: 0.176
0: 2018-09-29 13:16:45,468 INFO   Validation loss: 0.036 acc: 0.987
0: 2018-09-29 13:16:45,474 INFO Epoch 1
0: 2018-09-29 13:24:24,556 INFO   Training loss: 0.044
0: 2018-09-29 13:24:35,847 INFO   Validation loss: 0.037 acc: 0.987
0: 2018-09-29 13:24:35,854 INFO Saving summaries to /global/cscratch1/sd/sfarrell/hep-cnn-pytorch/summaries.npz
0: 2018-09-29 13:24:35,868 INFO Finished training
0: 2018-09-29 13:24:35,868 INFO Train samples 409600 time 442.868s rate 924.881 samples/s
0: 2018-09-29 13:24:35,868 INFO Valid rate: 2899.52 samples/s
0: 2018-09-29 13:24:35,868 INFO All done!
