*** WARNING: This is an experimental installation of pytorch built specifically for MPI / distributed running ***
12: 2018-09-27 23:21:05,471 INFO Initializing
 7: 2018-09-27 23:21:05,473 INFO Initializing
 2: 2018-09-27 23:21:05,832 INFO Initializing
10: 2018-09-27 23:21:05,979 INFO Initializing
 3: 2018-09-27 23:21:05,996 INFO Initializing
13: 2018-09-27 23:21:06,012 INFO Initializing
 8: 2018-09-27 23:21:06,112 INFO Initializing
15: 2018-09-27 23:21:06,118 INFO Initializing
 0: 2018-09-27 23:21:06,255 INFO Initializing
 1: 2018-09-27 23:21:06,358 INFO Initializing
 5: 2018-09-27 23:21:06,367 INFO Initializing
 4: 2018-09-27 23:21:06,496 INFO Initializing
 6: 2018-09-27 23:21:06,533 INFO Initializing
14: 2018-09-27 23:21:06,535 INFO Initializing
 9: 2018-09-27 23:21:06,849 INFO Initializing
11: 2018-09-27 23:21:06,999 INFO Initializing
 5: 2018-09-27 23:21:07,045 INFO MPI rank 5
 1: 2018-09-27 23:21:07,045 INFO MPI rank 1
 6: 2018-09-27 23:21:07,048 INFO MPI rank 6
 7: 2018-09-27 23:21:07,047 INFO MPI rank 7
13: 2018-09-27 23:21:07,044 INFO MPI rank 13
10: 2018-09-27 23:21:07,045 INFO MPI rank 10
 8: 2018-09-27 23:21:07,048 INFO MPI rank 8
 9: 2018-09-27 23:21:07,045 INFO MPI rank 9
11: 2018-09-27 23:21:07,046 INFO MPI rank 11
 3: 2018-09-27 23:21:07,045 INFO MPI rank 3
 2: 2018-09-27 23:21:07,046 INFO MPI rank 2
 4: 2018-09-27 23:21:07,044 INFO MPI rank 4
15: 2018-09-27 23:21:07,046 INFO MPI rank 15
12: 2018-09-27 23:21:07,046 INFO MPI rank 12
14: 2018-09-27 23:21:07,046 INFO MPI rank 14
 0: 2018-09-27 23:21:07,046 INFO MPI rank 0
 0: 2018-09-27 23:21:07,058 INFO Configuration: {'data_config': {'train_file': '/global/cscratch1/sd/sfarrell/atlas-rpv-images/train.h5', 'valid_file': '/global/cscratch1/sd/sfarrell/atlas-rpv-images/val.h5', 'test_file': '/global/cscratch1/sd/sfarrell/atlas-rpv-images/test.h5', 'n_train': 65536, 'n_valid': 32768, 'n_test': 1024}, 'model_config': {'conv_sizes': [16, 32, 64], 'dense_sizes': [128], 'optimizer': 'Adam', 'learning_rate': 0.001, 'dropout': 0.2}, 'training_config': {'batch_size': 128, 'n_epochs': 8}, 'output_dir': '$SCRATCH/hep-cnn-pytorch'}
 4: 2018-09-27 23:21:59,175 INFO Loaded data with shape: torch.Size([65536, 1, 64, 64])
 7: 2018-09-27 23:21:59,188 INFO Loaded data with shape: torch.Size([65536, 1, 64, 64])
 6: 2018-09-27 23:21:59,191 INFO Loaded data with shape: torch.Size([65536, 1, 64, 64])
15: 2018-09-27 23:21:59,195 INFO Loaded data with shape: torch.Size([65536, 1, 64, 64])
14: 2018-09-27 23:21:59,195 INFO Loaded data with shape: torch.Size([65536, 1, 64, 64])
12: 2018-09-27 23:21:59,211 INFO Loaded data with shape: torch.Size([65536, 1, 64, 64])
13: 2018-09-27 23:21:59,216 INFO Loaded data with shape: torch.Size([65536, 1, 64, 64])
10: 2018-09-27 23:21:59,246 INFO Loaded data with shape: torch.Size([65536, 1, 64, 64])
 5: 2018-09-27 23:21:59,252 INFO Loaded data with shape: torch.Size([65536, 1, 64, 64])
11: 2018-09-27 23:21:59,333 INFO Loaded data with shape: torch.Size([65536, 1, 64, 64])
 8: 2018-09-27 23:21:59,494 INFO Loaded data with shape: torch.Size([65536, 1, 64, 64])
 9: 2018-09-27 23:21:59,506 INFO Loaded data with shape: torch.Size([65536, 1, 64, 64])
 0: 2018-09-27 23:21:59,560 INFO Loaded data with shape: torch.Size([65536, 1, 64, 64])
 2: 2018-09-27 23:21:59,607 INFO Loaded data with shape: torch.Size([65536, 1, 64, 64])
 1: 2018-09-27 23:21:59,662 INFO Loaded data with shape: torch.Size([65536, 1, 64, 64])
 3: 2018-09-27 23:21:59,747 INFO Loaded data with shape: torch.Size([65536, 1, 64, 64])
 7: 2018-09-27 23:21:59,798 INFO Epoch 0
 4: 2018-09-27 23:21:59,796 INFO Epoch 0
 6: 2018-09-27 23:21:59,800 INFO Epoch 0
 5: 2018-09-27 23:21:59,797 INFO Epoch 0
 1: 2018-09-27 23:21:59,796 INFO Epoch 0
 0: 2018-09-27 23:21:59,798 INFO Model: 
 0: HEPCNNClassifier(
 0:   (conv_net): Sequential(
 0:     (0): Conv2d(1, 16, kernel_size=(3, 3), stride=(1, 1), padding=(1, 1))
 0:     (1): ReLU()
 0:     (2): MaxPool2d(kernel_size=2, stride=2, padding=0, dilation=1, ceil_mode=False)
 0:     (3): Conv2d(16, 32, kernel_size=(3, 3), stride=(1, 1), padding=(1, 1))
 0:     (4): ReLU()
 0:     (5): MaxPool2d(kernel_size=2, stride=2, padding=0, dilation=1, ceil_mode=False)
 0:     (6): Conv2d(32, 64, kernel_size=(3, 3), stride=(1, 1), padding=(1, 1))
 0:     (7): ReLU()
 0:     (8): MaxPool2d(kernel_size=2, stride=2, padding=0, dilation=1, ceil_mode=False)
 0:   )
 0:   (dense_net): Sequential(
 0:     (0): Linear(in_features=4096, out_features=128, bias=True)
 0:     (1): ReLU()
 0:     (2): Dropout(p=0.2)
 0:     (3): Linear(in_features=128, out_features=1, bias=True)
 0:     (4): Sigmoid()
 0:   )
 0: )
 0: Parameters: 547841
 0: 2018-09-27 23:21:59,798 INFO Epoch 0
10: 2018-09-27 23:21:59,798 INFO Epoch 0
 9: 2018-09-27 23:21:59,798 INFO Epoch 0
11: 2018-09-27 23:21:59,799 INFO Epoch 0
 8: 2018-09-27 23:21:59,800 INFO Epoch 0
 2: 2018-09-27 23:21:59,804 INFO Epoch 0
 3: 2018-09-27 23:21:59,804 INFO Epoch 0
14: 2018-09-27 23:21:59,806 INFO Epoch 0
15: 2018-09-27 23:21:59,807 INFO Epoch 0
13: 2018-09-27 23:21:59,806 INFO Epoch 0
12: 2018-09-27 23:21:59,807 INFO Epoch 0
 0: 2018-09-27 23:22:07,406 INFO   Training loss: 0.996
 4: 2018-09-27 23:22:07,405 INFO   Training loss: 1.008
 6: 2018-09-27 23:22:07,409 INFO   Training loss: 0.983
12: 2018-09-27 23:22:07,406 INFO   Training loss: 0.986
 3: 2018-09-27 23:22:07,406 INFO   Training loss: 1.005
 2: 2018-09-27 23:22:07,406 INFO   Training loss: 0.974
 5: 2018-09-27 23:22:07,406 INFO   Training loss: 1.001
 1: 2018-09-27 23:22:07,405 INFO   Training loss: 0.932
 7: 2018-09-27 23:22:07,408 INFO   Training loss: 1.049
 8: 2018-09-27 23:22:07,408 INFO   Training loss: 1.036
13: 2018-09-27 23:22:07,405 INFO   Training loss: 0.951
14: 2018-09-27 23:22:07,407 INFO   Training loss: 0.995
11: 2018-09-27 23:22:07,407 INFO   Training loss: 0.995
15: 2018-09-27 23:22:07,407 INFO   Training loss: 0.972
10: 2018-09-27 23:22:07,407 INFO   Training loss: 0.995
 9: 2018-09-27 23:22:07,407 INFO   Training loss: 0.951
 3: 2018-09-27 23:22:31,315 INFO   Validation loss: 0.682 acc: 0.574
14: 2018-09-27 23:22:31,364 INFO   Validation loss: 0.682 acc: 0.574
 5: 2018-09-27 23:22:31,374 INFO   Validation loss: 0.682 acc: 0.574
 2: 2018-09-27 23:22:31,378 INFO   Validation loss: 0.682 acc: 0.574
 8: 2018-09-27 23:22:31,423 INFO   Validation loss: 0.682 acc: 0.574
15: 2018-09-27 23:22:31,576 INFO   Validation loss: 0.682 acc: 0.574
 1: 2018-09-27 23:22:31,590 INFO   Validation loss: 0.682 acc: 0.574
13: 2018-09-27 23:22:31,639 INFO   Validation loss: 0.682 acc: 0.574
12: 2018-09-27 23:22:32,043 INFO   Validation loss: 0.682 acc: 0.574
 5: 2018-09-27 23:22:35,983 INFO Epoch 1
 3: 2018-09-27 23:22:36,242 INFO Epoch 1
14: 2018-09-27 23:22:36,329 INFO Epoch 1
 2: 2018-09-27 23:22:36,517 INFO Epoch 1
 8: 2018-09-27 23:22:36,633 INFO Epoch 1
15: 2018-09-27 23:22:36,807 INFO Epoch 1
 1: 2018-09-27 23:22:36,839 INFO Epoch 1
13: 2018-09-27 23:22:36,869 INFO Epoch 1
12: 2018-09-27 23:22:36,893 INFO Epoch 1
10: 2018-09-27 23:22:41,420 INFO   Validation loss: 0.682 acc: 0.574
 6: 2018-09-27 23:22:41,426 INFO   Validation loss: 0.682 acc: 0.574
 4: 2018-09-27 23:22:41,824 INFO   Validation loss: 0.682 acc: 0.574
 7: 2018-09-27 23:22:42,085 INFO   Validation loss: 0.682 acc: 0.574
10: 2018-09-27 23:22:43,224 INFO Epoch 1
 6: 2018-09-27 23:22:43,283 INFO Epoch 1
 4: 2018-09-27 23:22:43,446 INFO Epoch 1
 7: 2018-09-27 23:22:43,502 INFO Epoch 1
 0: 2018-09-27 23:22:43,696 INFO   Validation loss: 0.682 acc: 0.574
 0: 2018-09-27 23:22:43,772 INFO Epoch 1
11: 2018-09-27 23:22:43,850 INFO   Validation loss: 0.682 acc: 0.574
11: 2018-09-27 23:22:43,921 INFO Epoch 1
 9: 2018-09-27 23:22:44,897 INFO   Validation loss: 0.682 acc: 0.574
 9: 2018-09-27 23:22:44,967 INFO Epoch 1
 0: 2018-09-27 23:22:52,078 INFO   Training loss: 0.668
 2: 2018-09-27 23:22:52,078 INFO   Training loss: 0.677
 6: 2018-09-27 23:22:52,082 INFO   Training loss: 0.673
 7: 2018-09-27 23:22:52,079 INFO   Training loss: 0.669
15: 2018-09-27 23:22:52,078 INFO   Training loss: 0.671
13: 2018-09-27 23:22:52,077 INFO   Training loss: 0.676
12: 2018-09-27 23:22:52,077 INFO   Training loss: 0.676
10: 2018-09-27 23:22:52,078 INFO   Training loss: 0.675
 8: 2018-09-27 23:22:52,081 INFO   Training loss: 0.673
14: 2018-09-27 23:22:52,079 INFO   Training loss: 0.673
 9: 2018-09-27 23:22:52,077 INFO   Training loss: 0.673
11: 2018-09-27 23:22:52,078 INFO   Training loss: 0.673
 3: 2018-09-27 23:22:52,078 INFO   Training loss: 0.677
 5: 2018-09-27 23:22:52,078 INFO   Training loss: 0.672
 4: 2018-09-27 23:22:52,077 INFO   Training loss: 0.676
 1: 2018-09-27 23:22:52,078 INFO   Training loss: 0.677
 5: 2018-09-27 23:23:16,003 INFO   Validation loss: 0.639 acc: 0.648
 6: 2018-09-27 23:23:16,094 INFO   Validation loss: 0.639 acc: 0.648
15: 2018-09-27 23:23:16,228 INFO   Validation loss: 0.639 acc: 0.648
13: 2018-09-27 23:23:16,479 INFO   Validation loss: 0.639 acc: 0.648
 8: 2018-09-27 23:23:16,120 INFO   Validation loss: 0.639 acc: 0.648
14: 2018-09-27 23:23:16,036 INFO   Validation loss: 0.639 acc: 0.648
 9: 2018-09-27 23:23:16,236 INFO   Validation loss: 0.639 acc: 0.648
 3: 2018-09-27 23:23:16,043 INFO   Validation loss: 0.639 acc: 0.648
 2: 2018-09-27 23:23:16,062 INFO   Validation loss: 0.639 acc: 0.648
 5: 2018-09-27 23:23:16,034 INFO Epoch 2
 4: 2018-09-27 23:23:16,048 INFO   Validation loss: 0.639 acc: 0.648
 1: 2018-09-27 23:23:16,150 INFO   Validation loss: 0.639 acc: 0.648
14: 2018-09-27 23:23:20,344 INFO Epoch 2
 4: 2018-09-27 23:23:20,460 INFO Epoch 2
 3: 2018-09-27 23:23:20,518 INFO Epoch 2
 6: 2018-09-27 23:23:20,641 INFO Epoch 2
 2: 2018-09-27 23:23:20,677 INFO Epoch 2
 8: 2018-09-27 23:23:21,194 INFO Epoch 2
 9: 2018-09-27 23:23:21,303 INFO Epoch 2
 1: 2018-09-27 23:23:21,341 INFO Epoch 2
15: 2018-09-27 23:23:21,382 INFO Epoch 2
13: 2018-09-27 23:23:21,412 INFO Epoch 2
12: 2018-09-27 23:23:25,531 INFO   Validation loss: 0.639 acc: 0.648
12: 2018-09-27 23:23:25,545 INFO Epoch 2
10: 2018-09-27 23:23:25,640 INFO   Validation loss: 0.639 acc: 0.648
10: 2018-09-27 23:23:25,743 INFO Epoch 2
 0: 2018-09-27 23:23:25,823 INFO   Validation loss: 0.639 acc: 0.648
 0: 2018-09-27 23:23:25,936 INFO Epoch 2
 7: 2018-09-27 23:23:26,018 INFO   Validation loss: 0.639 acc: 0.648
 7: 2018-09-27 23:23:26,085 INFO Epoch 2
11: 2018-09-27 23:23:28,173 INFO   Validation loss: 0.639 acc: 0.648
11: 2018-09-27 23:23:28,253 INFO Epoch 2
12: 2018-09-27 23:23:35,293 INFO   Training loss: 0.416
 4: 2018-09-27 23:23:35,292 INFO   Training loss: 0.428
14: 2018-09-27 23:23:35,293 INFO   Training loss: 0.430
 0: 2018-09-27 23:23:35,294 INFO   Training loss: 0.416
10: 2018-09-27 23:23:35,293 INFO   Training loss: 0.426
 7: 2018-09-27 23:23:35,295 INFO   Training loss: 0.435
13: 2018-09-27 23:23:35,293 INFO   Training loss: 0.433
 8: 2018-09-27 23:23:35,296 INFO   Training loss: 0.425
 1: 2018-09-27 23:23:35,293 INFO   Training loss: 0.421
 3: 2018-09-27 23:23:35,294 INFO   Training loss: 0.425
11: 2018-09-27 23:23:35,295 INFO   Training loss: 0.429
 6: 2018-09-27 23:23:35,297 INFO   Training loss: 0.423
15: 2018-09-27 23:23:35,294 INFO   Training loss: 0.423
 9: 2018-09-27 23:23:35,294 INFO   Training loss: 0.426
 2: 2018-09-27 23:23:35,294 INFO   Training loss: 0.441
 5: 2018-09-27 23:23:35,294 INFO   Training loss: 0.422
 4: 2018-09-27 23:23:59,216 INFO   Validation loss: 0.268 acc: 0.896
 4: 2018-09-27 23:23:59,232 INFO Epoch 3
 2: 2018-09-27 23:23:59,254 INFO   Validation loss: 0.268 acc: 0.896
 8: 2018-09-27 23:23:59,319 INFO   Validation loss: 0.268 acc: 0.896
 5: 2018-09-27 23:23:59,316 INFO   Validation loss: 0.268 acc: 0.896
 9: 2018-09-27 23:23:59,383 INFO   Validation loss: 0.268 acc: 0.896
15: 2018-09-27 23:23:59,388 INFO   Validation loss: 0.268 acc: 0.896
 3: 2018-09-27 23:23:59,399 INFO   Validation loss: 0.268 acc: 0.896
 1: 2018-09-27 23:23:59,426 INFO   Validation loss: 0.268 acc: 0.896
 6: 2018-09-27 23:23:59,450 INFO   Validation loss: 0.268 acc: 0.896
12: 2018-09-27 23:23:59,451 INFO   Validation loss: 0.268 acc: 0.896
 0: 2018-09-27 23:23:59,540 INFO   Validation loss: 0.268 acc: 0.896
13: 2018-09-27 23:23:59,971 INFO   Validation loss: 0.268 acc: 0.896
 0: 2018-09-27 23:24:01,454 INFO Epoch 3
 2: 2018-09-27 23:24:02,548 INFO Epoch 3
 5: 2018-09-27 23:24:02,843 INFO Epoch 3
 8: 2018-09-27 23:24:03,364 INFO Epoch 3
 9: 2018-09-27 23:24:03,875 INFO Epoch 3
15: 2018-09-27 23:24:03,949 INFO Epoch 3
 6: 2018-09-27 23:24:03,978 INFO Epoch 3
 3: 2018-09-27 23:24:03,999 INFO Epoch 3
 1: 2018-09-27 23:24:04,070 INFO Epoch 3
12: 2018-09-27 23:24:04,092 INFO Epoch 3
13: 2018-09-27 23:24:04,118 INFO Epoch 3
14: 2018-09-27 23:24:08,067 INFO   Validation loss: 0.268 acc: 0.896
14: 2018-09-27 23:24:08,095 INFO Epoch 3
10: 2018-09-27 23:24:08,392 INFO   Validation loss: 0.268 acc: 0.896
10: 2018-09-27 23:24:08,471 INFO Epoch 3
 7: 2018-09-27 23:24:08,634 INFO   Validation loss: 0.268 acc: 0.896
 7: 2018-09-27 23:24:08,745 INFO Epoch 3
11: 2018-09-27 23:24:11,050 INFO   Validation loss: 0.268 acc: 0.896
11: 2018-09-27 23:24:11,146 INFO Epoch 3
 7: 2018-09-27 23:24:18,418 INFO   Training loss: 0.259
 2: 2018-09-27 23:24:18,417 INFO   Training loss: 0.250
10: 2018-09-27 23:24:18,417 INFO   Training loss: 0.249
 9: 2018-09-27 23:24:18,416 INFO   Training loss: 0.245
11: 2018-09-27 23:24:18,418 INFO   Training loss: 0.257
13: 2018-09-27 23:24:18,416 INFO   Training loss: 0.243
15: 2018-09-27 23:24:18,417 INFO   Training loss: 0.246
 5: 2018-09-27 23:24:18,417 INFO   Training loss: 0.248
 1: 2018-09-27 23:24:18,417 INFO   Training loss: 0.255
 6: 2018-09-27 23:24:18,420 INFO   Training loss: 0.250
 8: 2018-09-27 23:24:18,420 INFO   Training loss: 0.241
14: 2018-09-27 23:24:18,417 INFO   Training loss: 0.257
 3: 2018-09-27 23:24:18,417 INFO   Training loss: 0.244
 4: 2018-09-27 23:24:18,417 INFO   Training loss: 0.239
12: 2018-09-27 23:24:18,418 INFO   Training loss: 0.236
 0: 2018-09-27 23:24:18,419 INFO   Training loss: 0.248
 1: 2018-09-27 23:24:42,306 INFO   Validation loss: 0.235 acc: 0.905
 1: 2018-09-27 23:24:42,326 INFO Epoch 4
 4: 2018-09-27 23:24:42,348 INFO   Validation loss: 0.235 acc: 0.905
 2: 2018-09-27 23:24:42,370 INFO   Validation loss: 0.235 acc: 0.905
 8: 2018-09-27 23:24:42,403 INFO   Validation loss: 0.235 acc: 0.905
 5: 2018-09-27 23:24:42,406 INFO   Validation loss: 0.235 acc: 0.905
11: 2018-09-27 23:24:42,482 INFO   Validation loss: 0.235 acc: 0.905
14: 2018-09-27 23:24:42,492 INFO   Validation loss: 0.235 acc: 0.905
 3: 2018-09-27 23:24:42,496 INFO   Validation loss: 0.235 acc: 0.905
 9: 2018-09-27 23:24:42,542 INFO   Validation loss: 0.235 acc: 0.905
 6: 2018-09-27 23:24:42,638 INFO   Validation loss: 0.235 acc: 0.905
12: 2018-09-27 23:24:42,655 INFO   Validation loss: 0.235 acc: 0.905
 4: 2018-09-27 23:24:42,688 INFO Epoch 4
15: 2018-09-27 23:24:42,861 INFO   Validation loss: 0.235 acc: 0.905
 0: 2018-09-27 23:24:42,892 INFO   Validation loss: 0.235 acc: 0.905
13: 2018-09-27 23:24:43,200 INFO   Validation loss: 0.235 acc: 0.905
 0: 2018-09-27 23:24:44,872 INFO Epoch 4
 2: 2018-09-27 23:24:48,127 INFO Epoch 4
10: 2018-09-27 23:24:48,488 INFO   Validation loss: 0.235 acc: 0.905
 8: 2018-09-27 23:24:49,346 INFO Epoch 4
 7: 2018-09-27 23:24:49,560 INFO   Validation loss: 0.235 acc: 0.905
 5: 2018-09-27 23:24:49,567 INFO Epoch 4
14: 2018-09-27 23:24:49,720 INFO Epoch 4
11: 2018-09-27 23:24:49,810 INFO Epoch 4
 9: 2018-09-27 23:24:50,036 INFO Epoch 4
 3: 2018-09-27 23:24:50,126 INFO Epoch 4
 6: 2018-09-27 23:24:50,204 INFO Epoch 4
12: 2018-09-27 23:24:50,369 INFO Epoch 4
15: 2018-09-27 23:24:50,473 INFO Epoch 4
13: 2018-09-27 23:24:50,510 INFO Epoch 4
10: 2018-09-27 23:24:50,692 INFO Epoch 4
 7: 2018-09-27 23:24:50,724 INFO Epoch 4
 2: 2018-09-27 23:24:58,063 INFO   Training loss: 0.239
 6: 2018-09-27 23:24:58,067 INFO   Training loss: 0.243
 7: 2018-09-27 23:24:58,065 INFO   Training loss: 0.247
15: 2018-09-27 23:24:58,064 INFO   Training loss: 0.234
 8: 2018-09-27 23:24:58,066 INFO   Training loss: 0.234
11: 2018-09-27 23:24:58,065 INFO   Training loss: 0.251
 3: 2018-09-27 23:24:58,063 INFO   Training loss: 0.240
 4: 2018-09-27 23:24:58,062 INFO   Training loss: 0.229
 1: 2018-09-27 23:24:58,063 INFO   Training loss: 0.242
14: 2018-09-27 23:24:58,064 INFO   Training loss: 0.247
 9: 2018-09-27 23:24:58,064 INFO   Training loss: 0.233
 5: 2018-09-27 23:24:58,064 INFO   Training loss: 0.237
13: 2018-09-27 23:24:58,064 INFO   Training loss: 0.234
12: 2018-09-27 23:24:58,064 INFO   Training loss: 0.228
10: 2018-09-27 23:24:58,064 INFO   Training loss: 0.237
 0: 2018-09-27 23:24:58,069 INFO   Training loss: 0.236
 1: 2018-09-27 23:25:21,978 INFO   Validation loss: 0.233 acc: 0.905
 4: 2018-09-27 23:25:21,980 INFO   Validation loss: 0.233 acc: 0.905
14: 2018-09-27 23:25:22,020 INFO   Validation loss: 0.233 acc: 0.905
 2: 2018-09-27 23:25:22,058 INFO   Validation loss: 0.233 acc: 0.905
 1: 2018-09-27 23:25:22,104 INFO Epoch 5
 5: 2018-09-27 23:25:22,130 INFO   Validation loss: 0.233 acc: 0.905
 8: 2018-09-27 23:25:22,143 INFO   Validation loss: 0.233 acc: 0.905
 3: 2018-09-27 23:25:22,260 INFO   Validation loss: 0.233 acc: 0.905
 6: 2018-09-27 23:25:22,306 INFO   Validation loss: 0.233 acc: 0.905
 9: 2018-09-27 23:25:22,376 INFO   Validation loss: 0.233 acc: 0.905
 0: 2018-09-27 23:25:22,380 INFO   Validation loss: 0.233 acc: 0.905
15: 2018-09-27 23:25:22,524 INFO   Validation loss: 0.233 acc: 0.905
11: 2018-09-27 23:25:22,778 INFO   Validation loss: 0.233 acc: 0.905
13: 2018-09-27 23:25:22,941 INFO   Validation loss: 0.233 acc: 0.905
 0: 2018-09-27 23:25:23,836 INFO Epoch 5
12: 2018-09-27 23:25:24,713 INFO   Validation loss: 0.233 acc: 0.905
 4: 2018-09-27 23:25:25,059 INFO Epoch 5
14: 2018-09-27 23:25:25,797 INFO Epoch 5
 2: 2018-09-27 23:25:26,012 INFO Epoch 5
 5: 2018-09-27 23:25:26,323 INFO Epoch 5
 8: 2018-09-27 23:25:26,458 INFO Epoch 5
 3: 2018-09-27 23:25:26,500 INFO Epoch 5
 6: 2018-09-27 23:25:26,565 INFO Epoch 5
 9: 2018-09-27 23:25:26,672 INFO Epoch 5
15: 2018-09-27 23:25:26,884 INFO Epoch 5
11: 2018-09-27 23:25:26,933 INFO Epoch 5
13: 2018-09-27 23:25:27,038 INFO Epoch 5
12: 2018-09-27 23:25:27,092 INFO Epoch 5
10: 2018-09-27 23:25:29,132 INFO   Validation loss: 0.233 acc: 0.905
10: 2018-09-27 23:25:29,183 INFO Epoch 5
 7: 2018-09-27 23:25:30,231 INFO   Validation loss: 0.233 acc: 0.905
 7: 2018-09-27 23:25:30,356 INFO Epoch 5
 3: 2018-09-27 23:25:37,685 INFO   Training loss: 0.234
 7: 2018-09-27 23:25:37,686 INFO   Training loss: 0.242
 1: 2018-09-27 23:25:37,684 INFO   Training loss: 0.236
13: 2018-09-27 23:25:37,684 INFO   Training loss: 0.233
10: 2018-09-27 23:25:37,685 INFO   Training loss: 0.232
14: 2018-09-27 23:25:37,685 INFO   Training loss: 0.245
11: 2018-09-27 23:25:37,686 INFO   Training loss: 0.247
 6: 2018-09-27 23:25:37,688 INFO   Training loss: 0.240
15: 2018-09-27 23:25:37,686 INFO   Training loss: 0.231
12: 2018-09-27 23:25:37,686 INFO   Training loss: 0.225
 8: 2018-09-27 23:25:37,688 INFO   Training loss: 0.228
 2: 2018-09-27 23:25:37,686 INFO   Training loss: 0.235
 5: 2018-09-27 23:25:37,685 INFO   Training loss: 0.235
 9: 2018-09-27 23:25:37,686 INFO   Training loss: 0.228
 4: 2018-09-27 23:25:37,685 INFO   Training loss: 0.225
 0: 2018-09-27 23:25:37,687 INFO   Training loss: 0.232
 4: 2018-09-27 23:26:01,544 INFO   Validation loss: 0.231 acc: 0.906
 4: 2018-09-27 23:26:01,564 INFO Epoch 6
 1: 2018-09-27 23:26:01,565 INFO   Validation loss: 0.231 acc: 0.906
 8: 2018-09-27 23:26:01,671 INFO   Validation loss: 0.231 acc: 0.906
 1: 2018-09-27 23:26:01,682 INFO Epoch 6
 5: 2018-09-27 23:26:01,718 INFO   Validation loss: 0.231 acc: 0.906
 8: 2018-09-27 23:26:01,723 INFO Epoch 6
14: 2018-09-27 23:26:01,796 INFO   Validation loss: 0.231 acc: 0.906
 5: 2018-09-27 23:26:01,806 INFO Epoch 6
14: 2018-09-27 23:26:01,847 INFO Epoch 6
 6: 2018-09-27 23:26:01,854 INFO   Validation loss: 0.231 acc: 0.906
 6: 2018-09-27 23:26:01,926 INFO Epoch 6
15: 2018-09-27 23:26:01,936 INFO   Validation loss: 0.231 acc: 0.906
15: 2018-09-27 23:26:01,992 INFO Epoch 6
 9: 2018-09-27 23:26:02,068 INFO   Validation loss: 0.231 acc: 0.906
 0: 2018-09-27 23:26:02,124 INFO   Validation loss: 0.231 acc: 0.906
13: 2018-09-27 23:26:02,191 INFO   Validation loss: 0.231 acc: 0.906
 2: 2018-09-27 23:26:02,353 INFO   Validation loss: 0.231 acc: 0.906
11: 2018-09-27 23:26:02,411 INFO   Validation loss: 0.231 acc: 0.906
 9: 2018-09-27 23:26:02,493 INFO Epoch 6
 0: 2018-09-27 23:26:02,594 INFO Epoch 6
 7: 2018-09-27 23:26:02,618 INFO   Validation loss: 0.231 acc: 0.906
 7: 2018-09-27 23:26:03,093 INFO Epoch 6
13: 2018-09-27 23:26:04,000 INFO Epoch 6
 2: 2018-09-27 23:26:04,224 INFO Epoch 6
11: 2018-09-27 23:26:04,255 INFO Epoch 6
12: 2018-09-27 23:26:04,543 INFO   Validation loss: 0.231 acc: 0.906
12: 2018-09-27 23:26:04,576 INFO Epoch 6
 3: 2018-09-27 23:26:08,368 INFO   Validation loss: 0.231 acc: 0.906
 3: 2018-09-27 23:26:08,466 INFO Epoch 6
10: 2018-09-27 23:26:08,507 INFO   Validation loss: 0.231 acc: 0.906
10: 2018-09-27 23:26:08,586 INFO Epoch 6
 5: 2018-09-27 23:26:15,792 INFO   Training loss: 0.230
 6: 2018-09-27 23:26:15,796 INFO   Training loss: 0.237
 8: 2018-09-27 23:26:15,795 INFO   Training loss: 0.226
14: 2018-09-27 23:26:15,793 INFO   Training loss: 0.243
 0: 2018-09-27 23:26:15,793 INFO   Training loss: 0.231
 3: 2018-09-27 23:26:15,793 INFO   Training loss: 0.233
 7: 2018-09-27 23:26:15,795 INFO   Training loss: 0.241
15: 2018-09-27 23:26:15,794 INFO   Training loss: 0.231
13: 2018-09-27 23:26:15,792 INFO   Training loss: 0.232
12: 2018-09-27 23:26:15,793 INFO   Training loss: 0.223
10: 2018-09-27 23:26:15,794 INFO   Training loss: 0.231
 9: 2018-09-27 23:26:15,793 INFO   Training loss: 0.225
11: 2018-09-27 23:26:15,794 INFO   Training loss: 0.243
 2: 2018-09-27 23:26:15,794 INFO   Training loss: 0.231
 4: 2018-09-27 23:26:15,793 INFO   Training loss: 0.224
 1: 2018-09-27 23:26:15,793 INFO   Training loss: 0.236
 1: 2018-09-27 23:26:39,610 INFO   Validation loss: 0.230 acc: 0.906
 1: 2018-09-27 23:26:39,626 INFO Epoch 7
 4: 2018-09-27 23:26:39,700 INFO   Validation loss: 0.230 acc: 0.906
 8: 2018-09-27 23:26:39,755 INFO   Validation loss: 0.230 acc: 0.906
14: 2018-09-27 23:26:39,787 INFO   Validation loss: 0.230 acc: 0.906
15: 2018-09-27 23:26:39,820 INFO   Validation loss: 0.230 acc: 0.906
 2: 2018-09-27 23:26:39,858 INFO   Validation loss: 0.230 acc: 0.906
 5: 2018-09-27 23:26:39,862 INFO   Validation loss: 0.230 acc: 0.906
 3: 2018-09-27 23:26:39,935 INFO   Validation loss: 0.230 acc: 0.906
 4: 2018-09-27 23:26:40,019 INFO Epoch 7
 6: 2018-09-27 23:26:40,051 INFO   Validation loss: 0.230 acc: 0.906
13: 2018-09-27 23:26:40,211 INFO   Validation loss: 0.230 acc: 0.906
 9: 2018-09-27 23:26:40,246 INFO   Validation loss: 0.230 acc: 0.906
 0: 2018-09-27 23:26:40,248 INFO   Validation loss: 0.230 acc: 0.906
11: 2018-09-27 23:26:40,351 INFO   Validation loss: 0.230 acc: 0.906
 7: 2018-09-27 23:26:40,605 INFO   Validation loss: 0.230 acc: 0.906
12: 2018-09-27 23:26:41,722 INFO   Validation loss: 0.230 acc: 0.906
 0: 2018-09-27 23:26:44,222 INFO Epoch 7
10: 2018-09-27 23:26:45,530 INFO   Validation loss: 0.230 acc: 0.906
 8: 2018-09-27 23:26:45,899 INFO Epoch 7
 5: 2018-09-27 23:26:46,774 INFO Epoch 7
14: 2018-09-27 23:26:46,934 INFO Epoch 7
15: 2018-09-27 23:26:47,056 INFO Epoch 7
 2: 2018-09-27 23:26:47,252 INFO Epoch 7
 3: 2018-09-27 23:26:47,287 INFO Epoch 7
 6: 2018-09-27 23:26:47,611 INFO Epoch 7
13: 2018-09-27 23:26:47,782 INFO Epoch 7
 9: 2018-09-27 23:26:47,983 INFO Epoch 7
11: 2018-09-27 23:26:48,034 INFO Epoch 7
 7: 2018-09-27 23:26:48,126 INFO Epoch 7
12: 2018-09-27 23:26:48,147 INFO Epoch 7
10: 2018-09-27 23:26:48,191 INFO Epoch 7
 8: 2018-09-27 23:26:55,574 INFO   Training loss: 0.228
 6: 2018-09-27 23:26:55,575 INFO   Training loss: 0.233
 7: 2018-09-27 23:26:55,573 INFO   Training loss: 0.237
 5: 2018-09-27 23:26:55,572 INFO   Training loss: 0.232
 1: 2018-09-27 23:26:55,571 INFO   Training loss: 0.235
14: 2018-09-27 23:26:55,572 INFO   Training loss: 0.244
 4: 2018-09-27 23:26:55,571 INFO   Training loss: 0.223
15: 2018-09-27 23:26:55,573 INFO   Training loss: 0.229
12: 2018-09-27 23:26:55,572 INFO   Training loss: 0.222
 3: 2018-09-27 23:26:55,572 INFO   Training loss: 0.232
13: 2018-09-27 23:26:55,572 INFO   Training loss: 0.229
10: 2018-09-27 23:26:55,573 INFO   Training loss: 0.228
 2: 2018-09-27 23:26:55,573 INFO   Training loss: 0.232
 9: 2018-09-27 23:26:55,572 INFO   Training loss: 0.226
 0: 2018-09-27 23:26:55,574 INFO   Training loss: 0.229
11: 2018-09-27 23:26:55,575 INFO   Training loss: 0.245
 1: 2018-09-27 23:27:19,467 INFO   Validation loss: 0.229 acc: 0.908
 1: 2018-09-27 23:27:19,498 INFO Finished training
 1: 2018-09-27 23:27:19,498 INFO Train samples 4096 time 14.065s rate 291.219 samples/s
 1: 2018-09-27 23:27:19,498 INFO Valid rate: 1366.92 samples/s
 1: 2018-09-27 23:27:19,498 INFO All done!
 8: 2018-09-27 23:27:19,579 INFO   Validation loss: 0.229 acc: 0.908
 4: 2018-09-27 23:27:19,592 INFO   Validation loss: 0.229 acc: 0.908
14: 2018-09-27 23:27:19,640 INFO   Validation loss: 0.229 acc: 0.908
 2: 2018-09-27 23:27:19,654 INFO   Validation loss: 0.229 acc: 0.908
 5: 2018-09-27 23:27:19,674 INFO   Validation loss: 0.229 acc: 0.908
 6: 2018-09-27 23:27:19,733 INFO   Validation loss: 0.229 acc: 0.908
11: 2018-09-27 23:27:19,830 INFO   Validation loss: 0.229 acc: 0.908
15: 2018-09-27 23:27:19,843 INFO   Validation loss: 0.229 acc: 0.908
 9: 2018-09-27 23:27:19,843 INFO   Validation loss: 0.229 acc: 0.908
13: 2018-09-27 23:27:19,857 INFO   Validation loss: 0.229 acc: 0.908
 7: 2018-09-27 23:27:20,069 INFO   Validation loss: 0.229 acc: 0.908
12: 2018-09-27 23:27:22,000 INFO   Validation loss: 0.229 acc: 0.908
 5: 2018-09-27 23:27:24,182 INFO Finished training
 8: 2018-09-27 23:27:24,184 INFO Finished training
 5: 2018-09-27 23:27:24,182 INFO Train samples 4096 time 12.6475s rate 323.858 samples/s
 8: 2018-09-27 23:27:24,185 INFO Train samples 4096 time 11.9886s rate 341.658 samples/s
 5: 2018-09-27 23:27:24,182 INFO Valid rate: 1364.1 samples/s
 8: 2018-09-27 23:27:24,185 INFO Valid rate: 1364.76 samples/s
 5: 2018-09-27 23:27:24,182 INFO All done!
 8: 2018-09-27 23:27:24,185 INFO All done!
 4: 2018-09-27 23:27:24,239 INFO Finished training
 4: 2018-09-27 23:27:24,239 INFO Train samples 4096 time 13.5048s rate 303.3 samples/s
 4: 2018-09-27 23:27:24,239 INFO Valid rate: 1298.1 samples/s
 4: 2018-09-27 23:27:24,239 INFO All done!
 3: 2018-09-27 23:27:24,275 INFO   Validation loss: 0.229 acc: 0.908
10: 2018-09-27 23:27:24,295 INFO   Validation loss: 0.229 acc: 0.908
14: 2018-09-27 23:27:24,373 INFO Finished training
14: 2018-09-27 23:27:24,373 INFO Train samples 4096 time 11.4295s rate 358.371 samples/s
14: 2018-09-27 23:27:24,373 INFO Valid rate: 1304.95 samples/s
14: 2018-09-27 23:27:24,373 INFO All done!
 0: 2018-09-27 23:27:24,406 INFO   Validation loss: 0.229 acc: 0.908
 6: 2018-09-27 23:27:24,478 INFO Finished training
 6: 2018-09-27 23:27:24,478 INFO Train samples 4096 time 10.7906s rate 379.591 samples/s
 6: 2018-09-27 23:27:24,479 INFO Valid rate: 1290 samples/s
 6: 2018-09-27 23:27:24,479 INFO All done!
 2: 2018-09-27 23:27:24,505 INFO Finished training
 2: 2018-09-27 23:27:24,505 INFO Train samples 4096 time 11.8938s rate 344.381 samples/s
 2: 2018-09-27 23:27:24,505 INFO Valid rate: 1360.57 samples/s
 2: 2018-09-27 23:27:24,506 INFO All done!
 9: 2018-09-27 23:27:24,736 INFO Finished training
 9: 2018-09-27 23:27:24,736 INFO Train samples 4096 time 10.3974s rate 393.943 samples/s
 9: 2018-09-27 23:27:24,737 INFO Valid rate: 1264.68 samples/s
 9: 2018-09-27 23:27:24,737 INFO All done!
13: 2018-09-27 23:27:24,781 INFO Finished training
13: 2018-09-27 23:27:24,781 INFO Train samples 4096 time 11.0957s rate 369.153 samples/s
13: 2018-09-27 23:27:24,782 INFO Valid rate: 1336.23 samples/s
13: 2018-09-27 23:27:24,782 INFO All done!
11: 2018-09-27 23:27:24,811 INFO Finished training
11: 2018-09-27 23:27:24,811 INFO Train samples 4096 time 8.52064s rate 480.715 samples/s
11: 2018-09-27 23:27:24,811 INFO Valid rate: 1136.77 samples/s
11: 2018-09-27 23:27:24,811 INFO All done!
15: 2018-09-27 23:27:24,832 INFO Finished training
15: 2018-09-27 23:27:24,833 INFO Train samples 4096 time 11.4953s rate 356.321 samples/s
15: 2018-09-27 23:27:24,833 INFO Valid rate: 1352.24 samples/s
15: 2018-09-27 23:27:24,833 INFO All done!
 7: 2018-09-27 23:27:24,879 INFO Finished training
 7: 2018-09-27 23:27:24,879 INFO Train samples 4096 time 8.73588s rate 468.871 samples/s
 7: 2018-09-27 23:27:24,879 INFO Valid rate: 1094.68 samples/s
 7: 2018-09-27 23:27:24,879 INFO All done!
12: 2018-09-27 23:27:24,913 INFO Finished training
12: 2018-09-27 23:27:24,913 INFO Train samples 4096 time 10.4733s rate 391.09 samples/s
12: 2018-09-27 23:27:24,914 INFO Valid rate: 1234.55 samples/s
12: 2018-09-27 23:27:24,914 INFO All done!
10: 2018-09-27 23:27:25,127 INFO Finished training
10: 2018-09-27 23:27:25,128 INFO Train samples 4096 time 8.30254s rate 493.343 samples/s
10: 2018-09-27 23:27:25,128 INFO Valid rate: 1044.03 samples/s
10: 2018-09-27 23:27:25,128 INFO All done!
 0: 2018-09-27 23:27:25,248 INFO Saving summaries to /global/cscratch1/sd/sfarrell/hep-cnn-pytorch/summaries.npz
 0: 2018-09-27 23:27:25,270 INFO Finished training
 0: 2018-09-27 23:27:25,270 INFO Train samples 4096 time 11.7293s rate 349.211 samples/s
 0: 2018-09-27 23:27:25,270 INFO Valid rate: 1187.31 samples/s
 0: 2018-09-27 23:27:25,270 INFO All done!
 3: 2018-09-27 23:27:25,289 INFO Finished training
 3: 2018-09-27 23:27:25,289 INFO Train samples 4096 time 10.9203s rate 375.08 samples/s
 3: 2018-09-27 23:27:25,289 INFO Valid rate: 1286.46 samples/s
 3: 2018-09-27 23:27:25,289 INFO All done!
