*** WARNING: This is an experimental installation of pytorch built specifically for MPI / distributed running ***
18: 2018-09-30 01:09:53,927 INFO Initializing
40: 2018-09-30 01:09:53,943 INFO Initializing
12: 2018-09-30 01:09:53,945 INFO Initializing
59: 2018-09-30 01:09:53,946 INFO Initializing
11: 2018-09-30 01:09:53,951 INFO Initializing
 3: 2018-09-30 01:09:53,951 INFO Initializing
45: 2018-09-30 01:09:53,952 INFO Initializing
58: 2018-09-30 01:09:53,952 INFO Initializing
39: 2018-09-30 01:09:53,953 INFO Initializing
22: 2018-09-30 01:09:53,955 INFO Initializing
25: 2018-09-30 01:09:53,963 INFO Initializing
31: 2018-09-30 01:09:53,965 INFO Initializing
50: 2018-09-30 01:09:53,968 INFO Initializing
51: 2018-09-30 01:09:53,972 INFO Initializing
 4: 2018-09-30 01:09:53,970 INFO Initializing
21: 2018-09-30 01:09:53,971 INFO Initializing
44: 2018-09-30 01:09:53,972 INFO Initializing
32: 2018-09-30 01:09:53,974 INFO Initializing
47: 2018-09-30 01:09:53,971 INFO Initializing
46: 2018-09-30 01:09:53,972 INFO Initializing
24: 2018-09-30 01:09:53,973 INFO Initializing
23: 2018-09-30 01:09:53,975 INFO Initializing
10: 2018-09-30 01:09:53,974 INFO Initializing
57: 2018-09-30 01:09:53,976 INFO Initializing
38: 2018-09-30 01:09:53,980 INFO Initializing
17: 2018-09-30 01:09:53,987 INFO Initializing
 6: 2018-09-30 01:09:53,988 INFO Initializing
53: 2018-09-30 01:09:53,988 INFO Initializing
34: 2018-09-30 01:09:53,992 INFO Initializing
15: 2018-09-30 01:09:53,990 INFO Initializing
19: 2018-09-30 01:09:53,991 INFO Initializing
62: 2018-09-30 01:09:53,991 INFO Initializing
42: 2018-09-30 01:09:53,991 INFO Initializing
 5: 2018-09-30 01:09:53,994 INFO Initializing
49: 2018-09-30 01:09:53,932 INFO Initializing
30: 2018-09-30 01:09:53,997 INFO Initializing
 2: 2018-09-30 01:09:53,997 INFO Initializing
35: 2018-09-30 01:09:53,997 INFO Initializing
 7: 2018-09-30 01:09:53,996 INFO Initializing
60: 2018-09-30 01:09:54,001 INFO Initializing
13: 2018-09-30 01:09:53,999 INFO Initializing
33: 2018-09-30 01:09:54,001 INFO Initializing
52: 2018-09-30 01:09:54,001 INFO Initializing
54: 2018-09-30 01:09:54,001 INFO Initializing
20: 2018-09-30 01:09:54,006 INFO Initializing
48: 2018-09-30 01:09:54,017 INFO Initializing
29: 2018-09-30 01:09:54,018 INFO Initializing
 1: 2018-09-30 01:09:54,018 INFO Initializing
61: 2018-09-30 01:09:54,035 INFO Initializing
14: 2018-09-30 01:09:54,033 INFO Initializing
41: 2018-09-30 01:09:54,033 INFO Initializing
55: 2018-09-30 01:09:54,039 INFO Initializing
36: 2018-09-30 01:09:54,040 INFO Initializing
37: 2018-09-30 01:09:54,044 INFO Initializing
 8: 2018-09-30 01:09:54,037 INFO Initializing
 9: 2018-09-30 01:09:54,039 INFO Initializing
56: 2018-09-30 01:09:54,041 INFO Initializing
43: 2018-09-30 01:09:54,052 INFO Initializing
16: 2018-09-30 01:09:54,052 INFO Initializing
63: 2018-09-30 01:09:54,053 INFO Initializing
27: 2018-09-30 01:09:54,080 INFO Initializing
28: 2018-09-30 01:09:54,289 INFO Initializing
 0: 2018-09-30 01:09:54,293 INFO Initializing
26: 2018-09-30 01:09:54,689 INFO Initializing
32: 2018-09-30 01:09:54,741 INFO MPI rank 32
18: 2018-09-30 01:09:54,738 INFO MPI rank 18
31: 2018-09-30 01:09:54,739 INFO MPI rank 31
41: 2018-09-30 01:09:54,738 INFO MPI rank 41
29: 2018-09-30 01:09:54,741 INFO MPI rank 29
24: 2018-09-30 01:09:54,739 INFO MPI rank 24
33: 2018-09-30 01:09:54,740 INFO MPI rank 33
37: 2018-09-30 01:09:54,744 INFO MPI rank 37
35: 2018-09-30 01:09:54,739 INFO MPI rank 35
39: 2018-09-30 01:09:54,739 INFO MPI rank 39
55: 2018-09-30 01:09:54,739 INFO MPI rank 55
49: 2018-09-30 01:09:54,675 INFO MPI rank 49
51: 2018-09-30 01:09:54,742 INFO MPI rank 51
36: 2018-09-30 01:09:54,740 INFO MPI rank 36
38: 2018-09-30 01:09:54,739 INFO MPI rank 38
40: 2018-09-30 01:09:54,740 INFO MPI rank 40
56: 2018-09-30 01:09:54,739 INFO MPI rank 56
50: 2018-09-30 01:09:54,739 INFO MPI rank 50
14: 2018-09-30 01:09:54,739 INFO MPI rank 14
44: 2018-09-30 01:09:54,740 INFO MPI rank 44
48: 2018-09-30 01:09:54,740 INFO MPI rank 48
20: 2018-09-30 01:09:54,739 INFO MPI rank 20
30: 2018-09-30 01:09:54,739 INFO MPI rank 30
34: 2018-09-30 01:09:54,740 INFO MPI rank 34
45: 2018-09-30 01:09:54,739 INFO MPI rank 45
47: 2018-09-30 01:09:54,739 INFO MPI rank 47
43: 2018-09-30 01:09:54,739 INFO MPI rank 43
57: 2018-09-30 01:09:54,739 INFO MPI rank 57
59: 2018-09-30 01:09:54,740 INFO MPI rank 59
53: 2018-09-30 01:09:54,740 INFO MPI rank 53
63: 2018-09-30 01:09:54,738 INFO MPI rank 63
61: 2018-09-30 01:09:54,742 INFO MPI rank 61
42: 2018-09-30 01:09:54,738 INFO MPI rank 42
58: 2018-09-30 01:09:54,739 INFO MPI rank 58
60: 2018-09-30 01:09:54,742 INFO MPI rank 60
46: 2018-09-30 01:09:54,740 INFO MPI rank 46
62: 2018-09-30 01:09:54,739 INFO MPI rank 62
54: 2018-09-30 01:09:54,739 INFO MPI rank 54
52: 2018-09-30 01:09:54,740 INFO MPI rank 52
 0: 2018-09-30 01:09:54,740 INFO MPI rank 0
 5: 2018-09-30 01:09:54,739 INFO MPI rank 5
 4: 2018-09-30 01:09:54,740 INFO MPI rank 4
 3: 2018-09-30 01:09:54,740 INFO MPI rank 3
 1: 2018-09-30 01:09:54,741 INFO MPI rank 1
 7: 2018-09-30 01:09:54,739 INFO MPI rank 7
 2: 2018-09-30 01:09:54,740 INFO MPI rank 2
22: 2018-09-30 01:09:54,742 INFO MPI rank 22
12: 2018-09-30 01:09:54,740 INFO MPI rank 12
10: 2018-09-30 01:09:54,739 INFO MPI rank 10
13: 2018-09-30 01:09:54,741 INFO MPI rank 13
17: 2018-09-30 01:09:54,741 INFO MPI rank 17
11: 2018-09-30 01:09:54,740 INFO MPI rank 11
25: 2018-09-30 01:09:54,740 INFO MPI rank 25
27: 2018-09-30 01:09:54,740 INFO MPI rank 27
28: 2018-09-30 01:09:54,739 INFO MPI rank 28
26: 2018-09-30 01:09:54,740 INFO MPI rank 26
16: 2018-09-30 01:09:54,739 INFO MPI rank 16
 6: 2018-09-30 01:09:54,741 INFO MPI rank 6
19: 2018-09-30 01:09:54,739 INFO MPI rank 19
23: 2018-09-30 01:09:54,741 INFO MPI rank 23
21: 2018-09-30 01:09:54,740 INFO MPI rank 21
15: 2018-09-30 01:09:54,739 INFO MPI rank 15
 9: 2018-09-30 01:09:54,740 INFO MPI rank 9
 8: 2018-09-30 01:09:54,738 INFO MPI rank 8
 0: 2018-09-30 01:09:54,745 INFO Configuration: {'data_config': {'train_file': '/global/cscratch1/sd/sfarrell/atlas-rpv-images/train.h5', 'valid_file': '/global/cscratch1/sd/sfarrell/atlas-rpv-images/val.h5', 'test_file': '/global/cscratch1/sd/sfarrell/atlas-rpv-images/test.h5', 'n_train': 409600, 'n_valid': 32768, 'n_test': 1024}, 'model_config': {'conv_sizes': [16, 32, 64], 'dense_sizes': [128], 'optimizer': 'Adam', 'learning_rate': 0.001, 'dropout': 0.2}, 'training_config': {'batch_size': 128, 'n_epochs': 2}, 'output_dir': '$SCRATCH/hep-cnn-pytorch'}
27: 2018-09-30 01:14:34,688 INFO Loaded data with shape: torch.Size([409600, 1, 64, 64])
62: 2018-09-30 01:14:34,722 INFO Loaded data with shape: torch.Size([409600, 1, 64, 64])
10: 2018-09-30 01:14:34,723 INFO Loaded data with shape: torch.Size([409600, 1, 64, 64])
 8: 2018-09-30 01:14:34,723 INFO Loaded data with shape: torch.Size([409600, 1, 64, 64])
20: 2018-09-30 01:14:34,772 INFO Loaded data with shape: torch.Size([409600, 1, 64, 64])
25: 2018-09-30 01:14:34,779 INFO Loaded data with shape: torch.Size([409600, 1, 64, 64])
35: 2018-09-30 01:14:34,801 INFO Loaded data with shape: torch.Size([409600, 1, 64, 64])
58: 2018-09-30 01:14:34,806 INFO Loaded data with shape: torch.Size([409600, 1, 64, 64])
22: 2018-09-30 01:14:34,815 INFO Loaded data with shape: torch.Size([409600, 1, 64, 64])
15: 2018-09-30 01:14:34,815 INFO Loaded data with shape: torch.Size([409600, 1, 64, 64])
59: 2018-09-30 01:14:34,818 INFO Loaded data with shape: torch.Size([409600, 1, 64, 64])
12: 2018-09-30 01:14:34,817 INFO Loaded data with shape: torch.Size([409600, 1, 64, 64])
61: 2018-09-30 01:14:34,821 INFO Loaded data with shape: torch.Size([409600, 1, 64, 64])
43: 2018-09-30 01:14:34,821 INFO Loaded data with shape: torch.Size([409600, 1, 64, 64])
 1: 2018-09-30 01:14:34,825 INFO Loaded data with shape: torch.Size([409600, 1, 64, 64])
38: 2018-09-30 01:14:34,824 INFO Loaded data with shape: torch.Size([409600, 1, 64, 64])
52: 2018-09-30 01:14:34,826 INFO Loaded data with shape: torch.Size([409600, 1, 64, 64])
26: 2018-09-30 01:14:34,828 INFO Loaded data with shape: torch.Size([409600, 1, 64, 64])
11: 2018-09-30 01:14:34,828 INFO Loaded data with shape: torch.Size([409600, 1, 64, 64])
 0: 2018-09-30 01:14:34,828 INFO Loaded data with shape: torch.Size([409600, 1, 64, 64])
14: 2018-09-30 01:14:34,833 INFO Loaded data with shape: torch.Size([409600, 1, 64, 64])
40: 2018-09-30 01:14:34,838 INFO Loaded data with shape: torch.Size([409600, 1, 64, 64])
63: 2018-09-30 01:14:34,845 INFO Loaded data with shape: torch.Size([409600, 1, 64, 64])
39: 2018-09-30 01:14:34,853 INFO Loaded data with shape: torch.Size([409600, 1, 64, 64])
33: 2018-09-30 01:14:34,901 INFO Loaded data with shape: torch.Size([409600, 1, 64, 64])
13: 2018-09-30 01:14:34,936 INFO Loaded data with shape: torch.Size([409600, 1, 64, 64])
16: 2018-09-30 01:14:34,939 INFO Loaded data with shape: torch.Size([409600, 1, 64, 64])
 6: 2018-09-30 01:14:34,985 INFO Loaded data with shape: torch.Size([409600, 1, 64, 64])
57: 2018-09-30 01:14:35,141 INFO Loaded data with shape: torch.Size([409600, 1, 64, 64])
36: 2018-09-30 01:14:35,231 INFO Loaded data with shape: torch.Size([409600, 1, 64, 64])
50: 2018-09-30 01:14:35,361 INFO Loaded data with shape: torch.Size([409600, 1, 64, 64])
 5: 2018-09-30 01:14:35,365 INFO Loaded data with shape: torch.Size([409600, 1, 64, 64])
 7: 2018-09-30 01:14:35,465 INFO Loaded data with shape: torch.Size([409600, 1, 64, 64])
60: 2018-09-30 01:14:35,521 INFO Loaded data with shape: torch.Size([409600, 1, 64, 64])
19: 2018-09-30 01:14:35,559 INFO Loaded data with shape: torch.Size([409600, 1, 64, 64])
32: 2018-09-30 01:14:35,644 INFO Loaded data with shape: torch.Size([409600, 1, 64, 64])
53: 2018-09-30 01:14:35,843 INFO Loaded data with shape: torch.Size([409600, 1, 64, 64])
47: 2018-09-30 01:14:35,911 INFO Loaded data with shape: torch.Size([409600, 1, 64, 64])
28: 2018-09-30 01:14:35,993 INFO Loaded data with shape: torch.Size([409600, 1, 64, 64])
 3: 2018-09-30 01:14:35,997 INFO Loaded data with shape: torch.Size([409600, 1, 64, 64])
37: 2018-09-30 01:14:36,022 INFO Loaded data with shape: torch.Size([409600, 1, 64, 64])
18: 2018-09-30 01:14:36,028 INFO Loaded data with shape: torch.Size([409600, 1, 64, 64])
55: 2018-09-30 01:14:36,067 INFO Loaded data with shape: torch.Size([409600, 1, 64, 64])
23: 2018-09-30 01:14:36,082 INFO Loaded data with shape: torch.Size([409600, 1, 64, 64])
24: 2018-09-30 01:14:36,130 INFO Loaded data with shape: torch.Size([409600, 1, 64, 64])
34: 2018-09-30 01:14:36,582 INFO Loaded data with shape: torch.Size([409600, 1, 64, 64])
17: 2018-09-30 01:14:36,642 INFO Loaded data with shape: torch.Size([409600, 1, 64, 64])
30: 2018-09-30 01:14:36,865 INFO Loaded data with shape: torch.Size([409600, 1, 64, 64])
42: 2018-09-30 01:14:36,897 INFO Loaded data with shape: torch.Size([409600, 1, 64, 64])
 9: 2018-09-30 01:14:37,082 INFO Loaded data with shape: torch.Size([409600, 1, 64, 64])
29: 2018-09-30 01:14:37,200 INFO Loaded data with shape: torch.Size([409600, 1, 64, 64])
54: 2018-09-30 01:14:37,264 INFO Loaded data with shape: torch.Size([409600, 1, 64, 64])
 2: 2018-09-30 01:14:37,385 INFO Loaded data with shape: torch.Size([409600, 1, 64, 64])
45: 2018-09-30 01:14:37,472 INFO Loaded data with shape: torch.Size([409600, 1, 64, 64])
 4: 2018-09-30 01:14:37,571 INFO Loaded data with shape: torch.Size([409600, 1, 64, 64])
51: 2018-09-30 01:14:37,854 INFO Loaded data with shape: torch.Size([409600, 1, 64, 64])
49: 2018-09-30 01:14:37,828 INFO Loaded data with shape: torch.Size([409600, 1, 64, 64])
41: 2018-09-30 01:14:37,903 INFO Loaded data with shape: torch.Size([409600, 1, 64, 64])
31: 2018-09-30 01:14:38,203 INFO Loaded data with shape: torch.Size([409600, 1, 64, 64])
56: 2018-09-30 01:14:38,339 INFO Loaded data with shape: torch.Size([409600, 1, 64, 64])
46: 2018-09-30 01:14:38,544 INFO Loaded data with shape: torch.Size([409600, 1, 64, 64])
21: 2018-09-30 01:14:38,721 INFO Loaded data with shape: torch.Size([409600, 1, 64, 64])
48: 2018-09-30 01:14:39,665 INFO Loaded data with shape: torch.Size([409600, 1, 64, 64])
44: 2018-09-30 01:14:39,730 INFO Loaded data with shape: torch.Size([409600, 1, 64, 64])
 4: 2018-09-30 01:14:39,781 INFO Epoch 0
 5: 2018-09-30 01:14:39,780 INFO Epoch 0
 7: 2018-09-30 01:14:39,780 INFO Epoch 0
 2: 2018-09-30 01:14:39,781 INFO Epoch 0
 6: 2018-09-30 01:14:39,782 INFO Epoch 0
 3: 2018-09-30 01:14:39,781 INFO Epoch 0
 1: 2018-09-30 01:14:39,782 INFO Epoch 0
 0: 2018-09-30 01:14:39,782 INFO Model: 
 0: HEPCNNClassifier(
 0:   (conv_net): Sequential(
 0:     (0): Conv2d(1, 16, kernel_size=(3, 3), stride=(1, 1), padding=(1, 1))
 0:     (1): ReLU()
 0:     (2): MaxPool2d(kernel_size=2, stride=2, padding=0, dilation=1, ceil_mode=False)
 0:     (3): Conv2d(16, 32, kernel_size=(3, 3), stride=(1, 1), padding=(1, 1))
 0:     (4): ReLU()
 0:     (5): MaxPool2d(kernel_size=2, stride=2, padding=0, dilation=1, ceil_mode=False)
 0:     (6): Conv2d(32, 64, kernel_size=(3, 3), stride=(1, 1), padding=(1, 1))
 0:     (7): ReLU()
 0:     (8): MaxPool2d(kernel_size=2, stride=2, padding=0, dilation=1, ceil_mode=False)
 0:   )
 0:   (dense_net): Sequential(
 0:     (0): Linear(in_features=4096, out_features=128, bias=True)
 0:     (1): ReLU()
 0:     (2): Dropout(p=0.2)
 0:     (3): Linear(in_features=128, out_features=1, bias=True)
 0:     (4): Sigmoid()
 0:   )
 0: )
 0: Parameters: 547841
 0: 2018-09-30 01:14:39,782 INFO Epoch 0
17: 2018-09-30 01:14:39,783 INFO Epoch 0
16: 2018-09-30 01:14:39,781 INFO Epoch 0
18: 2018-09-30 01:14:39,782 INFO Epoch 0
19: 2018-09-30 01:14:39,782 INFO Epoch 0
41: 2018-09-30 01:14:39,787 INFO Epoch 0
33: 2018-09-30 01:14:39,789 INFO Epoch 0
11: 2018-09-30 01:14:39,788 INFO Epoch 0
35: 2018-09-30 01:14:39,788 INFO Epoch 0
42: 2018-09-30 01:14:39,787 INFO Epoch 0
10: 2018-09-30 01:14:39,788 INFO Epoch 0
43: 2018-09-30 01:14:39,788 INFO Epoch 0
49: 2018-09-30 01:14:39,730 INFO Epoch 0
51: 2018-09-30 01:14:39,791 INFO Epoch 0
40: 2018-09-30 01:14:39,789 INFO Epoch 0
34: 2018-09-30 01:14:39,789 INFO Epoch 0
 9: 2018-09-30 01:14:39,788 INFO Epoch 0
48: 2018-09-30 01:14:39,789 INFO Epoch 0
32: 2018-09-30 01:14:39,791 INFO Epoch 0
 8: 2018-09-30 01:14:39,787 INFO Epoch 0
50: 2018-09-30 01:14:39,789 INFO Epoch 0
23: 2018-09-30 01:14:39,792 INFO Epoch 0
20: 2018-09-30 01:14:39,790 INFO Epoch 0
22: 2018-09-30 01:14:39,792 INFO Epoch 0
21: 2018-09-30 01:14:39,791 INFO Epoch 0
26: 2018-09-30 01:14:39,795 INFO Epoch 0
27: 2018-09-30 01:14:39,795 INFO Epoch 0
24: 2018-09-30 01:14:39,795 INFO Epoch 0
25: 2018-09-30 01:14:39,795 INFO Epoch 0
53: 2018-09-30 01:14:39,796 INFO Epoch 0
52: 2018-09-30 01:14:39,796 INFO Epoch 0
55: 2018-09-30 01:14:39,796 INFO Epoch 0
47: 2018-09-30 01:14:39,796 INFO Epoch 0
39: 2018-09-30 01:14:39,796 INFO Epoch 0
15: 2018-09-30 01:14:39,796 INFO Epoch 0
31: 2018-09-30 01:14:39,796 INFO Epoch 0
37: 2018-09-30 01:14:39,801 INFO Epoch 0
29: 2018-09-30 01:14:39,798 INFO Epoch 0
38: 2018-09-30 01:14:39,797 INFO Epoch 0
46: 2018-09-30 01:14:39,797 INFO Epoch 0
14: 2018-09-30 01:14:39,796 INFO Epoch 0
54: 2018-09-30 01:14:39,797 INFO Epoch 0
30: 2018-09-30 01:14:39,796 INFO Epoch 0
45: 2018-09-30 01:14:39,797 INFO Epoch 0
13: 2018-09-30 01:14:39,797 INFO Epoch 0
36: 2018-09-30 01:14:39,797 INFO Epoch 0
28: 2018-09-30 01:14:39,796 INFO Epoch 0
44: 2018-09-30 01:14:39,798 INFO Epoch 0
12: 2018-09-30 01:14:39,797 INFO Epoch 0
59: 2018-09-30 01:14:39,802 INFO Epoch 0
57: 2018-09-30 01:14:39,801 INFO Epoch 0
58: 2018-09-30 01:14:39,800 INFO Epoch 0
56: 2018-09-30 01:14:39,801 INFO Epoch 0
60: 2018-09-30 01:14:39,805 INFO Epoch 0
63: 2018-09-30 01:14:39,802 INFO Epoch 0
61: 2018-09-30 01:14:39,805 INFO Epoch 0
62: 2018-09-30 01:14:39,802 INFO Epoch 0
63: 2018-09-30 01:14:53,100 INFO   Training loss: 11.804
58: 2018-09-30 01:14:53,100 INFO   Training loss: 11.610
43: 2018-09-30 01:14:53,100 INFO   Training loss: 11.757
25: 2018-09-30 01:14:53,101 INFO   Training loss: 11.364
 7: 2018-09-30 01:14:53,100 INFO   Training loss: 11.899
41: 2018-09-30 01:14:53,100 INFO   Training loss: 11.515
45: 2018-09-30 01:14:53,101 INFO   Training loss: 11.485
21: 2018-09-30 01:14:53,101 INFO   Training loss: 11.865
17: 2018-09-30 01:14:53,102 INFO   Training loss: 11.485
39: 2018-09-30 01:14:53,101 INFO   Training loss: 11.420
53: 2018-09-30 01:14:53,101 INFO   Training loss: 11.502
51: 2018-09-30 01:14:53,104 INFO   Training loss: 11.770
 2: 2018-09-30 01:14:53,100 INFO   Training loss: 11.597
42: 2018-09-30 01:14:53,099 INFO   Training loss: 11.351
44: 2018-09-30 01:14:53,102 INFO   Training loss: 11.304
32: 2018-09-30 01:14:53,103 INFO   Training loss: 11.291
24: 2018-09-30 01:14:53,101 INFO   Training loss: 11.576
18: 2018-09-30 01:14:53,100 INFO   Training loss: 11.368
47: 2018-09-30 01:14:53,100 INFO   Training loss: 11.515
29: 2018-09-30 01:14:53,102 INFO   Training loss: 11.649
46: 2018-09-30 01:14:53,101 INFO   Training loss: 11.476
13: 2018-09-30 01:14:53,102 INFO   Training loss: 12.029
37: 2018-09-30 01:14:53,106 INFO   Training loss: 11.554
55: 2018-09-30 01:14:53,101 INFO   Training loss: 11.515
 5: 2018-09-30 01:14:53,100 INFO   Training loss: 11.636
52: 2018-09-30 01:14:53,102 INFO   Training loss: 11.360
 9: 2018-09-30 01:14:53,101 INFO   Training loss: 11.671
 8: 2018-09-30 01:14:53,099 INFO   Training loss: 11.554
59: 2018-09-30 01:14:53,102 INFO   Training loss: 11.623
50: 2018-09-30 01:14:53,101 INFO   Training loss: 11.696
16: 2018-09-30 01:14:53,100 INFO   Training loss: 11.498
23: 2018-09-30 01:14:53,103 INFO   Training loss: 11.632
35: 2018-09-30 01:14:53,102 INFO   Training loss: 11.230
49: 2018-09-30 01:14:53,047 INFO   Training loss: 11.666
14: 2018-09-30 01:14:53,101 INFO   Training loss: 11.528
10: 2018-09-30 01:14:53,101 INFO   Training loss: 11.740
31: 2018-09-30 01:14:53,101 INFO   Training loss: 11.692
36: 2018-09-30 01:14:53,102 INFO   Training loss: 11.399
60: 2018-09-30 01:14:53,104 INFO   Training loss: 11.904
28: 2018-09-30 01:14:53,101 INFO   Training loss: 11.550
62: 2018-09-30 01:14:53,101 INFO   Training loss: 11.597
26: 2018-09-30 01:14:53,102 INFO   Training loss: 11.446
48: 2018-09-30 01:14:53,102 INFO   Training loss: 11.407
20: 2018-09-30 01:14:53,101 INFO   Training loss: 11.390
22: 2018-09-30 01:14:53,103 INFO   Training loss: 11.472
 6: 2018-09-30 01:14:53,103 INFO   Training loss: 11.744
19: 2018-09-30 01:14:53,100 INFO   Training loss: 11.710
 3: 2018-09-30 01:14:53,101 INFO   Training loss: 11.528
33: 2018-09-30 01:14:53,102 INFO   Training loss: 11.571
11: 2018-09-30 01:14:53,101 INFO   Training loss: 11.731
27: 2018-09-30 01:14:53,102 INFO   Training loss: 11.567
61: 2018-09-30 01:14:53,104 INFO   Training loss: 11.239
38: 2018-09-30 01:14:53,102 INFO   Training loss: 11.420
 4: 2018-09-30 01:14:53,102 INFO   Training loss: 11.364
56: 2018-09-30 01:14:53,102 INFO   Training loss: 11.550
54: 2018-09-30 01:14:53,102 INFO   Training loss: 11.446
12: 2018-09-30 01:14:53,102 INFO   Training loss: 11.433
15: 2018-09-30 01:14:53,101 INFO   Training loss: 11.779
40: 2018-09-30 01:14:53,103 INFO   Training loss: 11.429
34: 2018-09-30 01:14:53,103 INFO   Training loss: 11.761
 1: 2018-09-30 01:14:53,103 INFO   Training loss: 11.701
57: 2018-09-30 01:14:53,102 INFO   Training loss: 11.563
 0: 2018-09-30 01:14:53,102 INFO   Training loss: 11.317
30: 2018-09-30 01:14:53,104 INFO   Training loss: 11.476
27: 2018-09-30 01:15:16,942 INFO   Validation loss: 11.783 acc: 0.574
23: 2018-09-30 01:15:16,944 INFO   Validation loss: 11.783 acc: 0.574
15: 2018-09-30 01:15:16,998 INFO   Validation loss: 11.783 acc: 0.574
18: 2018-09-30 01:15:17,026 INFO   Validation loss: 11.783 acc: 0.574
24: 2018-09-30 01:15:17,027 INFO   Validation loss: 11.783 acc: 0.574
22: 2018-09-30 01:15:17,035 INFO   Validation loss: 11.783 acc: 0.574
28: 2018-09-30 01:15:17,043 INFO   Validation loss: 11.783 acc: 0.574
26: 2018-09-30 01:15:17,084 INFO   Validation loss: 11.783 acc: 0.574
33: 2018-09-30 01:15:17,094 INFO   Validation loss: 11.783 acc: 0.574
 8: 2018-09-30 01:15:17,108 INFO   Validation loss: 11.783 acc: 0.574
 4: 2018-09-30 01:15:17,116 INFO   Validation loss: 11.783 acc: 0.574
41: 2018-09-30 01:15:17,117 INFO   Validation loss: 11.783 acc: 0.574
59: 2018-09-30 01:15:17,125 INFO   Validation loss: 11.783 acc: 0.574
54: 2018-09-30 01:15:17,148 INFO   Validation loss: 11.783 acc: 0.574
36: 2018-09-30 01:15:17,237 INFO   Validation loss: 11.783 acc: 0.574
14: 2018-09-30 01:15:17,249 INFO   Validation loss: 11.783 acc: 0.574
49: 2018-09-30 01:15:17,217 INFO   Validation loss: 11.783 acc: 0.574
58: 2018-09-30 01:15:17,281 INFO   Validation loss: 11.783 acc: 0.574
 2: 2018-09-30 01:15:17,301 INFO   Validation loss: 11.783 acc: 0.574
62: 2018-09-30 01:15:17,315 INFO   Validation loss: 11.783 acc: 0.574
 5: 2018-09-30 01:15:17,377 INFO   Validation loss: 11.783 acc: 0.574
44: 2018-09-30 01:15:17,424 INFO   Validation loss: 11.783 acc: 0.574
29: 2018-09-30 01:15:17,426 INFO   Validation loss: 11.783 acc: 0.574
61: 2018-09-30 01:15:17,427 INFO   Validation loss: 11.783 acc: 0.574
31: 2018-09-30 01:15:17,446 INFO   Validation loss: 11.783 acc: 0.574
45: 2018-09-30 01:15:17,452 INFO   Validation loss: 11.783 acc: 0.574
42: 2018-09-30 01:15:17,478 INFO   Validation loss: 11.783 acc: 0.574
35: 2018-09-30 01:15:17,488 INFO   Validation loss: 11.783 acc: 0.574
63: 2018-09-30 01:15:17,494 INFO   Validation loss: 11.783 acc: 0.574
19: 2018-09-30 01:15:17,559 INFO   Validation loss: 11.783 acc: 0.574
 9: 2018-09-30 01:15:17,575 INFO   Validation loss: 11.783 acc: 0.574
53: 2018-09-30 01:15:17,602 INFO   Validation loss: 11.783 acc: 0.574
32: 2018-09-30 01:15:17,613 INFO   Validation loss: 11.783 acc: 0.574
 1: 2018-09-30 01:15:17,661 INFO   Validation loss: 11.783 acc: 0.574
57: 2018-09-30 01:15:17,679 INFO   Validation loss: 11.783 acc: 0.574
12: 2018-09-30 01:15:17,682 INFO   Validation loss: 11.783 acc: 0.574
 7: 2018-09-30 01:15:17,695 INFO   Validation loss: 11.783 acc: 0.574
25: 2018-09-30 01:15:17,706 INFO   Validation loss: 11.783 acc: 0.574
21: 2018-09-30 01:15:17,722 INFO   Validation loss: 11.783 acc: 0.574
30: 2018-09-30 01:15:17,761 INFO   Validation loss: 11.783 acc: 0.574
 0: 2018-09-30 01:15:17,818 INFO   Validation loss: 11.783 acc: 0.574
39: 2018-09-30 01:15:17,886 INFO   Validation loss: 11.783 acc: 0.574
37: 2018-09-30 01:15:17,902 INFO   Validation loss: 11.783 acc: 0.574
34: 2018-09-30 01:15:17,903 INFO   Validation loss: 11.783 acc: 0.574
38: 2018-09-30 01:15:17,908 INFO   Validation loss: 11.783 acc: 0.574
55: 2018-09-30 01:15:17,921 INFO   Validation loss: 11.783 acc: 0.574
46: 2018-09-30 01:15:17,953 INFO   Validation loss: 11.783 acc: 0.574
13: 2018-09-30 01:15:17,954 INFO   Validation loss: 11.783 acc: 0.574
40: 2018-09-30 01:15:17,994 INFO   Validation loss: 11.783 acc: 0.574
27: 2018-09-30 01:15:18,105 INFO Epoch 1
16: 2018-09-30 01:15:18,110 INFO   Validation loss: 11.783 acc: 0.574
50: 2018-09-30 01:15:18,169 INFO   Validation loss: 11.783 acc: 0.574
60: 2018-09-30 01:15:18,179 INFO   Validation loss: 11.783 acc: 0.574
10: 2018-09-30 01:15:18,287 INFO   Validation loss: 11.783 acc: 0.574
17: 2018-09-30 01:15:18,336 INFO   Validation loss: 11.783 acc: 0.574
48: 2018-09-30 01:15:18,374 INFO   Validation loss: 11.783 acc: 0.574
 6: 2018-09-30 01:15:18,385 INFO   Validation loss: 11.783 acc: 0.574
20: 2018-09-30 01:15:18,400 INFO   Validation loss: 11.783 acc: 0.574
47: 2018-09-30 01:15:18,447 INFO   Validation loss: 11.783 acc: 0.574
52: 2018-09-30 01:15:26,502 INFO   Validation loss: 11.783 acc: 0.574
43: 2018-09-30 01:15:26,591 INFO   Validation loss: 11.783 acc: 0.574
11: 2018-09-30 01:15:26,794 INFO   Validation loss: 11.783 acc: 0.574
 3: 2018-09-30 01:15:26,878 INFO   Validation loss: 11.783 acc: 0.574
51: 2018-09-30 01:15:26,943 INFO   Validation loss: 11.783 acc: 0.574
56: 2018-09-30 01:15:26,974 INFO   Validation loss: 11.783 acc: 0.574
23: 2018-09-30 01:15:37,333 INFO Epoch 1
18: 2018-09-30 01:15:40,024 INFO Epoch 1
15: 2018-09-30 01:15:40,080 INFO Epoch 1
22: 2018-09-30 01:15:40,282 INFO Epoch 1
24: 2018-09-30 01:15:40,370 INFO Epoch 1
28: 2018-09-30 01:15:40,688 INFO Epoch 1
26: 2018-09-30 01:15:40,790 INFO Epoch 1
33: 2018-09-30 01:15:41,156 INFO Epoch 1
 4: 2018-09-30 01:15:41,712 INFO Epoch 1
41: 2018-09-30 01:15:41,928 INFO Epoch 1
54: 2018-09-30 01:15:41,972 INFO Epoch 1
 8: 2018-09-30 01:15:42,166 INFO Epoch 1
59: 2018-09-30 01:15:42,290 INFO Epoch 1
14: 2018-09-30 01:15:42,649 INFO Epoch 1
36: 2018-09-30 01:15:42,827 INFO Epoch 1
49: 2018-09-30 01:15:42,845 INFO Epoch 1
58: 2018-09-30 01:15:42,994 INFO Epoch 1
 2: 2018-09-30 01:15:43,073 INFO Epoch 1
62: 2018-09-30 01:15:43,374 INFO Epoch 1
 5: 2018-09-30 01:15:43,547 INFO Epoch 1
44: 2018-09-30 01:15:43,625 INFO Epoch 1
31: 2018-09-30 01:15:43,705 INFO Epoch 1
42: 2018-09-30 01:15:43,738 INFO Epoch 1
61: 2018-09-30 01:15:43,767 INFO Epoch 1
29: 2018-09-30 01:15:43,789 INFO Epoch 1
45: 2018-09-30 01:15:43,838 INFO Epoch 1
35: 2018-09-30 01:15:43,865 INFO Epoch 1
19: 2018-09-30 01:15:43,888 INFO Epoch 1
63: 2018-09-30 01:15:43,916 INFO Epoch 1
 9: 2018-09-30 01:15:43,939 INFO Epoch 1
32: 2018-09-30 01:15:43,968 INFO Epoch 1
53: 2018-09-30 01:15:44,026 INFO Epoch 1
12: 2018-09-30 01:15:44,057 INFO Epoch 1
 1: 2018-09-30 01:15:44,106 INFO Epoch 1
57: 2018-09-30 01:15:44,126 INFO Epoch 1
25: 2018-09-30 01:15:44,148 INFO Epoch 1
 7: 2018-09-30 01:15:44,179 INFO Epoch 1
30: 2018-09-30 01:15:44,225 INFO Epoch 1
 0: 2018-09-30 01:15:44,249 INFO Epoch 1
21: 2018-09-30 01:15:44,280 INFO Epoch 1
39: 2018-09-30 01:15:44,307 INFO Epoch 1
55: 2018-09-30 01:15:44,329 INFO Epoch 1
37: 2018-09-30 01:15:44,366 INFO Epoch 1
40: 2018-09-30 01:15:44,389 INFO Epoch 1
38: 2018-09-30 01:15:44,410 INFO Epoch 1
34: 2018-09-30 01:15:44,431 INFO Epoch 1
46: 2018-09-30 01:15:44,458 INFO Epoch 1
13: 2018-09-30 01:15:44,484 INFO Epoch 1
16: 2018-09-30 01:15:44,505 INFO Epoch 1
50: 2018-09-30 01:15:44,556 INFO Epoch 1
60: 2018-09-30 01:15:44,587 INFO Epoch 1
10: 2018-09-30 01:15:44,621 INFO Epoch 1
17: 2018-09-30 01:15:44,731 INFO Epoch 1
48: 2018-09-30 01:15:44,777 INFO Epoch 1
20: 2018-09-30 01:15:44,822 INFO Epoch 1
 6: 2018-09-30 01:15:44,852 INFO Epoch 1
47: 2018-09-30 01:15:44,872 INFO Epoch 1
52: 2018-09-30 01:15:45,124 INFO Epoch 1
43: 2018-09-30 01:15:45,574 INFO Epoch 1
56: 2018-09-30 01:15:45,598 INFO Epoch 1
11: 2018-09-30 01:15:45,622 INFO Epoch 1
51: 2018-09-30 01:15:45,650 INFO Epoch 1
 3: 2018-09-30 01:15:45,667 INFO Epoch 1
49: 2018-09-30 01:15:58,661 INFO   Training loss: 11.873
58: 2018-09-30 01:15:58,717 INFO   Training loss: 11.817
55: 2018-09-30 01:15:58,717 INFO   Training loss: 11.782
29: 2018-09-30 01:15:58,718 INFO   Training loss: 11.830
 2: 2018-09-30 01:15:58,717 INFO   Training loss: 11.842
54: 2018-09-30 01:15:58,717 INFO   Training loss: 11.609
22: 2018-09-30 01:15:58,719 INFO   Training loss: 11.691
43: 2018-09-30 01:15:58,716 INFO   Training loss: 11.989
23: 2018-09-30 01:15:58,718 INFO   Training loss: 11.834
39: 2018-09-30 01:15:58,717 INFO   Training loss: 11.622
44: 2018-09-30 01:15:58,718 INFO   Training loss: 11.532
32: 2018-09-30 01:15:58,719 INFO   Training loss: 11.501
34: 2018-09-30 01:15:58,718 INFO   Training loss: 12.002
24: 2018-09-30 01:15:58,717 INFO   Training loss: 11.791
17: 2018-09-30 01:15:58,718 INFO   Training loss: 11.717
33: 2018-09-30 01:15:58,718 INFO   Training loss: 11.834
25: 2018-09-30 01:15:58,717 INFO   Training loss: 11.588
 9: 2018-09-30 01:15:58,717 INFO   Training loss: 11.842
51: 2018-09-30 01:15:58,720 INFO   Training loss: 11.959
13: 2018-09-30 01:15:58,718 INFO   Training loss: 12.205
31: 2018-09-30 01:15:58,717 INFO   Training loss: 11.899
36: 2018-09-30 01:15:58,718 INFO   Training loss: 11.627
60: 2018-09-30 01:15:58,720 INFO   Training loss: 12.153
20: 2018-09-30 01:15:58,718 INFO   Training loss: 11.618
19: 2018-09-30 01:15:58,717 INFO   Training loss: 11.959
37: 2018-09-30 01:15:58,722 INFO   Training loss: 11.795
59: 2018-09-30 01:15:58,719 INFO   Training loss: 11.860
38: 2018-09-30 01:15:58,718 INFO   Training loss: 11.661
26: 2018-09-30 01:15:58,718 INFO   Training loss: 11.687
12: 2018-09-30 01:15:58,718 INFO   Training loss: 11.696
16: 2018-09-30 01:15:58,717 INFO   Training loss: 11.726
 1: 2018-09-30 01:15:58,719 INFO   Training loss: 11.925
 8: 2018-09-30 01:15:58,716 INFO   Training loss: 11.782
 7: 2018-09-30 01:15:58,717 INFO   Training loss: 12.136
57: 2018-09-30 01:15:58,718 INFO   Training loss: 11.730
53: 2018-09-30 01:15:58,718 INFO   Training loss: 11.743
63: 2018-09-30 01:15:58,717 INFO   Training loss: 12.041
28: 2018-09-30 01:15:58,717 INFO   Training loss: 11.760
14: 2018-09-30 01:15:58,718 INFO   Training loss: 11.747
62: 2018-09-30 01:15:58,717 INFO   Training loss: 11.821
10: 2018-09-30 01:15:58,717 INFO   Training loss: 11.959
52: 2018-09-30 01:15:58,719 INFO   Training loss: 11.592
11: 2018-09-30 01:15:58,718 INFO   Training loss: 11.955
35: 2018-09-30 01:15:58,718 INFO   Training loss: 11.445
61: 2018-09-30 01:15:58,720 INFO   Training loss: 11.458
41: 2018-09-30 01:15:58,717 INFO   Training loss: 11.765
40: 2018-09-30 01:15:58,719 INFO   Training loss: 11.605
56: 2018-09-30 01:15:58,718 INFO   Training loss: 11.765
50: 2018-09-30 01:15:58,718 INFO   Training loss: 11.881
48: 2018-09-30 01:15:58,719 INFO   Training loss: 11.614
30: 2018-09-30 01:15:58,718 INFO   Training loss: 11.674
18: 2018-09-30 01:15:58,717 INFO   Training loss: 11.614
47: 2018-09-30 01:15:58,718 INFO   Training loss: 11.743
 3: 2018-09-30 01:15:58,718 INFO   Training loss: 11.773
21: 2018-09-30 01:15:58,718 INFO   Training loss: 12.097
15: 2018-09-30 01:15:58,717 INFO   Training loss: 11.985
42: 2018-09-30 01:15:58,717 INFO   Training loss: 11.592
 4: 2018-09-30 01:15:58,719 INFO   Training loss: 11.592
46: 2018-09-30 01:15:58,718 INFO   Training loss: 11.678
 6: 2018-09-30 01:15:58,719 INFO   Training loss: 11.981
27: 2018-09-30 01:15:58,719 INFO   Training loss: 11.747
 0: 2018-09-30 01:15:58,719 INFO   Training loss: 11.527
 5: 2018-09-30 01:15:58,720 INFO   Training loss: 11.864
45: 2018-09-30 01:15:58,721 INFO   Training loss: 11.704
27: 2018-09-30 01:16:22,586 INFO   Validation loss: 11.783 acc: 0.574
27: 2018-09-30 01:16:22,602 INFO Finished training
27: 2018-09-30 01:16:22,602 INFO Train samples 6400 time 26.9601s rate 237.387 samples/s
27: 2018-09-30 01:16:22,603 INFO Valid rate: 1373.69 samples/s
27: 2018-09-30 01:16:22,603 INFO All done!
22: 2018-09-30 01:16:22,627 INFO   Validation loss: 11.783 acc: 0.574
 5: 2018-09-30 01:16:22,629 INFO   Validation loss: 11.783 acc: 0.574
14: 2018-09-30 01:16:22,712 INFO   Validation loss: 11.783 acc: 0.574
33: 2018-09-30 01:16:22,718 INFO   Validation loss: 11.783 acc: 0.574
59: 2018-09-30 01:16:22,745 INFO   Validation loss: 11.783 acc: 0.574
 4: 2018-09-30 01:16:22,772 INFO   Validation loss: 11.783 acc: 0.574
54: 2018-09-30 01:16:22,780 INFO   Validation loss: 11.783 acc: 0.574
23: 2018-09-30 01:16:22,796 INFO   Validation loss: 11.783 acc: 0.574
29: 2018-09-30 01:16:22,838 INFO   Validation loss: 11.783 acc: 0.574
24: 2018-09-30 01:16:22,847 INFO   Validation loss: 11.783 acc: 0.574
58: 2018-09-30 01:16:22,865 INFO   Validation loss: 11.783 acc: 0.574
41: 2018-09-30 01:16:22,889 INFO   Validation loss: 11.783 acc: 0.574
42: 2018-09-30 01:16:22,890 INFO   Validation loss: 11.783 acc: 0.574
28: 2018-09-30 01:16:22,903 INFO   Validation loss: 11.783 acc: 0.574
62: 2018-09-30 01:16:22,907 INFO   Validation loss: 11.783 acc: 0.574
63: 2018-09-30 01:16:22,947 INFO   Validation loss: 11.783 acc: 0.574
25: 2018-09-30 01:16:22,964 INFO   Validation loss: 11.783 acc: 0.574
 2: 2018-09-30 01:16:22,977 INFO   Validation loss: 11.783 acc: 0.574
19: 2018-09-30 01:16:23,075 INFO   Validation loss: 11.783 acc: 0.574
26: 2018-09-30 01:16:23,092 INFO   Validation loss: 11.783 acc: 0.574
36: 2018-09-30 01:16:23,112 INFO   Validation loss: 11.783 acc: 0.574
 1: 2018-09-30 01:16:23,117 INFO   Validation loss: 11.783 acc: 0.574
44: 2018-09-30 01:16:23,152 INFO   Validation loss: 11.783 acc: 0.574
15: 2018-09-30 01:16:23,210 INFO   Validation loss: 11.783 acc: 0.574
55: 2018-09-30 01:16:23,218 INFO   Validation loss: 11.783 acc: 0.574
12: 2018-09-30 01:16:23,226 INFO   Validation loss: 11.783 acc: 0.574
61: 2018-09-30 01:16:23,239 INFO   Validation loss: 11.783 acc: 0.574
31: 2018-09-30 01:16:23,286 INFO   Validation loss: 11.783 acc: 0.574
35: 2018-09-30 01:16:23,328 INFO   Validation loss: 11.783 acc: 0.574
39: 2018-09-30 01:16:23,338 INFO   Validation loss: 11.783 acc: 0.574
10: 2018-09-30 01:16:23,367 INFO   Validation loss: 11.783 acc: 0.574
32: 2018-09-30 01:16:23,372 INFO   Validation loss: 11.783 acc: 0.574
18: 2018-09-30 01:16:23,442 INFO   Validation loss: 11.783 acc: 0.574
 6: 2018-09-30 01:16:23,623 INFO   Validation loss: 11.783 acc: 0.574
37: 2018-09-30 01:16:23,632 INFO   Validation loss: 11.783 acc: 0.574
60: 2018-09-30 01:16:23,647 INFO   Validation loss: 11.783 acc: 0.574
50: 2018-09-30 01:16:23,651 INFO   Validation loss: 11.783 acc: 0.574
 8: 2018-09-30 01:16:23,659 INFO   Validation loss: 11.783 acc: 0.574
34: 2018-09-30 01:16:23,663 INFO   Validation loss: 11.783 acc: 0.574
16: 2018-09-30 01:16:23,661 INFO   Validation loss: 11.783 acc: 0.574
53: 2018-09-30 01:16:23,686 INFO   Validation loss: 11.783 acc: 0.574
45: 2018-09-30 01:16:23,686 INFO   Validation loss: 11.783 acc: 0.574
57: 2018-09-30 01:16:23,721 INFO   Validation loss: 11.783 acc: 0.574
46: 2018-09-30 01:16:23,726 INFO   Validation loss: 11.783 acc: 0.574
17: 2018-09-30 01:16:23,728 INFO   Validation loss: 11.783 acc: 0.574
13: 2018-09-30 01:16:23,734 INFO   Validation loss: 11.783 acc: 0.574
48: 2018-09-30 01:16:23,768 INFO   Validation loss: 11.783 acc: 0.574
47: 2018-09-30 01:16:23,772 INFO   Validation loss: 11.783 acc: 0.574
21: 2018-09-30 01:16:23,780 INFO   Validation loss: 11.783 acc: 0.574
20: 2018-09-30 01:16:23,787 INFO   Validation loss: 11.783 acc: 0.574
38: 2018-09-30 01:16:23,789 INFO   Validation loss: 11.783 acc: 0.574
 9: 2018-09-30 01:16:23,820 INFO   Validation loss: 11.783 acc: 0.574
49: 2018-09-30 01:16:23,791 INFO   Validation loss: 11.783 acc: 0.574
33: 2018-09-30 01:16:24,928 INFO Finished training
33: 2018-09-30 01:16:24,929 INFO Train samples 6400 time 15.4376s rate 414.573 samples/s
33: 2018-09-30 01:16:24,929 INFO Valid rate: 1365.61 samples/s
33: 2018-09-30 01:16:24,929 INFO All done!
43: 2018-09-30 01:16:27,743 INFO   Validation loss: 11.783 acc: 0.574
 0: 2018-09-30 01:16:27,877 INFO   Validation loss: 11.783 acc: 0.574
51: 2018-09-30 01:16:27,968 INFO   Validation loss: 11.783 acc: 0.574
40: 2018-09-30 01:16:27,972 INFO   Validation loss: 11.783 acc: 0.574
52: 2018-09-30 01:16:27,986 INFO   Validation loss: 11.783 acc: 0.574
 7: 2018-09-30 01:16:27,986 INFO   Validation loss: 11.783 acc: 0.574
11: 2018-09-30 01:16:27,988 INFO   Validation loss: 11.783 acc: 0.574
30: 2018-09-30 01:16:28,024 INFO   Validation loss: 11.783 acc: 0.574
 3: 2018-09-30 01:16:28,051 INFO   Validation loss: 11.783 acc: 0.574
56: 2018-09-30 01:16:28,062 INFO   Validation loss: 11.783 acc: 0.574
14: 2018-09-30 01:16:35,200 INFO Finished training
14: 2018-09-30 01:16:35,200 INFO Train samples 6400 time 14.6865s rate 435.774 samples/s
14: 2018-09-30 01:16:35,200 INFO Valid rate: 1361.31 samples/s
14: 2018-09-30 01:16:35,200 INFO All done!
22: 2018-09-30 01:16:42,400 INFO Finished training
22: 2018-09-30 01:16:42,400 INFO Train samples 6400 time 15.8739s rate 403.178 samples/s
22: 2018-09-30 01:16:42,400 INFO Valid rate: 1369.92 samples/s
22: 2018-09-30 01:16:42,400 INFO All done!
 5: 2018-09-30 01:16:42,594 INFO Finished training
 5: 2018-09-30 01:16:42,595 INFO Train samples 6400 time 14.2465s rate 449.234 samples/s
 5: 2018-09-30 01:16:42,595 INFO Valid rate: 1360.1 samples/s
 5: 2018-09-30 01:16:42,595 INFO All done!
59: 2018-09-30 01:16:44,539 INFO Finished training
59: 2018-09-30 01:16:44,539 INFO Train samples 6400 time 14.8645s rate 430.555 samples/s
59: 2018-09-30 01:16:44,539 INFO Valid rate: 1363.94 samples/s
59: 2018-09-30 01:16:44,539 INFO All done!
 4: 2018-09-30 01:16:44,866 INFO Finished training
 4: 2018-09-30 01:16:44,866 INFO Train samples 6400 time 15.1639s rate 422.055 samples/s
 4: 2018-09-30 01:16:44,866 INFO Valid rate: 1363.46 samples/s
 4: 2018-09-30 01:16:44,866 INFO All done!
54: 2018-09-30 01:16:44,957 INFO Finished training
54: 2018-09-30 01:16:44,957 INFO Train samples 6400 time 15.0248s rate 425.962 samples/s
54: 2018-09-30 01:16:44,957 INFO Valid rate: 1362.27 samples/s
54: 2018-09-30 01:16:44,957 INFO All done!
23: 2018-09-30 01:16:45,126 INFO Finished training
23: 2018-09-30 01:16:45,126 INFO Train samples 6400 time 17.348s rate 368.919 samples/s
23: 2018-09-30 01:16:45,126 INFO Valid rate: 1367.65 samples/s
23: 2018-09-30 01:16:45,126 INFO All done!
29: 2018-09-30 01:16:45,480 INFO Finished training
29: 2018-09-30 01:16:45,480 INFO Train samples 6400 time 14.1169s rate 453.357 samples/s
29: 2018-09-30 01:16:45,480 INFO Valid rate: 1352.87 samples/s
29: 2018-09-30 01:16:45,480 INFO All done!
24: 2018-09-30 01:16:45,759 INFO Finished training
24: 2018-09-30 01:16:45,759 INFO Train samples 6400 time 15.8266s rate 404.384 samples/s
24: 2018-09-30 01:16:45,759 INFO Valid rate: 1363.76 samples/s
24: 2018-09-30 01:16:45,759 INFO All done!
58: 2018-09-30 01:16:45,855 INFO Finished training
58: 2018-09-30 01:16:45,855 INFO Train samples 6400 time 14.5106s rate 441.056 samples/s
58: 2018-09-30 01:16:45,855 INFO Valid rate: 1356.03 samples/s
58: 2018-09-30 01:16:45,855 INFO All done!
41: 2018-09-30 01:16:45,905 INFO Finished training
41: 2018-09-30 01:16:45,905 INFO Train samples 6400 time 15.0507s rate 425.231 samples/s
41: 2018-09-30 01:16:45,905 INFO Valid rate: 1359.99 samples/s
41: 2018-09-30 01:16:45,905 INFO All done!
28: 2018-09-30 01:16:46,152 INFO Finished training
28: 2018-09-30 01:16:46,152 INFO Train samples 6400 time 15.6666s rate 408.514 samples/s
28: 2018-09-30 01:16:46,152 INFO Valid rate: 1361.71 samples/s
28: 2018-09-30 01:16:46,152 INFO All done!
42: 2018-09-30 01:16:46,179 INFO Finished training
42: 2018-09-30 01:16:46,179 INFO Train samples 6400 time 14.1456s rate 452.439 samples/s
42: 2018-09-30 01:16:46,179 INFO Valid rate: 1349.83 samples/s
42: 2018-09-30 01:16:46,179 INFO All done!
62: 2018-09-30 01:16:46,230 INFO Finished training
62: 2018-09-30 01:16:46,230 INFO Train samples 6400 time 14.3205s rate 446.913 samples/s
62: 2018-09-30 01:16:46,230 INFO Valid rate: 1353.97 samples/s
62: 2018-09-30 01:16:46,230 INFO All done!
63: 2018-09-30 01:16:46,755 INFO Finished training
63: 2018-09-30 01:16:46,755 INFO Train samples 6400 time 14.049s rate 455.548 samples/s
63: 2018-09-30 01:16:46,755 INFO Valid rate: 1347.8 samples/s
63: 2018-09-30 01:16:46,755 INFO All done!
 2: 2018-09-30 01:16:46,842 INFO Finished training
 2: 2018-09-30 01:16:46,842 INFO Train samples 6400 time 14.4816s rate 441.939 samples/s
 2: 2018-09-30 01:16:46,842 INFO Valid rate: 1352.38 samples/s
 2: 2018-09-30 01:16:46,842 INFO All done!
25: 2018-09-30 01:16:47,034 INFO Finished training
25: 2018-09-30 01:16:47,034 INFO Train samples 6400 time 13.9372s rate 459.202 samples/s
25: 2018-09-30 01:16:47,034 INFO Valid rate: 1341.56 samples/s
25: 2018-09-30 01:16:47,034 INFO All done!
19: 2018-09-30 01:16:47,355 INFO Finished training
19: 2018-09-30 01:16:47,355 INFO Train samples 6400 time 14.0732s rate 454.764 samples/s
19: 2018-09-30 01:16:47,355 INFO Valid rate: 1342.5 samples/s
19: 2018-09-30 01:16:47,355 INFO All done!
36: 2018-09-30 01:16:47,385 INFO Finished training
36: 2018-09-30 01:16:47,385 INFO Train samples 6400 time 14.5976s rate 438.428 samples/s
36: 2018-09-30 01:16:47,385 INFO Valid rate: 1350.48 samples/s
36: 2018-09-30 01:16:47,385 INFO All done!
 1: 2018-09-30 01:16:47,414 INFO Finished training
 1: 2018-09-30 01:16:47,414 INFO Train samples 6400 time 13.9667s rate 458.234 samples/s
 1: 2018-09-30 01:16:47,414 INFO Valid rate: 1338.66 samples/s
 1: 2018-09-30 01:16:47,415 INFO All done!
26: 2018-09-30 01:16:47,446 INFO Finished training
26: 2018-09-30 01:16:47,446 INFO Train samples 6400 time 15.6171s rate 409.807 samples/s
26: 2018-09-30 01:16:47,446 INFO Valid rate: 1355.27 samples/s
26: 2018-09-30 01:16:47,446 INFO All done!
15: 2018-09-30 01:16:47,471 INFO Finished training
15: 2018-09-30 01:16:47,471 INFO Train samples 6400 time 15.9709s rate 400.729 samples/s
15: 2018-09-30 01:16:47,471 INFO Valid rate: 1354.34 samples/s
15: 2018-09-30 01:16:47,471 INFO All done!
44: 2018-09-30 01:16:47,500 INFO Finished training
44: 2018-09-30 01:16:47,500 INFO Train samples 6400 time 14.1985s rate 450.751 samples/s
44: 2018-09-30 01:16:47,500 INFO Valid rate: 1344.26 samples/s
44: 2018-09-30 01:16:47,500 INFO All done!
12: 2018-09-30 01:16:47,598 INFO Finished training
12: 2018-09-30 01:16:47,598 INFO Train samples 6400 time 13.9828s rate 457.705 samples/s
12: 2018-09-30 01:16:47,598 INFO Valid rate: 1335.07 samples/s
12: 2018-09-30 01:16:47,598 INFO All done!
55: 2018-09-30 01:16:47,652 INFO Finished training
55: 2018-09-30 01:16:47,653 INFO Train samples 6400 time 13.8463s rate 462.219 samples/s
55: 2018-09-30 01:16:47,653 INFO Valid rate: 1328.77 samples/s
55: 2018-09-30 01:16:47,653 INFO All done!
61: 2018-09-30 01:16:47,731 INFO Finished training
61: 2018-09-30 01:16:47,731 INFO Train samples 6400 time 14.1259s rate 453.068 samples/s
61: 2018-09-30 01:16:47,731 INFO Valid rate: 1341.82 samples/s
61: 2018-09-30 01:16:47,731 INFO All done!
31: 2018-09-30 01:16:48,120 INFO Finished training
31: 2018-09-30 01:16:48,120 INFO Train samples 6400 time 14.1586s rate 452.022 samples/s
31: 2018-09-30 01:16:48,120 INFO Valid rate: 1339.84 samples/s
31: 2018-09-30 01:16:48,120 INFO All done!
35: 2018-09-30 01:16:48,206 INFO Finished training
35: 2018-09-30 01:16:48,206 INFO Train samples 6400 time 14.0829s rate 454.451 samples/s
35: 2018-09-30 01:16:48,206 INFO Valid rate: 1337.57 samples/s
35: 2018-09-30 01:16:48,206 INFO All done!
32: 2018-09-30 01:16:48,235 INFO Finished training
32: 2018-09-30 01:16:48,236 INFO Train samples 6400 time 14.0316s rate 456.112 samples/s
32: 2018-09-30 01:16:48,236 INFO Valid rate: 1333.06 samples/s
32: 2018-09-30 01:16:48,236 INFO All done!
39: 2018-09-30 01:16:48,264 INFO Finished training
39: 2018-09-30 01:16:48,264 INFO Train samples 6400 time 13.8568s rate 461.866 samples/s
39: 2018-09-30 01:16:48,265 INFO Valid rate: 1326.48 samples/s
39: 2018-09-30 01:16:48,265 INFO All done!
18: 2018-09-30 01:16:48,285 INFO Finished training
18: 2018-09-30 01:16:48,285 INFO Train samples 6400 time 16.0053s rate 399.868 samples/s
18: 2018-09-30 01:16:48,285 INFO Valid rate: 1347.2 samples/s
18: 2018-09-30 01:16:48,285 INFO All done!
10: 2018-09-30 01:16:48,316 INFO Finished training
10: 2018-09-30 01:16:48,316 INFO Train samples 6400 time 13.7046s rate 466.997 samples/s
10: 2018-09-30 01:16:48,316 INFO Valid rate: 1315.05 samples/s
10: 2018-09-30 01:16:48,316 INFO All done!
37: 2018-09-30 01:16:48,386 INFO Finished training
37: 2018-09-30 01:16:48,386 INFO Train samples 6400 time 13.83s rate 462.763 samples/s
37: 2018-09-30 01:16:48,386 INFO Valid rate: 1318.51 samples/s
37: 2018-09-30 01:16:48,386 INFO All done!
50: 2018-09-30 01:16:48,412 INFO Finished training
50: 2018-09-30 01:16:48,413 INFO Train samples 6400 time 13.737s rate 465.897 samples/s
50: 2018-09-30 01:16:48,413 INFO Valid rate: 1310.73 samples/s
50: 2018-09-30 01:16:48,413 INFO All done!
16: 2018-09-30 01:16:48,438 INFO Finished training
16: 2018-09-30 01:16:48,438 INFO Train samples 6400 time 13.7652s rate 464.942 samples/s
16: 2018-09-30 01:16:48,438 INFO Valid rate: 1311.93 samples/s
16: 2018-09-30 01:16:48,439 INFO All done!
 6: 2018-09-30 01:16:48,475 INFO Finished training
 6: 2018-09-30 01:16:48,475 INFO Train samples 6400 time 13.5938s rate 470.802 samples/s
 6: 2018-09-30 01:16:48,475 INFO Valid rate: 1305.86 samples/s
 6: 2018-09-30 01:16:48,475 INFO All done!
60: 2018-09-30 01:16:48,615 INFO Finished training
60: 2018-09-30 01:16:48,616 INFO Train samples 6400 time 13.7162s rate 466.602 samples/s
60: 2018-09-30 01:16:48,616 INFO Valid rate: 1310.69 samples/s
60: 2018-09-30 01:16:48,616 INFO All done!
53: 2018-09-30 01:16:48,646 INFO Finished training
53: 2018-09-30 01:16:48,646 INFO Train samples 6400 time 13.9983s rate 457.197 samples/s
53: 2018-09-30 01:16:48,646 INFO Valid rate: 1324.81 samples/s
53: 2018-09-30 01:16:48,646 INFO All done!
 8: 2018-09-30 01:16:48,679 INFO Finished training
 8: 2018-09-30 01:16:48,679 INFO Train samples 6400 time 14.9311s rate 428.635 samples/s
 8: 2018-09-30 01:16:48,679 INFO Valid rate: 1338.8 samples/s
 8: 2018-09-30 01:16:48,679 INFO All done!
34: 2018-09-30 01:16:48,767 INFO Finished training
34: 2018-09-30 01:16:48,768 INFO Train samples 6400 time 13.8003s rate 463.758 samples/s
34: 2018-09-30 01:16:48,768 INFO Valid rate: 1317.46 samples/s
34: 2018-09-30 01:16:48,768 INFO All done!
46: 2018-09-30 01:16:48,798 INFO Finished training
46: 2018-09-30 01:16:48,798 INFO Train samples 6400 time 13.7824s rate 464.361 samples/s
46: 2018-09-30 01:16:48,798 INFO Valid rate: 1314.43 samples/s
46: 2018-09-30 01:16:48,798 INFO All done!
45: 2018-09-30 01:16:48,858 INFO Finished training
45: 2018-09-30 01:16:48,858 INFO Train samples 6400 time 14.0935s rate 454.11 samples/s
45: 2018-09-30 01:16:48,859 INFO Valid rate: 1328.9 samples/s
45: 2018-09-30 01:16:48,859 INFO All done!
57: 2018-09-30 01:16:48,916 INFO Finished training
57: 2018-09-30 01:16:48,916 INFO Train samples 6400 time 13.9462s rate 458.905 samples/s
57: 2018-09-30 01:16:48,916 INFO Valid rate: 1321.83 samples/s
57: 2018-09-30 01:16:48,916 INFO All done!
17: 2018-09-30 01:16:48,956 INFO Finished training
17: 2018-09-30 01:16:48,956 INFO Train samples 6400 time 13.6529s rate 468.764 samples/s
17: 2018-09-30 01:16:48,957 INFO Valid rate: 1304.52 samples/s
17: 2018-09-30 01:16:48,957 INFO All done!
13: 2018-09-30 01:16:49,006 INFO Finished training
13: 2018-09-30 01:16:49,006 INFO Train samples 6400 time 13.7691s rate 464.81 samples/s
13: 2018-09-30 01:16:49,006 INFO Valid rate: 1314.26 samples/s
13: 2018-09-30 01:16:49,006 INFO All done!
20: 2018-09-30 01:16:49,032 INFO Finished training
20: 2018-09-30 01:16:49,032 INFO Train samples 6400 time 13.6033s rate 470.473 samples/s
20: 2018-09-30 01:16:49,032 INFO Valid rate: 1301.15 samples/s
20: 2018-09-30 01:16:49,032 INFO All done!
38: 2018-09-30 01:16:49,066 INFO Finished training
38: 2018-09-30 01:16:49,066 INFO Train samples 6400 time 13.8063s rate 463.558 samples/s
38: 2018-09-30 01:16:49,067 INFO Valid rate: 1313.96 samples/s
38: 2018-09-30 01:16:49,067 INFO All done!
47: 2018-09-30 01:16:49,097 INFO Finished training
47: 2018-09-30 01:16:49,097 INFO Train samples 6400 time 13.5746s rate 471.47 samples/s
47: 2018-09-30 01:16:49,098 INFO Valid rate: 1300.31 samples/s
47: 2018-09-30 01:16:49,098 INFO All done!
21: 2018-09-30 01:16:49,129 INFO Finished training
21: 2018-09-30 01:16:49,129 INFO Train samples 6400 time 13.874s rate 461.295 samples/s
21: 2018-09-30 01:16:49,129 INFO Valid rate: 1319.17 samples/s
21: 2018-09-30 01:16:49,129 INFO All done!
48: 2018-09-30 01:16:49,162 INFO Finished training
48: 2018-09-30 01:16:49,162 INFO Train samples 6400 time 13.6273s rate 469.647 samples/s
48: 2018-09-30 01:16:49,162 INFO Valid rate: 1302.36 samples/s
48: 2018-09-30 01:16:49,162 INFO All done!
49: 2018-09-30 01:16:49,118 INFO Finished training
49: 2018-09-30 01:16:49,118 INFO Train samples 6400 time 14.5663s rate 439.371 samples/s
49: 2018-09-30 01:16:49,118 INFO Valid rate: 1329.33 samples/s
49: 2018-09-30 01:16:49,118 INFO All done!
 9: 2018-09-30 01:16:49,214 INFO Finished training
 9: 2018-09-30 01:16:49,214 INFO Train samples 6400 time 14.0451s rate 455.675 samples/s
 9: 2018-09-30 01:16:49,214 INFO Valid rate: 1321.91 samples/s
 9: 2018-09-30 01:16:49,214 INFO All done!
52: 2018-09-30 01:16:49,471 INFO Finished training
52: 2018-09-30 01:16:49,472 INFO Train samples 6400 time 13.4501s rate 475.833 samples/s
52: 2018-09-30 01:16:49,472 INFO Valid rate: 1045.78 samples/s
52: 2018-09-30 01:16:49,472 INFO All done!
 0: 2018-09-30 01:16:49,949 INFO Saving summaries to /global/cscratch1/sd/sfarrell/hep-cnn-pytorch/summaries.npz
 0: 2018-09-30 01:16:49,966 INFO Finished training
 0: 2018-09-30 01:16:49,966 INFO Train samples 6400 time 13.8953s rate 460.589 samples/s
 0: 2018-09-30 01:16:49,966 INFO Valid rate: 1216.5 samples/s
 0: 2018-09-30 01:16:49,966 INFO All done!
43: 2018-09-30 01:16:49,977 INFO Finished training
43: 2018-09-30 01:16:49,978 INFO Train samples 6400 time 13.2274s rate 483.844 samples/s
43: 2018-09-30 01:16:49,978 INFO Valid rate: 1048.29 samples/s
43: 2018-09-30 01:16:49,978 INFO All done!
51: 2018-09-30 01:16:50,007 INFO Finished training
51: 2018-09-30 01:16:50,008 INFO Train samples 6400 time 13.1911s rate 485.174 samples/s
51: 2018-09-30 01:16:50,008 INFO Valid rate: 1038.83 samples/s
51: 2018-09-30 01:16:50,008 INFO All done!
 7: 2018-09-30 01:16:50,031 INFO Finished training
 7: 2018-09-30 01:16:50,031 INFO Train samples 6400 time 13.9286s rate 459.487 samples/s
 7: 2018-09-30 01:16:50,031 INFO Valid rate: 1216.71 samples/s
 7: 2018-09-30 01:16:50,031 INFO All done!
40: 2018-09-30 01:16:50,063 INFO Finished training
40: 2018-09-30 01:16:50,064 INFO Train samples 6400 time 13.8215s rate 463.047 samples/s
40: 2018-09-30 01:16:50,064 INFO Valid rate: 1210.4 samples/s
40: 2018-09-30 01:16:50,064 INFO All done!
11: 2018-09-30 01:16:50,088 INFO Finished training
11: 2018-09-30 01:16:50,089 INFO Train samples 6400 time 13.2042s rate 484.695 samples/s
11: 2018-09-30 01:16:50,089 INFO Valid rate: 1040.87 samples/s
11: 2018-09-30 01:16:50,089 INFO All done!
 3: 2018-09-30 01:16:50,114 INFO Finished training
 3: 2018-09-30 01:16:50,114 INFO Train samples 6400 time 13.1855s rate 485.381 samples/s
 3: 2018-09-30 01:16:50,115 INFO Valid rate: 1038.45 samples/s
 3: 2018-09-30 01:16:50,115 INFO All done!
30: 2018-09-30 01:16:50,140 INFO Finished training
30: 2018-09-30 01:16:50,140 INFO Train samples 6400 time 13.8999s rate 460.436 samples/s
30: 2018-09-30 01:16:50,140 INFO Valid rate: 1214.47 samples/s
30: 2018-09-30 01:16:50,140 INFO All done!
56: 2018-09-30 01:16:50,170 INFO Finished training
56: 2018-09-30 01:16:50,171 INFO Train samples 6400 time 13.2099s rate 484.485 samples/s
56: 2018-09-30 01:16:50,171 INFO Valid rate: 1036.7 samples/s
56: 2018-09-30 01:16:50,171 INFO All done!
