*** WARNING: This is an experimental installation of pytorch built specifically for MPI / distributed running ***
 6: 2018-09-28 16:44:23,980 INFO Initializing
 5: 2018-09-28 16:44:24,000 INFO Initializing
 7: 2018-09-28 16:44:24,001 INFO Initializing
 4: 2018-09-28 16:44:24,014 INFO Initializing
 9: 2018-09-28 16:44:24,017 INFO Initializing
15: 2018-09-28 16:44:24,025 INFO Initializing
14: 2018-09-28 16:44:24,043 INFO Initializing
10: 2018-09-28 16:44:24,040 INFO Initializing
 3: 2018-09-28 16:44:24,048 INFO Initializing
12: 2018-09-28 16:44:24,050 INFO Initializing
 2: 2018-09-28 16:44:24,054 INFO Initializing
 0: 2018-09-28 16:44:24,058 INFO Initializing
13: 2018-09-28 16:44:24,088 INFO Initializing
 1: 2018-09-28 16:44:24,101 INFO Initializing
 8: 2018-09-28 16:44:24,109 INFO Initializing
11: 2018-09-28 16:44:24,133 INFO Initializing
 2: 2018-09-28 16:44:24,183 INFO MPI rank 2
 1: 2018-09-28 16:44:24,182 INFO MPI rank 1
 9: 2018-09-28 16:44:24,179 INFO MPI rank 9
 0: 2018-09-28 16:44:24,180 INFO MPI rank 0
10: 2018-09-28 16:44:24,180 INFO MPI rank 10
 6: 2018-09-28 16:44:24,182 INFO MPI rank 6
 4: 2018-09-28 16:44:24,180 INFO MPI rank 4
 5: 2018-09-28 16:44:24,181 INFO MPI rank 5
 8: 2018-09-28 16:44:24,179 INFO MPI rank 8
12: 2018-09-28 16:44:24,181 INFO MPI rank 12
13: 2018-09-28 16:44:24,181 INFO MPI rank 13
11: 2018-09-28 16:44:24,179 INFO MPI rank 11
 3: 2018-09-28 16:44:24,182 INFO MPI rank 3
 7: 2018-09-28 16:44:24,181 INFO MPI rank 7
15: 2018-09-28 16:44:24,181 INFO MPI rank 15
14: 2018-09-28 16:44:24,184 INFO MPI rank 14
 0: 2018-09-28 16:44:24,187 INFO Configuration: {'data_config': {'train_file': '/global/cscratch1/sd/sfarrell/atlas-rpv-images/train.h5', 'valid_file': '/global/cscratch1/sd/sfarrell/atlas-rpv-images/val.h5', 'test_file': '/global/cscratch1/sd/sfarrell/atlas-rpv-images/test.h5', 'n_train': 262144, 'n_valid': 32768, 'n_test': 1024}, 'model_config': {'conv_sizes': [16, 32, 64], 'dense_sizes': [128], 'optimizer': 'Adam', 'learning_rate': 0.001, 'dropout': 0.2}, 'training_config': {'batch_size': 128, 'n_epochs': 4}, 'output_dir': '$SCRATCH/hep-cnn-pytorch'}
12: 2018-09-28 16:46:13,944 INFO Loaded data with shape: torch.Size([262144, 1, 64, 64])
 7: 2018-09-28 16:46:13,944 INFO Loaded data with shape: torch.Size([262144, 1, 64, 64])
 6: 2018-09-28 16:46:13,946 INFO Loaded data with shape: torch.Size([262144, 1, 64, 64])
 3: 2018-09-28 16:46:13,947 INFO Loaded data with shape: torch.Size([262144, 1, 64, 64])
 9: 2018-09-28 16:46:13,944 INFO Loaded data with shape: torch.Size([262144, 1, 64, 64])
10: 2018-09-28 16:46:13,946 INFO Loaded data with shape: torch.Size([262144, 1, 64, 64])
 1: 2018-09-28 16:46:13,947 INFO Loaded data with shape: torch.Size([262144, 1, 64, 64])
14: 2018-09-28 16:46:13,950 INFO Loaded data with shape: torch.Size([262144, 1, 64, 64])
 8: 2018-09-28 16:46:13,945 INFO Loaded data with shape: torch.Size([262144, 1, 64, 64])
15: 2018-09-28 16:46:13,948 INFO Loaded data with shape: torch.Size([262144, 1, 64, 64])
 0: 2018-09-28 16:46:13,947 INFO Loaded data with shape: torch.Size([262144, 1, 64, 64])
 2: 2018-09-28 16:46:13,950 INFO Loaded data with shape: torch.Size([262144, 1, 64, 64])
11: 2018-09-28 16:46:13,947 INFO Loaded data with shape: torch.Size([262144, 1, 64, 64])
13: 2018-09-28 16:46:13,950 INFO Loaded data with shape: torch.Size([262144, 1, 64, 64])
 4: 2018-09-28 16:46:13,949 INFO Loaded data with shape: torch.Size([262144, 1, 64, 64])
 5: 2018-09-28 16:46:13,953 INFO Loaded data with shape: torch.Size([262144, 1, 64, 64])
 1: 2018-09-28 16:46:13,980 INFO Epoch 0
 0: 2018-09-28 16:46:13,979 INFO Model: 
 0: HEPCNNClassifier(
 0:   (conv_net): Sequential(
 0:     (0): Conv2d(1, 16, kernel_size=(3, 3), stride=(1, 1), padding=(1, 1))
 0:     (1): ReLU()
 0:     (2): MaxPool2d(kernel_size=2, stride=2, padding=0, dilation=1, ceil_mode=False)
 0:     (3): Conv2d(16, 32, kernel_size=(3, 3), stride=(1, 1), padding=(1, 1))
 0:     (4): ReLU()
 0:     (5): MaxPool2d(kernel_size=2, stride=2, padding=0, dilation=1, ceil_mode=False)
 0:     (6): Conv2d(32, 64, kernel_size=(3, 3), stride=(1, 1), padding=(1, 1))
 0:     (7): ReLU()
 0:     (8): MaxPool2d(kernel_size=2, stride=2, padding=0, dilation=1, ceil_mode=False)
 0:   )
 0:   (dense_net): Sequential(
 0:     (0): Linear(in_features=4096, out_features=128, bias=True)
 0:     (1): ReLU()
 0:     (2): Dropout(p=0.2)
 0:     (3): Linear(in_features=128, out_features=1, bias=True)
 0:     (4): Sigmoid()
 0:   )
 0: )
 0: Parameters: 547841
 3: 2018-09-28 16:46:13,981 INFO Epoch 0
 0: 2018-09-28 16:46:13,979 INFO Epoch 0
 2: 2018-09-28 16:46:13,981 INFO Epoch 0
 4: 2018-09-28 16:46:13,986 INFO Epoch 0
 5: 2018-09-28 16:46:13,987 INFO Epoch 0
10: 2018-09-28 16:46:13,986 INFO Epoch 0
 9: 2018-09-28 16:46:13,985 INFO Epoch 0
11: 2018-09-28 16:46:13,986 INFO Epoch 0
 8: 2018-09-28 16:46:13,985 INFO Epoch 0
 6: 2018-09-28 16:46:13,989 INFO Epoch 0
 7: 2018-09-28 16:46:13,987 INFO Epoch 0
12: 2018-09-28 16:46:13,995 INFO Epoch 0
13: 2018-09-28 16:46:13,995 INFO Epoch 0
15: 2018-09-28 16:46:13,996 INFO Epoch 0
14: 2018-09-28 16:46:13,998 INFO Epoch 0
 7: 2018-09-28 16:46:34,737 INFO   Training loss: 0.717
14: 2018-09-28 16:46:34,740 INFO   Training loss: 0.731
 6: 2018-09-28 16:46:34,739 INFO   Training loss: 0.729
12: 2018-09-28 16:46:34,737 INFO   Training loss: 0.725
 2: 2018-09-28 16:46:34,739 INFO   Training loss: 0.730
 3: 2018-09-28 16:46:34,739 INFO   Training loss: 0.736
 5: 2018-09-28 16:46:34,737 INFO   Training loss: 0.729
 9: 2018-09-28 16:46:34,735 INFO   Training loss: 0.732
 0: 2018-09-28 16:46:34,737 INFO   Training loss: 0.737
10: 2018-09-28 16:46:34,736 INFO   Training loss: 0.732
 4: 2018-09-28 16:46:34,736 INFO   Training loss: 0.729
 1: 2018-09-28 16:46:34,738 INFO   Training loss: 0.731
 8: 2018-09-28 16:46:34,735 INFO   Training loss: 0.728
15: 2018-09-28 16:46:34,738 INFO   Training loss: 0.728
13: 2018-09-28 16:46:34,737 INFO   Training loss: 0.733
11: 2018-09-28 16:46:34,736 INFO   Training loss: 0.724
 7: 2018-09-28 16:46:45,090 INFO   Validation loss: 0.682 acc: 0.574
 7: 2018-09-28 16:46:45,097 INFO Epoch 1
 4: 2018-09-28 16:46:45,143 INFO   Validation loss: 0.682 acc: 0.574
 8: 2018-09-28 16:46:45,154 INFO   Validation loss: 0.682 acc: 0.574
 0: 2018-09-28 16:46:45,159 INFO   Validation loss: 0.682 acc: 0.574
 1: 2018-09-28 16:46:45,198 INFO   Validation loss: 0.682 acc: 0.574
13: 2018-09-28 16:46:45,221 INFO   Validation loss: 0.682 acc: 0.574
12: 2018-09-28 16:46:45,227 INFO   Validation loss: 0.682 acc: 0.574
15: 2018-09-28 16:46:45,263 INFO   Validation loss: 0.682 acc: 0.574
 9: 2018-09-28 16:46:45,445 INFO   Validation loss: 0.682 acc: 0.574
 1: 2018-09-28 16:46:48,573 INFO Epoch 1
 8: 2018-09-28 16:46:48,596 INFO Epoch 1
12: 2018-09-28 16:46:48,627 INFO Epoch 1
 4: 2018-09-28 16:46:48,655 INFO Epoch 1
 0: 2018-09-28 16:46:48,688 INFO Epoch 1
13: 2018-09-28 16:46:48,714 INFO Epoch 1
15: 2018-09-28 16:46:48,756 INFO Epoch 1
 9: 2018-09-28 16:46:48,768 INFO Epoch 1
 5: 2018-09-28 16:46:50,217 INFO   Validation loss: 0.682 acc: 0.574
 2: 2018-09-28 16:46:50,220 INFO   Validation loss: 0.682 acc: 0.574
 3: 2018-09-28 16:46:50,221 INFO   Validation loss: 0.682 acc: 0.574
10: 2018-09-28 16:46:50,223 INFO   Validation loss: 0.682 acc: 0.574
11: 2018-09-28 16:46:50,279 INFO   Validation loss: 0.682 acc: 0.574
14: 2018-09-28 16:46:51,178 INFO   Validation loss: 0.682 acc: 0.574
 6: 2018-09-28 16:46:51,203 INFO   Validation loss: 0.682 acc: 0.574
 5: 2018-09-28 16:46:51,551 INFO Epoch 1
11: 2018-09-28 16:46:51,896 INFO Epoch 1
 2: 2018-09-28 16:46:52,692 INFO Epoch 1
 3: 2018-09-28 16:46:52,724 INFO Epoch 1
10: 2018-09-28 16:46:52,755 INFO Epoch 1
14: 2018-09-28 16:46:53,091 INFO Epoch 1
 6: 2018-09-28 16:46:53,104 INFO Epoch 1
 0: 2018-09-28 16:47:13,838 INFO   Training loss: 0.681
 2: 2018-09-28 16:47:13,840 INFO   Training loss: 0.682
 3: 2018-09-28 16:47:13,840 INFO   Training loss: 0.684
10: 2018-09-28 16:47:13,838 INFO   Training loss: 0.682
15: 2018-09-28 16:47:13,839 INFO   Training loss: 0.683
14: 2018-09-28 16:47:13,842 INFO   Training loss: 0.682
11: 2018-09-28 16:47:13,837 INFO   Training loss: 0.682
 6: 2018-09-28 16:47:13,840 INFO   Training loss: 0.682
 4: 2018-09-28 16:47:13,838 INFO   Training loss: 0.683
 5: 2018-09-28 16:47:13,838 INFO   Training loss: 0.683
 9: 2018-09-28 16:47:13,837 INFO   Training loss: 0.683
 7: 2018-09-28 16:47:13,838 INFO   Training loss: 0.682
 1: 2018-09-28 16:47:13,840 INFO   Training loss: 0.683
 8: 2018-09-28 16:47:13,837 INFO   Training loss: 0.684
12: 2018-09-28 16:47:13,839 INFO   Training loss: 0.682
13: 2018-09-28 16:47:13,839 INFO   Training loss: 0.685
 7: 2018-09-28 16:47:24,241 INFO   Validation loss: 0.682 acc: 0.574
 7: 2018-09-28 16:47:24,249 INFO Epoch 2
 4: 2018-09-28 16:47:24,313 INFO   Validation loss: 0.682 acc: 0.574
 8: 2018-09-28 16:47:24,324 INFO   Validation loss: 0.682 acc: 0.574
 1: 2018-09-28 16:47:24,341 INFO   Validation loss: 0.682 acc: 0.574
14: 2018-09-28 16:47:24,347 INFO   Validation loss: 0.682 acc: 0.574
 0: 2018-09-28 16:47:24,380 INFO   Validation loss: 0.682 acc: 0.574
 9: 2018-09-28 16:47:24,392 INFO   Validation loss: 0.682 acc: 0.574
 1: 2018-09-28 16:47:25,002 INFO Epoch 2
 8: 2018-09-28 16:47:26,032 INFO Epoch 2
14: 2018-09-28 16:47:26,326 INFO Epoch 2
 0: 2018-09-28 16:47:26,413 INFO Epoch 2
 4: 2018-09-28 16:47:26,530 INFO Epoch 2
 9: 2018-09-28 16:47:26,559 INFO Epoch 2
12: 2018-09-28 16:47:29,314 INFO   Validation loss: 0.682 acc: 0.574
12: 2018-09-28 16:47:29,355 INFO Epoch 2
 6: 2018-09-28 16:47:29,358 INFO   Validation loss: 0.682 acc: 0.574
 3: 2018-09-28 16:47:29,363 INFO   Validation loss: 0.682 acc: 0.574
 2: 2018-09-28 16:47:29,367 INFO   Validation loss: 0.682 acc: 0.574
10: 2018-09-28 16:47:29,373 INFO   Validation loss: 0.682 acc: 0.574
15: 2018-09-28 16:47:29,448 INFO   Validation loss: 0.682 acc: 0.574
13: 2018-09-28 16:47:29,484 INFO   Validation loss: 0.682 acc: 0.574
11: 2018-09-28 16:47:30,262 INFO   Validation loss: 0.682 acc: 0.574
 5: 2018-09-28 16:47:30,295 INFO   Validation loss: 0.682 acc: 0.574
15: 2018-09-28 16:47:30,925 INFO Epoch 2
13: 2018-09-28 16:47:31,128 INFO Epoch 2
11: 2018-09-28 16:47:31,498 INFO Epoch 2
 6: 2018-09-28 16:47:31,913 INFO Epoch 2
 5: 2018-09-28 16:47:32,096 INFO Epoch 2
 3: 2018-09-28 16:47:32,173 INFO Epoch 2
 2: 2018-09-28 16:47:32,198 INFO Epoch 2
10: 2018-09-28 16:47:32,220 INFO Epoch 2
 2: 2018-09-28 16:47:52,468 INFO   Training loss: 0.682
 3: 2018-09-28 16:47:52,467 INFO   Training loss: 0.684
 7: 2018-09-28 16:47:52,465 INFO   Training loss: 0.682
 5: 2018-09-28 16:47:52,465 INFO   Training loss: 0.683
12: 2018-09-28 16:47:52,466 INFO   Training loss: 0.682
15: 2018-09-28 16:47:52,466 INFO   Training loss: 0.683
13: 2018-09-28 16:47:52,466 INFO   Training loss: 0.685
11: 2018-09-28 16:47:52,464 INFO   Training loss: 0.682
 6: 2018-09-28 16:47:52,467 INFO   Training loss: 0.682
10: 2018-09-28 16:47:52,465 INFO   Training loss: 0.682
 4: 2018-09-28 16:47:52,465 INFO   Training loss: 0.683
 1: 2018-09-28 16:47:52,467 INFO   Training loss: 0.683
 8: 2018-09-28 16:47:52,464 INFO   Training loss: 0.684
14: 2018-09-28 16:47:52,469 INFO   Training loss: 0.682
 9: 2018-09-28 16:47:52,464 INFO   Training loss: 0.683
 0: 2018-09-28 16:47:52,466 INFO   Training loss: 0.681
 7: 2018-09-28 16:48:02,837 INFO   Validation loss: 0.682 acc: 0.574
 7: 2018-09-28 16:48:02,844 INFO Epoch 3
 4: 2018-09-28 16:48:02,892 INFO   Validation loss: 0.682 acc: 0.574
 1: 2018-09-28 16:48:02,912 INFO   Validation loss: 0.682 acc: 0.574
14: 2018-09-28 16:48:02,957 INFO   Validation loss: 0.682 acc: 0.574
 0: 2018-09-28 16:48:02,964 INFO   Validation loss: 0.682 acc: 0.574
 9: 2018-09-28 16:48:03,144 INFO   Validation loss: 0.682 acc: 0.574
 1: 2018-09-28 16:48:03,337 INFO Epoch 3
 0: 2018-09-28 16:48:03,655 INFO Epoch 3
 4: 2018-09-28 16:48:04,091 INFO Epoch 3
 9: 2018-09-28 16:48:04,407 INFO Epoch 3
14: 2018-09-28 16:48:04,459 INFO Epoch 3
12: 2018-09-28 16:48:07,947 INFO   Validation loss: 0.682 acc: 0.574
11: 2018-09-28 16:48:07,950 INFO   Validation loss: 0.682 acc: 0.574
 2: 2018-09-28 16:48:07,965 INFO   Validation loss: 0.682 acc: 0.574
 6: 2018-09-28 16:48:07,969 INFO   Validation loss: 0.682 acc: 0.574
10: 2018-09-28 16:48:07,984 INFO   Validation loss: 0.682 acc: 0.574
 3: 2018-09-28 16:48:07,999 INFO   Validation loss: 0.682 acc: 0.574
 8: 2018-09-28 16:48:08,009 INFO   Validation loss: 0.682 acc: 0.574
 5: 2018-09-28 16:48:08,014 INFO   Validation loss: 0.682 acc: 0.574
15: 2018-09-28 16:48:08,059 INFO   Validation loss: 0.682 acc: 0.574
13: 2018-09-28 16:48:08,134 INFO   Validation loss: 0.682 acc: 0.574
15: 2018-09-28 16:48:09,890 INFO Epoch 3
11: 2018-09-28 16:48:10,221 INFO Epoch 3
 6: 2018-09-28 16:48:10,366 INFO Epoch 3
12: 2018-09-28 16:48:11,735 INFO Epoch 3
 8: 2018-09-28 16:48:11,784 INFO Epoch 3
 2: 2018-09-28 16:48:11,813 INFO Epoch 3
10: 2018-09-28 16:48:11,857 INFO Epoch 3
 3: 2018-09-28 16:48:11,887 INFO Epoch 3
 5: 2018-09-28 16:48:11,925 INFO Epoch 3
13: 2018-09-28 16:48:11,948 INFO Epoch 3
 0: 2018-09-28 16:48:32,283 INFO   Training loss: 0.681
10: 2018-09-28 16:48:32,283 INFO   Training loss: 0.682
 6: 2018-09-28 16:48:32,285 INFO   Training loss: 0.682
 4: 2018-09-28 16:48:32,282 INFO   Training loss: 0.683
 7: 2018-09-28 16:48:32,283 INFO   Training loss: 0.681
14: 2018-09-28 16:48:32,287 INFO   Training loss: 0.682
 3: 2018-09-28 16:48:32,285 INFO   Training loss: 0.684
 5: 2018-09-28 16:48:32,283 INFO   Training loss: 0.683
 9: 2018-09-28 16:48:32,282 INFO   Training loss: 0.683
12: 2018-09-28 16:48:32,284 INFO   Training loss: 0.682
15: 2018-09-28 16:48:32,284 INFO   Training loss: 0.683
11: 2018-09-28 16:48:32,282 INFO   Training loss: 0.682
 2: 2018-09-28 16:48:32,286 INFO   Training loss: 0.682
 8: 2018-09-28 16:48:32,281 INFO   Training loss: 0.684
13: 2018-09-28 16:48:32,284 INFO   Training loss: 0.685
 1: 2018-09-28 16:48:32,285 INFO   Training loss: 0.683
 7: 2018-09-28 16:48:42,647 INFO   Validation loss: 0.682 acc: 0.574
 7: 2018-09-28 16:48:42,695 INFO Finished training
 7: 2018-09-28 16:48:42,695 INFO Train samples 16384 time 26.7865s rate 611.652 samples/s
 7: 2018-09-28 16:48:42,695 INFO Valid rate: 3159.07 samples/s
 7: 2018-09-28 16:48:42,695 INFO All done!
 4: 2018-09-28 16:48:42,708 INFO   Validation loss: 0.682 acc: 0.574
 1: 2018-09-28 16:48:42,738 INFO   Validation loss: 0.682 acc: 0.574
 9: 2018-09-28 16:48:42,784 INFO   Validation loss: 0.682 acc: 0.574
14: 2018-09-28 16:48:42,806 INFO   Validation loss: 0.682 acc: 0.574
10: 2018-09-28 16:48:42,804 INFO   Validation loss: 0.682 acc: 0.574
 0: 2018-09-28 16:48:42,821 INFO   Validation loss: 0.682 acc: 0.574
 0: 2018-09-28 16:48:43,850 INFO Saving summaries to /global/cscratch1/sd/sfarrell/hep-cnn-pytorch/summaries.npz
 0: 2018-09-28 16:48:43,864 INFO Finished training
 0: 2018-09-28 16:48:43,865 INFO Train samples 16384 time 25.1468s rate 651.535 samples/s
 0: 2018-09-28 16:48:43,865 INFO Valid rate: 3120.84 samples/s
 0: 2018-09-28 16:48:43,865 INFO All done!
14: 2018-09-28 16:48:44,587 INFO Finished training
14: 2018-09-28 16:48:44,587 INFO Train samples 16384 time 23.8659s rate 686.502 samples/s
14: 2018-09-28 16:48:44,587 INFO Valid rate: 2733.67 samples/s
14: 2018-09-28 16:48:44,587 INFO All done!
 4: 2018-09-28 16:48:44,810 INFO Finished training
 4: 2018-09-28 16:48:44,811 INFO Train samples 16384 time 25.0149s rate 654.969 samples/s
 4: 2018-09-28 16:48:44,811 INFO Valid rate: 3140.83 samples/s
 4: 2018-09-28 16:48:44,811 INFO All done!
 1: 2018-09-28 16:48:45,191 INFO Finished training
 1: 2018-09-28 16:48:45,192 INFO Train samples 16384 time 25.6091s rate 639.772 samples/s
 1: 2018-09-28 16:48:45,192 INFO Valid rate: 3131.42 samples/s
 1: 2018-09-28 16:48:45,192 INFO All done!
10: 2018-09-28 16:48:45,233 INFO Finished training
10: 2018-09-28 16:48:45,234 INFO Train samples 16384 time 20.6258s rate 794.344 samples/s
10: 2018-09-28 16:48:45,234 INFO Valid rate: 2297.07 samples/s
10: 2018-09-28 16:48:45,234 INFO All done!
 9: 2018-09-28 16:48:45,318 INFO Finished training
 9: 2018-09-28 16:48:45,319 INFO Train samples 16384 time 24.8996s rate 658.004 samples/s
 9: 2018-09-28 16:48:45,319 INFO Valid rate: 3088.07 samples/s
 9: 2018-09-28 16:48:45,319 INFO All done!
11: 2018-09-28 16:48:47,761 INFO   Validation loss: 0.682 acc: 0.574
 3: 2018-09-28 16:48:47,804 INFO   Validation loss: 0.682 acc: 0.574
12: 2018-09-28 16:48:47,803 INFO   Validation loss: 0.682 acc: 0.574
 5: 2018-09-28 16:48:47,807 INFO   Validation loss: 0.682 acc: 0.574
 6: 2018-09-28 16:48:47,831 INFO   Validation loss: 0.682 acc: 0.574
15: 2018-09-28 16:48:47,855 INFO   Validation loss: 0.682 acc: 0.574
 2: 2018-09-28 16:48:47,867 INFO   Validation loss: 0.682 acc: 0.574
13: 2018-09-28 16:48:47,881 INFO   Validation loss: 0.682 acc: 0.574
 8: 2018-09-28 16:48:48,664 INFO   Validation loss: 0.682 acc: 0.574
15: 2018-09-28 16:48:49,310 INFO Finished training
15: 2018-09-28 16:48:49,311 INFO Train samples 16384 time 22.4402s rate 730.119 samples/s
15: 2018-09-28 16:48:49,311 INFO Valid rate: 2287.76 samples/s
15: 2018-09-28 16:48:49,311 INFO All done!
11: 2018-09-28 16:48:49,702 INFO Finished training
11: 2018-09-28 16:48:49,703 INFO Train samples 16384 time 21.4294s rate 764.557 samples/s
11: 2018-09-28 16:48:49,703 INFO Valid rate: 2082.76 samples/s
11: 2018-09-28 16:48:49,703 INFO All done!
 6: 2018-09-28 16:48:49,814 INFO Finished training
 6: 2018-09-28 16:48:49,814 INFO Train samples 16384 time 20.9897s rate 780.574 samples/s
 6: 2018-09-28 16:48:49,814 INFO Valid rate: 2079.57 samples/s
 6: 2018-09-28 16:48:49,814 INFO All done!
 3: 2018-09-28 16:48:50,531 INFO Finished training
 3: 2018-09-28 16:48:50,532 INFO Train samples 16384 time 20.6411s rate 793.754 samples/s
 3: 2018-09-28 16:48:50,532 INFO Valid rate: 2112.23 samples/s
 3: 2018-09-28 16:48:50,532 INFO All done!
12: 2018-09-28 16:48:50,635 INFO Finished training
12: 2018-09-28 16:48:50,635 INFO Train samples 16384 time 22.4033s rate 731.321 samples/s
12: 2018-09-28 16:48:50,636 INFO Valid rate: 2300.99 samples/s
12: 2018-09-28 16:48:50,636 INFO All done!
 5: 2018-09-28 16:48:50,687 INFO Finished training
 5: 2018-09-28 16:48:50,687 INFO Train samples 16384 time 20.9409s rate 782.394 samples/s
 5: 2018-09-28 16:48:50,687 INFO Valid rate: 2080.24 samples/s
 5: 2018-09-28 16:48:50,687 INFO All done!
 2: 2018-09-28 16:48:50,790 INFO Finished training
 2: 2018-09-28 16:48:50,790 INFO Train samples 16384 time 20.6619s rate 792.957 samples/s
 2: 2018-09-28 16:48:50,790 INFO Valid rate: 2111.16 samples/s
 2: 2018-09-28 16:48:50,791 INFO All done!
13: 2018-09-28 16:48:50,837 INFO Finished training
13: 2018-09-28 16:48:50,838 INFO Train samples 16384 time 21.885s rate 748.64 samples/s
13: 2018-09-28 16:48:50,838 INFO Valid rate: 2283.75 samples/s
13: 2018-09-28 16:48:50,838 INFO All done!
 8: 2018-09-28 16:48:50,860 INFO Finished training
 8: 2018-09-28 16:48:50,860 INFO Train samples 16384 time 23.23s rate 705.295 samples/s
 8: 2018-09-28 16:48:50,860 INFO Valid rate: 2480.89 samples/s
 8: 2018-09-28 16:48:50,860 INFO All done!
