*** WARNING: This is an experimental installation of pytorch built specifically for MPI / distributed running ***
1: 2018-09-29 13:45:01,920 INFO Initializing
0: 2018-09-29 13:45:01,954 INFO Initializing
2: 2018-09-29 13:45:02,514 INFO Initializing
3: 2018-09-29 13:45:02,528 INFO Initializing
0: 2018-09-29 13:45:02,574 INFO MPI rank 0
2: 2018-09-29 13:45:02,573 INFO MPI rank 2
3: 2018-09-29 13:45:02,573 INFO MPI rank 3
1: 2018-09-29 13:45:02,571 INFO MPI rank 1
0: 2018-09-29 13:45:02,578 INFO Configuration: {'data_config': {'train_file': '/global/cscratch1/sd/sfarrell/atlas-rpv-images/train.h5', 'valid_file': '/global/cscratch1/sd/sfarrell/atlas-rpv-images/val.h5', 'test_file': '/global/cscratch1/sd/sfarrell/atlas-rpv-images/test.h5', 'n_train': 409600, 'n_valid': 32768, 'n_test': 1024}, 'model_config': {'conv_sizes': [16, 32, 64], 'dense_sizes': [128], 'optimizer': 'Adam', 'learning_rate': 0.001, 'dropout': 0.2}, 'training_config': {'batch_size': 128, 'n_epochs': 2}, 'output_dir': '$SCRATCH/hep-cnn-pytorch'}
1: 2018-09-29 13:47:42,607 INFO Loaded data with shape: torch.Size([409600, 1, 64, 64])
3: 2018-09-29 13:47:42,610 INFO Loaded data with shape: torch.Size([409600, 1, 64, 64])
2: 2018-09-29 13:47:42,610 INFO Loaded data with shape: torch.Size([409600, 1, 64, 64])
0: 2018-09-29 13:47:42,611 INFO Loaded data with shape: torch.Size([409600, 1, 64, 64])
1: 2018-09-29 13:47:42,632 INFO Epoch 0
3: 2018-09-29 13:47:42,634 INFO Epoch 0
2: 2018-09-29 13:47:42,633 INFO Epoch 0
0: 2018-09-29 13:47:42,634 INFO Model: 
0: HEPCNNClassifier(
0:   (conv_net): Sequential(
0:     (0): Conv2d(1, 16, kernel_size=(3, 3), stride=(1, 1), padding=(1, 1))
0:     (1): ReLU()
0:     (2): MaxPool2d(kernel_size=2, stride=2, padding=0, dilation=1, ceil_mode=False)
0:     (3): Conv2d(16, 32, kernel_size=(3, 3), stride=(1, 1), padding=(1, 1))
0:     (4): ReLU()
0:     (5): MaxPool2d(kernel_size=2, stride=2, padding=0, dilation=1, ceil_mode=False)
0:     (6): Conv2d(32, 64, kernel_size=(3, 3), stride=(1, 1), padding=(1, 1))
0:     (7): ReLU()
0:     (8): MaxPool2d(kernel_size=2, stride=2, padding=0, dilation=1, ceil_mode=False)
0:   )
0:   (dense_net): Sequential(
0:     (0): Linear(in_features=4096, out_features=128, bias=True)
0:     (1): ReLU()
0:     (2): Dropout(p=0.2)
0:     (3): Linear(in_features=128, out_features=1, bias=True)
0:     (4): Sigmoid()
0:   )
0: )
0: Parameters: 547841
0: 2018-09-29 13:47:42,635 INFO Epoch 0
0: 2018-09-29 13:49:34,903 INFO   Training loss: 0.264
3: 2018-09-29 13:49:34,904 INFO   Training loss: 0.266
1: 2018-09-29 13:49:34,901 INFO   Training loss: 0.263
2: 2018-09-29 13:49:34,903 INFO   Training loss: 0.264
2: 2018-09-29 13:49:45,594 INFO   Validation loss: 0.225 acc: 0.909
2: 2018-09-29 13:49:45,601 INFO Epoch 1
1: 2018-09-29 13:49:45,619 INFO   Validation loss: 0.225 acc: 0.909
3: 2018-09-29 13:49:45,691 INFO   Validation loss: 0.225 acc: 0.909
0: 2018-09-29 13:49:45,703 INFO   Validation loss: 0.225 acc: 0.909
0: 2018-09-29 13:49:47,173 INFO Epoch 1
1: 2018-09-29 13:49:47,743 INFO Epoch 1
3: 2018-09-29 13:49:47,782 INFO Epoch 1
0: 2018-09-29 13:51:45,784 INFO   Training loss: 0.230
1: 2018-09-29 13:51:45,782 INFO   Training loss: 0.228
3: 2018-09-29 13:51:45,784 INFO   Training loss: 0.232
2: 2018-09-29 13:51:45,784 INFO   Training loss: 0.230
3: 2018-09-29 13:51:56,406 INFO   Validation loss: 0.223 acc: 0.910
0: 2018-09-29 13:51:56,478 INFO   Validation loss: 0.223 acc: 0.910
2: 2018-09-29 13:51:56,532 INFO   Validation loss: 0.223 acc: 0.910
1: 2018-09-29 13:51:56,549 INFO   Validation loss: 0.223 acc: 0.910
0: 2018-09-29 13:51:58,668 INFO Saving summaries to /global/cscratch1/sd/sfarrell/hep-cnn-pytorch/summaries.npz
0: 2018-09-29 13:51:58,684 INFO Finished training
0: 2018-09-29 13:51:58,685 INFO Train samples 102400 time 115.44s rate 887.044 samples/s
0: 2018-09-29 13:51:58,685 INFO Valid rate: 3049.16 samples/s
0: 2018-09-29 13:51:58,685 INFO All done!
1: 2018-09-29 13:51:59,073 INFO Finished training
1: 2018-09-29 13:51:59,074 INFO Train samples 102400 time 115.154s rate 889.244 samples/s
1: 2018-09-29 13:51:59,074 INFO Valid rate: 3050.61 samples/s
1: 2018-09-29 13:51:59,074 INFO All done!
3: 2018-09-29 13:51:59,125 INFO Finished training
3: 2018-09-29 13:51:59,126 INFO Train samples 102400 time 115.136s rate 889.386 samples/s
3: 2018-09-29 13:51:59,126 INFO Valid rate: 3061.15 samples/s
3: 2018-09-29 13:51:59,126 INFO All done!
2: 2018-09-29 13:51:59,147 INFO Finished training
2: 2018-09-29 13:51:59,148 INFO Train samples 102400 time 116.226s rate 881.044 samples/s
2: 2018-09-29 13:51:59,148 INFO Valid rate: 3056.98 samples/s
2: 2018-09-29 13:51:59,148 INFO All done!
