*** WARNING: This is an experimental installation of pytorch built specifically for MPI / distributed running ***
0: 2018-09-28 15:47:32,854 INFO Initializing
0: 2018-09-28 15:47:32,887 INFO MPI rank 0
0: 2018-09-28 15:47:32,897 INFO Configuration: {'data_config': {'train_file': '/global/cscratch1/sd/sfarrell/atlas-rpv-images/train.h5', 'valid_file': '/global/cscratch1/sd/sfarrell/atlas-rpv-images/val.h5', 'test_file': '/global/cscratch1/sd/sfarrell/atlas-rpv-images/test.h5', 'n_train': 262144, 'n_valid': 32768, 'n_test': 1024}, 'model_config': {'conv_sizes': [16, 32, 64], 'dense_sizes': [128], 'optimizer': 'Adam', 'learning_rate': 0.001, 'dropout': 0.2}, 'training_config': {'batch_size': 128, 'n_epochs': 4}, 'output_dir': '$SCRATCH/hep-cnn-pytorch'}
0: 2018-09-28 15:49:23,285 INFO Loaded data with shape: torch.Size([262144, 1, 64, 64])
0: 2018-09-28 15:49:23,292 INFO Model: 
0: HEPCNNClassifier(
0:   (conv_net): Sequential(
0:     (0): Conv2d(1, 16, kernel_size=(3, 3), stride=(1, 1), padding=(1, 1))
0:     (1): ReLU()
0:     (2): MaxPool2d(kernel_size=2, stride=2, padding=0, dilation=1, ceil_mode=False)
0:     (3): Conv2d(16, 32, kernel_size=(3, 3), stride=(1, 1), padding=(1, 1))
0:     (4): ReLU()
0:     (5): MaxPool2d(kernel_size=2, stride=2, padding=0, dilation=1, ceil_mode=False)
0:     (6): Conv2d(32, 64, kernel_size=(3, 3), stride=(1, 1), padding=(1, 1))
0:     (7): ReLU()
0:     (8): MaxPool2d(kernel_size=2, stride=2, padding=0, dilation=1, ceil_mode=False)
0:   )
0:   (dense_net): Sequential(
0:     (0): Linear(in_features=4096, out_features=128, bias=True)
0:     (1): ReLU()
0:     (2): Dropout(p=0.2)
0:     (3): Linear(in_features=128, out_features=1, bias=True)
0:     (4): Sigmoid()
0:   )
0: )
0: Parameters: 547841
0: 2018-09-28 15:49:23,292 INFO Epoch 0
0: 2018-09-28 15:54:15,226 INFO   Training loss: 0.211
0: 2018-09-28 15:54:26,220 INFO   Validation loss: 0.109 acc: 0.961
0: 2018-09-28 15:54:26,227 INFO Epoch 1
0: 2018-09-28 15:59:13,203 INFO   Training loss: 0.047
0: 2018-09-28 15:59:24,650 INFO   Validation loss: 0.044 acc: 0.984
0: 2018-09-28 15:59:24,656 INFO Epoch 2
0: 2018-09-28 16:04:11,044 INFO   Training loss: 0.038
0: 2018-09-28 16:04:22,366 INFO   Validation loss: 0.037 acc: 0.986
0: 2018-09-28 16:04:22,376 INFO Epoch 3
0: 2018-09-28 16:09:13,484 INFO   Training loss: 0.036
0: 2018-09-28 16:09:24,830 INFO   Validation loss: 0.038 acc: 0.987
0: 2018-09-28 16:09:25,829 INFO Saving summaries to /global/cscratch1/sd/sfarrell/hep-cnn-pytorch/summaries.npz
0: 2018-09-28 16:09:25,855 INFO Finished training
0: 2018-09-28 16:09:25,855 INFO Train samples 262144 time 289.101s rate 906.755 samples/s
0: 2018-09-28 16:09:25,855 INFO Valid rate: 2905.71 samples/s
0: 2018-09-28 16:09:25,855 INFO All done!
