*** WARNING: This is an experimental installation of pytorch built specifically for MPI / distributed running ***
21: 2018-09-28 10:12:49,042 INFO Initializing
16: 2018-09-28 10:12:49,197 INFO Initializing
29: 2018-09-28 10:12:49,200 INFO Initializing
15: 2018-09-28 10:12:49,198 INFO Initializing
30: 2018-09-28 10:12:49,199 INFO Initializing
 7: 2018-09-28 10:12:49,206 INFO Initializing
 8: 2018-09-28 10:12:49,207 INFO Initializing
13: 2018-09-28 10:12:49,206 INFO Initializing
 9: 2018-09-28 10:12:49,222 INFO Initializing
10: 2018-09-28 10:12:49,222 INFO Initializing
 5: 2018-09-28 10:12:49,246 INFO Initializing
14: 2018-09-28 10:12:49,247 INFO Initializing
 6: 2018-09-28 10:12:49,260 INFO Initializing
18: 2018-09-28 10:12:49,273 INFO Initializing
24: 2018-09-28 10:12:49,275 INFO Initializing
22: 2018-09-28 10:12:49,278 INFO Initializing
27: 2018-09-28 10:12:49,283 INFO Initializing
17: 2018-09-28 10:12:49,282 INFO Initializing
11: 2018-09-28 10:12:49,293 INFO Initializing
 4: 2018-09-28 10:12:49,295 INFO Initializing
28: 2018-09-28 10:12:49,295 INFO Initializing
 1: 2018-09-28 10:12:49,295 INFO Initializing
 0: 2018-09-28 10:12:49,301 INFO Initializing
26: 2018-09-28 10:12:49,302 INFO Initializing
31: 2018-09-28 10:12:49,301 INFO Initializing
 3: 2018-09-28 10:12:49,317 INFO Initializing
19: 2018-09-28 10:12:49,325 INFO Initializing
 2: 2018-09-28 10:12:49,354 INFO Initializing
25: 2018-09-28 10:12:49,387 INFO Initializing
20: 2018-09-28 10:12:49,410 INFO Initializing
23: 2018-09-28 10:12:49,447 INFO Initializing
12: 2018-09-28 10:12:52,608 INFO Initializing
 1: 2018-09-28 10:12:52,658 INFO MPI rank 1
 3: 2018-09-28 10:12:52,658 INFO MPI rank 3
 6: 2018-09-28 10:12:52,658 INFO MPI rank 6
14: 2018-09-28 10:12:52,659 INFO MPI rank 14
 7: 2018-09-28 10:12:52,658 INFO MPI rank 7
 2: 2018-09-28 10:12:52,658 INFO MPI rank 2
10: 2018-09-28 10:12:52,658 INFO MPI rank 10
 5: 2018-09-28 10:12:52,658 INFO MPI rank 5
 4: 2018-09-28 10:12:52,658 INFO MPI rank 4
31: 2018-09-28 10:12:52,657 INFO MPI rank 31
30: 2018-09-28 10:12:52,656 INFO MPI rank 30
16: 2018-09-28 10:12:52,655 INFO MPI rank 16
18: 2018-09-28 10:12:52,658 INFO MPI rank 18
19: 2018-09-28 10:12:52,659 INFO MPI rank 19
28: 2018-09-28 10:12:52,657 INFO MPI rank 28
20: 2018-09-28 10:12:52,658 INFO MPI rank 20
21: 2018-09-28 10:12:52,659 INFO MPI rank 21
17: 2018-09-28 10:12:52,657 INFO MPI rank 17
15: 2018-09-28 10:12:52,656 INFO MPI rank 15
27: 2018-09-28 10:12:52,659 INFO MPI rank 27
23: 2018-09-28 10:12:52,658 INFO MPI rank 23
29: 2018-09-28 10:12:52,658 INFO MPI rank 29
24: 2018-09-28 10:12:52,657 INFO MPI rank 24
22: 2018-09-28 10:12:52,660 INFO MPI rank 22
 8: 2018-09-28 10:12:52,659 INFO MPI rank 8
13: 2018-09-28 10:12:52,658 INFO MPI rank 13
25: 2018-09-28 10:12:52,657 INFO MPI rank 25
26: 2018-09-28 10:12:52,659 INFO MPI rank 26
 9: 2018-09-28 10:12:52,658 INFO MPI rank 9
 0: 2018-09-28 10:12:52,659 INFO MPI rank 0
12: 2018-09-28 10:12:52,657 INFO MPI rank 12
11: 2018-09-28 10:12:52,658 INFO MPI rank 11
 0: 2018-09-28 10:12:52,683 INFO Configuration: {'data_config': {'train_file': '/global/cscratch1/sd/sfarrell/atlas-rpv-images/train.h5', 'valid_file': '/global/cscratch1/sd/sfarrell/atlas-rpv-images/val.h5', 'test_file': '/global/cscratch1/sd/sfarrell/atlas-rpv-images/test.h5', 'n_train': 65536, 'n_valid': 32768, 'n_test': 1024}, 'model_config': {'conv_sizes': [16, 32, 64], 'dense_sizes': [128], 'optimizer': 'Adam', 'learning_rate': 0.001, 'dropout': 0.2}, 'training_config': {'batch_size': 128, 'n_epochs': 8}, 'output_dir': '$SCRATCH/hep-cnn-pytorch'}
31: 2018-09-28 10:13:44,227 INFO Loaded data with shape: torch.Size([65536, 1, 64, 64])
30: 2018-09-28 10:13:44,227 INFO Loaded data with shape: torch.Size([65536, 1, 64, 64])
16: 2018-09-28 10:13:44,226 INFO Loaded data with shape: torch.Size([65536, 1, 64, 64])
17: 2018-09-28 10:13:44,236 INFO Loaded data with shape: torch.Size([65536, 1, 64, 64])
18: 2018-09-28 10:13:44,238 INFO Loaded data with shape: torch.Size([65536, 1, 64, 64])
27: 2018-09-28 10:13:44,247 INFO Loaded data with shape: torch.Size([65536, 1, 64, 64])
28: 2018-09-28 10:13:44,246 INFO Loaded data with shape: torch.Size([65536, 1, 64, 64])
20: 2018-09-28 10:13:44,257 INFO Loaded data with shape: torch.Size([65536, 1, 64, 64])
15: 2018-09-28 10:13:44,254 INFO Loaded data with shape: torch.Size([65536, 1, 64, 64])
21: 2018-09-28 10:13:44,262 INFO Loaded data with shape: torch.Size([65536, 1, 64, 64])
22: 2018-09-28 10:13:44,276 INFO Loaded data with shape: torch.Size([65536, 1, 64, 64])
23: 2018-09-28 10:13:44,278 INFO Loaded data with shape: torch.Size([65536, 1, 64, 64])
19: 2018-09-28 10:13:44,295 INFO Loaded data with shape: torch.Size([65536, 1, 64, 64])
29: 2018-09-28 10:13:44,295 INFO Loaded data with shape: torch.Size([65536, 1, 64, 64])
 8: 2018-09-28 10:13:44,421 INFO Loaded data with shape: torch.Size([65536, 1, 64, 64])
24: 2018-09-28 10:13:44,429 INFO Loaded data with shape: torch.Size([65536, 1, 64, 64])
25: 2018-09-28 10:13:44,437 INFO Loaded data with shape: torch.Size([65536, 1, 64, 64])
 7: 2018-09-28 10:13:44,668 INFO Loaded data with shape: torch.Size([65536, 1, 64, 64])
 3: 2018-09-28 10:13:44,669 INFO Loaded data with shape: torch.Size([65536, 1, 64, 64])
 6: 2018-09-28 10:13:44,676 INFO Loaded data with shape: torch.Size([65536, 1, 64, 64])
 9: 2018-09-28 10:13:44,696 INFO Loaded data with shape: torch.Size([65536, 1, 64, 64])
10: 2018-09-28 10:13:44,758 INFO Loaded data with shape: torch.Size([65536, 1, 64, 64])
26: 2018-09-28 10:13:44,761 INFO Loaded data with shape: torch.Size([65536, 1, 64, 64])
 4: 2018-09-28 10:13:44,859 INFO Loaded data with shape: torch.Size([65536, 1, 64, 64])
11: 2018-09-28 10:13:44,930 INFO Loaded data with shape: torch.Size([65536, 1, 64, 64])
12: 2018-09-28 10:13:44,938 INFO Loaded data with shape: torch.Size([65536, 1, 64, 64])
 1: 2018-09-28 10:13:44,951 INFO Loaded data with shape: torch.Size([65536, 1, 64, 64])
14: 2018-09-28 10:13:45,001 INFO Loaded data with shape: torch.Size([65536, 1, 64, 64])
 2: 2018-09-28 10:13:45,171 INFO Loaded data with shape: torch.Size([65536, 1, 64, 64])
13: 2018-09-28 10:13:45,218 INFO Loaded data with shape: torch.Size([65536, 1, 64, 64])
 5: 2018-09-28 10:13:45,322 INFO Loaded data with shape: torch.Size([65536, 1, 64, 64])
 0: 2018-09-28 10:13:45,521 INFO Loaded data with shape: torch.Size([65536, 1, 64, 64])
 3: 2018-09-28 10:13:45,573 INFO Epoch 0
 4: 2018-09-28 10:13:45,574 INFO Epoch 0
 1: 2018-09-28 10:13:45,573 INFO Epoch 0
 6: 2018-09-28 10:13:45,574 INFO Epoch 0
 7: 2018-09-28 10:13:45,574 INFO Epoch 0
 2: 2018-09-28 10:13:45,574 INFO Epoch 0
 5: 2018-09-28 10:13:45,574 INFO Epoch 0
 0: 2018-09-28 10:13:45,574 INFO Model: 
 0: HEPCNNClassifier(
 0:   (conv_net): Sequential(
 0:     (0): Conv2d(1, 16, kernel_size=(3, 3), stride=(1, 1), padding=(1, 1))
 0:     (1): ReLU()
 0:     (2): MaxPool2d(kernel_size=2, stride=2, padding=0, dilation=1, ceil_mode=False)
 0:     (3): Conv2d(16, 32, kernel_size=(3, 3), stride=(1, 1), padding=(1, 1))
 0:     (4): ReLU()
 0:     (5): MaxPool2d(kernel_size=2, stride=2, padding=0, dilation=1, ceil_mode=False)
 0:     (6): Conv2d(32, 64, kernel_size=(3, 3), stride=(1, 1), padding=(1, 1))
 0:     (7): ReLU()
 0:     (8): MaxPool2d(kernel_size=2, stride=2, padding=0, dilation=1, ceil_mode=False)
 0:   )
 0:   (dense_net): Sequential(
 0:     (0): Linear(in_features=4096, out_features=128, bias=True)
 0:     (1): ReLU()
 0:     (2): Dropout(p=0.2)
 0:     (3): Linear(in_features=128, out_features=1, bias=True)
 0:     (4): Sigmoid()
 0:   )
 0: )
 0: Parameters: 547841
 0: 2018-09-28 10:13:45,574 INFO Epoch 0
16: 2018-09-28 10:13:45,574 INFO Epoch 0
18: 2018-09-28 10:13:45,576 INFO Epoch 0
19: 2018-09-28 10:13:45,577 INFO Epoch 0
17: 2018-09-28 10:13:45,576 INFO Epoch 0
 8: 2018-09-28 10:13:45,582 INFO Epoch 0
10: 2018-09-28 10:13:45,583 INFO Epoch 0
 9: 2018-09-28 10:13:45,583 INFO Epoch 0
11: 2018-09-28 10:13:45,583 INFO Epoch 0
31: 2018-09-28 10:13:45,589 INFO Epoch 0
30: 2018-09-28 10:13:45,589 INFO Epoch 0
28: 2018-09-28 10:13:45,590 INFO Epoch 0
20: 2018-09-28 10:13:45,584 INFO Epoch 0
21: 2018-09-28 10:13:45,585 INFO Epoch 0
15: 2018-09-28 10:13:45,590 INFO Epoch 0
27: 2018-09-28 10:13:45,589 INFO Epoch 0
23: 2018-09-28 10:13:45,584 INFO Epoch 0
29: 2018-09-28 10:13:45,591 INFO Epoch 0
24: 2018-09-28 10:13:45,587 INFO Epoch 0
22: 2018-09-28 10:13:45,586 INFO Epoch 0
14: 2018-09-28 10:13:45,593 INFO Epoch 0
13: 2018-09-28 10:13:45,584 INFO Epoch 0
25: 2018-09-28 10:13:45,587 INFO Epoch 0
26: 2018-09-28 10:13:45,589 INFO Epoch 0
12: 2018-09-28 10:13:45,583 INFO Epoch 0
22: 2018-09-28 10:13:49,792 INFO   Training loss: 12.194
10: 2018-09-28 10:13:49,791 INFO   Training loss: 11.937
25: 2018-09-28 10:13:49,790 INFO   Training loss: 12.088
 5: 2018-09-28 10:13:49,791 INFO   Training loss: 12.018
31: 2018-09-28 10:13:49,790 INFO   Training loss: 11.677
30: 2018-09-28 10:13:49,789 INFO   Training loss: 12.171
16: 2018-09-28 10:13:49,788 INFO   Training loss: 12.336
18: 2018-09-28 10:13:49,791 INFO   Training loss: 12.059
19: 2018-09-28 10:13:49,792 INFO   Training loss: 12.097
28: 2018-09-28 10:13:49,790 INFO   Training loss: 12.095
20: 2018-09-28 10:13:49,792 INFO   Training loss: 12.348
21: 2018-09-28 10:13:49,792 INFO   Training loss: 12.430
17: 2018-09-28 10:13:49,790 INFO   Training loss: 11.924
15: 2018-09-28 10:13:49,789 INFO   Training loss: 11.783
27: 2018-09-28 10:13:49,792 INFO   Training loss: 12.401
23: 2018-09-28 10:13:49,791 INFO   Training loss: 12.052
29: 2018-09-28 10:13:49,791 INFO   Training loss: 12.351
24: 2018-09-28 10:13:49,790 INFO   Training loss: 12.615
 6: 2018-09-28 10:13:49,792 INFO   Training loss: 12.161
 1: 2018-09-28 10:13:49,792 INFO   Training loss: 11.939
 8: 2018-09-28 10:13:49,792 INFO   Training loss: 12.358
14: 2018-09-28 10:13:49,793 INFO   Training loss: 11.870
 7: 2018-09-28 10:13:49,791 INFO   Training loss: 12.852
13: 2018-09-28 10:13:49,792 INFO   Training loss: 11.977
 2: 2018-09-28 10:13:49,792 INFO   Training loss: 11.376
26: 2018-09-28 10:13:49,792 INFO   Training loss: 12.483
 9: 2018-09-28 10:13:49,792 INFO   Training loss: 12.324
 3: 2018-09-28 10:13:49,792 INFO   Training loss: 12.746
 0: 2018-09-28 10:13:49,792 INFO   Training loss: 11.740
12: 2018-09-28 10:13:49,791 INFO   Training loss: 12.404
11: 2018-09-28 10:13:49,791 INFO   Training loss: 11.692
 4: 2018-09-28 10:13:49,792 INFO   Training loss: 12.323
24: 2018-09-28 10:14:13,792 INFO   Validation loss: 11.783 acc: 0.574
17: 2018-09-28 10:14:13,799 INFO   Validation loss: 11.783 acc: 0.574
24: 2018-09-28 10:14:13,812 INFO Epoch 1
 3: 2018-09-28 10:14:13,839 INFO   Validation loss: 11.783 acc: 0.574
28: 2018-09-28 10:14:13,842 INFO   Validation loss: 11.783 acc: 0.574
12: 2018-09-28 10:14:13,878 INFO   Validation loss: 11.783 acc: 0.574
23: 2018-09-28 10:14:13,936 INFO   Validation loss: 11.783 acc: 0.574
 4: 2018-09-28 10:14:13,953 INFO   Validation loss: 11.783 acc: 0.574
17: 2018-09-28 10:14:14,390 INFO Epoch 1
 4: 2018-09-28 10:14:15,531 INFO Epoch 1
 3: 2018-09-28 10:14:16,436 INFO Epoch 1
28: 2018-09-28 10:14:16,541 INFO Epoch 1
12: 2018-09-28 10:14:16,575 INFO Epoch 1
23: 2018-09-28 10:14:16,597 INFO Epoch 1
29: 2018-09-28 10:14:20,004 INFO   Validation loss: 11.783 acc: 0.574
29: 2018-09-28 10:14:20,072 INFO Epoch 1
20: 2018-09-28 10:14:21,448 INFO   Validation loss: 11.783 acc: 0.574
20: 2018-09-28 10:14:21,572 INFO Epoch 1
26: 2018-09-28 10:14:23,013 INFO   Validation loss: 11.783 acc: 0.574
26: 2018-09-28 10:14:23,173 INFO Epoch 1
 1: 2018-09-28 10:14:23,965 INFO   Validation loss: 11.783 acc: 0.574
 1: 2018-09-28 10:14:24,077 INFO Epoch 1
15: 2018-09-28 10:14:24,154 INFO   Validation loss: 11.783 acc: 0.574
15: 2018-09-28 10:14:24,234 INFO Epoch 1
 9: 2018-09-28 10:14:24,374 INFO   Validation loss: 11.783 acc: 0.574
 9: 2018-09-28 10:14:24,442 INFO Epoch 1
16: 2018-09-28 10:14:24,587 INFO   Validation loss: 11.783 acc: 0.574
16: 2018-09-28 10:14:24,671 INFO Epoch 1
 7: 2018-09-28 10:14:25,613 INFO   Validation loss: 11.783 acc: 0.574
 7: 2018-09-28 10:14:25,697 INFO Epoch 1
14: 2018-09-28 10:14:25,971 INFO   Validation loss: 11.783 acc: 0.574
14: 2018-09-28 10:14:26,071 INFO Epoch 1
 5: 2018-09-28 10:14:26,251 INFO   Validation loss: 11.783 acc: 0.574
 8: 2018-09-28 10:14:26,310 INFO   Validation loss: 11.783 acc: 0.574
11: 2018-09-28 10:14:26,382 INFO   Validation loss: 11.783 acc: 0.574
31: 2018-09-28 10:14:26,415 INFO   Validation loss: 11.783 acc: 0.574
10: 2018-09-28 10:14:26,489 INFO   Validation loss: 11.783 acc: 0.574
22: 2018-09-28 10:14:26,493 INFO   Validation loss: 11.783 acc: 0.574
27: 2018-09-28 10:14:26,809 INFO   Validation loss: 11.783 acc: 0.574
 0: 2018-09-28 10:14:27,116 INFO   Validation loss: 11.783 acc: 0.574
25: 2018-09-28 10:14:27,272 INFO   Validation loss: 11.783 acc: 0.574
10: 2018-09-28 10:14:27,572 INFO Epoch 1
 0: 2018-09-28 10:14:28,220 INFO Epoch 1
30: 2018-09-28 10:14:28,246 INFO   Validation loss: 11.783 acc: 0.574
19: 2018-09-28 10:14:28,750 INFO   Validation loss: 11.783 acc: 0.574
 5: 2018-09-28 10:14:29,051 INFO Epoch 1
 8: 2018-09-28 10:14:29,107 INFO Epoch 1
25: 2018-09-28 10:14:29,297 INFO Epoch 1
 2: 2018-09-28 10:14:29,541 INFO   Validation loss: 11.783 acc: 0.574
13: 2018-09-28 10:14:29,558 INFO   Validation loss: 11.783 acc: 0.574
11: 2018-09-28 10:14:29,638 INFO Epoch 1
31: 2018-09-28 10:14:29,752 INFO Epoch 1
22: 2018-09-28 10:14:29,876 INFO Epoch 1
21: 2018-09-28 10:14:29,975 INFO   Validation loss: 11.783 acc: 0.574
27: 2018-09-28 10:14:30,115 INFO Epoch 1
30: 2018-09-28 10:14:30,289 INFO Epoch 1
19: 2018-09-28 10:14:30,336 INFO Epoch 1
13: 2018-09-28 10:14:30,783 INFO Epoch 1
 2: 2018-09-28 10:14:30,890 INFO Epoch 1
21: 2018-09-28 10:14:30,915 INFO Epoch 1
 6: 2018-09-28 10:14:31,049 INFO   Validation loss: 11.783 acc: 0.574
 6: 2018-09-28 10:14:31,103 INFO Epoch 1
18: 2018-09-28 10:14:31,111 INFO   Validation loss: 11.783 acc: 0.574
18: 2018-09-28 10:14:31,276 INFO Epoch 1
 6: 2018-09-28 10:14:35,009 INFO   Training loss: 11.846
20: 2018-09-28 10:14:35,009 INFO   Training loss: 11.940
14: 2018-09-28 10:14:35,010 INFO   Training loss: 11.225
 3: 2018-09-28 10:14:35,009 INFO   Training loss: 12.574
30: 2018-09-28 10:14:35,007 INFO   Training loss: 11.711
16: 2018-09-28 10:14:35,006 INFO   Training loss: 11.792
18: 2018-09-28 10:14:35,008 INFO   Training loss: 11.913
21: 2018-09-28 10:14:35,009 INFO   Training loss: 12.062
 7: 2018-09-28 10:14:35,009 INFO   Training loss: 12.412
 2: 2018-09-28 10:14:35,009 INFO   Training loss: 11.279
25: 2018-09-28 10:14:35,008 INFO   Training loss: 11.832
26: 2018-09-28 10:14:35,009 INFO   Training loss: 12.237
 9: 2018-09-28 10:14:35,009 INFO   Training loss: 11.927
12: 2018-09-28 10:14:35,008 INFO   Training loss: 12.183
31: 2018-09-28 10:14:35,008 INFO   Training loss: 11.441
19: 2018-09-28 10:14:35,010 INFO   Training loss: 11.819
17: 2018-09-28 10:14:35,009 INFO   Training loss: 11.508
29: 2018-09-28 10:14:35,009 INFO   Training loss: 12.035
10: 2018-09-28 10:14:35,010 INFO   Training loss: 11.576
 5: 2018-09-28 10:14:35,009 INFO   Training loss: 12.048
28: 2018-09-28 10:14:35,009 INFO   Training loss: 11.657
27: 2018-09-28 10:14:35,010 INFO   Training loss: 12.129
22: 2018-09-28 10:14:35,011 INFO   Training loss: 11.873
13: 2018-09-28 10:14:35,010 INFO   Training loss: 11.576
11: 2018-09-28 10:14:35,010 INFO   Training loss: 11.508
 4: 2018-09-28 10:14:35,010 INFO   Training loss: 12.008
23: 2018-09-28 10:14:35,009 INFO   Training loss: 11.913
 1: 2018-09-28 10:14:35,010 INFO   Training loss: 11.724
24: 2018-09-28 10:14:35,008 INFO   Training loss: 12.156
 8: 2018-09-28 10:14:35,010 INFO   Training loss: 12.129
 0: 2018-09-28 10:14:35,011 INFO   Training loss: 11.266
15: 2018-09-28 10:14:35,009 INFO   Training loss: 11.576
 6: 2018-09-28 10:14:58,959 INFO   Validation loss: 11.783 acc: 0.574
 8: 2018-09-28 10:14:58,974 INFO   Validation loss: 11.783 acc: 0.574
17: 2018-09-28 10:14:58,974 INFO   Validation loss: 11.783 acc: 0.574
 6: 2018-09-28 10:14:58,975 INFO Epoch 2
12: 2018-09-28 10:14:58,982 INFO   Validation loss: 11.783 acc: 0.574
24: 2018-09-28 10:14:59,000 INFO   Validation loss: 11.783 acc: 0.574
25: 2018-09-28 10:14:59,032 INFO   Validation loss: 11.783 acc: 0.574
28: 2018-09-28 10:14:59,086 INFO   Validation loss: 11.783 acc: 0.574
 4: 2018-09-28 10:14:59,089 INFO   Validation loss: 11.783 acc: 0.574
 3: 2018-09-28 10:14:59,095 INFO   Validation loss: 11.783 acc: 0.574
14: 2018-09-28 10:14:59,143 INFO   Validation loss: 11.783 acc: 0.574
23: 2018-09-28 10:14:59,243 INFO   Validation loss: 11.783 acc: 0.574
 2: 2018-09-28 10:14:59,426 INFO   Validation loss: 11.783 acc: 0.574
29: 2018-09-28 10:14:59,444 INFO   Validation loss: 11.783 acc: 0.574
31: 2018-09-28 10:14:59,523 INFO   Validation loss: 11.783 acc: 0.574
12: 2018-09-28 10:15:00,965 INFO Epoch 2
 8: 2018-09-28 10:15:03,857 INFO Epoch 2
17: 2018-09-28 10:15:03,959 INFO Epoch 2
24: 2018-09-28 10:15:04,101 INFO Epoch 2
25: 2018-09-28 10:15:04,357 INFO Epoch 2
 4: 2018-09-28 10:15:04,670 INFO Epoch 2
28: 2018-09-28 10:15:04,715 INFO Epoch 2
31: 2018-09-28 10:15:04,782 INFO Epoch 2
 3: 2018-09-28 10:15:04,897 INFO Epoch 2
14: 2018-09-28 10:15:04,938 INFO Epoch 2
23: 2018-09-28 10:15:05,049 INFO Epoch 2
 2: 2018-09-28 10:15:05,081 INFO Epoch 2
29: 2018-09-28 10:15:05,107 INFO Epoch 2
15: 2018-09-28 10:15:06,538 INFO   Validation loss: 11.783 acc: 0.574
15: 2018-09-28 10:15:06,610 INFO Epoch 2
 0: 2018-09-28 10:15:09,480 INFO   Validation loss: 11.783 acc: 0.574
20: 2018-09-28 10:15:09,552 INFO   Validation loss: 11.783 acc: 0.574
26: 2018-09-28 10:15:09,577 INFO   Validation loss: 11.783 acc: 0.574
 1: 2018-09-28 10:15:09,577 INFO   Validation loss: 11.783 acc: 0.574
 9: 2018-09-28 10:15:09,666 INFO   Validation loss: 11.783 acc: 0.574
22: 2018-09-28 10:15:09,733 INFO   Validation loss: 11.783 acc: 0.574
16: 2018-09-28 10:15:09,883 INFO   Validation loss: 11.783 acc: 0.574
 0: 2018-09-28 10:15:10,055 INFO Epoch 2
20: 2018-09-28 10:15:10,572 INFO Epoch 2
 7: 2018-09-28 10:15:11,145 INFO   Validation loss: 11.783 acc: 0.574
16: 2018-09-28 10:15:11,267 INFO Epoch 2
 5: 2018-09-28 10:15:11,415 INFO   Validation loss: 11.783 acc: 0.574
10: 2018-09-28 10:15:11,645 INFO   Validation loss: 11.783 acc: 0.574
11: 2018-09-28 10:15:11,674 INFO   Validation loss: 11.783 acc: 0.574
26: 2018-09-28 10:15:12,198 INFO Epoch 2
 1: 2018-09-28 10:15:12,271 INFO Epoch 2
 9: 2018-09-28 10:15:12,384 INFO Epoch 2
22: 2018-09-28 10:15:12,434 INFO Epoch 2
 7: 2018-09-28 10:15:12,479 INFO Epoch 2
10: 2018-09-28 10:15:12,511 INFO Epoch 2
 5: 2018-09-28 10:15:12,651 INFO Epoch 2
11: 2018-09-28 10:15:12,733 INFO Epoch 2
21: 2018-09-28 10:15:12,903 INFO   Validation loss: 11.783 acc: 0.574
21: 2018-09-28 10:15:13,055 INFO Epoch 2
27: 2018-09-28 10:15:13,743 INFO   Validation loss: 11.783 acc: 0.574
27: 2018-09-28 10:15:13,813 INFO Epoch 2
13: 2018-09-28 10:15:14,865 INFO   Validation loss: 11.783 acc: 0.574
13: 2018-09-28 10:15:14,938 INFO Epoch 2
18: 2018-09-28 10:15:15,971 INFO   Validation loss: 11.783 acc: 0.574
18: 2018-09-28 10:15:16,053 INFO Epoch 2
19: 2018-09-28 10:15:16,075 INFO   Validation loss: 11.783 acc: 0.574
19: 2018-09-28 10:15:16,178 INFO Epoch 2
30: 2018-09-28 10:15:16,376 INFO   Validation loss: 11.783 acc: 0.574
30: 2018-09-28 10:15:16,435 INFO Epoch 2
15: 2018-09-28 10:15:20,279 INFO   Training loss: 11.576
 4: 2018-09-28 10:15:20,281 INFO   Training loss: 12.008
28: 2018-09-28 10:15:20,280 INFO   Training loss: 11.657
20: 2018-09-28 10:15:20,281 INFO   Training loss: 11.940
21: 2018-09-28 10:15:20,282 INFO   Training loss: 12.062
13: 2018-09-28 10:15:20,281 INFO   Training loss: 11.576
 2: 2018-09-28 10:15:20,281 INFO   Training loss: 11.279
31: 2018-09-28 10:15:20,279 INFO   Training loss: 11.441
 8: 2018-09-28 10:15:20,282 INFO   Training loss: 12.129
25: 2018-09-28 10:15:20,280 INFO   Training loss: 11.832
26: 2018-09-28 10:15:20,282 INFO   Training loss: 12.237
 0: 2018-09-28 10:15:20,282 INFO   Training loss: 11.266
30: 2018-09-28 10:15:20,279 INFO   Training loss: 11.711
12: 2018-09-28 10:15:20,280 INFO   Training loss: 12.183
11: 2018-09-28 10:15:20,281 INFO   Training loss: 11.508
 3: 2018-09-28 10:15:20,281 INFO   Training loss: 12.574
27: 2018-09-28 10:15:20,282 INFO   Training loss: 12.129
23: 2018-09-28 10:15:20,281 INFO   Training loss: 11.913
14: 2018-09-28 10:15:20,282 INFO   Training loss: 11.225
29: 2018-09-28 10:15:20,281 INFO   Training loss: 12.035
22: 2018-09-28 10:15:20,283 INFO   Training loss: 11.873
 6: 2018-09-28 10:15:20,282 INFO   Training loss: 11.846
 7: 2018-09-28 10:15:20,282 INFO   Training loss: 12.412
10: 2018-09-28 10:15:20,282 INFO   Training loss: 11.576
19: 2018-09-28 10:15:20,282 INFO   Training loss: 11.819
17: 2018-09-28 10:15:20,281 INFO   Training loss: 11.508
24: 2018-09-28 10:15:20,280 INFO   Training loss: 12.156
 1: 2018-09-28 10:15:20,282 INFO   Training loss: 11.724
 5: 2018-09-28 10:15:20,282 INFO   Training loss: 12.048
16: 2018-09-28 10:15:20,279 INFO   Training loss: 11.792
18: 2018-09-28 10:15:20,281 INFO   Training loss: 11.913
 9: 2018-09-28 10:15:20,282 INFO   Training loss: 11.927
17: 2018-09-28 10:15:44,187 INFO   Validation loss: 11.783 acc: 0.574
17: 2018-09-28 10:15:44,202 INFO Epoch 3
25: 2018-09-28 10:15:44,208 INFO   Validation loss: 11.783 acc: 0.574
28: 2018-09-28 10:15:44,258 INFO   Validation loss: 11.783 acc: 0.574
 8: 2018-09-28 10:15:44,266 INFO   Validation loss: 11.783 acc: 0.574
12: 2018-09-28 10:15:44,274 INFO   Validation loss: 11.783 acc: 0.574
19: 2018-09-28 10:15:44,306 INFO   Validation loss: 11.783 acc: 0.574
 3: 2018-09-28 10:15:44,311 INFO   Validation loss: 11.783 acc: 0.574
24: 2018-09-28 10:15:44,344 INFO   Validation loss: 11.783 acc: 0.574
18: 2018-09-28 10:15:44,349 INFO   Validation loss: 11.783 acc: 0.574
 4: 2018-09-28 10:15:44,353 INFO   Validation loss: 11.783 acc: 0.574
 6: 2018-09-28 10:15:44,411 INFO   Validation loss: 11.783 acc: 0.574
29: 2018-09-28 10:15:44,428 INFO   Validation loss: 11.783 acc: 0.574
23: 2018-09-28 10:15:44,515 INFO   Validation loss: 11.783 acc: 0.574
 2: 2018-09-28 10:15:44,602 INFO   Validation loss: 11.783 acc: 0.574
31: 2018-09-28 10:15:44,711 INFO   Validation loss: 11.783 acc: 0.574
 8: 2018-09-28 10:15:46,358 INFO Epoch 3
28: 2018-09-28 10:15:50,968 INFO Epoch 3
25: 2018-09-28 10:15:51,030 INFO Epoch 3
12: 2018-09-28 10:15:51,166 INFO Epoch 3
19: 2018-09-28 10:15:51,260 INFO Epoch 3
 3: 2018-09-28 10:15:51,326 INFO Epoch 3
18: 2018-09-28 10:15:51,414 INFO Epoch 3
24: 2018-09-28 10:15:51,502 INFO Epoch 3
 6: 2018-09-28 10:15:51,559 INFO Epoch 3
29: 2018-09-28 10:15:51,625 INFO Epoch 3
 4: 2018-09-28 10:15:51,659 INFO Epoch 3
31: 2018-09-28 10:15:51,710 INFO Epoch 3
23: 2018-09-28 10:15:51,755 INFO Epoch 3
 2: 2018-09-28 10:15:51,780 INFO Epoch 3
 0: 2018-09-28 10:15:54,648 INFO   Validation loss: 11.783 acc: 0.574
 1: 2018-09-28 10:15:54,669 INFO   Validation loss: 11.783 acc: 0.574
 9: 2018-09-28 10:15:54,698 INFO   Validation loss: 11.783 acc: 0.574
26: 2018-09-28 10:15:54,705 INFO   Validation loss: 11.783 acc: 0.574
15: 2018-09-28 10:15:54,726 INFO   Validation loss: 11.783 acc: 0.574
13: 2018-09-28 10:15:54,866 INFO   Validation loss: 11.783 acc: 0.574
22: 2018-09-28 10:15:54,909 INFO   Validation loss: 11.783 acc: 0.574
20: 2018-09-28 10:15:54,912 INFO   Validation loss: 11.783 acc: 0.574
11: 2018-09-28 10:15:54,946 INFO   Validation loss: 11.783 acc: 0.574
 0: 2018-09-28 10:15:55,701 INFO Epoch 3
14: 2018-09-28 10:15:56,215 INFO   Validation loss: 11.783 acc: 0.574
 7: 2018-09-28 10:15:56,342 INFO   Validation loss: 11.783 acc: 0.574
 5: 2018-09-28 10:15:56,616 INFO   Validation loss: 11.783 acc: 0.574
21: 2018-09-28 10:15:57,355 INFO   Validation loss: 11.783 acc: 0.574
 1: 2018-09-28 10:15:58,023 INFO Epoch 3
 9: 2018-09-28 10:15:58,211 INFO Epoch 3
26: 2018-09-28 10:15:58,276 INFO Epoch 3
15: 2018-09-28 10:15:58,366 INFO Epoch 3
13: 2018-09-28 10:15:58,522 INFO Epoch 3
20: 2018-09-28 10:15:58,581 INFO Epoch 3
22: 2018-09-28 10:15:58,619 INFO Epoch 3
11: 2018-09-28 10:15:58,708 INFO Epoch 3
21: 2018-09-28 10:15:58,747 INFO Epoch 3
16: 2018-09-28 10:15:58,763 INFO   Validation loss: 11.783 acc: 0.574
 5: 2018-09-28 10:15:58,827 INFO Epoch 3
16: 2018-09-28 10:15:59,163 INFO Epoch 3
14: 2018-09-28 10:15:59,286 INFO Epoch 3
10: 2018-09-28 10:15:59,309 INFO   Validation loss: 11.783 acc: 0.574
 7: 2018-09-28 10:15:59,310 INFO Epoch 3
10: 2018-09-28 10:15:59,345 INFO Epoch 3
27: 2018-09-28 10:15:59,701 INFO   Validation loss: 11.783 acc: 0.574
27: 2018-09-28 10:15:59,801 INFO Epoch 3
30: 2018-09-28 10:16:00,832 INFO   Validation loss: 11.783 acc: 0.574
30: 2018-09-28 10:16:00,888 INFO Epoch 3
10: 2018-09-28 10:16:04,739 INFO   Training loss: 11.576
31: 2018-09-28 10:16:04,738 INFO   Training loss: 11.441
30: 2018-09-28 10:16:04,737 INFO   Training loss: 11.711
16: 2018-09-28 10:16:04,736 INFO   Training loss: 11.792
18: 2018-09-28 10:16:04,739 INFO   Training loss: 11.913
19: 2018-09-28 10:16:04,740 INFO   Training loss: 11.819
28: 2018-09-28 10:16:04,738 INFO   Training loss: 11.657
20: 2018-09-28 10:16:04,740 INFO   Training loss: 11.940
21: 2018-09-28 10:16:04,740 INFO   Training loss: 12.062
17: 2018-09-28 10:16:04,738 INFO   Training loss: 11.508
15: 2018-09-28 10:16:04,737 INFO   Training loss: 11.576
27: 2018-09-28 10:16:04,740 INFO   Training loss: 12.129
23: 2018-09-28 10:16:04,739 INFO   Training loss: 11.913
29: 2018-09-28 10:16:04,739 INFO   Training loss: 12.035
24: 2018-09-28 10:16:04,738 INFO   Training loss: 12.156
22: 2018-09-28 10:16:04,740 INFO   Training loss: 11.873
 6: 2018-09-28 10:16:04,739 INFO   Training loss: 11.846
 1: 2018-09-28 10:16:04,739 INFO   Training loss: 11.724
 8: 2018-09-28 10:16:04,740 INFO   Training loss: 12.129
14: 2018-09-28 10:16:04,741 INFO   Training loss: 11.225
 7: 2018-09-28 10:16:04,739 INFO   Training loss: 12.412
13: 2018-09-28 10:16:04,740 INFO   Training loss: 11.576
 2: 2018-09-28 10:16:04,739 INFO   Training loss: 11.279
25: 2018-09-28 10:16:04,737 INFO   Training loss: 11.832
26: 2018-09-28 10:16:04,739 INFO   Training loss: 12.237
 9: 2018-09-28 10:16:04,740 INFO   Training loss: 11.927
 5: 2018-09-28 10:16:04,740 INFO   Training loss: 12.048
 3: 2018-09-28 10:16:04,739 INFO   Training loss: 12.574
 0: 2018-09-28 10:16:04,739 INFO   Training loss: 11.266
12: 2018-09-28 10:16:04,738 INFO   Training loss: 12.183
11: 2018-09-28 10:16:04,740 INFO   Training loss: 11.508
 4: 2018-09-28 10:16:04,739 INFO   Training loss: 12.008
 8: 2018-09-28 10:16:28,614 INFO   Validation loss: 11.783 acc: 0.574
22: 2018-09-28 10:16:28,625 INFO   Validation loss: 11.783 acc: 0.574
 8: 2018-09-28 10:16:28,634 INFO Epoch 4
17: 2018-09-28 10:16:28,691 INFO   Validation loss: 11.783 acc: 0.574
22: 2018-09-28 10:16:28,693 INFO Epoch 4
19: 2018-09-28 10:16:28,714 INFO   Validation loss: 11.783 acc: 0.574
28: 2018-09-28 10:16:28,746 INFO   Validation loss: 11.783 acc: 0.574
25: 2018-09-28 10:16:28,772 INFO   Validation loss: 11.783 acc: 0.574
12: 2018-09-28 10:16:28,786 INFO   Validation loss: 11.783 acc: 0.574
 2: 2018-09-28 10:16:28,797 INFO   Validation loss: 11.783 acc: 0.574
18: 2018-09-28 10:16:28,801 INFO   Validation loss: 11.783 acc: 0.574
 3: 2018-09-28 10:16:28,803 INFO   Validation loss: 11.783 acc: 0.574
 4: 2018-09-28 10:16:28,893 INFO   Validation loss: 11.783 acc: 0.574
 7: 2018-09-28 10:16:28,893 INFO   Validation loss: 11.783 acc: 0.574
24: 2018-09-28 10:16:28,920 INFO   Validation loss: 11.783 acc: 0.574
 6: 2018-09-28 10:16:28,943 INFO   Validation loss: 11.783 acc: 0.574
13: 2018-09-28 10:16:28,970 INFO   Validation loss: 11.783 acc: 0.574
29: 2018-09-28 10:16:29,040 INFO   Validation loss: 11.783 acc: 0.574
23: 2018-09-28 10:16:29,075 INFO   Validation loss: 11.783 acc: 0.574
30: 2018-09-28 10:16:29,074 INFO   Validation loss: 11.783 acc: 0.574
31: 2018-09-28 10:16:29,239 INFO   Validation loss: 11.783 acc: 0.574
17: 2018-09-28 10:16:29,670 INFO Epoch 4
 0: 2018-09-28 10:16:30,112 INFO   Validation loss: 11.783 acc: 0.574
19: 2018-09-28 10:16:34,494 INFO Epoch 4
28: 2018-09-28 10:16:34,940 INFO Epoch 4
25: 2018-09-28 10:16:35,021 INFO Epoch 4
12: 2018-09-28 10:16:35,213 INFO Epoch 4
18: 2018-09-28 10:16:35,281 INFO Epoch 4
 2: 2018-09-28 10:16:35,339 INFO Epoch 4
 3: 2018-09-28 10:16:35,464 INFO Epoch 4
 4: 2018-09-28 10:16:35,528 INFO Epoch 4
 7: 2018-09-28 10:16:35,689 INFO Epoch 4
24: 2018-09-28 10:16:35,731 INFO Epoch 4
 6: 2018-09-28 10:16:35,786 INFO Epoch 4
 0: 2018-09-28 10:16:35,839 INFO Epoch 4
13: 2018-09-28 10:16:35,900 INFO Epoch 4
29: 2018-09-28 10:16:35,929 INFO Epoch 4
30: 2018-09-28 10:16:35,959 INFO Epoch 4
23: 2018-09-28 10:16:35,987 INFO Epoch 4
31: 2018-09-28 10:16:36,017 INFO Epoch 4
26: 2018-09-28 10:16:38,985 INFO   Validation loss: 11.783 acc: 0.574
 1: 2018-09-28 10:16:39,069 INFO   Validation loss: 11.783 acc: 0.574
15: 2018-09-28 10:16:39,138 INFO   Validation loss: 11.783 acc: 0.574
10: 2018-09-28 10:16:39,225 INFO   Validation loss: 11.783 acc: 0.574
 9: 2018-09-28 10:16:39,227 INFO   Validation loss: 11.783 acc: 0.574
20: 2018-09-28 10:16:39,227 INFO   Validation loss: 11.783 acc: 0.574
15: 2018-09-28 10:16:39,554 INFO Epoch 4
 9: 2018-09-28 10:16:40,183 INFO Epoch 4
14: 2018-09-28 10:16:40,553 INFO   Validation loss: 11.783 acc: 0.574
21: 2018-09-28 10:16:40,661 INFO   Validation loss: 11.783 acc: 0.574
 5: 2018-09-28 10:16:40,801 INFO   Validation loss: 11.783 acc: 0.574
11: 2018-09-28 10:16:41,206 INFO   Validation loss: 11.783 acc: 0.574
16: 2018-09-28 10:16:41,687 INFO   Validation loss: 11.783 acc: 0.574
26: 2018-09-28 10:16:42,247 INFO Epoch 4
 1: 2018-09-28 10:16:42,274 INFO Epoch 4
10: 2018-09-28 10:16:42,797 INFO Epoch 4
16: 2018-09-28 10:16:42,794 INFO Epoch 4
20: 2018-09-28 10:16:42,797 INFO Epoch 4
21: 2018-09-28 10:16:42,797 INFO Epoch 4
14: 2018-09-28 10:16:42,798 INFO Epoch 4
 5: 2018-09-28 10:16:43,069 INFO Epoch 4
11: 2018-09-28 10:16:43,133 INFO Epoch 4
27: 2018-09-28 10:16:44,036 INFO   Validation loss: 11.783 acc: 0.574
27: 2018-09-28 10:16:44,103 INFO Epoch 4
15: 2018-09-28 10:16:47,835 INFO   Training loss: 11.576
28: 2018-09-28 10:16:47,836 INFO   Training loss: 11.657
22: 2018-09-28 10:16:47,838 INFO   Training loss: 11.873
 8: 2018-09-28 10:16:47,838 INFO   Training loss: 12.129
11: 2018-09-28 10:16:47,837 INFO   Training loss: 11.508
23: 2018-09-28 10:16:47,837 INFO   Training loss: 11.913
29: 2018-09-28 10:16:47,837 INFO   Training loss: 12.035
 6: 2018-09-28 10:16:47,837 INFO   Training loss: 11.846
 2: 2018-09-28 10:16:47,837 INFO   Training loss: 11.279
 5: 2018-09-28 10:16:47,837 INFO   Training loss: 12.048
 3: 2018-09-28 10:16:47,837 INFO   Training loss: 12.574
30: 2018-09-28 10:16:47,835 INFO   Training loss: 11.711
20: 2018-09-28 10:16:47,838 INFO   Training loss: 11.940
17: 2018-09-28 10:16:47,837 INFO   Training loss: 11.508
 1: 2018-09-28 10:16:47,837 INFO   Training loss: 11.724
 7: 2018-09-28 10:16:47,837 INFO   Training loss: 12.412
26: 2018-09-28 10:16:47,838 INFO   Training loss: 12.237
10: 2018-09-28 10:16:47,838 INFO   Training loss: 11.576
 9: 2018-09-28 10:16:47,838 INFO   Training loss: 11.927
12: 2018-09-28 10:16:47,836 INFO   Training loss: 12.183
31: 2018-09-28 10:16:47,836 INFO   Training loss: 11.441
16: 2018-09-28 10:16:47,835 INFO   Training loss: 11.792
18: 2018-09-28 10:16:47,838 INFO   Training loss: 11.913
19: 2018-09-28 10:16:47,838 INFO   Training loss: 11.819
21: 2018-09-28 10:16:47,838 INFO   Training loss: 12.062
27: 2018-09-28 10:16:47,838 INFO   Training loss: 12.129
24: 2018-09-28 10:16:47,836 INFO   Training loss: 12.156
14: 2018-09-28 10:16:47,839 INFO   Training loss: 11.225
13: 2018-09-28 10:16:47,838 INFO   Training loss: 11.576
25: 2018-09-28 10:16:47,837 INFO   Training loss: 11.832
 0: 2018-09-28 10:16:47,839 INFO   Training loss: 11.266
 4: 2018-09-28 10:16:47,838 INFO   Training loss: 12.008
22: 2018-09-28 10:17:11,701 INFO   Validation loss: 11.783 acc: 0.574
22: 2018-09-28 10:17:11,725 INFO Epoch 5
12: 2018-09-28 10:17:11,754 INFO   Validation loss: 11.783 acc: 0.574
 8: 2018-09-28 10:17:11,770 INFO   Validation loss: 11.783 acc: 0.574
17: 2018-09-28 10:17:11,786 INFO   Validation loss: 11.783 acc: 0.574
25: 2018-09-28 10:17:11,792 INFO   Validation loss: 11.783 acc: 0.574
28: 2018-09-28 10:17:11,850 INFO   Validation loss: 11.783 acc: 0.574
19: 2018-09-28 10:17:11,862 INFO   Validation loss: 11.783 acc: 0.574
11: 2018-09-28 10:17:11,878 INFO   Validation loss: 11.783 acc: 0.574
 3: 2018-09-28 10:17:11,879 INFO   Validation loss: 11.783 acc: 0.574
 6: 2018-09-28 10:17:11,883 INFO   Validation loss: 11.783 acc: 0.574
 2: 2018-09-28 10:17:11,929 INFO   Validation loss: 11.783 acc: 0.574
29: 2018-09-28 10:17:11,976 INFO   Validation loss: 11.783 acc: 0.574
24: 2018-09-28 10:17:12,012 INFO   Validation loss: 11.783 acc: 0.574
 7: 2018-09-28 10:17:12,025 INFO   Validation loss: 11.783 acc: 0.574
14: 2018-09-28 10:17:12,055 INFO   Validation loss: 11.783 acc: 0.574
23: 2018-09-28 10:17:12,111 INFO   Validation loss: 11.783 acc: 0.574
30: 2018-09-28 10:17:12,147 INFO   Validation loss: 11.783 acc: 0.574
 4: 2018-09-28 10:17:12,253 INFO   Validation loss: 11.783 acc: 0.574
31: 2018-09-28 10:17:12,415 INFO   Validation loss: 11.783 acc: 0.574
12: 2018-09-28 10:17:12,802 INFO Epoch 5
10: 2018-09-28 10:17:12,837 INFO   Validation loss: 11.783 acc: 0.574
 0: 2018-09-28 10:17:13,168 INFO   Validation loss: 11.783 acc: 0.574
18: 2018-09-28 10:17:13,918 INFO   Validation loss: 11.783 acc: 0.574
13: 2018-09-28 10:17:15,654 INFO   Validation loss: 11.783 acc: 0.574
25: 2018-09-28 10:17:18,451 INFO Epoch 5
 8: 2018-09-28 10:17:18,608 INFO Epoch 5
17: 2018-09-28 10:17:18,876 INFO Epoch 5
28: 2018-09-28 10:17:19,210 INFO Epoch 5
11: 2018-09-28 10:17:19,300 INFO Epoch 5
19: 2018-09-28 10:17:19,474 INFO Epoch 5
 6: 2018-09-28 10:17:19,575 INFO Epoch 5
 3: 2018-09-28 10:17:19,671 INFO Epoch 5
 2: 2018-09-28 10:17:19,785 INFO Epoch 5
24: 2018-09-28 10:17:19,846 INFO Epoch 5
29: 2018-09-28 10:17:19,898 INFO Epoch 5
 7: 2018-09-28 10:17:19,970 INFO Epoch 5
14: 2018-09-28 10:17:20,011 INFO Epoch 5
23: 2018-09-28 10:17:20,036 INFO Epoch 5
30: 2018-09-28 10:17:20,064 INFO Epoch 5
 4: 2018-09-28 10:17:20,145 INFO Epoch 5
31: 2018-09-28 10:17:20,256 INFO Epoch 5
18: 2018-09-28 10:17:20,395 INFO Epoch 5
10: 2018-09-28 10:17:20,487 INFO Epoch 5
 0: 2018-09-28 10:17:20,528 INFO Epoch 5
13: 2018-09-28 10:17:20,556 INFO Epoch 5
 1: 2018-09-28 10:17:21,817 INFO   Validation loss: 11.783 acc: 0.574
 1: 2018-09-28 10:17:21,881 INFO Epoch 5
26: 2018-09-28 10:17:21,977 INFO   Validation loss: 11.783 acc: 0.574
26: 2018-09-28 10:17:22,065 INFO Epoch 5
15: 2018-09-28 10:17:22,098 INFO   Validation loss: 11.783 acc: 0.574
20: 2018-09-28 10:17:22,124 INFO   Validation loss: 11.783 acc: 0.574
 9: 2018-09-28 10:17:22,138 INFO   Validation loss: 11.783 acc: 0.574
 5: 2018-09-28 10:17:22,197 INFO   Validation loss: 11.783 acc: 0.574
16: 2018-09-28 10:17:22,328 INFO   Validation loss: 11.783 acc: 0.574
20: 2018-09-28 10:17:22,931 INFO Epoch 5
16: 2018-09-28 10:17:23,379 INFO Epoch 5
15: 2018-09-28 10:17:23,835 INFO Epoch 5
 9: 2018-09-28 10:17:23,976 INFO Epoch 5
 5: 2018-09-28 10:17:24,022 INFO Epoch 5
21: 2018-09-28 10:17:25,170 INFO   Validation loss: 11.783 acc: 0.574
21: 2018-09-28 10:17:25,252 INFO Epoch 5
27: 2018-09-28 10:17:26,430 INFO   Validation loss: 11.783 acc: 0.574
27: 2018-09-28 10:17:26,554 INFO Epoch 5
31: 2018-09-28 10:17:30,425 INFO   Training loss: 11.441
 1: 2018-09-28 10:17:30,427 INFO   Training loss: 11.724
16: 2018-09-28 10:17:30,424 INFO   Training loss: 11.792
27: 2018-09-28 10:17:30,427 INFO   Training loss: 12.129
22: 2018-09-28 10:17:30,428 INFO   Training loss: 11.873
 6: 2018-09-28 10:17:30,427 INFO   Training loss: 11.846
 8: 2018-09-28 10:17:30,427 INFO   Training loss: 12.129
25: 2018-09-28 10:17:30,425 INFO   Training loss: 11.832
10: 2018-09-28 10:17:30,427 INFO   Training loss: 11.576
 5: 2018-09-28 10:17:30,427 INFO   Training loss: 12.048
20: 2018-09-28 10:17:30,427 INFO   Training loss: 11.940
29: 2018-09-28 10:17:30,427 INFO   Training loss: 12.035
 2: 2018-09-28 10:17:30,427 INFO   Training loss: 11.279
 0: 2018-09-28 10:17:30,428 INFO   Training loss: 11.266
30: 2018-09-28 10:17:30,425 INFO   Training loss: 11.711
18: 2018-09-28 10:17:30,427 INFO   Training loss: 11.913
21: 2018-09-28 10:17:30,428 INFO   Training loss: 12.062
24: 2018-09-28 10:17:30,426 INFO   Training loss: 12.156
 7: 2018-09-28 10:17:30,427 INFO   Training loss: 12.412
 9: 2018-09-28 10:17:30,428 INFO   Training loss: 11.927
11: 2018-09-28 10:17:30,427 INFO   Training loss: 11.508
17: 2018-09-28 10:17:30,427 INFO   Training loss: 11.508
15: 2018-09-28 10:17:30,425 INFO   Training loss: 11.576
14: 2018-09-28 10:17:30,428 INFO   Training loss: 11.225
13: 2018-09-28 10:17:30,427 INFO   Training loss: 11.576
 3: 2018-09-28 10:17:30,427 INFO   Training loss: 12.574
12: 2018-09-28 10:17:30,426 INFO   Training loss: 12.183
 4: 2018-09-28 10:17:30,428 INFO   Training loss: 12.008
19: 2018-09-28 10:17:30,428 INFO   Training loss: 11.819
28: 2018-09-28 10:17:30,426 INFO   Training loss: 11.657
23: 2018-09-28 10:17:30,427 INFO   Training loss: 11.913
26: 2018-09-28 10:17:30,428 INFO   Training loss: 12.237
22: 2018-09-28 10:17:54,273 INFO   Validation loss: 11.783 acc: 0.574
22: 2018-09-28 10:17:54,305 INFO Epoch 6
12: 2018-09-28 10:17:54,378 INFO   Validation loss: 11.783 acc: 0.574
25: 2018-09-28 10:17:54,384 INFO   Validation loss: 11.783 acc: 0.574
 8: 2018-09-28 10:17:54,418 INFO   Validation loss: 11.783 acc: 0.574
17: 2018-09-28 10:17:54,447 INFO   Validation loss: 11.783 acc: 0.574
 6: 2018-09-28 10:17:54,451 INFO   Validation loss: 11.783 acc: 0.574
19: 2018-09-28 10:17:54,454 INFO   Validation loss: 11.783 acc: 0.574
14: 2018-09-28 10:17:54,459 INFO   Validation loss: 11.783 acc: 0.574
 2: 2018-09-28 10:17:54,462 INFO   Validation loss: 11.783 acc: 0.574
 5: 2018-09-28 10:17:54,515 INFO   Validation loss: 11.783 acc: 0.574
 3: 2018-09-28 10:17:54,527 INFO   Validation loss: 11.783 acc: 0.574
 7: 2018-09-28 10:17:54,549 INFO   Validation loss: 11.783 acc: 0.574
23: 2018-09-28 10:17:54,692 INFO   Validation loss: 11.783 acc: 0.574
11: 2018-09-28 10:17:54,730 INFO   Validation loss: 11.783 acc: 0.574
30: 2018-09-28 10:17:54,782 INFO   Validation loss: 11.783 acc: 0.574
 4: 2018-09-28 10:17:54,901 INFO   Validation loss: 11.783 acc: 0.574
28: 2018-09-28 10:17:54,918 INFO   Validation loss: 11.783 acc: 0.574
24: 2018-09-28 10:17:54,940 INFO   Validation loss: 11.783 acc: 0.574
31: 2018-09-28 10:17:54,991 INFO   Validation loss: 11.783 acc: 0.574
29: 2018-09-28 10:17:55,136 INFO   Validation loss: 11.783 acc: 0.574
 0: 2018-09-28 10:17:55,376 INFO   Validation loss: 11.783 acc: 0.574
12: 2018-09-28 10:17:56,304 INFO Epoch 6
18: 2018-09-28 10:17:56,421 INFO   Validation loss: 11.783 acc: 0.574
10: 2018-09-28 10:17:56,705 INFO   Validation loss: 11.783 acc: 0.574
13: 2018-09-28 10:17:58,577 INFO   Validation loss: 11.783 acc: 0.574
25: 2018-09-28 10:18:01,159 INFO Epoch 6
 8: 2018-09-28 10:18:01,293 INFO Epoch 6
17: 2018-09-28 10:18:01,689 INFO Epoch 6
 6: 2018-09-28 10:18:01,844 INFO Epoch 6
19: 2018-09-28 10:18:01,897 INFO Epoch 6
14: 2018-09-28 10:18:01,975 INFO Epoch 6
 2: 2018-09-28 10:18:02,054 INFO Epoch 6
 5: 2018-09-28 10:18:02,111 INFO Epoch 6
 3: 2018-09-28 10:18:02,182 INFO Epoch 6
 7: 2018-09-28 10:18:02,408 INFO Epoch 6
11: 2018-09-28 10:18:02,539 INFO Epoch 6
23: 2018-09-28 10:18:02,643 INFO Epoch 6
 4: 2018-09-28 10:18:02,734 INFO Epoch 6
30: 2018-09-28 10:18:02,773 INFO Epoch 6
28: 2018-09-28 10:18:02,850 INFO Epoch 6
31: 2018-09-28 10:18:02,884 INFO Epoch 6
24: 2018-09-28 10:18:03,104 INFO Epoch 6
29: 2018-09-28 10:18:03,214 INFO Epoch 6
 0: 2018-09-28 10:18:03,263 INFO Epoch 6
18: 2018-09-28 10:18:03,297 INFO Epoch 6
10: 2018-09-28 10:18:03,329 INFO Epoch 6
13: 2018-09-28 10:18:03,374 INFO Epoch 6
26: 2018-09-28 10:18:04,551 INFO   Validation loss: 11.783 acc: 0.574
15: 2018-09-28 10:18:04,567 INFO   Validation loss: 11.783 acc: 0.574
15: 2018-09-28 10:18:04,682 INFO Epoch 6
 9: 2018-09-28 10:18:04,718 INFO   Validation loss: 11.783 acc: 0.574
 1: 2018-09-28 10:18:04,725 INFO   Validation loss: 11.783 acc: 0.574
20: 2018-09-28 10:18:04,740 INFO   Validation loss: 11.783 acc: 0.574
26: 2018-09-28 10:18:04,824 INFO Epoch 6
16: 2018-09-28 10:18:04,879 INFO   Validation loss: 11.783 acc: 0.574
 9: 2018-09-28 10:18:05,026 INFO Epoch 6
16: 2018-09-28 10:18:05,573 INFO Epoch 6
 1: 2018-09-28 10:18:06,047 INFO Epoch 6
20: 2018-09-28 10:18:06,073 INFO Epoch 6
21: 2018-09-28 10:18:07,098 INFO   Validation loss: 11.783 acc: 0.574
21: 2018-09-28 10:18:07,164 INFO Epoch 6
27: 2018-09-28 10:18:09,093 INFO   Validation loss: 11.783 acc: 0.574
27: 2018-09-28 10:18:09,166 INFO Epoch 6
17: 2018-09-28 10:18:12,914 INFO   Training loss: 11.508
29: 2018-09-28 10:18:12,914 INFO   Training loss: 12.035
 6: 2018-09-28 10:18:12,914 INFO   Training loss: 11.846
 8: 2018-09-28 10:18:12,915 INFO   Training loss: 12.129
21: 2018-09-28 10:18:12,915 INFO   Training loss: 12.062
10: 2018-09-28 10:18:12,915 INFO   Training loss: 11.576
31: 2018-09-28 10:18:12,913 INFO   Training loss: 11.441
30: 2018-09-28 10:18:12,913 INFO   Training loss: 11.711
16: 2018-09-28 10:18:12,912 INFO   Training loss: 11.792
18: 2018-09-28 10:18:12,915 INFO   Training loss: 11.913
19: 2018-09-28 10:18:12,916 INFO   Training loss: 11.819
28: 2018-09-28 10:18:12,914 INFO   Training loss: 11.657
20: 2018-09-28 10:18:12,915 INFO   Training loss: 11.940
15: 2018-09-28 10:18:12,913 INFO   Training loss: 11.576
27: 2018-09-28 10:18:12,916 INFO   Training loss: 12.129
23: 2018-09-28 10:18:12,914 INFO   Training loss: 11.913
24: 2018-09-28 10:18:12,913 INFO   Training loss: 12.156
22: 2018-09-28 10:18:12,916 INFO   Training loss: 11.873
 1: 2018-09-28 10:18:12,915 INFO   Training loss: 11.724
14: 2018-09-28 10:18:12,916 INFO   Training loss: 11.225
 7: 2018-09-28 10:18:12,915 INFO   Training loss: 12.412
13: 2018-09-28 10:18:12,915 INFO   Training loss: 11.576
 2: 2018-09-28 10:18:12,916 INFO   Training loss: 11.279
25: 2018-09-28 10:18:12,913 INFO   Training loss: 11.832
26: 2018-09-28 10:18:12,916 INFO   Training loss: 12.237
 9: 2018-09-28 10:18:12,915 INFO   Training loss: 11.927
 5: 2018-09-28 10:18:12,916 INFO   Training loss: 12.048
 3: 2018-09-28 10:18:12,916 INFO   Training loss: 12.574
 0: 2018-09-28 10:18:12,917 INFO   Training loss: 11.266
12: 2018-09-28 10:18:12,915 INFO   Training loss: 12.183
11: 2018-09-28 10:18:12,915 INFO   Training loss: 11.508
 4: 2018-09-28 10:18:12,916 INFO   Training loss: 12.008
25: 2018-09-28 10:18:36,788 INFO   Validation loss: 11.783 acc: 0.574
12: 2018-09-28 10:18:36,790 INFO   Validation loss: 11.783 acc: 0.574
25: 2018-09-28 10:18:36,803 INFO Epoch 7
22: 2018-09-28 10:18:36,821 INFO   Validation loss: 11.783 acc: 0.574
17: 2018-09-28 10:18:36,827 INFO   Validation loss: 11.783 acc: 0.574
 8: 2018-09-28 10:18:36,834 INFO   Validation loss: 11.783 acc: 0.574
31: 2018-09-28 10:18:36,855 INFO   Validation loss: 11.783 acc: 0.574
11: 2018-09-28 10:18:36,870 INFO   Validation loss: 11.783 acc: 0.574
14: 2018-09-28 10:18:36,907 INFO   Validation loss: 11.783 acc: 0.574
19: 2018-09-28 10:18:36,922 INFO   Validation loss: 11.783 acc: 0.574
 5: 2018-09-28 10:18:36,935 INFO   Validation loss: 11.783 acc: 0.574
 7: 2018-09-28 10:18:36,957 INFO   Validation loss: 11.783 acc: 0.574
 2: 2018-09-28 10:18:36,981 INFO   Validation loss: 11.783 acc: 0.574
 3: 2018-09-28 10:18:37,011 INFO   Validation loss: 11.783 acc: 0.574
28: 2018-09-28 10:18:37,074 INFO   Validation loss: 11.783 acc: 0.574
23: 2018-09-28 10:18:37,147 INFO   Validation loss: 11.783 acc: 0.574
30: 2018-09-28 10:18:37,150 INFO   Validation loss: 11.783 acc: 0.574
 6: 2018-09-28 10:18:37,263 INFO   Validation loss: 11.783 acc: 0.574
24: 2018-09-28 10:18:37,492 INFO   Validation loss: 11.783 acc: 0.574
 4: 2018-09-28 10:18:37,497 INFO   Validation loss: 11.783 acc: 0.574
29: 2018-09-28 10:18:37,656 INFO   Validation loss: 11.783 acc: 0.574
 0: 2018-09-28 10:18:37,840 INFO   Validation loss: 11.783 acc: 0.574
18: 2018-09-28 10:18:38,049 INFO   Validation loss: 11.783 acc: 0.574
15: 2018-09-28 10:18:38,187 INFO   Validation loss: 11.783 acc: 0.574
12: 2018-09-28 10:18:39,519 INFO Epoch 7
10: 2018-09-28 10:18:39,685 INFO   Validation loss: 11.783 acc: 0.574
 0: 2018-09-28 10:18:42,899 INFO Epoch 7
19: 2018-09-28 10:18:43,950 INFO Epoch 7
22: 2018-09-28 10:18:44,947 INFO Epoch 7
17: 2018-09-28 10:18:45,071 INFO Epoch 7
 8: 2018-09-28 10:18:45,200 INFO Epoch 7
31: 2018-09-28 10:18:45,461 INFO Epoch 7
11: 2018-09-28 10:18:45,651 INFO Epoch 7
 5: 2018-09-28 10:18:45,846 INFO Epoch 7
14: 2018-09-28 10:18:45,910 INFO Epoch 7
 7: 2018-09-28 10:18:45,961 INFO Epoch 7
 2: 2018-09-28 10:18:46,036 INFO Epoch 7
 3: 2018-09-28 10:18:46,119 INFO Epoch 7
28: 2018-09-28 10:18:46,132 INFO Epoch 7
23: 2018-09-28 10:18:46,196 INFO Epoch 7
30: 2018-09-28 10:18:46,240 INFO Epoch 7
 6: 2018-09-28 10:18:46,318 INFO Epoch 7
24: 2018-09-28 10:18:46,375 INFO Epoch 7
 4: 2018-09-28 10:18:46,473 INFO Epoch 7
29: 2018-09-28 10:18:46,536 INFO Epoch 7
15: 2018-09-28 10:18:46,586 INFO Epoch 7
18: 2018-09-28 10:18:46,699 INFO Epoch 7
10: 2018-09-28 10:18:46,752 INFO Epoch 7
26: 2018-09-28 10:18:46,949 INFO   Validation loss: 11.783 acc: 0.574
26: 2018-09-28 10:18:47,089 INFO Epoch 7
 1: 2018-09-28 10:18:47,109 INFO   Validation loss: 11.783 acc: 0.574
 9: 2018-09-28 10:18:47,127 INFO   Validation loss: 11.783 acc: 0.574
20: 2018-09-28 10:18:47,292 INFO   Validation loss: 11.783 acc: 0.574
16: 2018-09-28 10:18:47,351 INFO   Validation loss: 11.783 acc: 0.574
 9: 2018-09-28 10:18:47,438 INFO Epoch 7
13: 2018-09-28 10:18:47,623 INFO   Validation loss: 11.783 acc: 0.574
 1: 2018-09-28 10:18:47,778 INFO Epoch 7
20: 2018-09-28 10:18:48,288 INFO Epoch 7
13: 2018-09-28 10:18:48,555 INFO Epoch 7
16: 2018-09-28 10:18:48,645 INFO Epoch 7
21: 2018-09-28 10:18:49,874 INFO   Validation loss: 11.783 acc: 0.574
21: 2018-09-28 10:18:50,041 INFO Epoch 7
27: 2018-09-28 10:18:51,419 INFO   Validation loss: 11.783 acc: 0.574
27: 2018-09-28 10:18:51,534 INFO Epoch 7
 1: 2018-09-28 10:18:55,367 INFO   Training loss: 11.724
31: 2018-09-28 10:18:55,365 INFO   Training loss: 11.441
16: 2018-09-28 10:18:55,364 INFO   Training loss: 11.792
19: 2018-09-28 10:18:55,367 INFO   Training loss: 11.819
21: 2018-09-28 10:18:55,368 INFO   Training loss: 12.062
17: 2018-09-28 10:18:55,366 INFO   Training loss: 11.508
27: 2018-09-28 10:18:55,368 INFO   Training loss: 12.129
 2: 2018-09-28 10:18:55,367 INFO   Training loss: 11.279
25: 2018-09-28 10:18:55,366 INFO   Training loss: 11.832
26: 2018-09-28 10:18:55,367 INFO   Training loss: 12.237
 0: 2018-09-28 10:18:55,368 INFO   Training loss: 11.266
11: 2018-09-28 10:18:55,367 INFO   Training loss: 11.508
 4: 2018-09-28 10:18:55,367 INFO   Training loss: 12.008
30: 2018-09-28 10:18:55,365 INFO   Training loss: 11.711
20: 2018-09-28 10:18:55,367 INFO   Training loss: 11.940
22: 2018-09-28 10:18:55,368 INFO   Training loss: 11.873
 8: 2018-09-28 10:18:55,368 INFO   Training loss: 12.129
 9: 2018-09-28 10:18:55,368 INFO   Training loss: 11.927
18: 2018-09-28 10:18:55,367 INFO   Training loss: 11.913
28: 2018-09-28 10:18:55,366 INFO   Training loss: 11.657
15: 2018-09-28 10:18:55,365 INFO   Training loss: 11.576
23: 2018-09-28 10:18:55,367 INFO   Training loss: 11.913
24: 2018-09-28 10:18:55,366 INFO   Training loss: 12.156
 6: 2018-09-28 10:18:55,368 INFO   Training loss: 11.846
14: 2018-09-28 10:18:55,368 INFO   Training loss: 11.225
 7: 2018-09-28 10:18:55,368 INFO   Training loss: 12.412
13: 2018-09-28 10:18:55,368 INFO   Training loss: 11.576
10: 2018-09-28 10:18:55,368 INFO   Training loss: 11.576
 3: 2018-09-28 10:18:55,367 INFO   Training loss: 12.574
12: 2018-09-28 10:18:55,366 INFO   Training loss: 12.183
29: 2018-09-28 10:18:55,369 INFO   Training loss: 12.035
 5: 2018-09-28 10:18:55,370 INFO   Training loss: 12.048
22: 2018-09-28 10:19:19,181 INFO   Validation loss: 11.783 acc: 0.574
22: 2018-09-28 10:19:19,197 INFO Finished training
22: 2018-09-28 10:19:19,197 INFO Train samples 2048 time 11.2737s rate 181.661 samples/s
22: 2018-09-28 10:19:19,197 INFO Valid rate: 1163.28 samples/s
22: 2018-09-28 10:19:19,197 INFO All done!
31: 2018-09-28 10:19:19,223 INFO   Validation loss: 11.783 acc: 0.574
25: 2018-09-28 10:19:19,224 INFO   Validation loss: 11.783 acc: 0.574
19: 2018-09-28 10:19:19,266 INFO   Validation loss: 11.783 acc: 0.574
12: 2018-09-28 10:19:19,266 INFO   Validation loss: 11.783 acc: 0.574
 8: 2018-09-28 10:19:19,325 INFO   Validation loss: 11.783 acc: 0.574
 3: 2018-09-28 10:19:19,359 INFO   Validation loss: 11.783 acc: 0.574
14: 2018-09-28 10:19:19,391 INFO   Validation loss: 11.783 acc: 0.574
17: 2018-09-28 10:19:19,411 INFO   Validation loss: 11.783 acc: 0.574
 2: 2018-09-28 10:19:19,414 INFO   Validation loss: 11.783 acc: 0.574
28: 2018-09-28 10:19:19,422 INFO   Validation loss: 11.783 acc: 0.574
 5: 2018-09-28 10:19:19,440 INFO   Validation loss: 11.783 acc: 0.574
 7: 2018-09-28 10:19:19,447 INFO   Validation loss: 11.783 acc: 0.574
11: 2018-09-28 10:19:19,449 INFO   Validation loss: 11.783 acc: 0.574
30: 2018-09-28 10:19:19,528 INFO   Validation loss: 11.783 acc: 0.574
23: 2018-09-28 10:19:19,532 INFO   Validation loss: 11.783 acc: 0.574
18: 2018-09-28 10:19:19,559 INFO   Validation loss: 11.783 acc: 0.574
 6: 2018-09-28 10:19:19,562 INFO   Validation loss: 11.783 acc: 0.574
 4: 2018-09-28 10:19:19,606 INFO   Validation loss: 11.783 acc: 0.574
24: 2018-09-28 10:19:19,657 INFO   Validation loss: 11.783 acc: 0.574
29: 2018-09-28 10:19:19,698 INFO   Validation loss: 11.783 acc: 0.574
 0: 2018-09-28 10:19:19,809 INFO   Validation loss: 11.783 acc: 0.574
15: 2018-09-28 10:19:19,976 INFO   Validation loss: 11.783 acc: 0.574
10: 2018-09-28 10:19:20,479 INFO   Validation loss: 11.783 acc: 0.574
 0: 2018-09-28 10:19:23,939 INFO Saving summaries to /global/cscratch1/sd/sfarrell/hep-cnn-pytorch/summaries.npz
 0: 2018-09-28 10:19:23,965 INFO Finished training
 0: 2018-09-28 10:19:23,966 INFO Train samples 2048 time 9.28674s rate 220.529 samples/s
 0: 2018-09-28 10:19:23,966 INFO Valid rate: 1134.12 samples/s
 0: 2018-09-28 10:19:23,966 INFO All done!
 1: 2018-09-28 10:19:24,099 INFO   Validation loss: 11.783 acc: 0.574
26: 2018-09-28 10:19:24,105 INFO   Validation loss: 11.783 acc: 0.574
20: 2018-09-28 10:19:24,121 INFO   Validation loss: 11.783 acc: 0.574
 9: 2018-09-28 10:19:24,171 INFO   Validation loss: 11.783 acc: 0.574
16: 2018-09-28 10:19:24,168 INFO   Validation loss: 11.783 acc: 0.574
13: 2018-09-28 10:19:24,451 INFO   Validation loss: 11.783 acc: 0.574
19: 2018-09-28 10:19:26,809 INFO Finished training
19: 2018-09-28 10:19:26,809 INFO Train samples 2048 time 9.15087s rate 223.804 samples/s
19: 2018-09-28 10:19:26,809 INFO Valid rate: 1170.44 samples/s
19: 2018-09-28 10:19:26,809 INFO All done!
27: 2018-09-28 10:19:27,638 INFO   Validation loss: 11.783 acc: 0.574
25: 2018-09-28 10:19:27,775 INFO Finished training
25: 2018-09-28 10:19:27,776 INFO Train samples 2048 time 11.8311s rate 173.104 samples/s
25: 2018-09-28 10:19:27,776 INFO Valid rate: 1278.15 samples/s
25: 2018-09-28 10:19:27,776 INFO All done!
21: 2018-09-28 10:19:27,802 INFO   Validation loss: 11.783 acc: 0.574
31: 2018-09-28 10:19:28,051 INFO Finished training
31: 2018-09-28 10:19:28,051 INFO Train samples 2048 time 9.98748s rate 205.057 samples/s
31: 2018-09-28 10:19:28,051 INFO Valid rate: 1266.36 samples/s
31: 2018-09-28 10:19:28,052 INFO All done!
12: 2018-09-28 10:19:29,003 INFO Finished training
12: 2018-09-28 10:19:29,003 INFO Train samples 2048 time 14.779s rate 138.575 samples/s
12: 2018-09-28 10:19:29,003 INFO Valid rate: 1367.14 samples/s
12: 2018-09-28 10:19:29,003 INFO All done!
 8: 2018-09-28 10:19:29,384 INFO Finished training
 8: 2018-09-28 10:19:29,384 INFO Train samples 2048 time 12.2165s rate 167.643 samples/s
 8: 2018-09-28 10:19:29,384 INFO Valid rate: 1284.16 samples/s
 8: 2018-09-28 10:19:29,384 INFO All done!
 3: 2018-09-28 10:19:29,554 INFO Finished training
 3: 2018-09-28 10:19:29,554 INFO Train samples 2048 time 11.8371s rate 173.015 samples/s
 3: 2018-09-28 10:19:29,554 INFO Valid rate: 1362.12 samples/s
 3: 2018-09-28 10:19:29,554 INFO All done!
14: 2018-09-28 10:19:29,595 INFO Finished training
14: 2018-09-28 10:19:29,596 INFO Train samples 2048 time 8.72412s rate 234.751 samples/s
14: 2018-09-28 10:19:29,596 INFO Valid rate: 1148.19 samples/s
14: 2018-09-28 10:19:29,596 INFO All done!
17: 2018-09-28 10:19:29,633 INFO Finished training
17: 2018-09-28 10:19:29,634 INFO Train samples 2048 time 14.1159s rate 145.085 samples/s
17: 2018-09-28 10:19:29,634 INFO Valid rate: 1367.08 samples/s
17: 2018-09-28 10:19:29,634 INFO All done!
 2: 2018-09-28 10:19:29,792 INFO Finished training
 2: 2018-09-28 10:19:29,792 INFO Train samples 2048 time 9.97851s rate 205.241 samples/s
 2: 2018-09-28 10:19:29,792 INFO Valid rate: 1255.61 samples/s
 2: 2018-09-28 10:19:29,792 INFO All done!
28: 2018-09-28 10:19:29,817 INFO Finished training
28: 2018-09-28 10:19:29,817 INFO Train samples 2048 time 11.9264s rate 171.72 samples/s
28: 2018-09-28 10:19:29,817 INFO Valid rate: 1359.45 samples/s
28: 2018-09-28 10:19:29,817 INFO All done!
 5: 2018-09-28 10:19:29,879 INFO Finished training
 5: 2018-09-28 10:19:29,879 INFO Train samples 2048 time 6.90256s rate 296.701 samples/s
 5: 2018-09-28 10:19:29,879 INFO Valid rate: 1041.1 samples/s
 5: 2018-09-28 10:19:29,879 INFO All done!
 7: 2018-09-28 10:19:29,990 INFO Finished training
 7: 2018-09-28 10:19:29,990 INFO Train samples 2048 time 8.65983s rate 236.494 samples/s
 7: 2018-09-28 10:19:29,990 INFO Valid rate: 1146.74 samples/s
 7: 2018-09-28 10:19:29,990 INFO All done!
18: 2018-09-28 10:19:30,034 INFO Finished training
18: 2018-09-28 10:19:30,034 INFO Train samples 2048 time 8.29667s rate 246.846 samples/s
18: 2018-09-28 10:19:30,034 INFO Valid rate: 1130.91 samples/s
18: 2018-09-28 10:19:30,034 INFO All done!
11: 2018-09-28 10:19:30,118 INFO Finished training
11: 2018-09-28 10:19:30,119 INFO Train samples 2048 time 7.38532s rate 277.307 samples/s
11: 2018-09-28 10:19:30,119 INFO Valid rate: 1088.86 samples/s
11: 2018-09-28 10:19:30,119 INFO All done!
 6: 2018-09-28 10:19:30,158 INFO Finished training
 6: 2018-09-28 10:19:30,159 INFO Train samples 2048 time 10.7041s rate 191.328 samples/s
 6: 2018-09-28 10:19:30,159 INFO Valid rate: 1247.41 samples/s
 6: 2018-09-28 10:19:30,159 INFO All done!
 4: 2018-09-28 10:19:30,252 INFO Finished training
 4: 2018-09-28 10:19:30,253 INFO Train samples 2048 time 11.7571s rate 174.193 samples/s
 4: 2018-09-28 10:19:30,253 INFO Valid rate: 1350.06 samples/s
 4: 2018-09-28 10:19:30,253 INFO All done!
24: 2018-09-28 10:19:30,302 INFO Finished training
24: 2018-09-28 10:19:30,302 INFO Train samples 2048 time 12.0373s rate 170.137 samples/s
24: 2018-09-28 10:19:30,302 INFO Valid rate: 1352.69 samples/s
24: 2018-09-28 10:19:30,302 INFO All done!
23: 2018-09-28 10:19:30,369 INFO Finished training
23: 2018-09-28 10:19:30,369 INFO Train samples 2048 time 11.5647s rate 177.091 samples/s
23: 2018-09-28 10:19:30,369 INFO Valid rate: 1352.06 samples/s
23: 2018-09-28 10:19:30,370 INFO All done!
30: 2018-09-28 10:19:30,420 INFO Finished training
30: 2018-09-28 10:19:30,420 INFO Train samples 2048 time 7.26425s rate 281.929 samples/s
30: 2018-09-28 10:19:30,420 INFO Valid rate: 1084.28 samples/s
30: 2018-09-28 10:19:30,420 INFO All done!
29: 2018-09-28 10:19:30,470 INFO Finished training
29: 2018-09-28 10:19:30,470 INFO Train samples 2048 time 11.0491s rate 185.354 samples/s
29: 2018-09-28 10:19:30,470 INFO Valid rate: 1304.13 samples/s
29: 2018-09-28 10:19:30,470 INFO All done!
15: 2018-09-28 10:19:30,673 INFO Finished training
15: 2018-09-28 10:19:30,673 INFO Train samples 2048 time 8.36154s rate 244.931 samples/s
15: 2018-09-28 10:19:30,673 INFO Valid rate: 1036.05 samples/s
15: 2018-09-28 10:19:30,673 INFO All done!
10: 2018-09-28 10:19:30,853 INFO Finished training
10: 2018-09-28 10:19:30,853 INFO Train samples 2048 time 7.24913s rate 282.517 samples/s
10: 2018-09-28 10:19:30,853 INFO Valid rate: 1048.58 samples/s
10: 2018-09-28 10:19:30,853 INFO All done!
 9: 2018-09-28 10:19:31,063 INFO Finished training
 9: 2018-09-28 10:19:31,063 INFO Train samples 2048 time 7.3908s rate 277.101 samples/s
 9: 2018-09-28 10:19:31,063 INFO Valid rate: 971.932 samples/s
 9: 2018-09-28 10:19:31,063 INFO All done!
16: 2018-09-28 10:19:31,353 INFO Finished training
16: 2018-09-28 10:19:31,353 INFO Train samples 2048 time 6.90973s rate 296.394 samples/s
16: 2018-09-28 10:19:31,353 INFO Valid rate: 945.398 samples/s
16: 2018-09-28 10:19:31,353 INFO All done!
21: 2018-09-28 10:19:31,403 INFO Finished training
21: 2018-09-28 10:19:31,403 INFO Train samples 2048 time 5.35171s rate 382.681 samples/s
21: 2018-09-28 10:19:31,403 INFO Valid rate: 890.265 samples/s
21: 2018-09-28 10:19:31,403 INFO All done!
 1: 2018-09-28 10:19:32,141 INFO Finished training
 1: 2018-09-28 10:19:32,142 INFO Train samples 2048 time 7.30528s rate 280.345 samples/s
 1: 2018-09-28 10:19:32,142 INFO Valid rate: 975.768 samples/s
 1: 2018-09-28 10:19:32,142 INFO All done!
26: 2018-09-28 10:19:32,194 INFO Finished training
26: 2018-09-28 10:19:32,195 INFO Train samples 2048 time 7.61383s rate 268.984 samples/s
26: 2018-09-28 10:19:32,195 INFO Valid rate: 980.027 samples/s
26: 2018-09-28 10:19:32,195 INFO All done!
20: 2018-09-28 10:19:32,250 INFO Finished training
20: 2018-09-28 10:19:32,251 INFO Train samples 2048 time 7.49624s rate 273.204 samples/s
20: 2018-09-28 10:19:32,251 INFO Valid rate: 981.647 samples/s
20: 2018-09-28 10:19:32,251 INFO All done!
13: 2018-09-28 10:19:32,283 INFO Finished training
13: 2018-09-28 10:19:32,283 INFO Train samples 2048 time 7.26963s rate 281.72 samples/s
13: 2018-09-28 10:19:32,283 INFO Valid rate: 1015.31 samples/s
13: 2018-09-28 10:19:32,283 INFO All done!
27: 2018-09-28 10:19:32,325 INFO Finished training
27: 2018-09-28 10:19:32,325 INFO Train samples 2048 time 4.46213s rate 458.973 samples/s
27: 2018-09-28 10:19:32,325 INFO Valid rate: 866.686 samples/s
27: 2018-09-28 10:19:32,325 INFO All done!
